COMMAND:
/Applications/Xcode.app/Contents/Developer/usr/bin/python3 /Users/sensen/.openclaw/workspace/domains/revenue-management/project-root/code_submission_project/code_submission/src/data/solve_mb_bsp_on_cpbsd_v2.py --instance /Users/sensen/.openclaw/workspace/domains/revenue-management/experiments/mb_oos_drop_grid_n5_n10_t300/instances/n5/cpbsd_instance_001_N5_K50_uniform_rho0.0_partial_hvlm.msgpack --method mb --time-limit 300.0 --mip-gap 0.01 --output-flag 0 --save-json /Users/sensen/.openclaw/workspace/domains/revenue-management/experiments/mb_oos_drop_grid_n5_n10_t300/results/n5/cpbsd_instance_001_N5_K50_uniform_rho0.0_partial_hvlm__mb.json

/Users/sensen/.openclaw/workspace/domains/revenue-management/project-root/code_submission_project/code_submission/src/data/solve_mb_bsp_on_cpbsd_v2.py:302: RuntimeWarning: divide by zero encountered in matmul
  revenues = v_kn @ assortments.T
/Users/sensen/.openclaw/workspace/domains/revenue-management/project-root/code_submission_project/code_submission/src/data/solve_mb_bsp_on_cpbsd_v2.py:302: RuntimeWarning: overflow encountered in matmul
  revenues = v_kn @ assortments.T
/Users/sensen/.openclaw/workspace/domains/revenue-management/project-root/code_submission_project/code_submission/src/data/solve_mb_bsp_on_cpbsd_v2.py:302: RuntimeWarning: invalid value encountered in matmul
  revenues = v_kn @ assortments.T
Set parameter LicenseID to value 2784353
{
  "solver_status": 2,
  "feasible": true,
  "mb_formulation_version": 6,
  "runtime": 122.12910795211792,
  "wall_time": 122.12917017936707,
  "mip_gap": 0.009854695912824068,
  "objective": 2.144310377138317,
  "revenue_in_sample": 2.144310377138323,
  "model_num_vars": 6281,
  "model_num_binvars": 1550,
  "model_num_constrs": 10471,
  "bundle_space_size": 32,
  "subadditivity_mode": "full_partition",
  "policy_scope": "full_bundle_prices",
  "bundle_prices": {
    "1": 5.9115590590015055,
    "2": 5.775078467977417,
    "4": 5.381310600917039,
    "5": 10.753186605123878,
    "6": 10.721142138322882,
    "8": 1.9404786463643133,
    "9": 7.112938590982181,
    "14": 12.239257722174559,
    "16": 1.9890341026517009,
    "20": 6.5078337583419295,
    "21": 12.258824204189583,
    "22": 12.005129826396022,
    "23": 17.011271635141632,
    "24": 2.861921271749639,
    "26": 8.499472089762516,
    "27": 13.515368866071954,
    "28": 7.548989881970754,
    "29": 13.03205340088319,
    "30": 12.589909096132228,
    "31": 17.772211595193486
  },
  "bundle_prices_full": {
    "0": 0.0,
    "1": 5.9115590590015055,
    "2": 5.775078467977417,
    "3": 11.686637526978918,
    "4": 5.381310600917039,
    "5": 10.753186605123878,
    "6": 10.721142138322882,
    "7": 16.528265073101295,
    "8": 1.9404786463643133,
    "9": 7.112938590982181,
    "10": 7.715557114341731,
    "11": 12.8880170589596,
    "12": 6.984703447949468,
    "13": 12.297849225170056,
    "14": 12.239257722174559,
    "15": 17.834080729305064,
    "16": 1.9890341026517009,
    "17": 7.900593161653206,
    "18": 7.764112570628913,
    "19": 12.775062887001985,
    "20": 6.5078337583419295,
    "21": 12.258824204189583,
    "22": 12.005129826396022,
    "23": 17.011271635141632,
    "24": 2.861921271749639,
    "25": 8.773480330751145,
    "26": 8.499472089762516,
    "27": 13.515368866071954,
    "28": 7.548989881970754,
    "29": 13.03205340088319,
    "30": 12.589909096132228,
    "31": 17.772211595193486
  },
  "bundle_prices_selected": {
    "1": 5.9115590590015055,
    "2": 5.775078467977417,
    "4": 5.381310600917039,
    "5": 10.753186605123878,
    "6": 10.721142138322882,
    "8": 1.9404786463643133,
    "9": 7.112938590982181,
    "14": 12.239257722174559,
    "16": 1.9890341026517009,
    "20": 6.5078337583419295,
    "21": 12.258824204189583,
    "22": 12.005129826396022,
    "23": 17.011271635141632,
    "24": 2.861921271749639,
    "26": 8.499472089762516,
    "27": 13.515368866071954,
    "28": 7.548989881970754,
    "29": 13.03205340088319,
    "30": 12.589909096132228,
    "31": 17.772211595193486
  },
  "chosen_bundle_idx_by_customer": [
    30,
    5,
    0,
    1,
    5,
    8,
    4,
    0,
    0,
    14,
    24,
    23,
    24,
    30,
    4,
    29,
    30,
    29,
    29,
    31,
    6,
    30,
    23,
    2,
    9,
    29,
    0,
    30,
    28,
    28,
    26,
    28,
    30,
    16,
    30,
    24,
    0,
    30,
    27,
    30,
    22,
    21,
    30,
    23,
    20,
    24,
    28,
    31,
    30,
    4
  ],
  "chosen_product_matrix": [
    [
      1,
      1,
      1,
      1,
      0
    ],
    [
      0,
      0,
      1,
      0,
      1
    ],
    [
      0,
      0,
      0,
      0,
      0
    ],
    [
      0,
      0,
      0,
      0,
      1
    ],
    [
      0,
      0,
      1,
      0,
      1
    ],
    [
      0,
      1,
      0,
      0,
      0
    ],
    [
      0,
      0,
      1,
      0,
      0
    ],
    [
      0,
      0,
      0,
      0,
      0
    ],
    [
      0,
      0,
      0,
      0,
      0
    ],
    [
      0,
      1,
      1,
      1,
      0
    ],
    [
      1,
      1,
      0,
      0,
      0
    ],
    [
      1,
      0,
      1,
      1,
      1
    ],
    [
      1,
      1,
      0,
      0,
      0
    ],
    [
      1,
      1,
      1,
      1,
      0
    ],
    [
      0,
      0,
      1,
      0,
      0
    ],
    [
      1,
      1,
      1,
      0,
      1
    ],
    [
      1,
      1,
      1,
      1,
      0
    ],
    [
      1,
      1,
      1,
      0,
      1
    ],
    [
      1,
      1,
      1,
      0,
      1
    ],
    [
      1,
      1,
      1,
      1,
      1
    ],
    [
      0,
      0,
      1,
      1,
      0
    ],
    [
      1,
      1,
      1,
      1,
      0
    ],
    [
      1,
      0,
      1,
      1,
      1
    ],
    [
      0,
      0,
      0,
      1,
      0
    ],
    [
      0,
      1,
      0,
      0,
      1
    ],
    [
      1,
      1,
      1,
      0,
      1
    ],
    [
      0,
      0,
      0,
      0,
      0
    ],
    [
      1,
      1,
      1,
      1,
      0
    ],
    [
      1,
      1,
      1,
      0,
      0
    ],
    [
      1,
      1,
      1,
      0,
      0
    ],
    [
      1,
      1,
      0,
      1,
      0
    ],
    [
      1,
      1,
      1,
      0,
      0
    ],
    [
      1,
      1,
      1,
      1,
      0
    ],
    [
      1,
      0,
      0,
      0,
      0
    ],
    [
      1,
      1,
      1,
      1,
      0
    ],
    [
      1,
      1,
      0,
      0,
      0
    ],
    [
      0,
      0,
      0,
      0,
      0
    ],
    [
      1,
      1,
      1,
      1,
      0
    ],
    [
      1,
      1,
      0,
      1,
      1
    ],
    [
      1,
      1,
      1,
      1,
      0
    ],
    [
      1,
      0,
      1,
      1,
      0
    ],
    [
      1,
      0,
      1,
      0,
      1
    ],
    [
      1,
      1,
      1,
      1,
      0
    ],
    [
      1,
      0,
      1,
      1,
      1
    ],
    [
      1,
      0,
      1,
      0,
      0
    ],
    [
      1,
      1,
      0,
      0,
      0
    ],
    [
      1,
      1,
      1,
      0,
      0
    ],
    [
      1,
      1,
      1,
      1,
      1
    ],
    [
      1,
      1,
      1,
      1,
      0
    ],
    [
      0,
      0,
      1,
      0,
      0
    ]
  ],
  "assortments": [
    [
      0,
      0,
      0,
      0,
      0
    ],
    [
      0,
      0,
      0,
      0,
      1
    ],
    [
      0,
      0,
      0,
      1,
      0
    ],
    [
      0,
      0,
      0,
      1,
      1
    ],
    [
      0,
      0,
      1,
      0,
      0
    ],
    [
      0,
      0,
      1,
      0,
      1
    ],
    [
      0,
      0,
      1,
      1,
      0
    ],
    [
      0,
      0,
      1,
      1,
      1
    ],
    [
      0,
      1,
      0,
      0,
      0
    ],
    [
      0,
      1,
      0,
      0,
      1
    ],
    [
      0,
      1,
      0,
      1,
      0
    ],
    [
      0,
      1,
      0,
      1,
      1
    ],
    [
      0,
      1,
      1,
      0,
      0
    ],
    [
      0,
      1,
      1,
      0,
      1
    ],
    [
      0,
      1,
      1,
      1,
      0
    ],
    [
      0,
      1,
      1,
      1,
      1
    ],
    [
      1,
      0,
      0,
      0,
      0
    ],
    [
      1,
      0,
      0,
      0,
      1
    ],
    [
      1,
      0,
      0,
      1,
      0
    ],
    [
      1,
      0,
      0,
      1,
      1
    ],
    [
      1,
      0,
      1,
      0,
      0
    ],
    [
      1,
      0,
      1,
      0,
      1
    ],
    [
      1,
      0,
      1,
      1,
      0
    ],
    [
      1,
      0,
      1,
      1,
      1
    ],
    [
      1,
      1,
      0,
      0,
      0
    ],
    [
      1,
      1,
      0,
      0,
      1
    ],
    [
      1,
      1,
      0,
      1,
      0
    ],
    [
      1,
      1,
      0,
      1,
      1
    ],
    [
      1,
      1,
      1,
      0,
      0
    ],
    [
      1,
      1,
      1,
      0,
      1
    ],
    [
      1,
      1,
      1,
      1,
      0
    ],
    [
      1,
      1,
      1,
      1,
      1
    ]
  ]
}

EXIT_CODE:0
