COMMAND:
/Applications/Xcode.app/Contents/Developer/usr/bin/python3 /Users/sensen/.openclaw/workspace/domains/revenue-management/project-root/code_submission_project/code_submission/src/data/solve_mb_bsp_on_cpbsd_v2.py --instance /Users/sensen/.openclaw/workspace/domains/revenue-management/experiments/mb_oos_drop_grid_n5_n10_t300/instances/n5/cpbsd_instance_001_N5_K50_lognormal_rho0.0_full_hvlm.msgpack --method mb --time-limit 300.0 --mip-gap 0.01 --output-flag 0 --save-json /Users/sensen/.openclaw/workspace/domains/revenue-management/experiments/mb_oos_drop_grid_n5_n10_t300/results/n5/cpbsd_instance_001_N5_K50_lognormal_rho0.0_full_hvlm__mb.json

/Users/sensen/.openclaw/workspace/domains/revenue-management/project-root/code_submission_project/code_submission/src/data/solve_mb_bsp_on_cpbsd_v2.py:302: RuntimeWarning: divide by zero encountered in matmul
  revenues = v_kn @ assortments.T
/Users/sensen/.openclaw/workspace/domains/revenue-management/project-root/code_submission_project/code_submission/src/data/solve_mb_bsp_on_cpbsd_v2.py:302: RuntimeWarning: overflow encountered in matmul
  revenues = v_kn @ assortments.T
/Users/sensen/.openclaw/workspace/domains/revenue-management/project-root/code_submission_project/code_submission/src/data/solve_mb_bsp_on_cpbsd_v2.py:302: RuntimeWarning: invalid value encountered in matmul
  revenues = v_kn @ assortments.T
Set parameter LicenseID to value 2784353
{
  "solver_status": 2,
  "feasible": true,
  "mb_formulation_version": 6,
  "runtime": 151.49201488494873,
  "wall_time": 151.4921169281006,
  "mip_gap": 0.008111479492481172,
  "objective": 3.294571304109488,
  "revenue_in_sample": 3.2945713041094824,
  "model_num_vars": 6281,
  "model_num_binvars": 1550,
  "model_num_constrs": 10471,
  "bundle_space_size": 32,
  "subadditivity_mode": "full_partition",
  "policy_scope": "full_bundle_prices",
  "bundle_prices": {
    "9": 22.724150265998226,
    "16": 1.1230208981346748,
    "17": 17.89560627371806,
    "18": 23.268759043990883,
    "20": 9.662835584463227,
    "22": 28.32380418225643,
    "24": 6.340329153559791,
    "25": 23.54196812692812,
    "27": 30.4543672420661,
    "28": 11.20501674327166,
    "29": 32.19370301421359,
    "31": 39.526461294137825
  },
  "bundle_prices_full": {
    "0": 0.0,
    "1": 54.77131518260336,
    "2": 26.361839041214758,
    "3": 54.77131518260337,
    "4": 38.17978555509199,
    "5": 47.931644039348186,
    "6": 40.77560866575806,
    "7": 57.54819404134144,
    "8": 35.14301586666074,
    "9": 22.724150265998226,
    "10": 27.904020200023187,
    "11": 29.863625709674597,
    "12": 14.29809674049553,
    "13": 31.70618879420536,
    "14": 36.44383488635174,
    "15": 39.038947074129595,
    "16": 1.1230208981346748,
    "17": 17.89560627371806,
    "18": 23.268759043990883,
    "19": 44.25744531493281,
    "20": 9.662835584463227,
    "21": 49.05466493748286,
    "22": 28.32380418225643,
    "23": 58.671214939476116,
    "24": 6.340329153559791,
    "25": 23.54196812692812,
    "26": 29.02704109815786,
    "27": 30.4543672420661,
    "28": 11.20501674327166,
    "29": 32.19370301421359,
    "30": 37.566855784486414,
    "31": 39.526461294137825
  },
  "bundle_prices_selected": {
    "9": 22.724150265998226,
    "16": 1.1230208981346748,
    "17": 17.89560627371806,
    "18": 23.268759043990883,
    "20": 9.662835584463227,
    "22": 28.32380418225643,
    "24": 6.340329153559791,
    "25": 23.54196812692812,
    "27": 30.4543672420661,
    "28": 11.20501674327166,
    "29": 32.19370301421359,
    "31": 39.526461294137825
  },
  "chosen_bundle_idx_by_customer": [
    27,
    16,
    0,
    16,
    0,
    0,
    31,
    0,
    16,
    29,
    22,
    0,
    17,
    0,
    18,
    16,
    27,
    28,
    0,
    16,
    0,
    16,
    28,
    16,
    0,
    0,
    16,
    28,
    0,
    16,
    17,
    0,
    28,
    16,
    25,
    17,
    28,
    0,
    28,
    0,
    24,
    28,
    24,
    9,
    0,
    0,
    28,
    20,
    24,
    0
  ],
  "chosen_product_matrix": [
    [
      1,
      1,
      0,
      1,
      1
    ],
    [
      1,
      0,
      0,
      0,
      0
    ],
    [
      0,
      0,
      0,
      0,
      0
    ],
    [
      1,
      0,
      0,
      0,
      0
    ],
    [
      0,
      0,
      0,
      0,
      0
    ],
    [
      0,
      0,
      0,
      0,
      0
    ],
    [
      1,
      1,
      1,
      1,
      1
    ],
    [
      0,
      0,
      0,
      0,
      0
    ],
    [
      1,
      0,
      0,
      0,
      0
    ],
    [
      1,
      1,
      1,
      0,
      1
    ],
    [
      1,
      0,
      1,
      1,
      0
    ],
    [
      0,
      0,
      0,
      0,
      0
    ],
    [
      1,
      0,
      0,
      0,
      1
    ],
    [
      0,
      0,
      0,
      0,
      0
    ],
    [
      1,
      0,
      0,
      1,
      0
    ],
    [
      1,
      0,
      0,
      0,
      0
    ],
    [
      1,
      1,
      0,
      1,
      1
    ],
    [
      1,
      1,
      1,
      0,
      0
    ],
    [
      0,
      0,
      0,
      0,
      0
    ],
    [
      1,
      0,
      0,
      0,
      0
    ],
    [
      0,
      0,
      0,
      0,
      0
    ],
    [
      1,
      0,
      0,
      0,
      0
    ],
    [
      1,
      1,
      1,
      0,
      0
    ],
    [
      1,
      0,
      0,
      0,
      0
    ],
    [
      0,
      0,
      0,
      0,
      0
    ],
    [
      0,
      0,
      0,
      0,
      0
    ],
    [
      1,
      0,
      0,
      0,
      0
    ],
    [
      1,
      1,
      1,
      0,
      0
    ],
    [
      0,
      0,
      0,
      0,
      0
    ],
    [
      1,
      0,
      0,
      0,
      0
    ],
    [
      1,
      0,
      0,
      0,
      1
    ],
    [
      0,
      0,
      0,
      0,
      0
    ],
    [
      1,
      1,
      1,
      0,
      0
    ],
    [
      1,
      0,
      0,
      0,
      0
    ],
    [
      1,
      1,
      0,
      0,
      1
    ],
    [
      1,
      0,
      0,
      0,
      1
    ],
    [
      1,
      1,
      1,
      0,
      0
    ],
    [
      0,
      0,
      0,
      0,
      0
    ],
    [
      1,
      1,
      1,
      0,
      0
    ],
    [
      0,
      0,
      0,
      0,
      0
    ],
    [
      1,
      1,
      0,
      0,
      0
    ],
    [
      1,
      1,
      1,
      0,
      0
    ],
    [
      1,
      1,
      0,
      0,
      0
    ],
    [
      0,
      1,
      0,
      0,
      1
    ],
    [
      0,
      0,
      0,
      0,
      0
    ],
    [
      0,
      0,
      0,
      0,
      0
    ],
    [
      1,
      1,
      1,
      0,
      0
    ],
    [
      1,
      0,
      1,
      0,
      0
    ],
    [
      1,
      1,
      0,
      0,
      0
    ],
    [
      0,
      0,
      0,
      0,
      0
    ]
  ],
  "assortments": [
    [
      0,
      0,
      0,
      0,
      0
    ],
    [
      0,
      0,
      0,
      0,
      1
    ],
    [
      0,
      0,
      0,
      1,
      0
    ],
    [
      0,
      0,
      0,
      1,
      1
    ],
    [
      0,
      0,
      1,
      0,
      0
    ],
    [
      0,
      0,
      1,
      0,
      1
    ],
    [
      0,
      0,
      1,
      1,
      0
    ],
    [
      0,
      0,
      1,
      1,
      1
    ],
    [
      0,
      1,
      0,
      0,
      0
    ],
    [
      0,
      1,
      0,
      0,
      1
    ],
    [
      0,
      1,
      0,
      1,
      0
    ],
    [
      0,
      1,
      0,
      1,
      1
    ],
    [
      0,
      1,
      1,
      0,
      0
    ],
    [
      0,
      1,
      1,
      0,
      1
    ],
    [
      0,
      1,
      1,
      1,
      0
    ],
    [
      0,
      1,
      1,
      1,
      1
    ],
    [
      1,
      0,
      0,
      0,
      0
    ],
    [
      1,
      0,
      0,
      0,
      1
    ],
    [
      1,
      0,
      0,
      1,
      0
    ],
    [
      1,
      0,
      0,
      1,
      1
    ],
    [
      1,
      0,
      1,
      0,
      0
    ],
    [
      1,
      0,
      1,
      0,
      1
    ],
    [
      1,
      0,
      1,
      1,
      0
    ],
    [
      1,
      0,
      1,
      1,
      1
    ],
    [
      1,
      1,
      0,
      0,
      0
    ],
    [
      1,
      1,
      0,
      0,
      1
    ],
    [
      1,
      1,
      0,
      1,
      0
    ],
    [
      1,
      1,
      0,
      1,
      1
    ],
    [
      1,
      1,
      1,
      0,
      0
    ],
    [
      1,
      1,
      1,
      0,
      1
    ],
    [
      1,
      1,
      1,
      1,
      0
    ],
    [
      1,
      1,
      1,
      1,
      1
    ]
  ]
}

EXIT_CODE:0
