COMMAND:
/Applications/Xcode.app/Contents/Developer/usr/bin/python3 /Users/sensen/.openclaw/workspace/domains/revenue-management/project-root/code_submission_project/code_submission/src/data/solve_mb_bsp_on_cpbsd_v2.py --instance /Users/sensen/.openclaw/workspace/domains/revenue-management/experiments/mb_oos_drop_grid_n5_n10_t300/instances/n5/cpbsd_instance_001_N5_K50_logit_rho-0.5_none_zero.msgpack --method mb --time-limit 300.0 --mip-gap 0.01 --output-flag 0 --save-json /Users/sensen/.openclaw/workspace/domains/revenue-management/experiments/mb_oos_drop_grid_n5_n10_t300/results/n5/cpbsd_instance_001_N5_K50_logit_rho-0.5_none_zero__mb.json

/Users/sensen/.openclaw/workspace/domains/revenue-management/project-root/code_submission_project/code_submission/src/data/solve_mb_bsp_on_cpbsd_v2.py:293: RuntimeWarning: divide by zero encountered in matmul
  revenues = v_kn @ assortments.T
/Users/sensen/.openclaw/workspace/domains/revenue-management/project-root/code_submission_project/code_submission/src/data/solve_mb_bsp_on_cpbsd_v2.py:293: RuntimeWarning: overflow encountered in matmul
  revenues = v_kn @ assortments.T
/Users/sensen/.openclaw/workspace/domains/revenue-management/project-root/code_submission_project/code_submission/src/data/solve_mb_bsp_on_cpbsd_v2.py:293: RuntimeWarning: invalid value encountered in matmul
  revenues = v_kn @ assortments.T
Set parameter LicenseID to value 2784353
{
  "solver_status": 2,
  "feasible": true,
  "mb_formulation_version": 6,
  "runtime": 11.511719942092896,
  "wall_time": 11.511750936508179,
  "mip_gap": 0.009930951090944537,
  "objective": 4.124990575942004,
  "revenue_in_sample": 4.1249905759419985,
  "model_num_vars": 6281,
  "model_num_binvars": 1550,
  "model_num_constrs": 10471,
  "bundle_space_size": 32,
  "subadditivity_mode": "full_partition",
  "policy_scope": "full_bundle_prices",
  "bundle_prices": {
    "5": 2.311236961550486,
    "6": 2.180324548067035,
    "22": 2.9025915672775167,
    "23": 3.797431543013025,
    "31": 4.433135094936183
  },
  "bundle_prices_full": {
    "0": 0.0,
    "1": 2.641097213091795,
    "2": 6.023154887422456,
    "3": 6.023154887422456,
    "4": 1.6293654220819254,
    "5": 2.311236961550486,
    "6": 2.180324548067035,
    "7": 2.952452739761513,
    "8": 6.023154887422456,
    "9": 4.794231989073805,
    "10": 5.41651485003476,
    "11": 5.41651485003476,
    "12": 5.334644413619343,
    "13": 4.160683507309371,
    "14": 3.1691425486440377,
    "15": 3.8505929532927707,
    "16": 2.1160897659739764,
    "17": 2.322525125773938,
    "18": 6.023154887422456,
    "19": 6.023154887422456,
    "20": 2.279520311929058,
    "21": 3.9518905478558635,
    "22": 2.9025915672775167,
    "23": 3.797431543013025,
    "24": 5.400872026461501,
    "25": 3.9345613135796755,
    "26": 6.023154887422456,
    "27": 3.984120500009875,
    "28": 6.023154887422456,
    "29": 4.0019018584513155,
    "30": 3.939448876529694,
    "31": 4.433135094936183
  },
  "bundle_prices_selected": {
    "5": 2.311236961550486,
    "6": 2.180324548067035,
    "22": 2.9025915672775167,
    "23": 3.797431543013025,
    "31": 4.433135094936183
  },
  "chosen_bundle_idx_by_customer": [
    31,
    31,
    31,
    31,
    31,
    31,
    31,
    31,
    0,
    31,
    5,
    22,
    31,
    31,
    31,
    31,
    31,
    31,
    31,
    31,
    31,
    31,
    31,
    31,
    31,
    23,
    31,
    31,
    6,
    31,
    31,
    31,
    31,
    31,
    31,
    31,
    31,
    31,
    31,
    0,
    31,
    31,
    31,
    31,
    31,
    31,
    31,
    31,
    31,
    31
  ],
  "chosen_product_matrix": [
    [
      1,
      1,
      1,
      1,
      1
    ],
    [
      1,
      1,
      1,
      1,
      1
    ],
    [
      1,
      1,
      1,
      1,
      1
    ],
    [
      1,
      1,
      1,
      1,
      1
    ],
    [
      1,
      1,
      1,
      1,
      1
    ],
    [
      1,
      1,
      1,
      1,
      1
    ],
    [
      1,
      1,
      1,
      1,
      1
    ],
    [
      1,
      1,
      1,
      1,
      1
    ],
    [
      0,
      0,
      0,
      0,
      0
    ],
    [
      1,
      1,
      1,
      1,
      1
    ],
    [
      0,
      0,
      1,
      0,
      1
    ],
    [
      1,
      0,
      1,
      1,
      0
    ],
    [
      1,
      1,
      1,
      1,
      1
    ],
    [
      1,
      1,
      1,
      1,
      1
    ],
    [
      1,
      1,
      1,
      1,
      1
    ],
    [
      1,
      1,
      1,
      1,
      1
    ],
    [
      1,
      1,
      1,
      1,
      1
    ],
    [
      1,
      1,
      1,
      1,
      1
    ],
    [
      1,
      1,
      1,
      1,
      1
    ],
    [
      1,
      1,
      1,
      1,
      1
    ],
    [
      1,
      1,
      1,
      1,
      1
    ],
    [
      1,
      1,
      1,
      1,
      1
    ],
    [
      1,
      1,
      1,
      1,
      1
    ],
    [
      1,
      1,
      1,
      1,
      1
    ],
    [
      1,
      1,
      1,
      1,
      1
    ],
    [
      1,
      0,
      1,
      1,
      1
    ],
    [
      1,
      1,
      1,
      1,
      1
    ],
    [
      1,
      1,
      1,
      1,
      1
    ],
    [
      0,
      0,
      1,
      1,
      0
    ],
    [
      1,
      1,
      1,
      1,
      1
    ],
    [
      1,
      1,
      1,
      1,
      1
    ],
    [
      1,
      1,
      1,
      1,
      1
    ],
    [
      1,
      1,
      1,
      1,
      1
    ],
    [
      1,
      1,
      1,
      1,
      1
    ],
    [
      1,
      1,
      1,
      1,
      1
    ],
    [
      1,
      1,
      1,
      1,
      1
    ],
    [
      1,
      1,
      1,
      1,
      1
    ],
    [
      1,
      1,
      1,
      1,
      1
    ],
    [
      1,
      1,
      1,
      1,
      1
    ],
    [
      0,
      0,
      0,
      0,
      0
    ],
    [
      1,
      1,
      1,
      1,
      1
    ],
    [
      1,
      1,
      1,
      1,
      1
    ],
    [
      1,
      1,
      1,
      1,
      1
    ],
    [
      1,
      1,
      1,
      1,
      1
    ],
    [
      1,
      1,
      1,
      1,
      1
    ],
    [
      1,
      1,
      1,
      1,
      1
    ],
    [
      1,
      1,
      1,
      1,
      1
    ],
    [
      1,
      1,
      1,
      1,
      1
    ],
    [
      1,
      1,
      1,
      1,
      1
    ],
    [
      1,
      1,
      1,
      1,
      1
    ]
  ],
  "assortments": [
    [
      0,
      0,
      0,
      0,
      0
    ],
    [
      0,
      0,
      0,
      0,
      1
    ],
    [
      0,
      0,
      0,
      1,
      0
    ],
    [
      0,
      0,
      0,
      1,
      1
    ],
    [
      0,
      0,
      1,
      0,
      0
    ],
    [
      0,
      0,
      1,
      0,
      1
    ],
    [
      0,
      0,
      1,
      1,
      0
    ],
    [
      0,
      0,
      1,
      1,
      1
    ],
    [
      0,
      1,
      0,
      0,
      0
    ],
    [
      0,
      1,
      0,
      0,
      1
    ],
    [
      0,
      1,
      0,
      1,
      0
    ],
    [
      0,
      1,
      0,
      1,
      1
    ],
    [
      0,
      1,
      1,
      0,
      0
    ],
    [
      0,
      1,
      1,
      0,
      1
    ],
    [
      0,
      1,
      1,
      1,
      0
    ],
    [
      0,
      1,
      1,
      1,
      1
    ],
    [
      1,
      0,
      0,
      0,
      0
    ],
    [
      1,
      0,
      0,
      0,
      1
    ],
    [
      1,
      0,
      0,
      1,
      0
    ],
    [
      1,
      0,
      0,
      1,
      1
    ],
    [
      1,
      0,
      1,
      0,
      0
    ],
    [
      1,
      0,
      1,
      0,
      1
    ],
    [
      1,
      0,
      1,
      1,
      0
    ],
    [
      1,
      0,
      1,
      1,
      1
    ],
    [
      1,
      1,
      0,
      0,
      0
    ],
    [
      1,
      1,
      0,
      0,
      1
    ],
    [
      1,
      1,
      0,
      1,
      0
    ],
    [
      1,
      1,
      0,
      1,
      1
    ],
    [
      1,
      1,
      1,
      0,
      0
    ],
    [
      1,
      1,
      1,
      0,
      1
    ],
    [
      1,
      1,
      1,
      1,
      0
    ],
    [
      1,
      1,
      1,
      1,
      1
    ]
  ]
}

EXIT_CODE:0
