COMMAND:
/Applications/Xcode.app/Contents/Developer/usr/bin/python3 /Users/sensen/.openclaw/workspace/domains/revenue-management/project-root/code_submission_project/code_submission/src/data/solve_mb_bsp_on_cpbsd_v2.py --instance /Users/sensen/.openclaw/workspace/domains/revenue-management/experiments/mb_oos_drop_grid_n5_n10_t300/instances/n5/cpbsd_instance_001_N5_K50_lognormal_rho-0.5_none_hvhm.msgpack --method mb --time-limit 300.0 --mip-gap 0.01 --output-flag 0 --save-json /Users/sensen/.openclaw/workspace/domains/revenue-management/experiments/mb_oos_drop_grid_n5_n10_t300/results/n5/cpbsd_instance_001_N5_K50_lognormal_rho-0.5_none_hvhm__mb.json

/Users/sensen/.openclaw/workspace/domains/revenue-management/project-root/code_submission_project/code_submission/src/data/solve_mb_bsp_on_cpbsd_v2.py:302: RuntimeWarning: divide by zero encountered in matmul
  revenues = v_kn @ assortments.T
/Users/sensen/.openclaw/workspace/domains/revenue-management/project-root/code_submission_project/code_submission/src/data/solve_mb_bsp_on_cpbsd_v2.py:302: RuntimeWarning: overflow encountered in matmul
  revenues = v_kn @ assortments.T
/Users/sensen/.openclaw/workspace/domains/revenue-management/project-root/code_submission_project/code_submission/src/data/solve_mb_bsp_on_cpbsd_v2.py:302: RuntimeWarning: invalid value encountered in matmul
  revenues = v_kn @ assortments.T
Set parameter LicenseID to value 2784353
{
  "solver_status": 9,
  "feasible": true,
  "mb_formulation_version": 6,
  "runtime": 300.2277150154114,
  "wall_time": 300.22790598869324,
  "mip_gap": 0.048246982188771936,
  "objective": 0.8878241230566467,
  "revenue_in_sample": 0.8878241230566585,
  "model_num_vars": 6281,
  "model_num_binvars": 1550,
  "model_num_constrs": 10471,
  "bundle_space_size": 32,
  "subadditivity_mode": "full_partition",
  "policy_scope": "full_bundle_prices",
  "bundle_prices": {
    "1": 1.7284274558261918,
    "2": 1.4616378832659531,
    "3": 2.0698465652002143,
    "6": 2.8536420613269566,
    "7": 4.582069517153173,
    "8": 1.6239125650776738,
    "9": 2.8178647204349545,
    "10": 2.7442954058126823,
    "11": 3.4762625749846237,
    "14": 3.66100713121604,
    "16": 2.0201155392665604,
    "17": 3.0496728399880824,
    "18": 2.62792159783101,
    "19": 3.7884410783696896,
    "20": 3.5626912025433137,
    "21": 5.014629936249734,
    "23": 5.6325377677435275,
    "25": 4.052587371715091,
    "26": 3.8034721969081042,
    "27": 4.682387816470261,
    "29": 5.938863350753004
  },
  "bundle_prices_full": {
    "0": 0.0,
    "1": 1.7284274558261918,
    "2": 1.4616378832659531,
    "3": 2.0698465652002143,
    "4": 5.0463255745273194,
    "5": 4.0312397093610945,
    "6": 2.8536420613269566,
    "7": 4.582069517153173,
    "8": 1.6239125650776738,
    "9": 2.8178647204349545,
    "10": 2.7442954058126823,
    "11": 3.4762625749846237,
    "12": 4.792641697355719,
    "13": 5.0035804437122176,
    "14": 3.66100713121604,
    "15": 5.3894345870422375,
    "16": 2.0201155392665604,
    "17": 3.0496728399880824,
    "18": 2.62792159783101,
    "19": 3.7884410783696896,
    "20": 3.5626912025433137,
    "21": 5.014629936249734,
    "22": 4.3453287758362436,
    "23": 5.6325377677435275,
    "24": 2.8739232468627836,
    "25": 4.052587371715091,
    "26": 3.8034721969081042,
    "27": 4.682387816470261,
    "28": 4.254870928882818,
    "29": 5.938863350753004,
    "30": 4.95265520841616,
    "31": 6.324717494083033
  },
  "bundle_prices_selected": {
    "1": 1.7284274558261918,
    "2": 1.4616378832659531,
    "3": 2.0698465652002143,
    "6": 2.8536420613269566,
    "7": 4.582069517153173,
    "8": 1.6239125650776738,
    "9": 2.8178647204349545,
    "10": 2.7442954058126823,
    "11": 3.4762625749846237,
    "14": 3.66100713121604,
    "16": 2.0201155392665604,
    "17": 3.0496728399880824,
    "18": 2.62792159783101,
    "19": 3.7884410783696896,
    "20": 3.5626912025433137,
    "21": 5.014629936249734,
    "23": 5.6325377677435275,
    "25": 4.052587371715091,
    "26": 3.8034721969081042,
    "27": 4.682387816470261,
    "29": 5.938863350753004
  },
  "chosen_bundle_idx_by_customer": [
    11,
    0,
    10,
    6,
    2,
    0,
    8,
    3,
    23,
    1,
    18,
    0,
    21,
    0,
    21,
    0,
    0,
    16,
    0,
    3,
    0,
    2,
    17,
    20,
    26,
    3,
    0,
    0,
    27,
    9,
    10,
    25,
    0,
    0,
    29,
    19,
    21,
    3,
    3,
    0,
    18,
    27,
    14,
    0,
    18,
    0,
    3,
    7,
    0,
    11
  ],
  "chosen_product_matrix": [
    [
      0,
      1,
      0,
      1,
      1
    ],
    [
      0,
      0,
      0,
      0,
      0
    ],
    [
      0,
      1,
      0,
      1,
      0
    ],
    [
      0,
      0,
      1,
      1,
      0
    ],
    [
      0,
      0,
      0,
      1,
      0
    ],
    [
      0,
      0,
      0,
      0,
      0
    ],
    [
      0,
      1,
      0,
      0,
      0
    ],
    [
      0,
      0,
      0,
      1,
      1
    ],
    [
      1,
      0,
      1,
      1,
      1
    ],
    [
      0,
      0,
      0,
      0,
      1
    ],
    [
      1,
      0,
      0,
      1,
      0
    ],
    [
      0,
      0,
      0,
      0,
      0
    ],
    [
      1,
      0,
      1,
      0,
      1
    ],
    [
      0,
      0,
      0,
      0,
      0
    ],
    [
      1,
      0,
      1,
      0,
      1
    ],
    [
      0,
      0,
      0,
      0,
      0
    ],
    [
      0,
      0,
      0,
      0,
      0
    ],
    [
      1,
      0,
      0,
      0,
      0
    ],
    [
      0,
      0,
      0,
      0,
      0
    ],
    [
      0,
      0,
      0,
      1,
      1
    ],
    [
      0,
      0,
      0,
      0,
      0
    ],
    [
      0,
      0,
      0,
      1,
      0
    ],
    [
      1,
      0,
      0,
      0,
      1
    ],
    [
      1,
      0,
      1,
      0,
      0
    ],
    [
      1,
      1,
      0,
      1,
      0
    ],
    [
      0,
      0,
      0,
      1,
      1
    ],
    [
      0,
      0,
      0,
      0,
      0
    ],
    [
      0,
      0,
      0,
      0,
      0
    ],
    [
      1,
      1,
      0,
      1,
      1
    ],
    [
      0,
      1,
      0,
      0,
      1
    ],
    [
      0,
      1,
      0,
      1,
      0
    ],
    [
      1,
      1,
      0,
      0,
      1
    ],
    [
      0,
      0,
      0,
      0,
      0
    ],
    [
      0,
      0,
      0,
      0,
      0
    ],
    [
      1,
      1,
      1,
      0,
      1
    ],
    [
      1,
      0,
      0,
      1,
      1
    ],
    [
      1,
      0,
      1,
      0,
      1
    ],
    [
      0,
      0,
      0,
      1,
      1
    ],
    [
      0,
      0,
      0,
      1,
      1
    ],
    [
      0,
      0,
      0,
      0,
      0
    ],
    [
      1,
      0,
      0,
      1,
      0
    ],
    [
      1,
      1,
      0,
      1,
      1
    ],
    [
      0,
      1,
      1,
      1,
      0
    ],
    [
      0,
      0,
      0,
      0,
      0
    ],
    [
      1,
      0,
      0,
      1,
      0
    ],
    [
      0,
      0,
      0,
      0,
      0
    ],
    [
      0,
      0,
      0,
      1,
      1
    ],
    [
      0,
      0,
      1,
      1,
      1
    ],
    [
      0,
      0,
      0,
      0,
      0
    ],
    [
      0,
      1,
      0,
      1,
      1
    ]
  ],
  "assortments": [
    [
      0,
      0,
      0,
      0,
      0
    ],
    [
      0,
      0,
      0,
      0,
      1
    ],
    [
      0,
      0,
      0,
      1,
      0
    ],
    [
      0,
      0,
      0,
      1,
      1
    ],
    [
      0,
      0,
      1,
      0,
      0
    ],
    [
      0,
      0,
      1,
      0,
      1
    ],
    [
      0,
      0,
      1,
      1,
      0
    ],
    [
      0,
      0,
      1,
      1,
      1
    ],
    [
      0,
      1,
      0,
      0,
      0
    ],
    [
      0,
      1,
      0,
      0,
      1
    ],
    [
      0,
      1,
      0,
      1,
      0
    ],
    [
      0,
      1,
      0,
      1,
      1
    ],
    [
      0,
      1,
      1,
      0,
      0
    ],
    [
      0,
      1,
      1,
      0,
      1
    ],
    [
      0,
      1,
      1,
      1,
      0
    ],
    [
      0,
      1,
      1,
      1,
      1
    ],
    [
      1,
      0,
      0,
      0,
      0
    ],
    [
      1,
      0,
      0,
      0,
      1
    ],
    [
      1,
      0,
      0,
      1,
      0
    ],
    [
      1,
      0,
      0,
      1,
      1
    ],
    [
      1,
      0,
      1,
      0,
      0
    ],
    [
      1,
      0,
      1,
      0,
      1
    ],
    [
      1,
      0,
      1,
      1,
      0
    ],
    [
      1,
      0,
      1,
      1,
      1
    ],
    [
      1,
      1,
      0,
      0,
      0
    ],
    [
      1,
      1,
      0,
      0,
      1
    ],
    [
      1,
      1,
      0,
      1,
      0
    ],
    [
      1,
      1,
      0,
      1,
      1
    ],
    [
      1,
      1,
      1,
      0,
      0
    ],
    [
      1,
      1,
      1,
      0,
      1
    ],
    [
      1,
      1,
      1,
      1,
      0
    ],
    [
      1,
      1,
      1,
      1,
      1
    ]
  ]
}

EXIT_CODE:0
