COMMAND:
/Applications/Xcode.app/Contents/Developer/usr/bin/python3 /Users/sensen/.openclaw/workspace/domains/revenue-management/project-root/code_submission_project/code_submission/src/data/solve_mb_bsp_on_cpbsd_v2.py --instance /Users/sensen/.openclaw/workspace/domains/revenue-management/experiments/mb_oos_drop_grid_n5_n10_t300/instances/n5/cpbsd_instance_001_N5_K50_uniform_rho-0.5_partial_hvhm.msgpack --method mb --time-limit 300.0 --mip-gap 0.01 --output-flag 0 --save-json /Users/sensen/.openclaw/workspace/domains/revenue-management/experiments/mb_oos_drop_grid_n5_n10_t300/results/n5/cpbsd_instance_001_N5_K50_uniform_rho-0.5_partial_hvhm__mb.json

/Users/sensen/.openclaw/workspace/domains/revenue-management/project-root/code_submission_project/code_submission/src/data/solve_mb_bsp_on_cpbsd_v2.py:302: RuntimeWarning: divide by zero encountered in matmul
  revenues = v_kn @ assortments.T
/Users/sensen/.openclaw/workspace/domains/revenue-management/project-root/code_submission_project/code_submission/src/data/solve_mb_bsp_on_cpbsd_v2.py:302: RuntimeWarning: overflow encountered in matmul
  revenues = v_kn @ assortments.T
/Users/sensen/.openclaw/workspace/domains/revenue-management/project-root/code_submission_project/code_submission/src/data/solve_mb_bsp_on_cpbsd_v2.py:302: RuntimeWarning: invalid value encountered in matmul
  revenues = v_kn @ assortments.T
Set parameter LicenseID to value 2784353
{
  "solver_status": 2,
  "feasible": true,
  "mb_formulation_version": 6,
  "runtime": 149.6009078025818,
  "wall_time": 149.60097002983093,
  "mip_gap": 0.009764069470835073,
  "objective": 2.095756183958497,
  "revenue_in_sample": 2.095756183958272,
  "model_num_vars": 6281,
  "model_num_binvars": 1550,
  "model_num_constrs": 10471,
  "bundle_space_size": 32,
  "subadditivity_mode": "full_partition",
  "policy_scope": "full_bundle_prices",
  "bundle_prices": {
    "2": 5.7177643402015725,
    "4": 5.523968186207232,
    "7": 15.234126120656999,
    "10": 7.246975578766904,
    "11": 11.531441236728652,
    "12": 6.67791057062035,
    "13": 11.83718112188592,
    "14": 11.896321381274912,
    "15": 16.068915919848266,
    "18": 7.22351480998923,
    "19": 12.028467518938694,
    "20": 6.542028662547214,
    "21": 12.187647022327878,
    "22": 11.989037807402848,
    "23": 16.340892153825227,
    "26": 8.555992414143226,
    "29": 13.099724997465858,
    "30": 13.025458369465793,
    "31": 17.63921293345152
  },
  "bundle_prices_full": {
    "0": 0.0,
    "1": 19.021235033496875,
    "2": 5.7177643402015725,
    "3": 10.312028530023321,
    "4": 5.523968186207232,
    "5": 19.02123503349687,
    "6": 11.241732526408803,
    "7": 15.234126120656999,
    "8": 19.021235033496875,
    "9": 19.02123503349687,
    "10": 7.246975578766904,
    "11": 11.531441236728652,
    "12": 6.67791057062035,
    "13": 11.83718112188592,
    "14": 11.896321381274912,
    "15": 16.068915919848266,
    "16": 1.7253994780682829,
    "17": 19.02123503349687,
    "18": 7.22351480998923,
    "19": 12.028467518938694,
    "20": 6.542028662547214,
    "21": 12.187647022327878,
    "22": 11.989037807402848,
    "23": 16.340892153825227,
    "24": 19.021235033496875,
    "25": 19.021235033496875,
    "26": 8.555992414143226,
    "27": 13.164439799091724,
    "28": 7.923396793723356,
    "29": 13.099724997465858,
    "30": 13.025458369465793,
    "31": 17.63921293345152
  },
  "bundle_prices_selected": {
    "2": 5.7177643402015725,
    "4": 5.523968186207232,
    "7": 15.234126120656999,
    "10": 7.246975578766904,
    "11": 11.531441236728652,
    "12": 6.67791057062035,
    "13": 11.83718112188592,
    "14": 11.896321381274912,
    "15": 16.068915919848266,
    "18": 7.22351480998923,
    "19": 12.028467518938694,
    "20": 6.542028662547214,
    "21": 12.187647022327878,
    "22": 11.989037807402848,
    "23": 16.340892153825227,
    "26": 8.555992414143226,
    "29": 13.099724997465858,
    "30": 13.025458369465793,
    "31": 17.63921293345152
  },
  "chosen_bundle_idx_by_customer": [
    18,
    15,
    20,
    0,
    23,
    11,
    31,
    2,
    26,
    21,
    2,
    31,
    15,
    10,
    23,
    15,
    15,
    23,
    7,
    31,
    15,
    11,
    20,
    23,
    15,
    7,
    11,
    15,
    15,
    23,
    21,
    7,
    14,
    23,
    29,
    11,
    11,
    10,
    26,
    30,
    7,
    22,
    13,
    11,
    19,
    4,
    12,
    22,
    11,
    30
  ],
  "chosen_product_matrix": [
    [
      1,
      0,
      0,
      1,
      0
    ],
    [
      0,
      1,
      1,
      1,
      1
    ],
    [
      1,
      0,
      1,
      0,
      0
    ],
    [
      0,
      0,
      0,
      0,
      0
    ],
    [
      1,
      0,
      1,
      1,
      1
    ],
    [
      0,
      1,
      0,
      1,
      1
    ],
    [
      1,
      1,
      1,
      1,
      1
    ],
    [
      0,
      0,
      0,
      1,
      0
    ],
    [
      1,
      1,
      0,
      1,
      0
    ],
    [
      1,
      0,
      1,
      0,
      1
    ],
    [
      0,
      0,
      0,
      1,
      0
    ],
    [
      1,
      1,
      1,
      1,
      1
    ],
    [
      0,
      1,
      1,
      1,
      1
    ],
    [
      0,
      1,
      0,
      1,
      0
    ],
    [
      1,
      0,
      1,
      1,
      1
    ],
    [
      0,
      1,
      1,
      1,
      1
    ],
    [
      0,
      1,
      1,
      1,
      1
    ],
    [
      1,
      0,
      1,
      1,
      1
    ],
    [
      0,
      0,
      1,
      1,
      1
    ],
    [
      1,
      1,
      1,
      1,
      1
    ],
    [
      0,
      1,
      1,
      1,
      1
    ],
    [
      0,
      1,
      0,
      1,
      1
    ],
    [
      1,
      0,
      1,
      0,
      0
    ],
    [
      1,
      0,
      1,
      1,
      1
    ],
    [
      0,
      1,
      1,
      1,
      1
    ],
    [
      0,
      0,
      1,
      1,
      1
    ],
    [
      0,
      1,
      0,
      1,
      1
    ],
    [
      0,
      1,
      1,
      1,
      1
    ],
    [
      0,
      1,
      1,
      1,
      1
    ],
    [
      1,
      0,
      1,
      1,
      1
    ],
    [
      1,
      0,
      1,
      0,
      1
    ],
    [
      0,
      0,
      1,
      1,
      1
    ],
    [
      0,
      1,
      1,
      1,
      0
    ],
    [
      1,
      0,
      1,
      1,
      1
    ],
    [
      1,
      1,
      1,
      0,
      1
    ],
    [
      0,
      1,
      0,
      1,
      1
    ],
    [
      0,
      1,
      0,
      1,
      1
    ],
    [
      0,
      1,
      0,
      1,
      0
    ],
    [
      1,
      1,
      0,
      1,
      0
    ],
    [
      1,
      1,
      1,
      1,
      0
    ],
    [
      0,
      0,
      1,
      1,
      1
    ],
    [
      1,
      0,
      1,
      1,
      0
    ],
    [
      0,
      1,
      1,
      0,
      1
    ],
    [
      0,
      1,
      0,
      1,
      1
    ],
    [
      1,
      0,
      0,
      1,
      1
    ],
    [
      0,
      0,
      1,
      0,
      0
    ],
    [
      0,
      1,
      1,
      0,
      0
    ],
    [
      1,
      0,
      1,
      1,
      0
    ],
    [
      0,
      1,
      0,
      1,
      1
    ],
    [
      1,
      1,
      1,
      1,
      0
    ]
  ],
  "assortments": [
    [
      0,
      0,
      0,
      0,
      0
    ],
    [
      0,
      0,
      0,
      0,
      1
    ],
    [
      0,
      0,
      0,
      1,
      0
    ],
    [
      0,
      0,
      0,
      1,
      1
    ],
    [
      0,
      0,
      1,
      0,
      0
    ],
    [
      0,
      0,
      1,
      0,
      1
    ],
    [
      0,
      0,
      1,
      1,
      0
    ],
    [
      0,
      0,
      1,
      1,
      1
    ],
    [
      0,
      1,
      0,
      0,
      0
    ],
    [
      0,
      1,
      0,
      0,
      1
    ],
    [
      0,
      1,
      0,
      1,
      0
    ],
    [
      0,
      1,
      0,
      1,
      1
    ],
    [
      0,
      1,
      1,
      0,
      0
    ],
    [
      0,
      1,
      1,
      0,
      1
    ],
    [
      0,
      1,
      1,
      1,
      0
    ],
    [
      0,
      1,
      1,
      1,
      1
    ],
    [
      1,
      0,
      0,
      0,
      0
    ],
    [
      1,
      0,
      0,
      0,
      1
    ],
    [
      1,
      0,
      0,
      1,
      0
    ],
    [
      1,
      0,
      0,
      1,
      1
    ],
    [
      1,
      0,
      1,
      0,
      0
    ],
    [
      1,
      0,
      1,
      0,
      1
    ],
    [
      1,
      0,
      1,
      1,
      0
    ],
    [
      1,
      0,
      1,
      1,
      1
    ],
    [
      1,
      1,
      0,
      0,
      0
    ],
    [
      1,
      1,
      0,
      0,
      1
    ],
    [
      1,
      1,
      0,
      1,
      0
    ],
    [
      1,
      1,
      0,
      1,
      1
    ],
    [
      1,
      1,
      1,
      0,
      0
    ],
    [
      1,
      1,
      1,
      0,
      1
    ],
    [
      1,
      1,
      1,
      1,
      0
    ],
    [
      1,
      1,
      1,
      1,
      1
    ]
  ]
}

EXIT_CODE:0
