COMMAND:
/Applications/Xcode.app/Contents/Developer/usr/bin/python3 /Users/sensen/.openclaw/workspace/domains/revenue-management/project-root/code_submission_project/code_submission/src/data/solve_mb_bsp_on_cpbsd_v2.py --instance /Users/sensen/.openclaw/workspace/domains/revenue-management/experiments/mb_oos_drop_grid_n5_n10_t300/instances/n5/cpbsd_instance_001_N5_K50_exponential_rho-0.5_none_hvlm.msgpack --method mb --time-limit 300.0 --mip-gap 0.01 --output-flag 0 --save-json /Users/sensen/.openclaw/workspace/domains/revenue-management/experiments/mb_oos_drop_grid_n5_n10_t300/results/n5/cpbsd_instance_001_N5_K50_exponential_rho-0.5_none_hvlm__mb.json

/Users/sensen/.openclaw/workspace/domains/revenue-management/project-root/code_submission_project/code_submission/src/data/solve_mb_bsp_on_cpbsd_v2.py:293: RuntimeWarning: divide by zero encountered in matmul
  revenues = v_kn @ assortments.T
/Users/sensen/.openclaw/workspace/domains/revenue-management/project-root/code_submission_project/code_submission/src/data/solve_mb_bsp_on_cpbsd_v2.py:293: RuntimeWarning: overflow encountered in matmul
  revenues = v_kn @ assortments.T
/Users/sensen/.openclaw/workspace/domains/revenue-management/project-root/code_submission_project/code_submission/src/data/solve_mb_bsp_on_cpbsd_v2.py:293: RuntimeWarning: invalid value encountered in matmul
  revenues = v_kn @ assortments.T
Set parameter LicenseID to value 2784353
{
  "solver_status": 2,
  "feasible": true,
  "mb_formulation_version": 6,
  "runtime": 132.6125409603119,
  "wall_time": 132.6127359867096,
  "mip_gap": 0.009266863557701071,
  "objective": 1.2734542036082594,
  "revenue_in_sample": 1.2734542036082588,
  "model_num_vars": 6281,
  "model_num_binvars": 1550,
  "model_num_constrs": 10471,
  "bundle_space_size": 32,
  "subadditivity_mode": "full_partition",
  "policy_scope": "full_bundle_prices",
  "bundle_prices": {
    "4": 1.6795752680018872,
    "7": 4.608493234116979,
    "9": 3.3509416662972598,
    "12": 3.1591821527957293,
    "14": 3.886207057580562,
    "16": 1.4694242774400428,
    "17": 4.593666995754376,
    "18": 3.6179492003171063,
    "20": 2.890600739531636,
    "21": 5.202016684808585,
    "22": 4.1733622130910994,
    "23": 5.534488387538389,
    "24": 2.172815170862174,
    "26": 3.941809451310844,
    "27": 5.737250423724193,
    "29": 5.837620441950582
  },
  "bundle_prices_full": {
    "0": 0.0,
    "1": 8.54806586803221,
    "2": 8.548065868032213,
    "3": 8.548065868032213,
    "4": 1.6795752680018872,
    "5": 4.616414815243655,
    "6": 8.384986138566573,
    "7": 4.608493234116979,
    "8": 2.0708043423949847,
    "9": 3.3509416662972598,
    "10": 3.735942761206963,
    "11": 8.548065868032213,
    "12": 3.1591821527957293,
    "13": 4.877711383697244,
    "14": 3.886207057580562,
    "15": 6.018616558787504,
    "16": 1.4694242774400428,
    "17": 4.593666995754376,
    "18": 3.6179492003171063,
    "19": 6.429767898417956,
    "20": 2.890600739531636,
    "21": 5.202016684808585,
    "22": 4.1733622130910994,
    "23": 5.534488387538389,
    "24": 2.172815170862174,
    "25": 4.820365943737308,
    "26": 3.941809451310844,
    "27": 5.737250423724193,
    "28": 3.791829302647525,
    "29": 5.837620441950582,
    "30": 4.735517265676111,
    "31": 6.781308404979166
  },
  "bundle_prices_selected": {
    "4": 1.6795752680018872,
    "7": 4.608493234116979,
    "9": 3.3509416662972598,
    "12": 3.1591821527957293,
    "14": 3.886207057580562,
    "16": 1.4694242774400428,
    "17": 4.593666995754376,
    "18": 3.6179492003171063,
    "20": 2.890600739531636,
    "21": 5.202016684808585,
    "22": 4.1733622130910994,
    "23": 5.534488387538389,
    "24": 2.172815170862174,
    "26": 3.941809451310844,
    "27": 5.737250423724193,
    "29": 5.837620441950582
  },
  "chosen_bundle_idx_by_customer": [
    20,
    20,
    26,
    7,
    0,
    16,
    20,
    7,
    22,
    17,
    24,
    14,
    0,
    4,
    0,
    24,
    0,
    26,
    24,
    9,
    0,
    14,
    21,
    21,
    0,
    4,
    0,
    0,
    0,
    18,
    16,
    0,
    27,
    24,
    29,
    4,
    12,
    12,
    9,
    9,
    24,
    26,
    20,
    17,
    0,
    20,
    0,
    0,
    0,
    23
  ],
  "chosen_product_matrix": [
    [
      1,
      0,
      1,
      0,
      0
    ],
    [
      1,
      0,
      1,
      0,
      0
    ],
    [
      1,
      1,
      0,
      1,
      0
    ],
    [
      0,
      0,
      1,
      1,
      1
    ],
    [
      0,
      0,
      0,
      0,
      0
    ],
    [
      1,
      0,
      0,
      0,
      0
    ],
    [
      1,
      0,
      1,
      0,
      0
    ],
    [
      0,
      0,
      1,
      1,
      1
    ],
    [
      1,
      0,
      1,
      1,
      0
    ],
    [
      1,
      0,
      0,
      0,
      1
    ],
    [
      1,
      1,
      0,
      0,
      0
    ],
    [
      0,
      1,
      1,
      1,
      0
    ],
    [
      0,
      0,
      0,
      0,
      0
    ],
    [
      0,
      0,
      1,
      0,
      0
    ],
    [
      0,
      0,
      0,
      0,
      0
    ],
    [
      1,
      1,
      0,
      0,
      0
    ],
    [
      0,
      0,
      0,
      0,
      0
    ],
    [
      1,
      1,
      0,
      1,
      0
    ],
    [
      1,
      1,
      0,
      0,
      0
    ],
    [
      0,
      1,
      0,
      0,
      1
    ],
    [
      0,
      0,
      0,
      0,
      0
    ],
    [
      0,
      1,
      1,
      1,
      0
    ],
    [
      1,
      0,
      1,
      0,
      1
    ],
    [
      1,
      0,
      1,
      0,
      1
    ],
    [
      0,
      0,
      0,
      0,
      0
    ],
    [
      0,
      0,
      1,
      0,
      0
    ],
    [
      0,
      0,
      0,
      0,
      0
    ],
    [
      0,
      0,
      0,
      0,
      0
    ],
    [
      0,
      0,
      0,
      0,
      0
    ],
    [
      1,
      0,
      0,
      1,
      0
    ],
    [
      1,
      0,
      0,
      0,
      0
    ],
    [
      0,
      0,
      0,
      0,
      0
    ],
    [
      1,
      1,
      0,
      1,
      1
    ],
    [
      1,
      1,
      0,
      0,
      0
    ],
    [
      1,
      1,
      1,
      0,
      1
    ],
    [
      0,
      0,
      1,
      0,
      0
    ],
    [
      0,
      1,
      1,
      0,
      0
    ],
    [
      0,
      1,
      1,
      0,
      0
    ],
    [
      0,
      1,
      0,
      0,
      1
    ],
    [
      0,
      1,
      0,
      0,
      1
    ],
    [
      1,
      1,
      0,
      0,
      0
    ],
    [
      1,
      1,
      0,
      1,
      0
    ],
    [
      1,
      0,
      1,
      0,
      0
    ],
    [
      1,
      0,
      0,
      0,
      1
    ],
    [
      0,
      0,
      0,
      0,
      0
    ],
    [
      1,
      0,
      1,
      0,
      0
    ],
    [
      0,
      0,
      0,
      0,
      0
    ],
    [
      0,
      0,
      0,
      0,
      0
    ],
    [
      0,
      0,
      0,
      0,
      0
    ],
    [
      1,
      0,
      1,
      1,
      1
    ]
  ],
  "assortments": [
    [
      0,
      0,
      0,
      0,
      0
    ],
    [
      0,
      0,
      0,
      0,
      1
    ],
    [
      0,
      0,
      0,
      1,
      0
    ],
    [
      0,
      0,
      0,
      1,
      1
    ],
    [
      0,
      0,
      1,
      0,
      0
    ],
    [
      0,
      0,
      1,
      0,
      1
    ],
    [
      0,
      0,
      1,
      1,
      0
    ],
    [
      0,
      0,
      1,
      1,
      1
    ],
    [
      0,
      1,
      0,
      0,
      0
    ],
    [
      0,
      1,
      0,
      0,
      1
    ],
    [
      0,
      1,
      0,
      1,
      0
    ],
    [
      0,
      1,
      0,
      1,
      1
    ],
    [
      0,
      1,
      1,
      0,
      0
    ],
    [
      0,
      1,
      1,
      0,
      1
    ],
    [
      0,
      1,
      1,
      1,
      0
    ],
    [
      0,
      1,
      1,
      1,
      1
    ],
    [
      1,
      0,
      0,
      0,
      0
    ],
    [
      1,
      0,
      0,
      0,
      1
    ],
    [
      1,
      0,
      0,
      1,
      0
    ],
    [
      1,
      0,
      0,
      1,
      1
    ],
    [
      1,
      0,
      1,
      0,
      0
    ],
    [
      1,
      0,
      1,
      0,
      1
    ],
    [
      1,
      0,
      1,
      1,
      0
    ],
    [
      1,
      0,
      1,
      1,
      1
    ],
    [
      1,
      1,
      0,
      0,
      0
    ],
    [
      1,
      1,
      0,
      0,
      1
    ],
    [
      1,
      1,
      0,
      1,
      0
    ],
    [
      1,
      1,
      0,
      1,
      1
    ],
    [
      1,
      1,
      1,
      0,
      0
    ],
    [
      1,
      1,
      1,
      0,
      1
    ],
    [
      1,
      1,
      1,
      1,
      0
    ],
    [
      1,
      1,
      1,
      1,
      1
    ]
  ]
}

EXIT_CODE:0
