COMMAND:
/Applications/Xcode.app/Contents/Developer/usr/bin/python3 /Users/sensen/.openclaw/workspace/domains/revenue-management/project-root/code_submission_project/code_submission/src/data/solve_mb_bsp_on_cpbsd_v2.py --instance /Users/sensen/.openclaw/workspace/domains/revenue-management/experiments/mb_oos_drop_grid_n5_n10_t300/instances/n5/cpbsd_instance_001_N5_K50_uniform_rho-0.5_partial_hvlm.msgpack --method mb --time-limit 300.0 --mip-gap 0.01 --output-flag 0 --save-json /Users/sensen/.openclaw/workspace/domains/revenue-management/experiments/mb_oos_drop_grid_n5_n10_t300/results/n5/cpbsd_instance_001_N5_K50_uniform_rho-0.5_partial_hvlm__mb.json

/Users/sensen/.openclaw/workspace/domains/revenue-management/project-root/code_submission_project/code_submission/src/data/solve_mb_bsp_on_cpbsd_v2.py:302: RuntimeWarning: divide by zero encountered in matmul
  revenues = v_kn @ assortments.T
/Users/sensen/.openclaw/workspace/domains/revenue-management/project-root/code_submission_project/code_submission/src/data/solve_mb_bsp_on_cpbsd_v2.py:302: RuntimeWarning: overflow encountered in matmul
  revenues = v_kn @ assortments.T
/Users/sensen/.openclaw/workspace/domains/revenue-management/project-root/code_submission_project/code_submission/src/data/solve_mb_bsp_on_cpbsd_v2.py:302: RuntimeWarning: invalid value encountered in matmul
  revenues = v_kn @ assortments.T
Set parameter LicenseID to value 2784353
{
  "solver_status": 2,
  "feasible": true,
  "mb_formulation_version": 6,
  "runtime": 139.38320517539978,
  "wall_time": 139.38326787948608,
  "mip_gap": 0.009150826877788875,
  "objective": 2.1366625520816585,
  "revenue_in_sample": 2.136662552081652,
  "model_num_vars": 6281,
  "model_num_binvars": 1550,
  "model_num_constrs": 10471,
  "bundle_space_size": 32,
  "subadditivity_mode": "full_partition",
  "policy_scope": "full_bundle_prices",
  "bundle_prices": {
    "5": 10.967890510104946,
    "6": 10.601305944342606,
    "8": 1.6028790672124984,
    "10": 6.95722916295291,
    "12": 6.53504082821512,
    "13": 12.163702102968482,
    "14": 11.113470562576264,
    "17": 6.672881344474668,
    "18": 7.176433257103033,
    "19": 11.940622814473228,
    "20": 6.843901254606535,
    "21": 11.948272103338125,
    "22": 11.837655922766993,
    "23": 17.274187288817387,
    "27": 13.287051542912836,
    "28": 7.477575882972639,
    "29": 12.742171153313036,
    "30": 12.072064361982868,
    "31": 17.61638360175027
  },
  "bundle_prices_full": {
    "0": 0.0,
    "1": 19.928753237437327,
    "2": 5.978722787732053,
    "3": 11.650695569494285,
    "4": 19.928753237437327,
    "5": 10.967890510104946,
    "6": 10.601305944342606,
    "7": 16.018628919814127,
    "8": 1.6028790672124984,
    "9": 19.17451713985729,
    "10": 6.95722916295291,
    "11": 13.253574636706865,
    "12": 6.53504082821512,
    "13": 12.163702102968482,
    "14": 11.113470562576264,
    "15": 16.611237548709884,
    "16": 15.33197740622827,
    "17": 6.672881344474668,
    "18": 7.176433257103033,
    "19": 11.940622814473228,
    "20": 6.843901254606535,
    "21": 11.948272103338125,
    "22": 11.837655922766993,
    "23": 17.274187288817387,
    "24": 6.594599371694448,
    "25": 8.221627197381576,
    "26": 8.779312324315711,
    "27": 13.287051542912836,
    "28": 7.477575882972639,
    "29": 12.742171153313036,
    "30": 12.072064361982868,
    "31": 17.61638360175027
  },
  "bundle_prices_selected": {
    "5": 10.967890510104946,
    "6": 10.601305944342606,
    "8": 1.6028790672124984,
    "10": 6.95722916295291,
    "12": 6.53504082821512,
    "13": 12.163702102968482,
    "14": 11.113470562576264,
    "17": 6.672881344474668,
    "18": 7.176433257103033,
    "19": 11.940622814473228,
    "20": 6.843901254606535,
    "21": 11.948272103338125,
    "22": 11.837655922766993,
    "23": 17.274187288817387,
    "27": 13.287051542912836,
    "28": 7.477575882972639,
    "29": 12.742171153313036,
    "30": 12.072064361982868,
    "31": 17.61638360175027
  },
  "chosen_bundle_idx_by_customer": [
    21,
    22,
    13,
    29,
    5,
    31,
    31,
    30,
    14,
    30,
    14,
    27,
    6,
    30,
    21,
    14,
    28,
    21,
    30,
    22,
    22,
    0,
    22,
    14,
    19,
    14,
    30,
    20,
    18,
    30,
    17,
    29,
    12,
    30,
    21,
    28,
    28,
    20,
    14,
    21,
    29,
    23,
    30,
    14,
    8,
    10,
    29,
    30,
    0,
    30
  ],
  "chosen_product_matrix": [
    [
      1,
      0,
      1,
      0,
      1
    ],
    [
      1,
      0,
      1,
      1,
      0
    ],
    [
      0,
      1,
      1,
      0,
      1
    ],
    [
      1,
      1,
      1,
      0,
      1
    ],
    [
      0,
      0,
      1,
      0,
      1
    ],
    [
      1,
      1,
      1,
      1,
      1
    ],
    [
      1,
      1,
      1,
      1,
      1
    ],
    [
      1,
      1,
      1,
      1,
      0
    ],
    [
      0,
      1,
      1,
      1,
      0
    ],
    [
      1,
      1,
      1,
      1,
      0
    ],
    [
      0,
      1,
      1,
      1,
      0
    ],
    [
      1,
      1,
      0,
      1,
      1
    ],
    [
      0,
      0,
      1,
      1,
      0
    ],
    [
      1,
      1,
      1,
      1,
      0
    ],
    [
      1,
      0,
      1,
      0,
      1
    ],
    [
      0,
      1,
      1,
      1,
      0
    ],
    [
      1,
      1,
      1,
      0,
      0
    ],
    [
      1,
      0,
      1,
      0,
      1
    ],
    [
      1,
      1,
      1,
      1,
      0
    ],
    [
      1,
      0,
      1,
      1,
      0
    ],
    [
      1,
      0,
      1,
      1,
      0
    ],
    [
      0,
      0,
      0,
      0,
      0
    ],
    [
      1,
      0,
      1,
      1,
      0
    ],
    [
      0,
      1,
      1,
      1,
      0
    ],
    [
      1,
      0,
      0,
      1,
      1
    ],
    [
      0,
      1,
      1,
      1,
      0
    ],
    [
      1,
      1,
      1,
      1,
      0
    ],
    [
      1,
      0,
      1,
      0,
      0
    ],
    [
      1,
      0,
      0,
      1,
      0
    ],
    [
      1,
      1,
      1,
      1,
      0
    ],
    [
      1,
      0,
      0,
      0,
      1
    ],
    [
      1,
      1,
      1,
      0,
      1
    ],
    [
      0,
      1,
      1,
      0,
      0
    ],
    [
      1,
      1,
      1,
      1,
      0
    ],
    [
      1,
      0,
      1,
      0,
      1
    ],
    [
      1,
      1,
      1,
      0,
      0
    ],
    [
      1,
      1,
      1,
      0,
      0
    ],
    [
      1,
      0,
      1,
      0,
      0
    ],
    [
      0,
      1,
      1,
      1,
      0
    ],
    [
      1,
      0,
      1,
      0,
      1
    ],
    [
      1,
      1,
      1,
      0,
      1
    ],
    [
      1,
      0,
      1,
      1,
      1
    ],
    [
      1,
      1,
      1,
      1,
      0
    ],
    [
      0,
      1,
      1,
      1,
      0
    ],
    [
      0,
      1,
      0,
      0,
      0
    ],
    [
      0,
      1,
      0,
      1,
      0
    ],
    [
      1,
      1,
      1,
      0,
      1
    ],
    [
      1,
      1,
      1,
      1,
      0
    ],
    [
      0,
      0,
      0,
      0,
      0
    ],
    [
      1,
      1,
      1,
      1,
      0
    ]
  ],
  "assortments": [
    [
      0,
      0,
      0,
      0,
      0
    ],
    [
      0,
      0,
      0,
      0,
      1
    ],
    [
      0,
      0,
      0,
      1,
      0
    ],
    [
      0,
      0,
      0,
      1,
      1
    ],
    [
      0,
      0,
      1,
      0,
      0
    ],
    [
      0,
      0,
      1,
      0,
      1
    ],
    [
      0,
      0,
      1,
      1,
      0
    ],
    [
      0,
      0,
      1,
      1,
      1
    ],
    [
      0,
      1,
      0,
      0,
      0
    ],
    [
      0,
      1,
      0,
      0,
      1
    ],
    [
      0,
      1,
      0,
      1,
      0
    ],
    [
      0,
      1,
      0,
      1,
      1
    ],
    [
      0,
      1,
      1,
      0,
      0
    ],
    [
      0,
      1,
      1,
      0,
      1
    ],
    [
      0,
      1,
      1,
      1,
      0
    ],
    [
      0,
      1,
      1,
      1,
      1
    ],
    [
      1,
      0,
      0,
      0,
      0
    ],
    [
      1,
      0,
      0,
      0,
      1
    ],
    [
      1,
      0,
      0,
      1,
      0
    ],
    [
      1,
      0,
      0,
      1,
      1
    ],
    [
      1,
      0,
      1,
      0,
      0
    ],
    [
      1,
      0,
      1,
      0,
      1
    ],
    [
      1,
      0,
      1,
      1,
      0
    ],
    [
      1,
      0,
      1,
      1,
      1
    ],
    [
      1,
      1,
      0,
      0,
      0
    ],
    [
      1,
      1,
      0,
      0,
      1
    ],
    [
      1,
      1,
      0,
      1,
      0
    ],
    [
      1,
      1,
      0,
      1,
      1
    ],
    [
      1,
      1,
      1,
      0,
      0
    ],
    [
      1,
      1,
      1,
      0,
      1
    ],
    [
      1,
      1,
      1,
      1,
      0
    ],
    [
      1,
      1,
      1,
      1,
      1
    ]
  ]
}

EXIT_CODE:0
