COMMAND:
/Applications/Xcode.app/Contents/Developer/usr/bin/python3 /Users/sensen/.openclaw/workspace/domains/revenue-management/project-root/code_submission_project/code_submission/src/data/solve_mb_bsp_on_cpbsd_v2.py --instance /Users/sensen/.openclaw/workspace/domains/revenue-management/experiments/mb_oos_drop_grid_n5_n10_t300/instances/n5/cpbsd_instance_001_N5_K50_normal_rho0.0_full_hvhm.msgpack --method mb --time-limit 300.0 --mip-gap 0.01 --output-flag 0 --save-json /Users/sensen/.openclaw/workspace/domains/revenue-management/experiments/mb_oos_drop_grid_n5_n10_t300/results/n5/cpbsd_instance_001_N5_K50_normal_rho0.0_full_hvhm__mb.json

/Users/sensen/.openclaw/workspace/domains/revenue-management/project-root/code_submission_project/code_submission/src/data/solve_mb_bsp_on_cpbsd_v2.py:302: RuntimeWarning: divide by zero encountered in matmul
  revenues = v_kn @ assortments.T
/Users/sensen/.openclaw/workspace/domains/revenue-management/project-root/code_submission_project/code_submission/src/data/solve_mb_bsp_on_cpbsd_v2.py:302: RuntimeWarning: overflow encountered in matmul
  revenues = v_kn @ assortments.T
/Users/sensen/.openclaw/workspace/domains/revenue-management/project-root/code_submission_project/code_submission/src/data/solve_mb_bsp_on_cpbsd_v2.py:302: RuntimeWarning: invalid value encountered in matmul
  revenues = v_kn @ assortments.T
Set parameter LicenseID to value 2784353
{
  "solver_status": 9,
  "feasible": true,
  "mb_formulation_version": 6,
  "runtime": 300.2261600494385,
  "wall_time": 300.22622179985046,
  "mip_gap": 0.012362134203373055,
  "objective": 1.6799754970454517,
  "revenue_in_sample": 1.6799754970454484,
  "model_num_vars": 6281,
  "model_num_binvars": 1550,
  "model_num_constrs": 10471,
  "bundle_space_size": 32,
  "subadditivity_mode": "full_partition",
  "policy_scope": "full_bundle_prices",
  "bundle_prices": {
    "3": 18.32352403524062,
    "5": 16.209079653525283,
    "6": 13.74781197830412,
    "7": 23.67707852359707,
    "9": 13.652983949639902,
    "11": 21.973762487770102,
    "14": 16.9935495246068,
    "15": 26.94169166438229,
    "17": 11.755876247532068,
    "19": 19.97417902795522,
    "22": 15.78308384007558,
    "23": 24.785126272044614,
    "25": 15.355106320666394,
    "27": 22.70018100301416,
    "30": 18.349862647994414,
    "31": 27.598980173500177
  },
  "bundle_prices_full": {
    "0": 0.0,
    "1": 29.84345733452757,
    "2": 16.814377053347943,
    "3": 18.32352403524062,
    "4": 6.566500370022112,
    "5": 16.209079653525283,
    "6": 13.74781197830412,
    "7": 23.67707852359707,
    "8": 29.84345733452757,
    "9": 13.652983949639902,
    "10": 12.42169545502186,
    "11": 21.973762487770102,
    "12": 10.415365077581125,
    "13": 19.480143723602403,
    "14": 16.9935495246068,
    "15": 26.94169166438229,
    "16": 27.794954025126405,
    "17": 11.755876247532068,
    "18": 24.983856264959453,
    "19": 19.97417902795522,
    "20": 7.582841850495479,
    "21": 17.44348061023877,
    "22": 15.78308384007558,
    "23": 24.785126272044614,
    "24": 26.29254634048211,
    "25": 15.355106320666394,
    "26": 12.803214233581862,
    "27": 22.70018100301416,
    "28": 10.797049197163087,
    "29": 20.22956830605693,
    "30": 18.349862647994414,
    "31": 27.598980173500177
  },
  "bundle_prices_selected": {
    "3": 18.32352403524062,
    "5": 16.209079653525283,
    "6": 13.74781197830412,
    "7": 23.67707852359707,
    "9": 13.652983949639902,
    "11": 21.973762487770102,
    "14": 16.9935495246068,
    "15": 26.94169166438229,
    "17": 11.755876247532068,
    "19": 19.97417902795522,
    "22": 15.78308384007558,
    "23": 24.785126272044614,
    "25": 15.355106320666394,
    "27": 22.70018100301416,
    "30": 18.349862647994414,
    "31": 27.598980173500177
  },
  "chosen_bundle_idx_by_customer": [
    0,
    27,
    5,
    19,
    9,
    27,
    31,
    31,
    31,
    31,
    31,
    11,
    31,
    31,
    14,
    25,
    0,
    9,
    31,
    22,
    27,
    30,
    31,
    5,
    15,
    23,
    0,
    9,
    0,
    31,
    7,
    9,
    0,
    0,
    31,
    15,
    0,
    15,
    31,
    31,
    6,
    7,
    17,
    7,
    15,
    31,
    31,
    3,
    0,
    14
  ],
  "chosen_product_matrix": [
    [
      0,
      0,
      0,
      0,
      0
    ],
    [
      1,
      1,
      0,
      1,
      1
    ],
    [
      0,
      0,
      1,
      0,
      1
    ],
    [
      1,
      0,
      0,
      1,
      1
    ],
    [
      0,
      1,
      0,
      0,
      1
    ],
    [
      1,
      1,
      0,
      1,
      1
    ],
    [
      1,
      1,
      1,
      1,
      1
    ],
    [
      1,
      1,
      1,
      1,
      1
    ],
    [
      1,
      1,
      1,
      1,
      1
    ],
    [
      1,
      1,
      1,
      1,
      1
    ],
    [
      1,
      1,
      1,
      1,
      1
    ],
    [
      0,
      1,
      0,
      1,
      1
    ],
    [
      1,
      1,
      1,
      1,
      1
    ],
    [
      1,
      1,
      1,
      1,
      1
    ],
    [
      0,
      1,
      1,
      1,
      0
    ],
    [
      1,
      1,
      0,
      0,
      1
    ],
    [
      0,
      0,
      0,
      0,
      0
    ],
    [
      0,
      1,
      0,
      0,
      1
    ],
    [
      1,
      1,
      1,
      1,
      1
    ],
    [
      1,
      0,
      1,
      1,
      0
    ],
    [
      1,
      1,
      0,
      1,
      1
    ],
    [
      1,
      1,
      1,
      1,
      0
    ],
    [
      1,
      1,
      1,
      1,
      1
    ],
    [
      0,
      0,
      1,
      0,
      1
    ],
    [
      0,
      1,
      1,
      1,
      1
    ],
    [
      1,
      0,
      1,
      1,
      1
    ],
    [
      0,
      0,
      0,
      0,
      0
    ],
    [
      0,
      1,
      0,
      0,
      1
    ],
    [
      0,
      0,
      0,
      0,
      0
    ],
    [
      1,
      1,
      1,
      1,
      1
    ],
    [
      0,
      0,
      1,
      1,
      1
    ],
    [
      0,
      1,
      0,
      0,
      1
    ],
    [
      0,
      0,
      0,
      0,
      0
    ],
    [
      0,
      0,
      0,
      0,
      0
    ],
    [
      1,
      1,
      1,
      1,
      1
    ],
    [
      0,
      1,
      1,
      1,
      1
    ],
    [
      0,
      0,
      0,
      0,
      0
    ],
    [
      0,
      1,
      1,
      1,
      1
    ],
    [
      1,
      1,
      1,
      1,
      1
    ],
    [
      1,
      1,
      1,
      1,
      1
    ],
    [
      0,
      0,
      1,
      1,
      0
    ],
    [
      0,
      0,
      1,
      1,
      1
    ],
    [
      1,
      0,
      0,
      0,
      1
    ],
    [
      0,
      0,
      1,
      1,
      1
    ],
    [
      0,
      1,
      1,
      1,
      1
    ],
    [
      1,
      1,
      1,
      1,
      1
    ],
    [
      1,
      1,
      1,
      1,
      1
    ],
    [
      0,
      0,
      0,
      1,
      1
    ],
    [
      0,
      0,
      0,
      0,
      0
    ],
    [
      0,
      1,
      1,
      1,
      0
    ]
  ],
  "assortments": [
    [
      0,
      0,
      0,
      0,
      0
    ],
    [
      0,
      0,
      0,
      0,
      1
    ],
    [
      0,
      0,
      0,
      1,
      0
    ],
    [
      0,
      0,
      0,
      1,
      1
    ],
    [
      0,
      0,
      1,
      0,
      0
    ],
    [
      0,
      0,
      1,
      0,
      1
    ],
    [
      0,
      0,
      1,
      1,
      0
    ],
    [
      0,
      0,
      1,
      1,
      1
    ],
    [
      0,
      1,
      0,
      0,
      0
    ],
    [
      0,
      1,
      0,
      0,
      1
    ],
    [
      0,
      1,
      0,
      1,
      0
    ],
    [
      0,
      1,
      0,
      1,
      1
    ],
    [
      0,
      1,
      1,
      0,
      0
    ],
    [
      0,
      1,
      1,
      0,
      1
    ],
    [
      0,
      1,
      1,
      1,
      0
    ],
    [
      0,
      1,
      1,
      1,
      1
    ],
    [
      1,
      0,
      0,
      0,
      0
    ],
    [
      1,
      0,
      0,
      0,
      1
    ],
    [
      1,
      0,
      0,
      1,
      0
    ],
    [
      1,
      0,
      0,
      1,
      1
    ],
    [
      1,
      0,
      1,
      0,
      0
    ],
    [
      1,
      0,
      1,
      0,
      1
    ],
    [
      1,
      0,
      1,
      1,
      0
    ],
    [
      1,
      0,
      1,
      1,
      1
    ],
    [
      1,
      1,
      0,
      0,
      0
    ],
    [
      1,
      1,
      0,
      0,
      1
    ],
    [
      1,
      1,
      0,
      1,
      0
    ],
    [
      1,
      1,
      0,
      1,
      1
    ],
    [
      1,
      1,
      1,
      0,
      0
    ],
    [
      1,
      1,
      1,
      0,
      1
    ],
    [
      1,
      1,
      1,
      1,
      0
    ],
    [
      1,
      1,
      1,
      1,
      1
    ]
  ]
}

EXIT_CODE:0
