COMMAND:
/Applications/Xcode.app/Contents/Developer/usr/bin/python3 /Users/sensen/.openclaw/workspace/domains/revenue-management/project-root/code_submission_project/code_submission/src/data/solve_mb_bsp_on_cpbsd_v2.py --instance /Users/sensen/.openclaw/workspace/domains/revenue-management/experiments/mb_oos_drop_grid_n5_n10_t300/instances/n5/cpbsd_instance_001_N5_K50_exponential_rho0.0_none_hvhm.msgpack --method mb --time-limit 300.0 --mip-gap 0.01 --output-flag 0 --save-json /Users/sensen/.openclaw/workspace/domains/revenue-management/experiments/mb_oos_drop_grid_n5_n10_t300/results/n5/cpbsd_instance_001_N5_K50_exponential_rho0.0_none_hvhm__mb.json

/Users/sensen/.openclaw/workspace/domains/revenue-management/project-root/code_submission_project/code_submission/src/data/solve_mb_bsp_on_cpbsd_v2.py:293: RuntimeWarning: divide by zero encountered in matmul
  revenues = v_kn @ assortments.T
/Users/sensen/.openclaw/workspace/domains/revenue-management/project-root/code_submission_project/code_submission/src/data/solve_mb_bsp_on_cpbsd_v2.py:293: RuntimeWarning: overflow encountered in matmul
  revenues = v_kn @ assortments.T
/Users/sensen/.openclaw/workspace/domains/revenue-management/project-root/code_submission_project/code_submission/src/data/solve_mb_bsp_on_cpbsd_v2.py:293: RuntimeWarning: invalid value encountered in matmul
  revenues = v_kn @ assortments.T
Set parameter LicenseID to value 2784353
{
  "solver_status": 2,
  "feasible": true,
  "mb_formulation_version": 6,
  "runtime": 278.70734691619873,
  "wall_time": 278.70747590065,
  "mip_gap": 0.009041058077940405,
  "objective": 1.1930422256197366,
  "revenue_in_sample": 1.1930422256197197,
  "model_num_vars": 6281,
  "model_num_binvars": 1550,
  "model_num_constrs": 10471,
  "bundle_space_size": 32,
  "subadditivity_mode": "full_partition",
  "policy_scope": "full_bundle_prices",
  "bundle_prices": {
    "3": 3.509764303866283,
    "4": 2.4632108825348515,
    "5": 4.512343343321282,
    "7": 5.692168822404043,
    "8": 2.225251840339894,
    "9": 3.3591937630758304,
    "10": 3.474116588173186,
    "11": 4.933433999262105,
    "12": 3.539435761419858,
    "13": 5.599387376701351,
    "16": 1.5370401082213228,
    "17": 4.051768521082513,
    "18": 3.34790509641409,
    "20": 2.803011199638253,
    "21": 4.529712791286933,
    "24": 2.7948850343459974,
    "29": 6.162204962714096,
    "30": 5.934917342049571
  },
  "bundle_prices_full": {
    "0": 0.0,
    "1": 6.940404945383764,
    "2": 6.66295347573021,
    "3": 3.509764303866283,
    "4": 2.4632108825348515,
    "5": 4.512343343321282,
    "6": 4.467589859298481,
    "7": 5.692168822404043,
    "8": 2.225251840339894,
    "9": 3.3591937630758304,
    "10": 3.474116588173186,
    "11": 4.933433999262105,
    "12": 3.539435761419858,
    "13": 5.599387376701351,
    "14": 4.927218263617891,
    "15": 6.1275765280899845,
    "16": 1.5370401082213228,
    "17": 4.051768521082513,
    "18": 3.34790509641409,
    "19": 5.04680441208762,
    "20": 2.803011199638253,
    "21": 4.529712791286933,
    "22": 4.865507297705802,
    "23": 6.090086260811352,
    "24": 2.7948850343459974,
    "25": 4.896233871297161,
    "26": 4.481815666605098,
    "27": 5.517811244144466,
    "28": 4.506982312395733,
    "29": 6.162204962714096,
    "30": 5.934917342049571,
    "31": 7.305440697283664
  },
  "bundle_prices_selected": {
    "3": 3.509764303866283,
    "4": 2.4632108825348515,
    "5": 4.512343343321282,
    "7": 5.692168822404043,
    "8": 2.225251840339894,
    "9": 3.3591937630758304,
    "10": 3.474116588173186,
    "11": 4.933433999262105,
    "12": 3.539435761419858,
    "13": 5.599387376701351,
    "16": 1.5370401082213228,
    "17": 4.051768521082513,
    "18": 3.34790509641409,
    "20": 2.803011199638253,
    "21": 4.529712791286933,
    "24": 2.7948850343459974,
    "29": 6.162204962714096,
    "30": 5.934917342049571
  },
  "chosen_bundle_idx_by_customer": [
    0,
    8,
    24,
    0,
    0,
    16,
    3,
    3,
    0,
    17,
    4,
    21,
    21,
    0,
    0,
    29,
    0,
    0,
    13,
    21,
    0,
    18,
    3,
    21,
    12,
    0,
    9,
    7,
    20,
    0,
    21,
    0,
    24,
    9,
    0,
    16,
    10,
    0,
    0,
    0,
    0,
    0,
    21,
    11,
    20,
    8,
    30,
    5,
    24,
    0
  ],
  "chosen_product_matrix": [
    [
      0,
      0,
      0,
      0,
      0
    ],
    [
      0,
      1,
      0,
      0,
      0
    ],
    [
      1,
      1,
      0,
      0,
      0
    ],
    [
      0,
      0,
      0,
      0,
      0
    ],
    [
      0,
      0,
      0,
      0,
      0
    ],
    [
      1,
      0,
      0,
      0,
      0
    ],
    [
      0,
      0,
      0,
      1,
      1
    ],
    [
      0,
      0,
      0,
      1,
      1
    ],
    [
      0,
      0,
      0,
      0,
      0
    ],
    [
      1,
      0,
      0,
      0,
      1
    ],
    [
      0,
      0,
      1,
      0,
      0
    ],
    [
      1,
      0,
      1,
      0,
      1
    ],
    [
      1,
      0,
      1,
      0,
      1
    ],
    [
      0,
      0,
      0,
      0,
      0
    ],
    [
      0,
      0,
      0,
      0,
      0
    ],
    [
      1,
      1,
      1,
      0,
      1
    ],
    [
      0,
      0,
      0,
      0,
      0
    ],
    [
      0,
      0,
      0,
      0,
      0
    ],
    [
      0,
      1,
      1,
      0,
      1
    ],
    [
      1,
      0,
      1,
      0,
      1
    ],
    [
      0,
      0,
      0,
      0,
      0
    ],
    [
      1,
      0,
      0,
      1,
      0
    ],
    [
      0,
      0,
      0,
      1,
      1
    ],
    [
      1,
      0,
      1,
      0,
      1
    ],
    [
      0,
      1,
      1,
      0,
      0
    ],
    [
      0,
      0,
      0,
      0,
      0
    ],
    [
      0,
      1,
      0,
      0,
      1
    ],
    [
      0,
      0,
      1,
      1,
      1
    ],
    [
      1,
      0,
      1,
      0,
      0
    ],
    [
      0,
      0,
      0,
      0,
      0
    ],
    [
      1,
      0,
      1,
      0,
      1
    ],
    [
      0,
      0,
      0,
      0,
      0
    ],
    [
      1,
      1,
      0,
      0,
      0
    ],
    [
      0,
      1,
      0,
      0,
      1
    ],
    [
      0,
      0,
      0,
      0,
      0
    ],
    [
      1,
      0,
      0,
      0,
      0
    ],
    [
      0,
      1,
      0,
      1,
      0
    ],
    [
      0,
      0,
      0,
      0,
      0
    ],
    [
      0,
      0,
      0,
      0,
      0
    ],
    [
      0,
      0,
      0,
      0,
      0
    ],
    [
      0,
      0,
      0,
      0,
      0
    ],
    [
      0,
      0,
      0,
      0,
      0
    ],
    [
      1,
      0,
      1,
      0,
      1
    ],
    [
      0,
      1,
      0,
      1,
      1
    ],
    [
      1,
      0,
      1,
      0,
      0
    ],
    [
      0,
      1,
      0,
      0,
      0
    ],
    [
      1,
      1,
      1,
      1,
      0
    ],
    [
      0,
      0,
      1,
      0,
      1
    ],
    [
      1,
      1,
      0,
      0,
      0
    ],
    [
      0,
      0,
      0,
      0,
      0
    ]
  ],
  "assortments": [
    [
      0,
      0,
      0,
      0,
      0
    ],
    [
      0,
      0,
      0,
      0,
      1
    ],
    [
      0,
      0,
      0,
      1,
      0
    ],
    [
      0,
      0,
      0,
      1,
      1
    ],
    [
      0,
      0,
      1,
      0,
      0
    ],
    [
      0,
      0,
      1,
      0,
      1
    ],
    [
      0,
      0,
      1,
      1,
      0
    ],
    [
      0,
      0,
      1,
      1,
      1
    ],
    [
      0,
      1,
      0,
      0,
      0
    ],
    [
      0,
      1,
      0,
      0,
      1
    ],
    [
      0,
      1,
      0,
      1,
      0
    ],
    [
      0,
      1,
      0,
      1,
      1
    ],
    [
      0,
      1,
      1,
      0,
      0
    ],
    [
      0,
      1,
      1,
      0,
      1
    ],
    [
      0,
      1,
      1,
      1,
      0
    ],
    [
      0,
      1,
      1,
      1,
      1
    ],
    [
      1,
      0,
      0,
      0,
      0
    ],
    [
      1,
      0,
      0,
      0,
      1
    ],
    [
      1,
      0,
      0,
      1,
      0
    ],
    [
      1,
      0,
      0,
      1,
      1
    ],
    [
      1,
      0,
      1,
      0,
      0
    ],
    [
      1,
      0,
      1,
      0,
      1
    ],
    [
      1,
      0,
      1,
      1,
      0
    ],
    [
      1,
      0,
      1,
      1,
      1
    ],
    [
      1,
      1,
      0,
      0,
      0
    ],
    [
      1,
      1,
      0,
      0,
      1
    ],
    [
      1,
      1,
      0,
      1,
      0
    ],
    [
      1,
      1,
      0,
      1,
      1
    ],
    [
      1,
      1,
      1,
      0,
      0
    ],
    [
      1,
      1,
      1,
      0,
      1
    ],
    [
      1,
      1,
      1,
      1,
      0
    ],
    [
      1,
      1,
      1,
      1,
      1
    ]
  ]
}

EXIT_CODE:0
