COMMAND:
/Applications/Xcode.app/Contents/Developer/usr/bin/python3 /Users/sensen/.openclaw/workspace/domains/revenue-management/project-root/code_submission_project/code_submission/src/data/solve_mb_bsp_on_cpbsd_v2.py --instance /Users/sensen/.openclaw/workspace/domains/revenue-management/experiments/mb_oos_drop_grid_n5_n10_t300/instances/n5/cpbsd_instance_001_N5_K50_exponential_rho0.0_none_hvlm.msgpack --method mb --time-limit 300.0 --mip-gap 0.01 --output-flag 0 --save-json /Users/sensen/.openclaw/workspace/domains/revenue-management/experiments/mb_oos_drop_grid_n5_n10_t300/results/n5/cpbsd_instance_001_N5_K50_exponential_rho0.0_none_hvlm__mb.json

/Users/sensen/.openclaw/workspace/domains/revenue-management/project-root/code_submission_project/code_submission/src/data/solve_mb_bsp_on_cpbsd_v2.py:293: RuntimeWarning: divide by zero encountered in matmul
  revenues = v_kn @ assortments.T
/Users/sensen/.openclaw/workspace/domains/revenue-management/project-root/code_submission_project/code_submission/src/data/solve_mb_bsp_on_cpbsd_v2.py:293: RuntimeWarning: overflow encountered in matmul
  revenues = v_kn @ assortments.T
/Users/sensen/.openclaw/workspace/domains/revenue-management/project-root/code_submission_project/code_submission/src/data/solve_mb_bsp_on_cpbsd_v2.py:293: RuntimeWarning: invalid value encountered in matmul
  revenues = v_kn @ assortments.T
Set parameter LicenseID to value 2784353
{
  "solver_status": 9,
  "feasible": true,
  "mb_formulation_version": 6,
  "runtime": 300.0523929595947,
  "wall_time": 300.0525140762329,
  "mip_gap": 0.01045201932482038,
  "objective": 1.5147235122526388,
  "revenue_in_sample": 1.5147235122526357,
  "model_num_vars": 6281,
  "model_num_binvars": 1550,
  "model_num_constrs": 10471,
  "bundle_space_size": 32,
  "subadditivity_mode": "full_partition",
  "policy_scope": "full_bundle_prices",
  "bundle_prices": {
    "4": 1.9321852247715166,
    "8": 3.585260538044027,
    "16": 2.414126208421333,
    "18": 3.6440472172389278,
    "19": 6.333026310333231,
    "20": 3.197076493333274,
    "21": 7.015524552633714,
    "22": 5.576232442010452,
    "23": 8.119431331083067,
    "24": 4.23850663852469,
    "26": 5.115375898121056,
    "28": 4.718448578485556,
    "29": 7.3881524195780734,
    "30": 6.3887629365117995
  },
  "bundle_prices_full": {
    "0": 0.0,
    "1": 9.33258078534789,
    "2": 4.088224155723445,
    "3": 12.349417543484593,
    "4": 1.9321852247715166,
    "5": 11.26476601011942,
    "6": 5.321121872306404,
    "7": 13.44825140382529,
    "8": 3.585260538044027,
    "9": 12.569235742199103,
    "10": 4.974859530759024,
    "11": 8.279300081968241,
    "12": 5.143350264968291,
    "13": 7.832329358062597,
    "14": 6.078224707917203,
    "15": 9.062250366880194,
    "16": 2.414126208421333,
    "17": 5.828774637862595,
    "18": 3.6440472172389278,
    "19": 6.333026310333231,
    "20": 3.197076493333274,
    "21": 7.015524552633714,
    "22": 5.576232442010452,
    "23": 8.119431331083067,
    "24": 4.23850663852469,
    "25": 6.155254702995121,
    "26": 5.115375898121056,
    "27": 9.544191350530014,
    "28": 4.718448578485556,
    "29": 7.3881524195780734,
    "30": 6.3887629365117995,
    "31": 11.47637657530153
  },
  "bundle_prices_selected": {
    "4": 1.9321852247715166,
    "8": 3.585260538044027,
    "16": 2.414126208421333,
    "18": 3.6440472172389278,
    "19": 6.333026310333231,
    "20": 3.197076493333274,
    "21": 7.015524552633714,
    "22": 5.576232442010452,
    "23": 8.119431331083067,
    "24": 4.23850663852469,
    "26": 5.115375898121056,
    "28": 4.718448578485556,
    "29": 7.3881524195780734,
    "30": 6.3887629365117995
  },
  "chosen_bundle_idx_by_customer": [
    0,
    0,
    0,
    30,
    4,
    4,
    0,
    0,
    26,
    16,
    22,
    0,
    4,
    16,
    0,
    0,
    24,
    28,
    0,
    0,
    30,
    0,
    26,
    0,
    26,
    20,
    28,
    16,
    19,
    23,
    18,
    0,
    0,
    0,
    4,
    0,
    8,
    0,
    0,
    0,
    29,
    0,
    20,
    18,
    0,
    0,
    18,
    20,
    21,
    0
  ],
  "chosen_product_matrix": [
    [
      0,
      0,
      0,
      0,
      0
    ],
    [
      0,
      0,
      0,
      0,
      0
    ],
    [
      0,
      0,
      0,
      0,
      0
    ],
    [
      1,
      1,
      1,
      1,
      0
    ],
    [
      0,
      0,
      1,
      0,
      0
    ],
    [
      0,
      0,
      1,
      0,
      0
    ],
    [
      0,
      0,
      0,
      0,
      0
    ],
    [
      0,
      0,
      0,
      0,
      0
    ],
    [
      1,
      1,
      0,
      1,
      0
    ],
    [
      1,
      0,
      0,
      0,
      0
    ],
    [
      1,
      0,
      1,
      1,
      0
    ],
    [
      0,
      0,
      0,
      0,
      0
    ],
    [
      0,
      0,
      1,
      0,
      0
    ],
    [
      1,
      0,
      0,
      0,
      0
    ],
    [
      0,
      0,
      0,
      0,
      0
    ],
    [
      0,
      0,
      0,
      0,
      0
    ],
    [
      1,
      1,
      0,
      0,
      0
    ],
    [
      1,
      1,
      1,
      0,
      0
    ],
    [
      0,
      0,
      0,
      0,
      0
    ],
    [
      0,
      0,
      0,
      0,
      0
    ],
    [
      1,
      1,
      1,
      1,
      0
    ],
    [
      0,
      0,
      0,
      0,
      0
    ],
    [
      1,
      1,
      0,
      1,
      0
    ],
    [
      0,
      0,
      0,
      0,
      0
    ],
    [
      1,
      1,
      0,
      1,
      0
    ],
    [
      1,
      0,
      1,
      0,
      0
    ],
    [
      1,
      1,
      1,
      0,
      0
    ],
    [
      1,
      0,
      0,
      0,
      0
    ],
    [
      1,
      0,
      0,
      1,
      1
    ],
    [
      1,
      0,
      1,
      1,
      1
    ],
    [
      1,
      0,
      0,
      1,
      0
    ],
    [
      0,
      0,
      0,
      0,
      0
    ],
    [
      0,
      0,
      0,
      0,
      0
    ],
    [
      0,
      0,
      0,
      0,
      0
    ],
    [
      0,
      0,
      1,
      0,
      0
    ],
    [
      0,
      0,
      0,
      0,
      0
    ],
    [
      0,
      1,
      0,
      0,
      0
    ],
    [
      0,
      0,
      0,
      0,
      0
    ],
    [
      0,
      0,
      0,
      0,
      0
    ],
    [
      0,
      0,
      0,
      0,
      0
    ],
    [
      1,
      1,
      1,
      0,
      1
    ],
    [
      0,
      0,
      0,
      0,
      0
    ],
    [
      1,
      0,
      1,
      0,
      0
    ],
    [
      1,
      0,
      0,
      1,
      0
    ],
    [
      0,
      0,
      0,
      0,
      0
    ],
    [
      0,
      0,
      0,
      0,
      0
    ],
    [
      1,
      0,
      0,
      1,
      0
    ],
    [
      1,
      0,
      1,
      0,
      0
    ],
    [
      1,
      0,
      1,
      0,
      1
    ],
    [
      0,
      0,
      0,
      0,
      0
    ]
  ],
  "assortments": [
    [
      0,
      0,
      0,
      0,
      0
    ],
    [
      0,
      0,
      0,
      0,
      1
    ],
    [
      0,
      0,
      0,
      1,
      0
    ],
    [
      0,
      0,
      0,
      1,
      1
    ],
    [
      0,
      0,
      1,
      0,
      0
    ],
    [
      0,
      0,
      1,
      0,
      1
    ],
    [
      0,
      0,
      1,
      1,
      0
    ],
    [
      0,
      0,
      1,
      1,
      1
    ],
    [
      0,
      1,
      0,
      0,
      0
    ],
    [
      0,
      1,
      0,
      0,
      1
    ],
    [
      0,
      1,
      0,
      1,
      0
    ],
    [
      0,
      1,
      0,
      1,
      1
    ],
    [
      0,
      1,
      1,
      0,
      0
    ],
    [
      0,
      1,
      1,
      0,
      1
    ],
    [
      0,
      1,
      1,
      1,
      0
    ],
    [
      0,
      1,
      1,
      1,
      1
    ],
    [
      1,
      0,
      0,
      0,
      0
    ],
    [
      1,
      0,
      0,
      0,
      1
    ],
    [
      1,
      0,
      0,
      1,
      0
    ],
    [
      1,
      0,
      0,
      1,
      1
    ],
    [
      1,
      0,
      1,
      0,
      0
    ],
    [
      1,
      0,
      1,
      0,
      1
    ],
    [
      1,
      0,
      1,
      1,
      0
    ],
    [
      1,
      0,
      1,
      1,
      1
    ],
    [
      1,
      1,
      0,
      0,
      0
    ],
    [
      1,
      1,
      0,
      0,
      1
    ],
    [
      1,
      1,
      0,
      1,
      0
    ],
    [
      1,
      1,
      0,
      1,
      1
    ],
    [
      1,
      1,
      1,
      0,
      0
    ],
    [
      1,
      1,
      1,
      0,
      1
    ],
    [
      1,
      1,
      1,
      1,
      0
    ],
    [
      1,
      1,
      1,
      1,
      1
    ]
  ]
}

EXIT_CODE:0
