COMMAND:
/Applications/Xcode.app/Contents/Developer/usr/bin/python3 /Users/sensen/.openclaw/workspace/domains/revenue-management/project-root/code_submission_project/code_submission/src/data/solve_mb_bsp_on_cpbsd_v2.py --instance /Users/sensen/.openclaw/workspace/domains/revenue-management/experiments/mb_oos_drop_grid_n5_n10_t300/instances/n5/cpbsd_instance_001_N5_K50_exponential_rho0.0_full_hvlm.msgpack --method mb --time-limit 300.0 --mip-gap 0.01 --output-flag 0 --save-json /Users/sensen/.openclaw/workspace/domains/revenue-management/experiments/mb_oos_drop_grid_n5_n10_t300/results/n5/cpbsd_instance_001_N5_K50_exponential_rho0.0_full_hvlm__mb.json

/Users/sensen/.openclaw/workspace/domains/revenue-management/project-root/code_submission_project/code_submission/src/data/solve_mb_bsp_on_cpbsd_v2.py:293: RuntimeWarning: divide by zero encountered in matmul
  revenues = v_kn @ assortments.T
/Users/sensen/.openclaw/workspace/domains/revenue-management/project-root/code_submission_project/code_submission/src/data/solve_mb_bsp_on_cpbsd_v2.py:293: RuntimeWarning: overflow encountered in matmul
  revenues = v_kn @ assortments.T
/Users/sensen/.openclaw/workspace/domains/revenue-management/project-root/code_submission_project/code_submission/src/data/solve_mb_bsp_on_cpbsd_v2.py:293: RuntimeWarning: invalid value encountered in matmul
  revenues = v_kn @ assortments.T
Set parameter LicenseID to value 2784353
{
  "solver_status": 2,
  "feasible": true,
  "mb_formulation_version": 6,
  "runtime": 138.5801351070404,
  "wall_time": 138.58021306991577,
  "mip_gap": 0.008972541442580315,
  "objective": 8.603077457428038,
  "revenue_in_sample": 8.603077457424071,
  "model_num_vars": 6281,
  "model_num_binvars": 1550,
  "model_num_constrs": 10471,
  "bundle_space_size": 32,
  "subadditivity_mode": "full_partition",
  "policy_scope": "full_bundle_prices",
  "bundle_prices": {
    "1": 25.307229444218933,
    "4": 12.961767984278254,
    "15": 62.986066914274986,
    "16": 1.640192752990446,
    "17": 26.94742219720938,
    "19": 51.56821949982938,
    "20": 14.448978917096952,
    "21": 33.77308149773215,
    "22": 49.98327643173396,
    "24": 6.925418894302652,
    "25": 32.17880575086883,
    "26": 41.01924821856194,
    "28": 19.117434745299043,
    "29": 43.57202983970993
  },
  "bundle_prices_full": {
    "0": 0.0,
    "1": 25.307229444218933,
    "2": 91.43321229216139,
    "3": 87.12996690414676,
    "4": 12.961767984278254,
    "5": 38.26899742849719,
    "6": 49.79317623317173,
    "7": 73.72388003398392,
    "8": 9.798948341977777,
    "9": 35.10617778619671,
    "10": 75.53026426151712,
    "11": 72.75899260551687,
    "12": 18.705188932414508,
    "13": 43.44948927155511,
    "14": 52.18410605079056,
    "15": 62.986066914274986,
    "16": 1.640192752990446,
    "17": 26.94742219720938,
    "18": 84.72273278403688,
    "19": 51.56821949982938,
    "20": 14.448978917096952,
    "21": 33.77308149773215,
    "22": 49.98327643173396,
    "23": 64.52998748410735,
    "24": 6.925418894302652,
    "25": 32.17880575086883,
    "26": 41.01924821856194,
    "27": 53.64620242917041,
    "28": 19.117434745299043,
    "29": 43.57202983970993,
    "30": 52.21673279533361,
    "31": 63.018693658818485
  },
  "bundle_prices_selected": {
    "1": 25.307229444218933,
    "4": 12.961767984278254,
    "15": 62.986066914274986,
    "16": 1.640192752990446,
    "17": 26.94742219720938,
    "19": 51.56821949982938,
    "20": 14.448978917096952,
    "21": 33.77308149773215,
    "22": 49.98327643173396,
    "24": 6.925418894302652,
    "25": 32.17880575086883,
    "26": 41.01924821856194,
    "28": 19.117434745299043,
    "29": 43.57202983970993
  },
  "chosen_bundle_idx_by_customer": [
    0,
    22,
    25,
    24,
    0,
    17,
    15,
    22,
    0,
    1,
    28,
    24,
    24,
    1,
    0,
    25,
    16,
    0,
    24,
    20,
    0,
    24,
    0,
    25,
    16,
    0,
    0,
    0,
    24,
    0,
    1,
    0,
    24,
    0,
    0,
    0,
    29,
    25,
    0,
    0,
    4,
    0,
    0,
    1,
    21,
    16,
    19,
    26,
    0,
    24
  ],
  "chosen_product_matrix": [
    [
      0,
      0,
      0,
      0,
      0
    ],
    [
      1,
      0,
      1,
      1,
      0
    ],
    [
      1,
      1,
      0,
      0,
      1
    ],
    [
      1,
      1,
      0,
      0,
      0
    ],
    [
      0,
      0,
      0,
      0,
      0
    ],
    [
      1,
      0,
      0,
      0,
      1
    ],
    [
      0,
      1,
      1,
      1,
      1
    ],
    [
      1,
      0,
      1,
      1,
      0
    ],
    [
      0,
      0,
      0,
      0,
      0
    ],
    [
      0,
      0,
      0,
      0,
      1
    ],
    [
      1,
      1,
      1,
      0,
      0
    ],
    [
      1,
      1,
      0,
      0,
      0
    ],
    [
      1,
      1,
      0,
      0,
      0
    ],
    [
      0,
      0,
      0,
      0,
      1
    ],
    [
      0,
      0,
      0,
      0,
      0
    ],
    [
      1,
      1,
      0,
      0,
      1
    ],
    [
      1,
      0,
      0,
      0,
      0
    ],
    [
      0,
      0,
      0,
      0,
      0
    ],
    [
      1,
      1,
      0,
      0,
      0
    ],
    [
      1,
      0,
      1,
      0,
      0
    ],
    [
      0,
      0,
      0,
      0,
      0
    ],
    [
      1,
      1,
      0,
      0,
      0
    ],
    [
      0,
      0,
      0,
      0,
      0
    ],
    [
      1,
      1,
      0,
      0,
      1
    ],
    [
      1,
      0,
      0,
      0,
      0
    ],
    [
      0,
      0,
      0,
      0,
      0
    ],
    [
      0,
      0,
      0,
      0,
      0
    ],
    [
      0,
      0,
      0,
      0,
      0
    ],
    [
      1,
      1,
      0,
      0,
      0
    ],
    [
      0,
      0,
      0,
      0,
      0
    ],
    [
      0,
      0,
      0,
      0,
      1
    ],
    [
      0,
      0,
      0,
      0,
      0
    ],
    [
      1,
      1,
      0,
      0,
      0
    ],
    [
      0,
      0,
      0,
      0,
      0
    ],
    [
      0,
      0,
      0,
      0,
      0
    ],
    [
      0,
      0,
      0,
      0,
      0
    ],
    [
      1,
      1,
      1,
      0,
      1
    ],
    [
      1,
      1,
      0,
      0,
      1
    ],
    [
      0,
      0,
      0,
      0,
      0
    ],
    [
      0,
      0,
      0,
      0,
      0
    ],
    [
      0,
      0,
      1,
      0,
      0
    ],
    [
      0,
      0,
      0,
      0,
      0
    ],
    [
      0,
      0,
      0,
      0,
      0
    ],
    [
      0,
      0,
      0,
      0,
      1
    ],
    [
      1,
      0,
      1,
      0,
      1
    ],
    [
      1,
      0,
      0,
      0,
      0
    ],
    [
      1,
      0,
      0,
      1,
      1
    ],
    [
      1,
      1,
      0,
      1,
      0
    ],
    [
      0,
      0,
      0,
      0,
      0
    ],
    [
      1,
      1,
      0,
      0,
      0
    ]
  ],
  "assortments": [
    [
      0,
      0,
      0,
      0,
      0
    ],
    [
      0,
      0,
      0,
      0,
      1
    ],
    [
      0,
      0,
      0,
      1,
      0
    ],
    [
      0,
      0,
      0,
      1,
      1
    ],
    [
      0,
      0,
      1,
      0,
      0
    ],
    [
      0,
      0,
      1,
      0,
      1
    ],
    [
      0,
      0,
      1,
      1,
      0
    ],
    [
      0,
      0,
      1,
      1,
      1
    ],
    [
      0,
      1,
      0,
      0,
      0
    ],
    [
      0,
      1,
      0,
      0,
      1
    ],
    [
      0,
      1,
      0,
      1,
      0
    ],
    [
      0,
      1,
      0,
      1,
      1
    ],
    [
      0,
      1,
      1,
      0,
      0
    ],
    [
      0,
      1,
      1,
      0,
      1
    ],
    [
      0,
      1,
      1,
      1,
      0
    ],
    [
      0,
      1,
      1,
      1,
      1
    ],
    [
      1,
      0,
      0,
      0,
      0
    ],
    [
      1,
      0,
      0,
      0,
      1
    ],
    [
      1,
      0,
      0,
      1,
      0
    ],
    [
      1,
      0,
      0,
      1,
      1
    ],
    [
      1,
      0,
      1,
      0,
      0
    ],
    [
      1,
      0,
      1,
      0,
      1
    ],
    [
      1,
      0,
      1,
      1,
      0
    ],
    [
      1,
      0,
      1,
      1,
      1
    ],
    [
      1,
      1,
      0,
      0,
      0
    ],
    [
      1,
      1,
      0,
      0,
      1
    ],
    [
      1,
      1,
      0,
      1,
      0
    ],
    [
      1,
      1,
      0,
      1,
      1
    ],
    [
      1,
      1,
      1,
      0,
      0
    ],
    [
      1,
      1,
      1,
      0,
      1
    ],
    [
      1,
      1,
      1,
      1,
      0
    ],
    [
      1,
      1,
      1,
      1,
      1
    ]
  ]
}

EXIT_CODE:0
