COMMAND:
/Applications/Xcode.app/Contents/Developer/usr/bin/python3 /Users/sensen/.openclaw/workspace/domains/revenue-management/project-root/code_submission_project/code_submission/src/data/solve_mb_bsp_on_cpbsd_v2.py --instance /Users/sensen/.openclaw/workspace/domains/revenue-management/experiments/mb_oos_drop_grid_n5_n10_t300/instances/n5/cpbsd_instance_001_N5_K50_normal_rho-0.5_none_hvhm.msgpack --method mb --time-limit 300.0 --mip-gap 0.01 --output-flag 0 --save-json /Users/sensen/.openclaw/workspace/domains/revenue-management/experiments/mb_oos_drop_grid_n5_n10_t300/results/n5/cpbsd_instance_001_N5_K50_normal_rho-0.5_none_hvhm__mb.json

/Users/sensen/.openclaw/workspace/domains/revenue-management/project-root/code_submission_project/code_submission/src/data/solve_mb_bsp_on_cpbsd_v2.py:302: RuntimeWarning: divide by zero encountered in matmul
  revenues = v_kn @ assortments.T
/Users/sensen/.openclaw/workspace/domains/revenue-management/project-root/code_submission_project/code_submission/src/data/solve_mb_bsp_on_cpbsd_v2.py:302: RuntimeWarning: overflow encountered in matmul
  revenues = v_kn @ assortments.T
/Users/sensen/.openclaw/workspace/domains/revenue-management/project-root/code_submission_project/code_submission/src/data/solve_mb_bsp_on_cpbsd_v2.py:302: RuntimeWarning: invalid value encountered in matmul
  revenues = v_kn @ assortments.T
Set parameter LicenseID to value 2784353
{
  "solver_status": 2,
  "feasible": true,
  "mb_formulation_version": 6,
  "runtime": 8.64713978767395,
  "wall_time": 8.647191047668457,
  "mip_gap": 0.009998228362212805,
  "objective": 1.2854736636657644,
  "revenue_in_sample": 1.2854736636657995,
  "model_num_vars": 6281,
  "model_num_binvars": 1550,
  "model_num_constrs": 10471,
  "bundle_space_size": 32,
  "subadditivity_mode": "full_partition",
  "policy_scope": "full_bundle_prices",
  "bundle_prices": {
    "3": 2.6442307369573177,
    "5": 2.9796206374913807,
    "10": 2.8254478161463163,
    "11": 3.5960211755926377,
    "13": 3.8161450066421576,
    "14": 3.702635687666429,
    "15": 4.829401294660665,
    "17": 3.35202150523739,
    "18": 3.355854141670412,
    "20": 3.3554142887998877,
    "21": 4.669419062568455,
    "23": 5.721987830707226,
    "25": 4.682619159303228,
    "26": 3.725435943480635,
    "27": 5.1462347588221276,
    "28": 3.613829603644817,
    "29": 5.436741264814992,
    "30": 4.617217059304258,
    "31": 5.906937702702232
  },
  "bundle_prices_full": {
    "0": 0.0,
    "1": 1.8279642023606717,
    "2": 6.637559181139663,
    "3": 2.6442307369573177,
    "4": 6.637559181139663,
    "5": 2.9796206374913807,
    "6": 2.996245689399167,
    "7": 4.08062064484148,
    "8": 3.873941051356906,
    "9": 3.0310076452979433,
    "10": 2.8254478161463163,
    "11": 3.5960211755926377,
    "12": 4.380031042183926,
    "13": 3.8161450066421576,
    "14": 3.702635687666429,
    "15": 4.829401294660665,
    "16": 6.637559181139659,
    "17": 3.35202150523739,
    "18": 3.355854141670412,
    "19": 4.25249095399907,
    "20": 3.3554142887998877,
    "21": 4.669419062568455,
    "22": 6.637559181139659,
    "23": 5.721987830707226,
    "24": 3.0157378488314954,
    "25": 4.682619159303228,
    "26": 3.725435943480635,
    "27": 5.1462347588221276,
    "28": 3.613829603644817,
    "29": 5.436741264814992,
    "30": 4.617217059304258,
    "31": 5.906937702702232
  },
  "bundle_prices_selected": {
    "3": 2.6442307369573177,
    "5": 2.9796206374913807,
    "10": 2.8254478161463163,
    "11": 3.5960211755926377,
    "13": 3.8161450066421576,
    "14": 3.702635687666429,
    "15": 4.829401294660665,
    "17": 3.35202150523739,
    "18": 3.355854141670412,
    "20": 3.3554142887998877,
    "21": 4.669419062568455,
    "23": 5.721987830707226,
    "25": 4.682619159303228,
    "26": 3.725435943480635,
    "27": 5.1462347588221276,
    "28": 3.613829603644817,
    "29": 5.436741264814992,
    "30": 4.617217059304258,
    "31": 5.906937702702232
  },
  "chosen_bundle_idx_by_customer": [
    26,
    11,
    11,
    31,
    25,
    31,
    0,
    13,
    14,
    28,
    14,
    20,
    10,
    23,
    27,
    5,
    5,
    18,
    15,
    0,
    21,
    11,
    11,
    28,
    29,
    11,
    3,
    26,
    27,
    13,
    0,
    0,
    30,
    13,
    10,
    13,
    14,
    10,
    10,
    13,
    17,
    30,
    15,
    0,
    0,
    0,
    14,
    28,
    28,
    30
  ],
  "chosen_product_matrix": [
    [
      1,
      1,
      0,
      1,
      0
    ],
    [
      0,
      1,
      0,
      1,
      1
    ],
    [
      0,
      1,
      0,
      1,
      1
    ],
    [
      1,
      1,
      1,
      1,
      1
    ],
    [
      1,
      1,
      0,
      0,
      1
    ],
    [
      1,
      1,
      1,
      1,
      1
    ],
    [
      0,
      0,
      0,
      0,
      0
    ],
    [
      0,
      1,
      1,
      0,
      1
    ],
    [
      0,
      1,
      1,
      1,
      0
    ],
    [
      1,
      1,
      1,
      0,
      0
    ],
    [
      0,
      1,
      1,
      1,
      0
    ],
    [
      1,
      0,
      1,
      0,
      0
    ],
    [
      0,
      1,
      0,
      1,
      0
    ],
    [
      1,
      0,
      1,
      1,
      1
    ],
    [
      1,
      1,
      0,
      1,
      1
    ],
    [
      0,
      0,
      1,
      0,
      1
    ],
    [
      0,
      0,
      1,
      0,
      1
    ],
    [
      1,
      0,
      0,
      1,
      0
    ],
    [
      0,
      1,
      1,
      1,
      1
    ],
    [
      0,
      0,
      0,
      0,
      0
    ],
    [
      1,
      0,
      1,
      0,
      1
    ],
    [
      0,
      1,
      0,
      1,
      1
    ],
    [
      0,
      1,
      0,
      1,
      1
    ],
    [
      1,
      1,
      1,
      0,
      0
    ],
    [
      1,
      1,
      1,
      0,
      1
    ],
    [
      0,
      1,
      0,
      1,
      1
    ],
    [
      0,
      0,
      0,
      1,
      1
    ],
    [
      1,
      1,
      0,
      1,
      0
    ],
    [
      1,
      1,
      0,
      1,
      1
    ],
    [
      0,
      1,
      1,
      0,
      1
    ],
    [
      0,
      0,
      0,
      0,
      0
    ],
    [
      0,
      0,
      0,
      0,
      0
    ],
    [
      1,
      1,
      1,
      1,
      0
    ],
    [
      0,
      1,
      1,
      0,
      1
    ],
    [
      0,
      1,
      0,
      1,
      0
    ],
    [
      0,
      1,
      1,
      0,
      1
    ],
    [
      0,
      1,
      1,
      1,
      0
    ],
    [
      0,
      1,
      0,
      1,
      0
    ],
    [
      0,
      1,
      0,
      1,
      0
    ],
    [
      0,
      1,
      1,
      0,
      1
    ],
    [
      1,
      0,
      0,
      0,
      1
    ],
    [
      1,
      1,
      1,
      1,
      0
    ],
    [
      0,
      1,
      1,
      1,
      1
    ],
    [
      0,
      0,
      0,
      0,
      0
    ],
    [
      0,
      0,
      0,
      0,
      0
    ],
    [
      0,
      0,
      0,
      0,
      0
    ],
    [
      0,
      1,
      1,
      1,
      0
    ],
    [
      1,
      1,
      1,
      0,
      0
    ],
    [
      1,
      1,
      1,
      0,
      0
    ],
    [
      1,
      1,
      1,
      1,
      0
    ]
  ],
  "assortments": [
    [
      0,
      0,
      0,
      0,
      0
    ],
    [
      0,
      0,
      0,
      0,
      1
    ],
    [
      0,
      0,
      0,
      1,
      0
    ],
    [
      0,
      0,
      0,
      1,
      1
    ],
    [
      0,
      0,
      1,
      0,
      0
    ],
    [
      0,
      0,
      1,
      0,
      1
    ],
    [
      0,
      0,
      1,
      1,
      0
    ],
    [
      0,
      0,
      1,
      1,
      1
    ],
    [
      0,
      1,
      0,
      0,
      0
    ],
    [
      0,
      1,
      0,
      0,
      1
    ],
    [
      0,
      1,
      0,
      1,
      0
    ],
    [
      0,
      1,
      0,
      1,
      1
    ],
    [
      0,
      1,
      1,
      0,
      0
    ],
    [
      0,
      1,
      1,
      0,
      1
    ],
    [
      0,
      1,
      1,
      1,
      0
    ],
    [
      0,
      1,
      1,
      1,
      1
    ],
    [
      1,
      0,
      0,
      0,
      0
    ],
    [
      1,
      0,
      0,
      0,
      1
    ],
    [
      1,
      0,
      0,
      1,
      0
    ],
    [
      1,
      0,
      0,
      1,
      1
    ],
    [
      1,
      0,
      1,
      0,
      0
    ],
    [
      1,
      0,
      1,
      0,
      1
    ],
    [
      1,
      0,
      1,
      1,
      0
    ],
    [
      1,
      0,
      1,
      1,
      1
    ],
    [
      1,
      1,
      0,
      0,
      0
    ],
    [
      1,
      1,
      0,
      0,
      1
    ],
    [
      1,
      1,
      0,
      1,
      0
    ],
    [
      1,
      1,
      0,
      1,
      1
    ],
    [
      1,
      1,
      1,
      0,
      0
    ],
    [
      1,
      1,
      1,
      0,
      1
    ],
    [
      1,
      1,
      1,
      1,
      0
    ],
    [
      1,
      1,
      1,
      1,
      1
    ]
  ]
}

EXIT_CODE:0
