COMMAND:
/Applications/Xcode.app/Contents/Developer/usr/bin/python3 /Users/sensen/.openclaw/workspace/domains/revenue-management/project-root/code_submission_project/code_submission/src/data/solve_mb_bsp_on_cpbsd_v2.py --instance /Users/sensen/.openclaw/workspace/domains/revenue-management/experiments/mb_oos_drop_grid_n5_n10_t300/instances/n5/cpbsd_instance_001_N5_K50_normal_rho0.0_none_hvhm.msgpack --method mb --time-limit 300.0 --mip-gap 0.01 --output-flag 0 --save-json /Users/sensen/.openclaw/workspace/domains/revenue-management/experiments/mb_oos_drop_grid_n5_n10_t300/results/n5/cpbsd_instance_001_N5_K50_normal_rho0.0_none_hvhm__mb.json

/Users/sensen/.openclaw/workspace/domains/revenue-management/project-root/code_submission_project/code_submission/src/data/solve_mb_bsp_on_cpbsd_v2.py:302: RuntimeWarning: divide by zero encountered in matmul
  revenues = v_kn @ assortments.T
/Users/sensen/.openclaw/workspace/domains/revenue-management/project-root/code_submission_project/code_submission/src/data/solve_mb_bsp_on_cpbsd_v2.py:302: RuntimeWarning: overflow encountered in matmul
  revenues = v_kn @ assortments.T
/Users/sensen/.openclaw/workspace/domains/revenue-management/project-root/code_submission_project/code_submission/src/data/solve_mb_bsp_on_cpbsd_v2.py:302: RuntimeWarning: invalid value encountered in matmul
  revenues = v_kn @ assortments.T
Set parameter LicenseID to value 2784353
{
  "solver_status": 2,
  "feasible": true,
  "mb_formulation_version": 6,
  "runtime": 181.43951416015625,
  "wall_time": 181.43957209587097,
  "mip_gap": 0.00939559814147129,
  "objective": 1.0577670072483272,
  "revenue_in_sample": 1.057767007248327,
  "model_num_vars": 6281,
  "model_num_binvars": 1550,
  "model_num_constrs": 10471,
  "bundle_space_size": 32,
  "subadditivity_mode": "full_partition",
  "policy_scope": "full_bundle_prices",
  "bundle_prices": {
    "1": 1.5051372992705023,
    "2": 1.8540980638622382,
    "6": 3.199592517297105,
    "7": 3.887685595016994,
    "8": 1.8289839424521563,
    "9": 2.8088496451848344,
    "10": 2.9531551974346537,
    "11": 3.604011923657418,
    "12": 2.6238636368603876,
    "13": 3.433556994213883,
    "14": 4.108356141543345,
    "16": 1.5419186089737675,
    "17": 2.350344838318806,
    "19": 3.6941136351354817,
    "20": 2.998308534319321,
    "22": 4.209623648433744,
    "23": 4.810263606986036,
    "25": 3.9333375611694708,
    "26": 3.6688645219767153,
    "27": 4.566839723910359,
    "28": 3.8547837355746015,
    "29": 4.676205376538972,
    "30": 5.156710060356759,
    "31": 6.2901687606461
  },
  "bundle_prices_full": {
    "0": 0.0,
    "1": 1.5051372992705023,
    "2": 1.8540980638622382,
    "3": 2.802771434638991,
    "4": 7.985917944719212,
    "5": 6.637156907558983,
    "6": 3.199592517297105,
    "7": 3.887685595016994,
    "8": 1.8289839424521563,
    "9": 2.8088496451848344,
    "10": 2.9531551974346537,
    "11": 3.604011923657418,
    "12": 2.6238636368603876,
    "13": 3.433556994213883,
    "14": 4.108356141543345,
    "15": 4.786536832399072,
    "16": 1.5419186089737675,
    "17": 2.350344838318806,
    "18": 2.8959870120438342,
    "19": 3.6941136351354817,
    "20": 2.998308534319321,
    "21": 3.905877101558768,
    "22": 4.209623648433744,
    "23": 4.810263606986036,
    "24": 3.3709025514259245,
    "25": 3.9333375611694708,
    "26": 3.6688645219767153,
    "27": 4.566839723910359,
    "28": 3.8547837355746015,
    "29": 4.676205376538972,
    "30": 5.156710060356759,
    "31": 6.2901687606461
  },
  "bundle_prices_selected": {
    "1": 1.5051372992705023,
    "2": 1.8540980638622382,
    "6": 3.199592517297105,
    "7": 3.887685595016994,
    "8": 1.8289839424521563,
    "9": 2.8088496451848344,
    "10": 2.9531551974346537,
    "11": 3.604011923657418,
    "12": 2.6238636368603876,
    "13": 3.433556994213883,
    "14": 4.108356141543345,
    "16": 1.5419186089737675,
    "17": 2.350344838318806,
    "19": 3.6941136351354817,
    "20": 2.998308534319321,
    "22": 4.209623648433744,
    "23": 4.810263606986036,
    "25": 3.9333375611694708,
    "26": 3.6688645219767153,
    "27": 4.566839723910359,
    "28": 3.8547837355746015,
    "29": 4.676205376538972,
    "30": 5.156710060356759,
    "31": 6.2901687606461
  },
  "chosen_bundle_idx_by_customer": [
    13,
    10,
    0,
    8,
    28,
    0,
    13,
    0,
    1,
    20,
    12,
    0,
    27,
    17,
    11,
    30,
    0,
    13,
    30,
    29,
    0,
    13,
    0,
    12,
    29,
    1,
    31,
    26,
    13,
    6,
    23,
    9,
    26,
    28,
    27,
    28,
    14,
    22,
    26,
    0,
    16,
    0,
    13,
    7,
    16,
    2,
    13,
    23,
    25,
    19
  ],
  "chosen_product_matrix": [
    [
      0,
      1,
      1,
      0,
      1
    ],
    [
      0,
      1,
      0,
      1,
      0
    ],
    [
      0,
      0,
      0,
      0,
      0
    ],
    [
      0,
      1,
      0,
      0,
      0
    ],
    [
      1,
      1,
      1,
      0,
      0
    ],
    [
      0,
      0,
      0,
      0,
      0
    ],
    [
      0,
      1,
      1,
      0,
      1
    ],
    [
      0,
      0,
      0,
      0,
      0
    ],
    [
      0,
      0,
      0,
      0,
      1
    ],
    [
      1,
      0,
      1,
      0,
      0
    ],
    [
      0,
      1,
      1,
      0,
      0
    ],
    [
      0,
      0,
      0,
      0,
      0
    ],
    [
      1,
      1,
      0,
      1,
      1
    ],
    [
      1,
      0,
      0,
      0,
      1
    ],
    [
      0,
      1,
      0,
      1,
      1
    ],
    [
      1,
      1,
      1,
      1,
      0
    ],
    [
      0,
      0,
      0,
      0,
      0
    ],
    [
      0,
      1,
      1,
      0,
      1
    ],
    [
      1,
      1,
      1,
      1,
      0
    ],
    [
      1,
      1,
      1,
      0,
      1
    ],
    [
      0,
      0,
      0,
      0,
      0
    ],
    [
      0,
      1,
      1,
      0,
      1
    ],
    [
      0,
      0,
      0,
      0,
      0
    ],
    [
      0,
      1,
      1,
      0,
      0
    ],
    [
      1,
      1,
      1,
      0,
      1
    ],
    [
      0,
      0,
      0,
      0,
      1
    ],
    [
      1,
      1,
      1,
      1,
      1
    ],
    [
      1,
      1,
      0,
      1,
      0
    ],
    [
      0,
      1,
      1,
      0,
      1
    ],
    [
      0,
      0,
      1,
      1,
      0
    ],
    [
      1,
      0,
      1,
      1,
      1
    ],
    [
      0,
      1,
      0,
      0,
      1
    ],
    [
      1,
      1,
      0,
      1,
      0
    ],
    [
      1,
      1,
      1,
      0,
      0
    ],
    [
      1,
      1,
      0,
      1,
      1
    ],
    [
      1,
      1,
      1,
      0,
      0
    ],
    [
      0,
      1,
      1,
      1,
      0
    ],
    [
      1,
      0,
      1,
      1,
      0
    ],
    [
      1,
      1,
      0,
      1,
      0
    ],
    [
      0,
      0,
      0,
      0,
      0
    ],
    [
      1,
      0,
      0,
      0,
      0
    ],
    [
      0,
      0,
      0,
      0,
      0
    ],
    [
      0,
      1,
      1,
      0,
      1
    ],
    [
      0,
      0,
      1,
      1,
      1
    ],
    [
      1,
      0,
      0,
      0,
      0
    ],
    [
      0,
      0,
      0,
      1,
      0
    ],
    [
      0,
      1,
      1,
      0,
      1
    ],
    [
      1,
      0,
      1,
      1,
      1
    ],
    [
      1,
      1,
      0,
      0,
      1
    ],
    [
      1,
      0,
      0,
      1,
      1
    ]
  ],
  "assortments": [
    [
      0,
      0,
      0,
      0,
      0
    ],
    [
      0,
      0,
      0,
      0,
      1
    ],
    [
      0,
      0,
      0,
      1,
      0
    ],
    [
      0,
      0,
      0,
      1,
      1
    ],
    [
      0,
      0,
      1,
      0,
      0
    ],
    [
      0,
      0,
      1,
      0,
      1
    ],
    [
      0,
      0,
      1,
      1,
      0
    ],
    [
      0,
      0,
      1,
      1,
      1
    ],
    [
      0,
      1,
      0,
      0,
      0
    ],
    [
      0,
      1,
      0,
      0,
      1
    ],
    [
      0,
      1,
      0,
      1,
      0
    ],
    [
      0,
      1,
      0,
      1,
      1
    ],
    [
      0,
      1,
      1,
      0,
      0
    ],
    [
      0,
      1,
      1,
      0,
      1
    ],
    [
      0,
      1,
      1,
      1,
      0
    ],
    [
      0,
      1,
      1,
      1,
      1
    ],
    [
      1,
      0,
      0,
      0,
      0
    ],
    [
      1,
      0,
      0,
      0,
      1
    ],
    [
      1,
      0,
      0,
      1,
      0
    ],
    [
      1,
      0,
      0,
      1,
      1
    ],
    [
      1,
      0,
      1,
      0,
      0
    ],
    [
      1,
      0,
      1,
      0,
      1
    ],
    [
      1,
      0,
      1,
      1,
      0
    ],
    [
      1,
      0,
      1,
      1,
      1
    ],
    [
      1,
      1,
      0,
      0,
      0
    ],
    [
      1,
      1,
      0,
      0,
      1
    ],
    [
      1,
      1,
      0,
      1,
      0
    ],
    [
      1,
      1,
      0,
      1,
      1
    ],
    [
      1,
      1,
      1,
      0,
      0
    ],
    [
      1,
      1,
      1,
      0,
      1
    ],
    [
      1,
      1,
      1,
      1,
      0
    ],
    [
      1,
      1,
      1,
      1,
      1
    ]
  ]
}

EXIT_CODE:0
