COMMAND:
/Applications/Xcode.app/Contents/Developer/usr/bin/python3 /Users/sensen/.openclaw/workspace/domains/revenue-management/project-root/code_submission_project/code_submission/src/data/solve_mb_bsp_on_cpbsd_v2.py --instance /Users/sensen/.openclaw/workspace/domains/revenue-management/experiments/mb_oos_drop_grid_n5_n10_t300/instances/n5/cpbsd_instance_001_N5_K50_uniform_rho-0.5_none_hvhm.msgpack --method mb --time-limit 300.0 --mip-gap 0.01 --output-flag 0 --save-json /Users/sensen/.openclaw/workspace/domains/revenue-management/experiments/mb_oos_drop_grid_n5_n10_t300/results/n5/cpbsd_instance_001_N5_K50_uniform_rho-0.5_none_hvhm__mb.json

/Users/sensen/.openclaw/workspace/domains/revenue-management/project-root/code_submission_project/code_submission/src/data/solve_mb_bsp_on_cpbsd_v2.py:302: RuntimeWarning: divide by zero encountered in matmul
  revenues = v_kn @ assortments.T
/Users/sensen/.openclaw/workspace/domains/revenue-management/project-root/code_submission_project/code_submission/src/data/solve_mb_bsp_on_cpbsd_v2.py:302: RuntimeWarning: overflow encountered in matmul
  revenues = v_kn @ assortments.T
/Users/sensen/.openclaw/workspace/domains/revenue-management/project-root/code_submission_project/code_submission/src/data/solve_mb_bsp_on_cpbsd_v2.py:302: RuntimeWarning: invalid value encountered in matmul
  revenues = v_kn @ assortments.T
Set parameter LicenseID to value 2784353
{
  "solver_status": 2,
  "feasible": true,
  "mb_formulation_version": 6,
  "runtime": 34.067221879959106,
  "wall_time": 34.06727910041809,
  "mip_gap": 0.009977561523089781,
  "objective": 1.4824854605499351,
  "revenue_in_sample": 1.4824854605499433,
  "model_num_vars": 6281,
  "model_num_binvars": 1550,
  "model_num_constrs": 10471,
  "bundle_space_size": 32,
  "subadditivity_mode": "full_partition",
  "policy_scope": "full_bundle_prices",
  "bundle_prices": {
    "1": 1.9073625666910026,
    "4": 1.6717914244649936,
    "5": 3.1450985651175847,
    "6": 3.2594635436781263,
    "8": 1.4712735436978637,
    "9": 2.7922437521040653,
    "10": 3.2271342212627774,
    "11": 4.020691968726703,
    "13": 4.464035176569059,
    "15": 5.529151055417874,
    "17": 3.719908984737825,
    "19": 4.2232458860170485,
    "20": 2.9102228206152656,
    "21": 4.623481306945129,
    "23": 5.445101717329172,
    "26": 4.965118025860702,
    "28": 4.175865553283372,
    "29": 5.579982979545269,
    "30": 5.254137616078687,
    "31": 6.476005608046521
  },
  "bundle_prices_full": {
    "0": 0.0,
    "1": 1.9073625666910026,
    "2": 7.251600409112199,
    "3": 7.2516004091122,
    "4": 1.6717914244649936,
    "5": 3.1450985651175847,
    "6": 3.2594635436781263,
    "7": 4.781928795356007,
    "8": 1.4712735436978637,
    "9": 2.7922437521040653,
    "10": 3.2271342212627774,
    "11": 4.020691968726703,
    "12": 3.1430649681628573,
    "13": 4.464035176569059,
    "14": 4.73073708737599,
    "15": 5.529151055417874,
    "16": 1.8125464180468223,
    "17": 3.719908984737825,
    "18": 3.4938444821628387,
    "19": 4.2232458860170485,
    "20": 2.9102228206152656,
    "21": 4.623481306945129,
    "22": 4.38859729982825,
    "23": 5.445101717329172,
    "24": 3.283819961744686,
    "25": 4.300578078167144,
    "26": 4.965118025860702,
    "27": 5.489365083260649,
    "28": 4.175865553283372,
    "29": 5.579982979545269,
    "30": 5.254137616078687,
    "31": 6.476005608046521
  },
  "bundle_prices_selected": {
    "1": 1.9073625666910026,
    "4": 1.6717914244649936,
    "5": 3.1450985651175847,
    "6": 3.2594635436781263,
    "8": 1.4712735436978637,
    "9": 2.7922437521040653,
    "10": 3.2271342212627774,
    "11": 4.020691968726703,
    "13": 4.464035176569059,
    "15": 5.529151055417874,
    "17": 3.719908984737825,
    "19": 4.2232458860170485,
    "20": 2.9102228206152656,
    "21": 4.623481306945129,
    "23": 5.445101717329172,
    "26": 4.965118025860702,
    "28": 4.175865553283372,
    "29": 5.579982979545269,
    "30": 5.254137616078687,
    "31": 6.476005608046521
  },
  "chosen_bundle_idx_by_customer": [
    20,
    20,
    17,
    29,
    0,
    26,
    9,
    30,
    5,
    20,
    19,
    29,
    4,
    31,
    31,
    6,
    30,
    21,
    21,
    19,
    9,
    8,
    28,
    23,
    0,
    8,
    9,
    26,
    20,
    0,
    0,
    23,
    11,
    15,
    0,
    1,
    0,
    13,
    0,
    8,
    20,
    10,
    21,
    29,
    6,
    0,
    5,
    23,
    11,
    30
  ],
  "chosen_product_matrix": [
    [
      1,
      0,
      1,
      0,
      0
    ],
    [
      1,
      0,
      1,
      0,
      0
    ],
    [
      1,
      0,
      0,
      0,
      1
    ],
    [
      1,
      1,
      1,
      0,
      1
    ],
    [
      0,
      0,
      0,
      0,
      0
    ],
    [
      1,
      1,
      0,
      1,
      0
    ],
    [
      0,
      1,
      0,
      0,
      1
    ],
    [
      1,
      1,
      1,
      1,
      0
    ],
    [
      0,
      0,
      1,
      0,
      1
    ],
    [
      1,
      0,
      1,
      0,
      0
    ],
    [
      1,
      0,
      0,
      1,
      1
    ],
    [
      1,
      1,
      1,
      0,
      1
    ],
    [
      0,
      0,
      1,
      0,
      0
    ],
    [
      1,
      1,
      1,
      1,
      1
    ],
    [
      1,
      1,
      1,
      1,
      1
    ],
    [
      0,
      0,
      1,
      1,
      0
    ],
    [
      1,
      1,
      1,
      1,
      0
    ],
    [
      1,
      0,
      1,
      0,
      1
    ],
    [
      1,
      0,
      1,
      0,
      1
    ],
    [
      1,
      0,
      0,
      1,
      1
    ],
    [
      0,
      1,
      0,
      0,
      1
    ],
    [
      0,
      1,
      0,
      0,
      0
    ],
    [
      1,
      1,
      1,
      0,
      0
    ],
    [
      1,
      0,
      1,
      1,
      1
    ],
    [
      0,
      0,
      0,
      0,
      0
    ],
    [
      0,
      1,
      0,
      0,
      0
    ],
    [
      0,
      1,
      0,
      0,
      1
    ],
    [
      1,
      1,
      0,
      1,
      0
    ],
    [
      1,
      0,
      1,
      0,
      0
    ],
    [
      0,
      0,
      0,
      0,
      0
    ],
    [
      0,
      0,
      0,
      0,
      0
    ],
    [
      1,
      0,
      1,
      1,
      1
    ],
    [
      0,
      1,
      0,
      1,
      1
    ],
    [
      0,
      1,
      1,
      1,
      1
    ],
    [
      0,
      0,
      0,
      0,
      0
    ],
    [
      0,
      0,
      0,
      0,
      1
    ],
    [
      0,
      0,
      0,
      0,
      0
    ],
    [
      0,
      1,
      1,
      0,
      1
    ],
    [
      0,
      0,
      0,
      0,
      0
    ],
    [
      0,
      1,
      0,
      0,
      0
    ],
    [
      1,
      0,
      1,
      0,
      0
    ],
    [
      0,
      1,
      0,
      1,
      0
    ],
    [
      1,
      0,
      1,
      0,
      1
    ],
    [
      1,
      1,
      1,
      0,
      1
    ],
    [
      0,
      0,
      1,
      1,
      0
    ],
    [
      0,
      0,
      0,
      0,
      0
    ],
    [
      0,
      0,
      1,
      0,
      1
    ],
    [
      1,
      0,
      1,
      1,
      1
    ],
    [
      0,
      1,
      0,
      1,
      1
    ],
    [
      1,
      1,
      1,
      1,
      0
    ]
  ],
  "assortments": [
    [
      0,
      0,
      0,
      0,
      0
    ],
    [
      0,
      0,
      0,
      0,
      1
    ],
    [
      0,
      0,
      0,
      1,
      0
    ],
    [
      0,
      0,
      0,
      1,
      1
    ],
    [
      0,
      0,
      1,
      0,
      0
    ],
    [
      0,
      0,
      1,
      0,
      1
    ],
    [
      0,
      0,
      1,
      1,
      0
    ],
    [
      0,
      0,
      1,
      1,
      1
    ],
    [
      0,
      1,
      0,
      0,
      0
    ],
    [
      0,
      1,
      0,
      0,
      1
    ],
    [
      0,
      1,
      0,
      1,
      0
    ],
    [
      0,
      1,
      0,
      1,
      1
    ],
    [
      0,
      1,
      1,
      0,
      0
    ],
    [
      0,
      1,
      1,
      0,
      1
    ],
    [
      0,
      1,
      1,
      1,
      0
    ],
    [
      0,
      1,
      1,
      1,
      1
    ],
    [
      1,
      0,
      0,
      0,
      0
    ],
    [
      1,
      0,
      0,
      0,
      1
    ],
    [
      1,
      0,
      0,
      1,
      0
    ],
    [
      1,
      0,
      0,
      1,
      1
    ],
    [
      1,
      0,
      1,
      0,
      0
    ],
    [
      1,
      0,
      1,
      0,
      1
    ],
    [
      1,
      0,
      1,
      1,
      0
    ],
    [
      1,
      0,
      1,
      1,
      1
    ],
    [
      1,
      1,
      0,
      0,
      0
    ],
    [
      1,
      1,
      0,
      0,
      1
    ],
    [
      1,
      1,
      0,
      1,
      0
    ],
    [
      1,
      1,
      0,
      1,
      1
    ],
    [
      1,
      1,
      1,
      0,
      0
    ],
    [
      1,
      1,
      1,
      0,
      1
    ],
    [
      1,
      1,
      1,
      1,
      0
    ],
    [
      1,
      1,
      1,
      1,
      1
    ]
  ]
}

EXIT_CODE:0
