COMMAND:
/Applications/Xcode.app/Contents/Developer/usr/bin/python3 /Users/sensen/.openclaw/workspace/domains/revenue-management/project-root/code_submission_project/code_submission/src/data/solve_mb_bsp_on_cpbsd_v2.py --instance /Users/sensen/.openclaw/workspace/domains/revenue-management/experiments/mb_oos_drop_grid_n5_n10_t300/instances/n5/cpbsd_instance_001_N5_K50_normal_rho0.0_none_hvlm.msgpack --method mb --time-limit 300.0 --mip-gap 0.01 --output-flag 0 --save-json /Users/sensen/.openclaw/workspace/domains/revenue-management/experiments/mb_oos_drop_grid_n5_n10_t300/results/n5/cpbsd_instance_001_N5_K50_normal_rho0.0_none_hvlm__mb.json

/Users/sensen/.openclaw/workspace/domains/revenue-management/project-root/code_submission_project/code_submission/src/data/solve_mb_bsp_on_cpbsd_v2.py:302: RuntimeWarning: divide by zero encountered in matmul
  revenues = v_kn @ assortments.T
/Users/sensen/.openclaw/workspace/domains/revenue-management/project-root/code_submission_project/code_submission/src/data/solve_mb_bsp_on_cpbsd_v2.py:302: RuntimeWarning: overflow encountered in matmul
  revenues = v_kn @ assortments.T
/Users/sensen/.openclaw/workspace/domains/revenue-management/project-root/code_submission_project/code_submission/src/data/solve_mb_bsp_on_cpbsd_v2.py:302: RuntimeWarning: invalid value encountered in matmul
  revenues = v_kn @ assortments.T
Set parameter LicenseID to value 2784353
{
  "solver_status": 2,
  "feasible": true,
  "mb_formulation_version": 6,
  "runtime": 59.40918016433716,
  "wall_time": 59.40921592712402,
  "mip_gap": 0.009672412572244599,
  "objective": 1.3731162276384734,
  "revenue_in_sample": 1.3731162276384754,
  "model_num_vars": 6281,
  "model_num_binvars": 1550,
  "model_num_constrs": 10471,
  "bundle_space_size": 32,
  "subadditivity_mode": "full_partition",
  "policy_scope": "full_bundle_prices",
  "bundle_prices": {
    "1": 2.238419013677426,
    "4": 1.3448539358419298,
    "10": 3.0454693239346344,
    "14": 4.344085616548718,
    "16": 1.3058646230444646,
    "17": 3.0096583229099023,
    "18": 3.127977537206535,
    "19": 4.191363673301855,
    "20": 2.5517261914808453,
    "21": 4.12821342453506,
    "22": 3.756602868002722,
    "23": 5.5172136590348995,
    "24": 2.792574468814816,
    "25": 3.716577089940385,
    "26": 4.1525627658707105,
    "28": 3.5387543915649067,
    "29": 4.983990316363495,
    "30": 4.707602346643417,
    "31": 6.438104275528154
  },
  "bundle_prices_full": {
    "0": 0.0,
    "1": 2.238419013677426,
    "2": 7.821584859404785,
    "3": 7.821584859404784,
    "4": 1.3448539358419298,
    "5": 3.098866077632141,
    "6": 6.0342404736333535,
    "7": 4.8625373472193845,
    "8": 3.4074712036763843,
    "9": 3.142317386852776,
    "10": 3.0454693239346344,
    "11": 4.701642007215163,
    "12": 4.752325139518314,
    "13": 4.487171322694706,
    "14": 4.344085616548718,
    "15": 6.046495943057093,
    "16": 1.3058646230444646,
    "17": 3.0096583229099023,
    "18": 3.127977537206535,
    "19": 4.191363673301855,
    "20": 2.5517261914808453,
    "21": 4.12821342453506,
    "22": 3.756602868002722,
    "23": 5.5172136590348995,
    "24": 2.792574468814816,
    "25": 3.716577089940385,
    "26": 4.1525627658707105,
    "27": 5.607524734732332,
    "28": 3.5387543915649067,
    "29": 4.983990316363495,
    "30": 4.707602346643417,
    "31": 6.438104275528154
  },
  "bundle_prices_selected": {
    "1": 2.238419013677426,
    "4": 1.3448539358419298,
    "10": 3.0454693239346344,
    "14": 4.344085616548718,
    "16": 1.3058646230444646,
    "17": 3.0096583229099023,
    "18": 3.127977537206535,
    "19": 4.191363673301855,
    "20": 2.5517261914808453,
    "21": 4.12821342453506,
    "22": 3.756602868002722,
    "23": 5.5172136590348995,
    "24": 2.792574468814816,
    "25": 3.716577089940385,
    "26": 4.1525627658707105,
    "28": 3.5387543915649067,
    "29": 4.983990316363495,
    "30": 4.707602346643417,
    "31": 6.438104275528154
  },
  "chosen_bundle_idx_by_customer": [
    18,
    0,
    22,
    10,
    25,
    20,
    4,
    21,
    14,
    25,
    24,
    16,
    29,
    24,
    16,
    28,
    0,
    17,
    30,
    25,
    29,
    16,
    26,
    23,
    28,
    0,
    16,
    0,
    28,
    0,
    20,
    1,
    30,
    29,
    0,
    16,
    24,
    0,
    30,
    19,
    28,
    0,
    16,
    31,
    25,
    4,
    28,
    4,
    22,
    28
  ],
  "chosen_product_matrix": [
    [
      1,
      0,
      0,
      1,
      0
    ],
    [
      0,
      0,
      0,
      0,
      0
    ],
    [
      1,
      0,
      1,
      1,
      0
    ],
    [
      0,
      1,
      0,
      1,
      0
    ],
    [
      1,
      1,
      0,
      0,
      1
    ],
    [
      1,
      0,
      1,
      0,
      0
    ],
    [
      0,
      0,
      1,
      0,
      0
    ],
    [
      1,
      0,
      1,
      0,
      1
    ],
    [
      0,
      1,
      1,
      1,
      0
    ],
    [
      1,
      1,
      0,
      0,
      1
    ],
    [
      1,
      1,
      0,
      0,
      0
    ],
    [
      1,
      0,
      0,
      0,
      0
    ],
    [
      1,
      1,
      1,
      0,
      1
    ],
    [
      1,
      1,
      0,
      0,
      0
    ],
    [
      1,
      0,
      0,
      0,
      0
    ],
    [
      1,
      1,
      1,
      0,
      0
    ],
    [
      0,
      0,
      0,
      0,
      0
    ],
    [
      1,
      0,
      0,
      0,
      1
    ],
    [
      1,
      1,
      1,
      1,
      0
    ],
    [
      1,
      1,
      0,
      0,
      1
    ],
    [
      1,
      1,
      1,
      0,
      1
    ],
    [
      1,
      0,
      0,
      0,
      0
    ],
    [
      1,
      1,
      0,
      1,
      0
    ],
    [
      1,
      0,
      1,
      1,
      1
    ],
    [
      1,
      1,
      1,
      0,
      0
    ],
    [
      0,
      0,
      0,
      0,
      0
    ],
    [
      1,
      0,
      0,
      0,
      0
    ],
    [
      0,
      0,
      0,
      0,
      0
    ],
    [
      1,
      1,
      1,
      0,
      0
    ],
    [
      0,
      0,
      0,
      0,
      0
    ],
    [
      1,
      0,
      1,
      0,
      0
    ],
    [
      0,
      0,
      0,
      0,
      1
    ],
    [
      1,
      1,
      1,
      1,
      0
    ],
    [
      1,
      1,
      1,
      0,
      1
    ],
    [
      0,
      0,
      0,
      0,
      0
    ],
    [
      1,
      0,
      0,
      0,
      0
    ],
    [
      1,
      1,
      0,
      0,
      0
    ],
    [
      0,
      0,
      0,
      0,
      0
    ],
    [
      1,
      1,
      1,
      1,
      0
    ],
    [
      1,
      0,
      0,
      1,
      1
    ],
    [
      1,
      1,
      1,
      0,
      0
    ],
    [
      0,
      0,
      0,
      0,
      0
    ],
    [
      1,
      0,
      0,
      0,
      0
    ],
    [
      1,
      1,
      1,
      1,
      1
    ],
    [
      1,
      1,
      0,
      0,
      1
    ],
    [
      0,
      0,
      1,
      0,
      0
    ],
    [
      1,
      1,
      1,
      0,
      0
    ],
    [
      0,
      0,
      1,
      0,
      0
    ],
    [
      1,
      0,
      1,
      1,
      0
    ],
    [
      1,
      1,
      1,
      0,
      0
    ]
  ],
  "assortments": [
    [
      0,
      0,
      0,
      0,
      0
    ],
    [
      0,
      0,
      0,
      0,
      1
    ],
    [
      0,
      0,
      0,
      1,
      0
    ],
    [
      0,
      0,
      0,
      1,
      1
    ],
    [
      0,
      0,
      1,
      0,
      0
    ],
    [
      0,
      0,
      1,
      0,
      1
    ],
    [
      0,
      0,
      1,
      1,
      0
    ],
    [
      0,
      0,
      1,
      1,
      1
    ],
    [
      0,
      1,
      0,
      0,
      0
    ],
    [
      0,
      1,
      0,
      0,
      1
    ],
    [
      0,
      1,
      0,
      1,
      0
    ],
    [
      0,
      1,
      0,
      1,
      1
    ],
    [
      0,
      1,
      1,
      0,
      0
    ],
    [
      0,
      1,
      1,
      0,
      1
    ],
    [
      0,
      1,
      1,
      1,
      0
    ],
    [
      0,
      1,
      1,
      1,
      1
    ],
    [
      1,
      0,
      0,
      0,
      0
    ],
    [
      1,
      0,
      0,
      0,
      1
    ],
    [
      1,
      0,
      0,
      1,
      0
    ],
    [
      1,
      0,
      0,
      1,
      1
    ],
    [
      1,
      0,
      1,
      0,
      0
    ],
    [
      1,
      0,
      1,
      0,
      1
    ],
    [
      1,
      0,
      1,
      1,
      0
    ],
    [
      1,
      0,
      1,
      1,
      1
    ],
    [
      1,
      1,
      0,
      0,
      0
    ],
    [
      1,
      1,
      0,
      0,
      1
    ],
    [
      1,
      1,
      0,
      1,
      0
    ],
    [
      1,
      1,
      0,
      1,
      1
    ],
    [
      1,
      1,
      1,
      0,
      0
    ],
    [
      1,
      1,
      1,
      0,
      1
    ],
    [
      1,
      1,
      1,
      1,
      0
    ],
    [
      1,
      1,
      1,
      1,
      1
    ]
  ]
}

EXIT_CODE:0
