Set parameter LicenseID to value 2784353
/Users/sensen/.openclaw/workspace/domains/revenue-management/project-root/code_submission_project/code_submission/src/data/generate_data_CPBSD.py:106: RuntimeWarning: divide by zero encountered in matmul
  z = rng.multivariate_normal(mean=np.zeros(n), cov=corr, size=k)
/Users/sensen/.openclaw/workspace/domains/revenue-management/project-root/code_submission_project/code_submission/src/data/generate_data_CPBSD.py:106: RuntimeWarning: overflow encountered in matmul
  z = rng.multivariate_normal(mean=np.zeros(n), cov=corr, size=k)
/Users/sensen/.openclaw/workspace/domains/revenue-management/project-root/code_submission_project/code_submission/src/data/generate_data_CPBSD.py:106: RuntimeWarning: invalid value encountered in matmul
  z = rng.multivariate_normal(mean=np.zeros(n), cov=corr, size=k)
Set parameter MIPGap to value 0.001
Set parameter TimeLimit to value 300
{
  "root": "/Users/sensen/.openclaw/workspace/domains/revenue-management/experiments/fcp_mb_phase2_shortlist_n5_5inst/normal_rho0.0_full_hvhm/runs/seed_20260413",
  "summary_path": "/Users/sensen/.openclaw/workspace/domains/revenue-management/experiments/fcp_mb_phase2_shortlist_n5_5inst/normal_rho0.0_full_hvhm/runs/seed_20260413/comparison_summary.json",
  "csv_path": "/Users/sensen/.openclaw/workspace/domains/revenue-management/experiments/fcp_mb_phase2_shortlist_n5_5inst/normal_rho0.0_full_hvhm/runs/seed_20260413/comparison_summary.csv",
  "aggregate": {
    "BSP": {
      "count": 1,
      "avg_revenue_in_sample": 1.3810789911529993,
      "avg_revenue_out_sample": 1.0853448923602547,
      "avg_runtime": 1.4139142036437988
    },
    "CPBSD-A": {
      "count": 1,
      "avg_revenue_in_sample": 1.4538123648479129,
      "avg_revenue_out_sample": 1.2557463044960058,
      "avg_runtime": 26.113388061523438
    },
    "FCP-pruned-MB": {
      "count": 1,
      "avg_revenue_in_sample": 1.492420065869018,
      "avg_revenue_out_sample": 1.1133773114955066,
      "avg_runtime": 4.241083860397339
    }
  },
  "rows": [
    {
      "instance_id": "cpbsd_instance_001_N5_K50_normal_rho0.0_full_hvhm",
      "seed": 20260413,
      "n": 5,
      "k": 50,
      "method": "FCP-pruned-MB",
      "revenue_in_sample": 1.492420065869018,
      "revenue_out_sample": 1.1133773114955066,
      "solver_runtime": 4.241083860397339,
      "status_code": 2,
      "result_path": "/Users/sensen/.openclaw/workspace/domains/revenue-management/experiments/fcp_mb_phase2_shortlist_n5_5inst/normal_rho0.0_full_hvhm/runs/seed_20260413/results/cpbsd_instance_001_N5_K50_normal_rho0.0_full_hvhm__fcp_pruned_mb.json",
      "gcn_inference_time": 0.06089925765991211,
      "candidate_generation_time": 6.794929504394531e-05,
      "bundle_space_size": 12,
      "bundle_space_fraction": 0.375,
      "full_bundle_space_size": 32,
      "raw_customer_bundle_count": 50,
      "unique_threshold_bundle_count": 12,
      "threshold": 0.5,
      "ratio_to_bsp": 1.080618904080979,
      "ratio_to_cpbsd_a": 1.0265561787439772
    },
    {
      "instance_id": "cpbsd_instance_001_N5_K50_normal_rho0.0_full_hvhm",
      "seed": 20260413,
      "n": 5,
      "k": 50,
      "method": "BSP",
      "revenue_in_sample": 1.3810789911529993,
      "revenue_out_sample": 1.0853448923602547,
      "solver_runtime": 1.4139142036437988,
      "status_code": 2,
      "result_path": "/Users/sensen/.openclaw/workspace/domains/revenue-management/experiments/fcp_mb_phase2_shortlist_n5_5inst/normal_rho0.0_full_hvhm/runs/seed_20260413/results/cpbsd_instance_001_N5_K50_normal_rho0.0_full_hvhm__bsp.json",
      "bundle_space_size": null,
      "bundle_space_fraction": null,
      "full_bundle_space_size": 32,
      "ratio_to_bsp": 1.0,
      "ratio_to_cpbsd_a": 0.9499705908041837
    },
    {
      "instance_id": "cpbsd_instance_001_N5_K50_normal_rho0.0_full_hvhm",
      "seed": 20260413,
      "n": 5,
      "k": 50,
      "method": "CPBSD-A",
      "revenue_in_sample": 1.4538123648479129,
      "revenue_out_sample": 1.2557463044960058,
      "solver_runtime": 26.113388061523438,
      "status_code": 2,
      "result_path": "/Users/sensen/.openclaw/workspace/domains/revenue-management/experiments/fcp_mb_phase2_shortlist_n5_5inst/normal_rho0.0_full_hvhm/runs/seed_20260413/results/cpbsd_instance_001_N5_K50_normal_rho0.0_full_hvhm__cpbsd_a.json",
      "bundle_space_size": null,
      "bundle_space_fraction": null,
      "full_bundle_space_size": 32,
      "ratio_to_bsp": 1.0526641663227327,
      "ratio_to_cpbsd_a": 1.0
    }
  ]
}
