/Users/sensen/.openclaw/workspace/domains/revenue-management/project-root/code_submission_project/code_submission/src/data/solve_mb_bsp_on_cpbsd_v2.py:302: RuntimeWarning: divide by zero encountered in matmul
  revenues = v_kn @ assortments.T
/Users/sensen/.openclaw/workspace/domains/revenue-management/project-root/code_submission_project/code_submission/src/data/solve_mb_bsp_on_cpbsd_v2.py:302: RuntimeWarning: overflow encountered in matmul
  revenues = v_kn @ assortments.T
/Users/sensen/.openclaw/workspace/domains/revenue-management/project-root/code_submission_project/code_submission/src/data/solve_mb_bsp_on_cpbsd_v2.py:302: RuntimeWarning: invalid value encountered in matmul
  revenues = v_kn @ assortments.T
Set parameter LicenseID to value 2784353
/Users/sensen/.openclaw/workspace/domains/revenue-management/project-root/code_submission_project/code_submission/src/data/generate_data_CPBSD.py:106: RuntimeWarning: divide by zero encountered in matmul
  z = rng.multivariate_normal(mean=np.zeros(n), cov=corr, size=k)
/Users/sensen/.openclaw/workspace/domains/revenue-management/project-root/code_submission_project/code_submission/src/data/generate_data_CPBSD.py:106: RuntimeWarning: overflow encountered in matmul
  z = rng.multivariate_normal(mean=np.zeros(n), cov=corr, size=k)
/Users/sensen/.openclaw/workspace/domains/revenue-management/project-root/code_submission_project/code_submission/src/data/generate_data_CPBSD.py:106: RuntimeWarning: invalid value encountered in matmul
  z = rng.multivariate_normal(mean=np.zeros(n), cov=corr, size=k)
Set parameter MIPGap to value 0.001
Set parameter TimeLimit to value 300
{
  "root": "/Users/sensen/.openclaw/workspace/domains/revenue-management/experiments/fcp_mb_phase2_shortlist_n5_5inst/normal_rho0.0_full_hvhm/runs/seed_20260417",
  "summary_path": "/Users/sensen/.openclaw/workspace/domains/revenue-management/experiments/fcp_mb_phase2_shortlist_n5_5inst/normal_rho0.0_full_hvhm/runs/seed_20260417/comparison_summary.json",
  "csv_path": "/Users/sensen/.openclaw/workspace/domains/revenue-management/experiments/fcp_mb_phase2_shortlist_n5_5inst/normal_rho0.0_full_hvhm/runs/seed_20260417/comparison_summary.csv",
  "aggregate": {
    "BSP": {
      "count": 1,
      "avg_revenue_in_sample": 1.3229394196811735,
      "avg_revenue_out_sample": 1.1335375794077094,
      "avg_runtime": 2.408535957336426
    },
    "CPBSD-A": {
      "count": 1,
      "avg_revenue_in_sample": 1.509691809122565,
      "avg_revenue_out_sample": 1.297853033868186,
      "avg_runtime": 21.91492509841919
    },
    "FCP-pruned-MB": {
      "count": 1,
      "avg_revenue_in_sample": 1.4829455820785638,
      "avg_revenue_out_sample": 1.2032202010378827,
      "avg_runtime": 14.472301006317139
    }
  },
  "rows": [
    {
      "instance_id": "cpbsd_instance_001_N5_K50_normal_rho0.0_full_hvhm",
      "seed": 20260417,
      "n": 5,
      "k": 50,
      "method": "FCP-pruned-MB",
      "revenue_in_sample": 1.4829455820785638,
      "revenue_out_sample": 1.2032202010378827,
      "solver_runtime": 14.472301006317139,
      "status_code": 2,
      "result_path": "/Users/sensen/.openclaw/workspace/domains/revenue-management/experiments/fcp_mb_phase2_shortlist_n5_5inst/normal_rho0.0_full_hvhm/runs/seed_20260417/results/cpbsd_instance_001_N5_K50_normal_rho0.0_full_hvhm__fcp_pruned_mb.json",
      "gcn_inference_time": 0.16789007186889648,
      "candidate_generation_time": 0.00015807151794433594,
      "bundle_space_size": 13,
      "bundle_space_fraction": 0.40625,
      "full_bundle_space_size": 32,
      "raw_customer_bundle_count": 50,
      "unique_threshold_bundle_count": 13,
      "threshold": 0.5,
      "ratio_to_bsp": 1.120947459888943,
      "ratio_to_cpbsd_a": 0.9822836509528747
    },
    {
      "instance_id": "cpbsd_instance_001_N5_K50_normal_rho0.0_full_hvhm",
      "seed": 20260417,
      "n": 5,
      "k": 50,
      "method": "BSP",
      "revenue_in_sample": 1.3229394196811735,
      "revenue_out_sample": 1.1335375794077094,
      "solver_runtime": 2.408535957336426,
      "status_code": 2,
      "result_path": "/Users/sensen/.openclaw/workspace/domains/revenue-management/experiments/fcp_mb_phase2_shortlist_n5_5inst/normal_rho0.0_full_hvhm/runs/seed_20260417/results/cpbsd_instance_001_N5_K50_normal_rho0.0_full_hvhm__bsp.json",
      "bundle_space_size": null,
      "bundle_space_fraction": null,
      "full_bundle_space_size": 32,
      "ratio_to_bsp": 1.0,
      "ratio_to_cpbsd_a": 0.8762976732648948
    },
    {
      "instance_id": "cpbsd_instance_001_N5_K50_normal_rho0.0_full_hvhm",
      "seed": 20260417,
      "n": 5,
      "k": 50,
      "method": "CPBSD-A",
      "revenue_in_sample": 1.509691809122565,
      "revenue_out_sample": 1.297853033868186,
      "solver_runtime": 21.91492509841919,
      "status_code": 2,
      "result_path": "/Users/sensen/.openclaw/workspace/domains/revenue-management/experiments/fcp_mb_phase2_shortlist_n5_5inst/normal_rho0.0_full_hvhm/runs/seed_20260417/results/cpbsd_instance_001_N5_K50_normal_rho0.0_full_hvhm__cpbsd_a.json",
      "bundle_space_size": null,
      "bundle_space_fraction": null,
      "full_bundle_space_size": 32,
      "ratio_to_bsp": 1.1411647326121694,
      "ratio_to_cpbsd_a": 1.0
    }
  ]
}
