/Users/sensen/.openclaw/workspace/domains/revenue-management/project-root/code_submission_project/code_submission/src/data/solve_mb_bsp_on_cpbsd_v2.py:302: RuntimeWarning: divide by zero encountered in matmul
  revenues = v_kn @ assortments.T
/Users/sensen/.openclaw/workspace/domains/revenue-management/project-root/code_submission_project/code_submission/src/data/solve_mb_bsp_on_cpbsd_v2.py:302: RuntimeWarning: overflow encountered in matmul
  revenues = v_kn @ assortments.T
/Users/sensen/.openclaw/workspace/domains/revenue-management/project-root/code_submission_project/code_submission/src/data/solve_mb_bsp_on_cpbsd_v2.py:302: RuntimeWarning: invalid value encountered in matmul
  revenues = v_kn @ assortments.T
Set parameter LicenseID to value 2784353
/Users/sensen/.openclaw/workspace/domains/revenue-management/project-root/code_submission_project/code_submission/src/data/generate_data_CPBSD.py:106: RuntimeWarning: divide by zero encountered in matmul
  z = rng.multivariate_normal(mean=np.zeros(n), cov=corr, size=k)
/Users/sensen/.openclaw/workspace/domains/revenue-management/project-root/code_submission_project/code_submission/src/data/generate_data_CPBSD.py:106: RuntimeWarning: overflow encountered in matmul
  z = rng.multivariate_normal(mean=np.zeros(n), cov=corr, size=k)
/Users/sensen/.openclaw/workspace/domains/revenue-management/project-root/code_submission_project/code_submission/src/data/generate_data_CPBSD.py:106: RuntimeWarning: invalid value encountered in matmul
  z = rng.multivariate_normal(mean=np.zeros(n), cov=corr, size=k)
Set parameter MIPGap to value 0.001
Set parameter TimeLimit to value 300
{
  "root": "/Users/sensen/.openclaw/workspace/domains/revenue-management/experiments/fcp_mb_phase2_shortlist_n5_5inst/normal_rho0.0_full_hvhm/runs/seed_20260415",
  "summary_path": "/Users/sensen/.openclaw/workspace/domains/revenue-management/experiments/fcp_mb_phase2_shortlist_n5_5inst/normal_rho0.0_full_hvhm/runs/seed_20260415/comparison_summary.json",
  "csv_path": "/Users/sensen/.openclaw/workspace/domains/revenue-management/experiments/fcp_mb_phase2_shortlist_n5_5inst/normal_rho0.0_full_hvhm/runs/seed_20260415/comparison_summary.csv",
  "aggregate": {
    "BSP": {
      "count": 1,
      "avg_revenue_in_sample": 1.4259683699167427,
      "avg_revenue_out_sample": 1.1529974691226792,
      "avg_runtime": 1.589946985244751
    },
    "CPBSD-A": {
      "count": 1,
      "avg_revenue_in_sample": 1.6138308660920495,
      "avg_revenue_out_sample": 1.2995328057513822,
      "avg_runtime": 16.712712049484253
    },
    "FCP-pruned-MB": {
      "count": 1,
      "avg_revenue_in_sample": 1.615284269306216,
      "avg_revenue_out_sample": 1.2134211871295562,
      "avg_runtime": 7.7347540855407715
    }
  },
  "rows": [
    {
      "instance_id": "cpbsd_instance_001_N5_K50_normal_rho0.0_full_hvhm",
      "seed": 20260415,
      "n": 5,
      "k": 50,
      "method": "FCP-pruned-MB",
      "revenue_in_sample": 1.615284269306216,
      "revenue_out_sample": 1.2134211871295562,
      "solver_runtime": 7.7347540855407715,
      "status_code": 2,
      "result_path": "/Users/sensen/.openclaw/workspace/domains/revenue-management/experiments/fcp_mb_phase2_shortlist_n5_5inst/normal_rho0.0_full_hvhm/runs/seed_20260415/results/cpbsd_instance_001_N5_K50_normal_rho0.0_full_hvhm__fcp_pruned_mb.json",
      "gcn_inference_time": 0.06130480766296387,
      "candidate_generation_time": 6.29425048828125e-05,
      "bundle_space_size": 15,
      "bundle_space_fraction": 0.46875,
      "full_bundle_space_size": 32,
      "raw_customer_bundle_count": 50,
      "unique_threshold_bundle_count": 15,
      "threshold": 0.5,
      "ratio_to_bsp": 1.1327630425635085,
      "ratio_to_cpbsd_a": 1.000900592029006
    },
    {
      "instance_id": "cpbsd_instance_001_N5_K50_normal_rho0.0_full_hvhm",
      "seed": 20260415,
      "n": 5,
      "k": 50,
      "method": "BSP",
      "revenue_in_sample": 1.4259683699167427,
      "revenue_out_sample": 1.1529974691226792,
      "solver_runtime": 1.589946985244751,
      "status_code": 2,
      "result_path": "/Users/sensen/.openclaw/workspace/domains/revenue-management/experiments/fcp_mb_phase2_shortlist_n5_5inst/normal_rho0.0_full_hvhm/runs/seed_20260415/results/cpbsd_instance_001_N5_K50_normal_rho0.0_full_hvhm__bsp.json",
      "bundle_space_size": null,
      "bundle_space_fraction": null,
      "full_bundle_space_size": 32,
      "ratio_to_bsp": 1.0,
      "ratio_to_cpbsd_a": 0.8835922027998989
    },
    {
      "instance_id": "cpbsd_instance_001_N5_K50_normal_rho0.0_full_hvhm",
      "seed": 20260415,
      "n": 5,
      "k": 50,
      "method": "CPBSD-A",
      "revenue_in_sample": 1.6138308660920495,
      "revenue_out_sample": 1.2995328057513822,
      "solver_runtime": 16.712712049484253,
      "status_code": 2,
      "result_path": "/Users/sensen/.openclaw/workspace/domains/revenue-management/experiments/fcp_mb_phase2_shortlist_n5_5inst/normal_rho0.0_full_hvhm/runs/seed_20260415/results/cpbsd_instance_001_N5_K50_normal_rho0.0_full_hvhm__cpbsd_a.json",
      "bundle_space_size": null,
      "bundle_space_fraction": null,
      "full_bundle_space_size": 32,
      "ratio_to_bsp": 1.1317438031155456,
      "ratio_to_cpbsd_a": 1.0
    }
  ]
}
