/Users/sensen/.openclaw/workspace/domains/revenue-management/project-root/code_submission_project/code_submission/src/data/generate_data_CPBSD.py:106: RuntimeWarning: divide by zero encountered in matmul
  z = rng.multivariate_normal(mean=np.zeros(n), cov=corr, size=k)
/Users/sensen/.openclaw/workspace/domains/revenue-management/project-root/code_submission_project/code_submission/src/data/generate_data_CPBSD.py:106: RuntimeWarning: overflow encountered in matmul
  z = rng.multivariate_normal(mean=np.zeros(n), cov=corr, size=k)
/Users/sensen/.openclaw/workspace/domains/revenue-management/project-root/code_submission_project/code_submission/src/data/generate_data_CPBSD.py:106: RuntimeWarning: invalid value encountered in matmul
  z = rng.multivariate_normal(mean=np.zeros(n), cov=corr, size=k)
/Users/sensen/.openclaw/workspace/domains/revenue-management/project-root/code_submission_project/code_submission/src/data/solve_mb_bsp_on_cpbsd_v2.py:300: RuntimeWarning: divide by zero encountered in matmul
  bundle_cost = (assortments @ c_n).reshape(1, -1)
/Users/sensen/.openclaw/workspace/domains/revenue-management/project-root/code_submission_project/code_submission/src/data/solve_mb_bsp_on_cpbsd_v2.py:300: RuntimeWarning: overflow encountered in matmul
  bundle_cost = (assortments @ c_n).reshape(1, -1)
/Users/sensen/.openclaw/workspace/domains/revenue-management/project-root/code_submission_project/code_submission/src/data/solve_mb_bsp_on_cpbsd_v2.py:300: RuntimeWarning: invalid value encountered in matmul
  bundle_cost = (assortments @ c_n).reshape(1, -1)
/Users/sensen/.openclaw/workspace/domains/revenue-management/project-root/code_submission_project/code_submission/src/data/solve_mb_bsp_on_cpbsd_v2.py:302: RuntimeWarning: divide by zero encountered in matmul
  revenues = v_kn @ assortments.T
/Users/sensen/.openclaw/workspace/domains/revenue-management/project-root/code_submission_project/code_submission/src/data/solve_mb_bsp_on_cpbsd_v2.py:302: RuntimeWarning: overflow encountered in matmul
  revenues = v_kn @ assortments.T
/Users/sensen/.openclaw/workspace/domains/revenue-management/project-root/code_submission_project/code_submission/src/data/solve_mb_bsp_on_cpbsd_v2.py:302: RuntimeWarning: invalid value encountered in matmul
  revenues = v_kn @ assortments.T
Set parameter LicenseID to value 2784353
/Users/sensen/.openclaw/workspace/domains/revenue-management/project-root/code_submission_project/code_submission/src/data/solve_mb_bsp_on_cpbsd_v2.py:77: RuntimeWarning: divide by zero encountered in matmul
  bundle_cost = assortments @ c_n
/Users/sensen/.openclaw/workspace/domains/revenue-management/project-root/code_submission_project/code_submission/src/data/solve_mb_bsp_on_cpbsd_v2.py:77: RuntimeWarning: overflow encountered in matmul
  bundle_cost = assortments @ c_n
/Users/sensen/.openclaw/workspace/domains/revenue-management/project-root/code_submission_project/code_submission/src/data/solve_mb_bsp_on_cpbsd_v2.py:77: RuntimeWarning: invalid value encountered in matmul
  bundle_cost = assortments @ c_n
Set parameter MIPGap to value 0.001
Set parameter TimeLimit to value 600
{
  "root": "/Users/sensen/.openclaw/workspace/domains/revenue-management/experiments/fcp_mb_phase2_selected_n10_n30_5inst/n30/normal_rho0.0_full_zero/runs/seed_20260414",
  "summary_path": "/Users/sensen/.openclaw/workspace/domains/revenue-management/experiments/fcp_mb_phase2_selected_n10_n30_5inst/n30/normal_rho0.0_full_zero/runs/seed_20260414/comparison_summary.json",
  "csv_path": "/Users/sensen/.openclaw/workspace/domains/revenue-management/experiments/fcp_mb_phase2_selected_n10_n30_5inst/n30/normal_rho0.0_full_zero/runs/seed_20260414/comparison_summary.csv",
  "aggregate": {
    "BSP": {
      "count": 1,
      "avg_revenue_in_sample": 157.91275762157935,
      "avg_revenue_out_sample": 156.99686362737756,
      "avg_runtime": 2.1835691928863525
    },
    "CPBSD-A": {
      "count": 1,
      "avg_revenue_in_sample": 157.91275762157838,
      "avg_revenue_out_sample": 154.37178544341128,
      "avg_runtime": 600.2882270812988
    },
    "FCP-pruned-MB": {
      "count": 1,
      "avg_revenue_in_sample": 154.465883035032,
      "avg_revenue_out_sample": 141.7882735135103,
      "avg_runtime": 30.87766981124878
    }
  },
  "rows": [
    {
      "instance_id": "cpbsd_instance_001_N30_K50_normal_rho0.0_full_zero",
      "seed": 20260414,
      "n": 30,
      "k": 50,
      "method": "FCP-pruned-MB",
      "revenue_in_sample": 154.465883035032,
      "revenue_out_sample": 141.7882735135103,
      "solver_runtime": 30.87766981124878,
      "status_code": 2,
      "result_path": "/Users/sensen/.openclaw/workspace/domains/revenue-management/experiments/fcp_mb_phase2_selected_n10_n30_5inst/n30/normal_rho0.0_full_zero/runs/seed_20260414/results/cpbsd_instance_001_N30_K50_normal_rho0.0_full_zero__fcp_pruned_mb.json",
      "gcn_inference_time": 0.08109688758850098,
      "candidate_generation_time": 0.0001163482666015625,
      "bundle_space_size": 50,
      "bundle_space_fraction": 4.6566128730773926e-08,
      "full_bundle_space_size": 1073741824,
      "raw_customer_bundle_count": 50,
      "unique_threshold_bundle_count": 49,
      "threshold": 0.5,
      "ratio_to_bsp": 0.9781722855172512,
      "ratio_to_cpbsd_a": 0.9781722855172572
    },
    {
      "instance_id": "cpbsd_instance_001_N30_K50_normal_rho0.0_full_zero",
      "seed": 20260414,
      "n": 30,
      "k": 50,
      "method": "BSP",
      "revenue_in_sample": 157.91275762157935,
      "revenue_out_sample": 156.99686362737756,
      "solver_runtime": 2.1835691928863525,
      "status_code": 2,
      "result_path": "/Users/sensen/.openclaw/workspace/domains/revenue-management/experiments/fcp_mb_phase2_selected_n10_n30_5inst/n30/normal_rho0.0_full_zero/runs/seed_20260414/results/cpbsd_instance_001_N30_K50_normal_rho0.0_full_zero__bsp.json",
      "bundle_space_size": null,
      "bundle_space_fraction": null,
      "full_bundle_space_size": 1073741824,
      "ratio_to_bsp": 1.0,
      "ratio_to_cpbsd_a": 1.0000000000000062
    },
    {
      "instance_id": "cpbsd_instance_001_N30_K50_normal_rho0.0_full_zero",
      "seed": 20260414,
      "n": 30,
      "k": 50,
      "method": "CPBSD-A",
      "revenue_in_sample": 157.91275762157838,
      "revenue_out_sample": 154.37178544341128,
      "solver_runtime": 600.2882270812988,
      "status_code": 9,
      "result_path": "/Users/sensen/.openclaw/workspace/domains/revenue-management/experiments/fcp_mb_phase2_selected_n10_n30_5inst/n30/normal_rho0.0_full_zero/runs/seed_20260414/results/cpbsd_instance_001_N30_K50_normal_rho0.0_full_zero__cpbsd_a.json",
      "bundle_space_size": null,
      "bundle_space_fraction": null,
      "full_bundle_space_size": 1073741824,
      "ratio_to_bsp": 0.9999999999999939,
      "ratio_to_cpbsd_a": 1.0
    }
  ]
}
