/Users/sensen/.openclaw/workspace/domains/revenue-management/project-root/code_submission_project/code_submission/src/data/solve_mb_bsp_on_cpbsd_v2.py:302: RuntimeWarning: divide by zero encountered in matmul
  revenues = v_kn @ assortments.T
/Users/sensen/.openclaw/workspace/domains/revenue-management/project-root/code_submission_project/code_submission/src/data/solve_mb_bsp_on_cpbsd_v2.py:302: RuntimeWarning: overflow encountered in matmul
  revenues = v_kn @ assortments.T
/Users/sensen/.openclaw/workspace/domains/revenue-management/project-root/code_submission_project/code_submission/src/data/solve_mb_bsp_on_cpbsd_v2.py:302: RuntimeWarning: invalid value encountered in matmul
  revenues = v_kn @ assortments.T
Set parameter LicenseID to value 2784353
/Users/sensen/.openclaw/workspace/domains/revenue-management/project-root/code_submission_project/code_submission/src/data/generate_data_CPBSD.py:106: RuntimeWarning: divide by zero encountered in matmul
  z = rng.multivariate_normal(mean=np.zeros(n), cov=corr, size=k)
/Users/sensen/.openclaw/workspace/domains/revenue-management/project-root/code_submission_project/code_submission/src/data/generate_data_CPBSD.py:106: RuntimeWarning: overflow encountered in matmul
  z = rng.multivariate_normal(mean=np.zeros(n), cov=corr, size=k)
/Users/sensen/.openclaw/workspace/domains/revenue-management/project-root/code_submission_project/code_submission/src/data/generate_data_CPBSD.py:106: RuntimeWarning: invalid value encountered in matmul
  z = rng.multivariate_normal(mean=np.zeros(n), cov=corr, size=k)
Set parameter MIPGap to value 0.001
Set parameter TimeLimit to value 300
{
  "root": "/Users/sensen/.openclaw/workspace/domains/revenue-management/experiments/fcp_mb_phase2_shortlist_n5_5inst/normal_rho-0.5_full_hvhm/runs/seed_20260414",
  "summary_path": "/Users/sensen/.openclaw/workspace/domains/revenue-management/experiments/fcp_mb_phase2_shortlist_n5_5inst/normal_rho-0.5_full_hvhm/runs/seed_20260414/comparison_summary.json",
  "csv_path": "/Users/sensen/.openclaw/workspace/domains/revenue-management/experiments/fcp_mb_phase2_shortlist_n5_5inst/normal_rho-0.5_full_hvhm/runs/seed_20260414/comparison_summary.csv",
  "aggregate": {
    "BSP": {
      "count": 1,
      "avg_revenue_in_sample": 1.367218837010461,
      "avg_revenue_out_sample": 1.2538431073359018,
      "avg_runtime": 4.087857246398926
    },
    "CPBSD-A": {
      "count": 1,
      "avg_revenue_in_sample": 1.5588464349405284,
      "avg_revenue_out_sample": 1.382957442442798,
      "avg_runtime": 94.7098000049591
    },
    "FCP-pruned-MB": {
      "count": 1,
      "avg_revenue_in_sample": 1.6105184512455142,
      "avg_revenue_out_sample": 1.1729714311307131,
      "avg_runtime": 19.758243799209595
    }
  },
  "rows": [
    {
      "instance_id": "cpbsd_instance_001_N5_K50_normal_rho-0.5_full_hvhm",
      "seed": 20260414,
      "n": 5,
      "k": 50,
      "method": "FCP-pruned-MB",
      "revenue_in_sample": 1.6105184512455142,
      "revenue_out_sample": 1.1729714311307131,
      "solver_runtime": 19.758243799209595,
      "status_code": 2,
      "result_path": "/Users/sensen/.openclaw/workspace/domains/revenue-management/experiments/fcp_mb_phase2_shortlist_n5_5inst/normal_rho-0.5_full_hvhm/runs/seed_20260414/results/cpbsd_instance_001_N5_K50_normal_rho-0.5_full_hvhm__fcp_pruned_mb.json",
      "gcn_inference_time": 0.23379993438720703,
      "candidate_generation_time": 0.00013017654418945312,
      "bundle_space_size": 14,
      "bundle_space_fraction": 0.4375,
      "full_bundle_space_size": 32,
      "raw_customer_bundle_count": 50,
      "unique_threshold_bundle_count": 14,
      "threshold": 0.5,
      "ratio_to_bsp": 1.1779522104647477,
      "ratio_to_cpbsd_a": 1.0331475988569438
    },
    {
      "instance_id": "cpbsd_instance_001_N5_K50_normal_rho-0.5_full_hvhm",
      "seed": 20260414,
      "n": 5,
      "k": 50,
      "method": "BSP",
      "revenue_in_sample": 1.367218837010461,
      "revenue_out_sample": 1.2538431073359018,
      "solver_runtime": 4.087857246398926,
      "status_code": 2,
      "result_path": "/Users/sensen/.openclaw/workspace/domains/revenue-management/experiments/fcp_mb_phase2_shortlist_n5_5inst/normal_rho-0.5_full_hvhm/runs/seed_20260414/results/cpbsd_instance_001_N5_K50_normal_rho-0.5_full_hvhm__bsp.json",
      "bundle_space_size": null,
      "bundle_space_fraction": null,
      "full_bundle_space_size": 32,
      "ratio_to_bsp": 1.0,
      "ratio_to_cpbsd_a": 0.8770708944544764
    },
    {
      "instance_id": "cpbsd_instance_001_N5_K50_normal_rho-0.5_full_hvhm",
      "seed": 20260414,
      "n": 5,
      "k": 50,
      "method": "CPBSD-A",
      "revenue_in_sample": 1.5588464349405284,
      "revenue_out_sample": 1.382957442442798,
      "solver_runtime": 94.7098000049591,
      "status_code": 2,
      "result_path": "/Users/sensen/.openclaw/workspace/domains/revenue-management/experiments/fcp_mb_phase2_shortlist_n5_5inst/normal_rho-0.5_full_hvhm/runs/seed_20260414/results/cpbsd_instance_001_N5_K50_normal_rho-0.5_full_hvhm__cpbsd_a.json",
      "bundle_space_size": null,
      "bundle_space_fraction": null,
      "full_bundle_space_size": 32,
      "ratio_to_bsp": 1.140158687653161,
      "ratio_to_cpbsd_a": 1.0
    }
  ]
}
