/Users/sensen/.openclaw/workspace/domains/revenue-management/project-root/code_submission_project/code_submission/src/data/generate_data_CPBSD.py:106: RuntimeWarning: divide by zero encountered in matmul
  z = rng.multivariate_normal(mean=np.zeros(n), cov=corr, size=k)
/Users/sensen/.openclaw/workspace/domains/revenue-management/project-root/code_submission_project/code_submission/src/data/generate_data_CPBSD.py:106: RuntimeWarning: overflow encountered in matmul
  z = rng.multivariate_normal(mean=np.zeros(n), cov=corr, size=k)
/Users/sensen/.openclaw/workspace/domains/revenue-management/project-root/code_submission_project/code_submission/src/data/generate_data_CPBSD.py:106: RuntimeWarning: invalid value encountered in matmul
  z = rng.multivariate_normal(mean=np.zeros(n), cov=corr, size=k)
/Users/sensen/.openclaw/workspace/domains/revenue-management/project-root/code_submission_project/code_submission/src/data/solve_mb_bsp_on_cpbsd_v2.py:302: RuntimeWarning: divide by zero encountered in matmul
  revenues = v_kn @ assortments.T
/Users/sensen/.openclaw/workspace/domains/revenue-management/project-root/code_submission_project/code_submission/src/data/solve_mb_bsp_on_cpbsd_v2.py:302: RuntimeWarning: overflow encountered in matmul
  revenues = v_kn @ assortments.T
/Users/sensen/.openclaw/workspace/domains/revenue-management/project-root/code_submission_project/code_submission/src/data/solve_mb_bsp_on_cpbsd_v2.py:302: RuntimeWarning: invalid value encountered in matmul
  revenues = v_kn @ assortments.T
Set parameter LicenseID to value 2784353
Set parameter MIPGap to value 0.001
Set parameter TimeLimit to value 300
{
  "root": "/Users/sensen/.openclaw/workspace/domains/revenue-management/experiments/fcp_mb_phase2_selected_n10_n30_5inst/n10/logit_rho0.0_full_hvhm/runs/seed_20260416",
  "summary_path": "/Users/sensen/.openclaw/workspace/domains/revenue-management/experiments/fcp_mb_phase2_selected_n10_n30_5inst/n10/logit_rho0.0_full_hvhm/runs/seed_20260416/comparison_summary.json",
  "csv_path": "/Users/sensen/.openclaw/workspace/domains/revenue-management/experiments/fcp_mb_phase2_selected_n10_n30_5inst/n10/logit_rho0.0_full_hvhm/runs/seed_20260416/comparison_summary.csv",
  "aggregate": {
    "BSP": {
      "count": 1,
      "avg_revenue_in_sample": 2.6807235109505396,
      "avg_revenue_out_sample": 2.5632054150262316,
      "avg_runtime": 4.8443639278411865
    },
    "CPBSD-A": {
      "count": 1,
      "avg_revenue_in_sample": 2.6229349493777003,
      "avg_revenue_out_sample": 2.654927969966841,
      "avg_runtime": 300.087660074234
    },
    "FCP-pruned-MB": {
      "count": 1,
      "avg_revenue_in_sample": 2.680953890948301,
      "avg_revenue_out_sample": 2.516170118519752,
      "avg_runtime": 133.36415100097656
    }
  },
  "rows": [
    {
      "instance_id": "cpbsd_instance_001_N10_K50_logit_rho0.0_full_hvhm",
      "seed": 20260416,
      "n": 10,
      "k": 50,
      "method": "FCP-pruned-MB",
      "revenue_in_sample": 2.680953890948301,
      "revenue_out_sample": 2.516170118519752,
      "solver_runtime": 133.36415100097656,
      "status_code": 2,
      "result_path": "/Users/sensen/.openclaw/workspace/domains/revenue-management/experiments/fcp_mb_phase2_selected_n10_n30_5inst/n10/logit_rho0.0_full_hvhm/runs/seed_20260416/results/cpbsd_instance_001_N10_K50_logit_rho0.0_full_hvhm__fcp_pruned_mb.json",
      "gcn_inference_time": 0.13980793952941895,
      "candidate_generation_time": 0.00016999244689941406,
      "bundle_space_size": 24,
      "bundle_space_fraction": 0.0234375,
      "full_bundle_space_size": 1024,
      "raw_customer_bundle_count": 50,
      "unique_threshold_bundle_count": 24,
      "threshold": 0.5,
      "ratio_to_bsp": 1.0000859394849264,
      "ratio_to_cpbsd_a": 1.0221198553110766
    },
    {
      "instance_id": "cpbsd_instance_001_N10_K50_logit_rho0.0_full_hvhm",
      "seed": 20260416,
      "n": 10,
      "k": 50,
      "method": "BSP",
      "revenue_in_sample": 2.6807235109505396,
      "revenue_out_sample": 2.5632054150262316,
      "solver_runtime": 4.8443639278411865,
      "status_code": 2,
      "result_path": "/Users/sensen/.openclaw/workspace/domains/revenue-management/experiments/fcp_mb_phase2_selected_n10_n30_5inst/n10/logit_rho0.0_full_hvhm/runs/seed_20260416/results/cpbsd_instance_001_N10_K50_logit_rho0.0_full_hvhm__bsp.json",
      "bundle_space_size": null,
      "bundle_space_fraction": null,
      "full_bundle_space_size": 1024,
      "ratio_to_bsp": 1.0,
      "ratio_to_cpbsd_a": 1.0220320224054926
    },
    {
      "instance_id": "cpbsd_instance_001_N10_K50_logit_rho0.0_full_hvhm",
      "seed": 20260416,
      "n": 10,
      "k": 50,
      "method": "CPBSD-A",
      "revenue_in_sample": 2.6229349493777003,
      "revenue_out_sample": 2.654927969966841,
      "solver_runtime": 300.087660074234,
      "status_code": 9,
      "result_path": "/Users/sensen/.openclaw/workspace/domains/revenue-management/experiments/fcp_mb_phase2_selected_n10_n30_5inst/n10/logit_rho0.0_full_hvhm/runs/seed_20260416/results/cpbsd_instance_001_N10_K50_logit_rho0.0_full_hvhm__cpbsd_a.json",
      "bundle_space_size": null,
      "bundle_space_fraction": null,
      "full_bundle_space_size": 1024,
      "ratio_to_bsp": 0.9784429235850778,
      "ratio_to_cpbsd_a": 1.0
    }
  ]
}
