/Users/sensen/.openclaw/workspace/domains/revenue-management/project-root/code_submission_project/code_submission/src/data/generate_data_CPBSD.py:106: RuntimeWarning: divide by zero encountered in matmul
  z = rng.multivariate_normal(mean=np.zeros(n), cov=corr, size=k)
/Users/sensen/.openclaw/workspace/domains/revenue-management/project-root/code_submission_project/code_submission/src/data/generate_data_CPBSD.py:106: RuntimeWarning: overflow encountered in matmul
  z = rng.multivariate_normal(mean=np.zeros(n), cov=corr, size=k)
/Users/sensen/.openclaw/workspace/domains/revenue-management/project-root/code_submission_project/code_submission/src/data/generate_data_CPBSD.py:106: RuntimeWarning: invalid value encountered in matmul
  z = rng.multivariate_normal(mean=np.zeros(n), cov=corr, size=k)
/Users/sensen/.openclaw/workspace/domains/revenue-management/project-root/code_submission_project/code_submission/src/data/solve_mb_bsp_on_cpbsd_v2.py:302: RuntimeWarning: divide by zero encountered in matmul
  revenues = v_kn @ assortments.T
/Users/sensen/.openclaw/workspace/domains/revenue-management/project-root/code_submission_project/code_submission/src/data/solve_mb_bsp_on_cpbsd_v2.py:302: RuntimeWarning: overflow encountered in matmul
  revenues = v_kn @ assortments.T
/Users/sensen/.openclaw/workspace/domains/revenue-management/project-root/code_submission_project/code_submission/src/data/solve_mb_bsp_on_cpbsd_v2.py:302: RuntimeWarning: invalid value encountered in matmul
  revenues = v_kn @ assortments.T
Set parameter LicenseID to value 2784353
Set parameter MIPGap to value 0.001
Set parameter TimeLimit to value 300
{
  "root": "/Users/sensen/.openclaw/workspace/domains/revenue-management/experiments/fcp_mb_phase2_selected_n10_n30_5inst/n10/logit_rho0.0_full_hvhm/runs/seed_20260413",
  "summary_path": "/Users/sensen/.openclaw/workspace/domains/revenue-management/experiments/fcp_mb_phase2_selected_n10_n30_5inst/n10/logit_rho0.0_full_hvhm/runs/seed_20260413/comparison_summary.json",
  "csv_path": "/Users/sensen/.openclaw/workspace/domains/revenue-management/experiments/fcp_mb_phase2_selected_n10_n30_5inst/n10/logit_rho0.0_full_hvhm/runs/seed_20260413/comparison_summary.csv",
  "aggregate": {
    "BSP": {
      "count": 1,
      "avg_revenue_in_sample": 2.8551579829690645,
      "avg_revenue_out_sample": 2.5256107479623906,
      "avg_runtime": 7.5407350063323975
    },
    "CPBSD-A": {
      "count": 1,
      "avg_revenue_in_sample": 2.9084860552655183,
      "avg_revenue_out_sample": 2.618325198085461,
      "avg_runtime": 300.1071710586548
    },
    "FCP-pruned-MB": {
      "count": 1,
      "avg_revenue_in_sample": 2.9653366096801794,
      "avg_revenue_out_sample": 2.5653271637345965,
      "avg_runtime": 188.88584399223328
    }
  },
  "rows": [
    {
      "instance_id": "cpbsd_instance_001_N10_K50_logit_rho0.0_full_hvhm",
      "seed": 20260413,
      "n": 10,
      "k": 50,
      "method": "FCP-pruned-MB",
      "revenue_in_sample": 2.9653366096801794,
      "revenue_out_sample": 2.5653271637345965,
      "solver_runtime": 188.88584399223328,
      "status_code": 2,
      "result_path": "/Users/sensen/.openclaw/workspace/domains/revenue-management/experiments/fcp_mb_phase2_selected_n10_n30_5inst/n10/logit_rho0.0_full_hvhm/runs/seed_20260413/results/cpbsd_instance_001_N10_K50_logit_rho0.0_full_hvhm__fcp_pruned_mb.json",
      "gcn_inference_time": 0.08121204376220703,
      "candidate_generation_time": 8.988380432128906e-05,
      "bundle_space_size": 29,
      "bundle_space_fraction": 0.0283203125,
      "full_bundle_space_size": 1024,
      "raw_customer_bundle_count": 50,
      "unique_threshold_bundle_count": 29,
      "threshold": 0.5,
      "ratio_to_bsp": 1.0385893275847877,
      "ratio_to_cpbsd_a": 1.0195464421470197
    },
    {
      "instance_id": "cpbsd_instance_001_N10_K50_logit_rho0.0_full_hvhm",
      "seed": 20260413,
      "n": 10,
      "k": 50,
      "method": "BSP",
      "revenue_in_sample": 2.8551579829690645,
      "revenue_out_sample": 2.5256107479623906,
      "solver_runtime": 7.5407350063323975,
      "status_code": 2,
      "result_path": "/Users/sensen/.openclaw/workspace/domains/revenue-management/experiments/fcp_mb_phase2_selected_n10_n30_5inst/n10/logit_rho0.0_full_hvhm/runs/seed_20260413/results/cpbsd_instance_001_N10_K50_logit_rho0.0_full_hvhm__bsp.json",
      "bundle_space_size": null,
      "bundle_space_fraction": null,
      "full_bundle_space_size": 1024,
      "ratio_to_bsp": 1.0,
      "ratio_to_cpbsd_a": 0.9816646628922602
    },
    {
      "instance_id": "cpbsd_instance_001_N10_K50_logit_rho0.0_full_hvhm",
      "seed": 20260413,
      "n": 10,
      "k": 50,
      "method": "CPBSD-A",
      "revenue_in_sample": 2.9084860552655183,
      "revenue_out_sample": 2.618325198085461,
      "solver_runtime": 300.1071710586548,
      "status_code": 9,
      "result_path": "/Users/sensen/.openclaw/workspace/domains/revenue-management/experiments/fcp_mb_phase2_selected_n10_n30_5inst/n10/logit_rho0.0_full_hvhm/runs/seed_20260413/results/cpbsd_instance_001_N10_K50_logit_rho0.0_full_hvhm__cpbsd_a.json",
      "bundle_space_size": null,
      "bundle_space_fraction": null,
      "full_bundle_space_size": 1024,
      "ratio_to_bsp": 1.0186778008833677,
      "ratio_to_cpbsd_a": 1.0
    }
  ]
}
