Set parameter LicenseID to value 2784353
/Users/sensen/.openclaw/workspace/domains/revenue-management/project-root/code_submission_project/code_submission/src/data/generate_data_CPBSD.py:106: RuntimeWarning: divide by zero encountered in matmul
  z = rng.multivariate_normal(mean=np.zeros(n), cov=corr, size=k)
/Users/sensen/.openclaw/workspace/domains/revenue-management/project-root/code_submission_project/code_submission/src/data/generate_data_CPBSD.py:106: RuntimeWarning: overflow encountered in matmul
  z = rng.multivariate_normal(mean=np.zeros(n), cov=corr, size=k)
/Users/sensen/.openclaw/workspace/domains/revenue-management/project-root/code_submission_project/code_submission/src/data/generate_data_CPBSD.py:106: RuntimeWarning: invalid value encountered in matmul
  z = rng.multivariate_normal(mean=np.zeros(n), cov=corr, size=k)
Set parameter MIPGap to value 0.001
Set parameter TimeLimit to value 300
{
  "root": "/Users/sensen/.openclaw/workspace/domains/revenue-management/experiments/fcp_mb_phase2_shortlist_n5_5inst/normal_rho-0.5_full_zero/runs/seed_20260415",
  "summary_path": "/Users/sensen/.openclaw/workspace/domains/revenue-management/experiments/fcp_mb_phase2_shortlist_n5_5inst/normal_rho-0.5_full_zero/runs/seed_20260415/comparison_summary.json",
  "csv_path": "/Users/sensen/.openclaw/workspace/domains/revenue-management/experiments/fcp_mb_phase2_shortlist_n5_5inst/normal_rho-0.5_full_zero/runs/seed_20260415/comparison_summary.csv",
  "aggregate": {
    "BSP": {
      "count": 1,
      "avg_revenue_in_sample": 26.0979088704853,
      "avg_revenue_out_sample": 25.416653535126734,
      "avg_runtime": 0.17667102813720703
    },
    "CPBSD-A": {
      "count": 1,
      "avg_revenue_in_sample": 26.097908870485323,
      "avg_revenue_out_sample": 24.85953416872406,
      "avg_runtime": 0.17054414749145508
    },
    "FCP-pruned-MB": {
      "count": 1,
      "avg_revenue_in_sample": 26.097908870485437,
      "avg_revenue_out_sample": 24.506508784979115,
      "avg_runtime": 0.3518493175506592
    }
  },
  "rows": [
    {
      "instance_id": "cpbsd_instance_001_N5_K50_normal_rho-0.5_full_zero",
      "seed": 20260415,
      "n": 5,
      "k": 50,
      "method": "FCP-pruned-MB",
      "revenue_in_sample": 26.097908870485437,
      "revenue_out_sample": 24.506508784979115,
      "solver_runtime": 0.3518493175506592,
      "status_code": 2,
      "result_path": "/Users/sensen/.openclaw/workspace/domains/revenue-management/experiments/fcp_mb_phase2_shortlist_n5_5inst/normal_rho-0.5_full_zero/runs/seed_20260415/results/cpbsd_instance_001_N5_K50_normal_rho-0.5_full_zero__fcp_pruned_mb.json",
      "gcn_inference_time": 0.06609392166137695,
      "candidate_generation_time": 6.079673767089844e-05,
      "bundle_space_size": 8,
      "bundle_space_fraction": 0.25,
      "full_bundle_space_size": 32,
      "raw_customer_bundle_count": 50,
      "unique_threshold_bundle_count": 7,
      "threshold": 0.5,
      "ratio_to_bsp": 1.0000000000000053,
      "ratio_to_cpbsd_a": 1.0000000000000044
    },
    {
      "instance_id": "cpbsd_instance_001_N5_K50_normal_rho-0.5_full_zero",
      "seed": 20260415,
      "n": 5,
      "k": 50,
      "method": "BSP",
      "revenue_in_sample": 26.0979088704853,
      "revenue_out_sample": 25.416653535126734,
      "solver_runtime": 0.17667102813720703,
      "status_code": 2,
      "result_path": "/Users/sensen/.openclaw/workspace/domains/revenue-management/experiments/fcp_mb_phase2_shortlist_n5_5inst/normal_rho-0.5_full_zero/runs/seed_20260415/results/cpbsd_instance_001_N5_K50_normal_rho-0.5_full_zero__bsp.json",
      "bundle_space_size": null,
      "bundle_space_fraction": null,
      "full_bundle_space_size": 32,
      "ratio_to_bsp": 1.0,
      "ratio_to_cpbsd_a": 0.999999999999999
    },
    {
      "instance_id": "cpbsd_instance_001_N5_K50_normal_rho-0.5_full_zero",
      "seed": 20260415,
      "n": 5,
      "k": 50,
      "method": "CPBSD-A",
      "revenue_in_sample": 26.097908870485323,
      "revenue_out_sample": 24.85953416872406,
      "solver_runtime": 0.17054414749145508,
      "status_code": 2,
      "result_path": "/Users/sensen/.openclaw/workspace/domains/revenue-management/experiments/fcp_mb_phase2_shortlist_n5_5inst/normal_rho-0.5_full_zero/runs/seed_20260415/results/cpbsd_instance_001_N5_K50_normal_rho-0.5_full_zero__cpbsd_a.json",
      "bundle_space_size": null,
      "bundle_space_fraction": null,
      "full_bundle_space_size": 32,
      "ratio_to_bsp": 1.0000000000000009,
      "ratio_to_cpbsd_a": 1.0
    }
  ]
}
