/Users/sensen/.openclaw/workspace/domains/revenue-management/project-root/code_submission_project/code_submission/src/data/solve_mb_bsp_on_cpbsd_v2.py:302: RuntimeWarning: divide by zero encountered in matmul
  revenues = v_kn @ assortments.T
/Users/sensen/.openclaw/workspace/domains/revenue-management/project-root/code_submission_project/code_submission/src/data/solve_mb_bsp_on_cpbsd_v2.py:302: RuntimeWarning: overflow encountered in matmul
  revenues = v_kn @ assortments.T
/Users/sensen/.openclaw/workspace/domains/revenue-management/project-root/code_submission_project/code_submission/src/data/solve_mb_bsp_on_cpbsd_v2.py:302: RuntimeWarning: invalid value encountered in matmul
  revenues = v_kn @ assortments.T
Set parameter LicenseID to value 2784353
/Users/sensen/.openclaw/workspace/domains/revenue-management/project-root/code_submission_project/code_submission/src/data/generate_data_CPBSD.py:106: RuntimeWarning: divide by zero encountered in matmul
  z = rng.multivariate_normal(mean=np.zeros(n), cov=corr, size=k)
/Users/sensen/.openclaw/workspace/domains/revenue-management/project-root/code_submission_project/code_submission/src/data/generate_data_CPBSD.py:106: RuntimeWarning: overflow encountered in matmul
  z = rng.multivariate_normal(mean=np.zeros(n), cov=corr, size=k)
/Users/sensen/.openclaw/workspace/domains/revenue-management/project-root/code_submission_project/code_submission/src/data/generate_data_CPBSD.py:106: RuntimeWarning: invalid value encountered in matmul
  z = rng.multivariate_normal(mean=np.zeros(n), cov=corr, size=k)
Set parameter MIPGap to value 0.001
Set parameter TimeLimit to value 300
{
  "root": "/Users/sensen/.openclaw/workspace/domains/revenue-management/experiments/fcp_mb_phase2_shortlist_n5_5inst/logit_rho0.0_full_hvhm/runs/seed_20260415",
  "summary_path": "/Users/sensen/.openclaw/workspace/domains/revenue-management/experiments/fcp_mb_phase2_shortlist_n5_5inst/logit_rho0.0_full_hvhm/runs/seed_20260415/comparison_summary.json",
  "csv_path": "/Users/sensen/.openclaw/workspace/domains/revenue-management/experiments/fcp_mb_phase2_shortlist_n5_5inst/logit_rho0.0_full_hvhm/runs/seed_20260415/comparison_summary.csv",
  "aggregate": {
    "BSP": {
      "count": 1,
      "avg_revenue_in_sample": 1.4015297692277453,
      "avg_revenue_out_sample": 1.1745145088385962,
      "avg_runtime": 3.2038447856903076
    },
    "CPBSD-A": {
      "count": 1,
      "avg_revenue_in_sample": 1.444825842499742,
      "avg_revenue_out_sample": 1.1628647170412478,
      "avg_runtime": 22.453030109405518
    },
    "FCP-pruned-MB": {
      "count": 1,
      "avg_revenue_in_sample": 1.4886899896311858,
      "avg_revenue_out_sample": 1.119139435623477,
      "avg_runtime": 17.571754693984985
    }
  },
  "rows": [
    {
      "instance_id": "cpbsd_instance_001_N5_K50_logit_rho0.0_full_hvhm",
      "seed": 20260415,
      "n": 5,
      "k": 50,
      "method": "FCP-pruned-MB",
      "revenue_in_sample": 1.4886899896311858,
      "revenue_out_sample": 1.119139435623477,
      "solver_runtime": 17.571754693984985,
      "status_code": 2,
      "result_path": "/Users/sensen/.openclaw/workspace/domains/revenue-management/experiments/fcp_mb_phase2_shortlist_n5_5inst/logit_rho0.0_full_hvhm/runs/seed_20260415/results/cpbsd_instance_001_N5_K50_logit_rho0.0_full_hvhm__fcp_pruned_mb.json",
      "gcn_inference_time": 0.06685972213745117,
      "candidate_generation_time": 8.535385131835938e-05,
      "bundle_space_size": 15,
      "bundle_space_fraction": 0.46875,
      "full_bundle_space_size": 32,
      "raw_customer_bundle_count": 50,
      "unique_threshold_bundle_count": 15,
      "threshold": 0.5,
      "ratio_to_bsp": 1.0621893464678003,
      "ratio_to_cpbsd_a": 1.0303594702151457
    },
    {
      "instance_id": "cpbsd_instance_001_N5_K50_logit_rho0.0_full_hvhm",
      "seed": 20260415,
      "n": 5,
      "k": 50,
      "method": "BSP",
      "revenue_in_sample": 1.4015297692277453,
      "revenue_out_sample": 1.1745145088385962,
      "solver_runtime": 3.2038447856903076,
      "status_code": 2,
      "result_path": "/Users/sensen/.openclaw/workspace/domains/revenue-management/experiments/fcp_mb_phase2_shortlist_n5_5inst/logit_rho0.0_full_hvhm/runs/seed_20260415/results/cpbsd_instance_001_N5_K50_logit_rho0.0_full_hvhm__bsp.json",
      "bundle_space_size": null,
      "bundle_space_fraction": null,
      "full_bundle_space_size": 32,
      "ratio_to_bsp": 1.0,
      "ratio_to_cpbsd_a": 0.9700337078709164
    },
    {
      "instance_id": "cpbsd_instance_001_N5_K50_logit_rho0.0_full_hvhm",
      "seed": 20260415,
      "n": 5,
      "k": 50,
      "method": "CPBSD-A",
      "revenue_in_sample": 1.444825842499742,
      "revenue_out_sample": 1.1628647170412478,
      "solver_runtime": 22.453030109405518,
      "status_code": 2,
      "result_path": "/Users/sensen/.openclaw/workspace/domains/revenue-management/experiments/fcp_mb_phase2_shortlist_n5_5inst/logit_rho0.0_full_hvhm/runs/seed_20260415/results/cpbsd_instance_001_N5_K50_logit_rho0.0_full_hvhm__cpbsd_a.json",
      "bundle_space_size": null,
      "bundle_space_fraction": null,
      "full_bundle_space_size": 32,
      "ratio_to_bsp": 1.0308920111599578,
      "ratio_to_cpbsd_a": 1.0
    }
  ]
}
