Set parameter LicenseID to value 2784353
/Users/sensen/.openclaw/workspace/domains/revenue-management/project-root/code_submission_project/code_submission/src/data/generate_data_CPBSD.py:106: RuntimeWarning: divide by zero encountered in matmul
  z = rng.multivariate_normal(mean=np.zeros(n), cov=corr, size=k)
/Users/sensen/.openclaw/workspace/domains/revenue-management/project-root/code_submission_project/code_submission/src/data/generate_data_CPBSD.py:106: RuntimeWarning: overflow encountered in matmul
  z = rng.multivariate_normal(mean=np.zeros(n), cov=corr, size=k)
/Users/sensen/.openclaw/workspace/domains/revenue-management/project-root/code_submission_project/code_submission/src/data/generate_data_CPBSD.py:106: RuntimeWarning: invalid value encountered in matmul
  z = rng.multivariate_normal(mean=np.zeros(n), cov=corr, size=k)
Set parameter MIPGap to value 0.001
Set parameter TimeLimit to value 300
{
  "root": "/Users/sensen/.openclaw/workspace/domains/revenue-management/experiments/fcp_mb_phase2_shortlist_n5_5inst/logit_rho0.0_full_hvhm/runs/seed_20260416",
  "summary_path": "/Users/sensen/.openclaw/workspace/domains/revenue-management/experiments/fcp_mb_phase2_shortlist_n5_5inst/logit_rho0.0_full_hvhm/runs/seed_20260416/comparison_summary.json",
  "csv_path": "/Users/sensen/.openclaw/workspace/domains/revenue-management/experiments/fcp_mb_phase2_shortlist_n5_5inst/logit_rho0.0_full_hvhm/runs/seed_20260416/comparison_summary.csv",
  "aggregate": {
    "BSP": {
      "count": 1,
      "avg_revenue_in_sample": 1.2816621680248517,
      "avg_revenue_out_sample": 1.0375914924423535,
      "avg_runtime": 3.711435079574585
    },
    "CPBSD-A": {
      "count": 1,
      "avg_revenue_in_sample": 1.2669232543871014,
      "avg_revenue_out_sample": 1.121880828011137,
      "avg_runtime": 13.579787969589233
    },
    "FCP-pruned-MB": {
      "count": 1,
      "avg_revenue_in_sample": 1.284183318004443,
      "avg_revenue_out_sample": 1.1105102075863291,
      "avg_runtime": 30.718074798583984
    }
  },
  "rows": [
    {
      "instance_id": "cpbsd_instance_001_N5_K50_logit_rho0.0_full_hvhm",
      "seed": 20260416,
      "n": 5,
      "k": 50,
      "method": "FCP-pruned-MB",
      "revenue_in_sample": 1.284183318004443,
      "revenue_out_sample": 1.1105102075863291,
      "solver_runtime": 30.718074798583984,
      "status_code": 2,
      "result_path": "/Users/sensen/.openclaw/workspace/domains/revenue-management/experiments/fcp_mb_phase2_shortlist_n5_5inst/logit_rho0.0_full_hvhm/runs/seed_20260416/results/cpbsd_instance_001_N5_K50_logit_rho0.0_full_hvhm__fcp_pruned_mb.json",
      "gcn_inference_time": 0.06039094924926758,
      "candidate_generation_time": 7.295608520507812e-05,
      "bundle_space_size": 12,
      "bundle_space_fraction": 0.375,
      "full_bundle_space_size": 32,
      "raw_customer_bundle_count": 50,
      "unique_threshold_bundle_count": 12,
      "threshold": 0.5,
      "ratio_to_bsp": 1.0019670940147019,
      "ratio_to_cpbsd_a": 1.0136236062899417
    },
    {
      "instance_id": "cpbsd_instance_001_N5_K50_logit_rho0.0_full_hvhm",
      "seed": 20260416,
      "n": 5,
      "k": 50,
      "method": "BSP",
      "revenue_in_sample": 1.2816621680248517,
      "revenue_out_sample": 1.0375914924423535,
      "solver_runtime": 3.711435079574585,
      "status_code": 2,
      "result_path": "/Users/sensen/.openclaw/workspace/domains/revenue-management/experiments/fcp_mb_phase2_shortlist_n5_5inst/logit_rho0.0_full_hvhm/runs/seed_20260416/results/cpbsd_instance_001_N5_K50_logit_rho0.0_full_hvhm__bsp.json",
      "bundle_space_size": null,
      "bundle_space_fraction": null,
      "full_bundle_space_size": 32,
      "ratio_to_bsp": 1.0,
      "ratio_to_cpbsd_a": 1.0116336278355553
    },
    {
      "instance_id": "cpbsd_instance_001_N5_K50_logit_rho0.0_full_hvhm",
      "seed": 20260416,
      "n": 5,
      "k": 50,
      "method": "CPBSD-A",
      "revenue_in_sample": 1.2669232543871014,
      "revenue_out_sample": 1.121880828011137,
      "solver_runtime": 13.579787969589233,
      "status_code": 2,
      "result_path": "/Users/sensen/.openclaw/workspace/domains/revenue-management/experiments/fcp_mb_phase2_shortlist_n5_5inst/logit_rho0.0_full_hvhm/runs/seed_20260416/results/cpbsd_instance_001_N5_K50_logit_rho0.0_full_hvhm__cpbsd_a.json",
      "bundle_space_size": null,
      "bundle_space_fraction": null,
      "full_bundle_space_size": 32,
      "ratio_to_bsp": 0.988500157057406,
      "ratio_to_cpbsd_a": 1.0
    }
  ]
}
