/Users/sensen/.openclaw/workspace/domains/revenue-management/project-root/code_submission_project/code_submission/src/data/generate_data_CPBSD.py:106: RuntimeWarning: divide by zero encountered in matmul
  z = rng.multivariate_normal(mean=np.zeros(n), cov=corr, size=k)
/Users/sensen/.openclaw/workspace/domains/revenue-management/project-root/code_submission_project/code_submission/src/data/generate_data_CPBSD.py:106: RuntimeWarning: overflow encountered in matmul
  z = rng.multivariate_normal(mean=np.zeros(n), cov=corr, size=k)
/Users/sensen/.openclaw/workspace/domains/revenue-management/project-root/code_submission_project/code_submission/src/data/generate_data_CPBSD.py:106: RuntimeWarning: invalid value encountered in matmul
  z = rng.multivariate_normal(mean=np.zeros(n), cov=corr, size=k)
/Users/sensen/.openclaw/workspace/domains/revenue-management/project-root/code_submission_project/code_submission/src/data/solve_mb_bsp_on_cpbsd_v2.py:302: RuntimeWarning: divide by zero encountered in matmul
  revenues = v_kn @ assortments.T
/Users/sensen/.openclaw/workspace/domains/revenue-management/project-root/code_submission_project/code_submission/src/data/solve_mb_bsp_on_cpbsd_v2.py:302: RuntimeWarning: overflow encountered in matmul
  revenues = v_kn @ assortments.T
/Users/sensen/.openclaw/workspace/domains/revenue-management/project-root/code_submission_project/code_submission/src/data/solve_mb_bsp_on_cpbsd_v2.py:302: RuntimeWarning: invalid value encountered in matmul
  revenues = v_kn @ assortments.T
Set parameter LicenseID to value 2784353
Set parameter MIPGap to value 0.001
Set parameter TimeLimit to value 300
{
  "root": "/Users/sensen/.openclaw/workspace/domains/revenue-management/experiments/fcp_mb_phase2_selected_n10_n30_5inst/n10/normal_rho0.5_full_hvhm/runs/seed_20260416",
  "summary_path": "/Users/sensen/.openclaw/workspace/domains/revenue-management/experiments/fcp_mb_phase2_selected_n10_n30_5inst/n10/normal_rho0.5_full_hvhm/runs/seed_20260416/comparison_summary.json",
  "csv_path": "/Users/sensen/.openclaw/workspace/domains/revenue-management/experiments/fcp_mb_phase2_selected_n10_n30_5inst/n10/normal_rho0.5_full_hvhm/runs/seed_20260416/comparison_summary.csv",
  "aggregate": {
    "BSP": {
      "count": 1,
      "avg_revenue_in_sample": 2.5632971598411873,
      "avg_revenue_out_sample": 2.2530262282174505,
      "avg_runtime": 4.029436826705933
    },
    "CPBSD-A": {
      "count": 1,
      "avg_revenue_in_sample": 2.8629311462920417,
      "avg_revenue_out_sample": 2.4716661364997994,
      "avg_runtime": 300.14875411987305
    },
    "FCP-pruned-MB": {
      "count": 1,
      "avg_revenue_in_sample": 3.0840204437801266,
      "avg_revenue_out_sample": 2.2643082373933696,
      "avg_runtime": 93.31033706665039
    }
  },
  "rows": [
    {
      "instance_id": "cpbsd_instance_001_N10_K50_normal_rho0.5_full_hvhm",
      "seed": 20260416,
      "n": 10,
      "k": 50,
      "method": "FCP-pruned-MB",
      "revenue_in_sample": 3.0840204437801266,
      "revenue_out_sample": 2.2643082373933696,
      "solver_runtime": 93.31033706665039,
      "status_code": 2,
      "result_path": "/Users/sensen/.openclaw/workspace/domains/revenue-management/experiments/fcp_mb_phase2_selected_n10_n30_5inst/n10/normal_rho0.5_full_hvhm/runs/seed_20260416/results/cpbsd_instance_001_N10_K50_normal_rho0.5_full_hvhm__fcp_pruned_mb.json",
      "gcn_inference_time": 0.2682969570159912,
      "candidate_generation_time": 0.00016617774963378906,
      "bundle_space_size": 29,
      "bundle_space_fraction": 0.0283203125,
      "full_bundle_space_size": 1024,
      "raw_customer_bundle_count": 50,
      "unique_threshold_bundle_count": 29,
      "threshold": 0.5,
      "ratio_to_bsp": 1.2031458904168573,
      "ratio_to_cpbsd_a": 1.0772248042969637
    },
    {
      "instance_id": "cpbsd_instance_001_N10_K50_normal_rho0.5_full_hvhm",
      "seed": 20260416,
      "n": 10,
      "k": 50,
      "method": "BSP",
      "revenue_in_sample": 2.5632971598411873,
      "revenue_out_sample": 2.2530262282174505,
      "solver_runtime": 4.029436826705933,
      "status_code": 2,
      "result_path": "/Users/sensen/.openclaw/workspace/domains/revenue-management/experiments/fcp_mb_phase2_selected_n10_n30_5inst/n10/normal_rho0.5_full_hvhm/runs/seed_20260416/results/cpbsd_instance_001_N10_K50_normal_rho0.5_full_hvhm__bsp.json",
      "bundle_space_size": null,
      "bundle_space_fraction": null,
      "full_bundle_space_size": 1024,
      "ratio_to_bsp": 1.0,
      "ratio_to_cpbsd_a": 0.8953401352879448
    },
    {
      "instance_id": "cpbsd_instance_001_N10_K50_normal_rho0.5_full_hvhm",
      "seed": 20260416,
      "n": 10,
      "k": 50,
      "method": "CPBSD-A",
      "revenue_in_sample": 2.8629311462920417,
      "revenue_out_sample": 2.4716661364997994,
      "solver_runtime": 300.14875411987305,
      "status_code": 9,
      "result_path": "/Users/sensen/.openclaw/workspace/domains/revenue-management/experiments/fcp_mb_phase2_selected_n10_n30_5inst/n10/normal_rho0.5_full_hvhm/runs/seed_20260416/results/cpbsd_instance_001_N10_K50_normal_rho0.5_full_hvhm__cpbsd_a.json",
      "bundle_space_size": null,
      "bundle_space_fraction": null,
      "full_bundle_space_size": 1024,
      "ratio_to_bsp": 1.1168939720080753,
      "ratio_to_cpbsd_a": 1.0
    }
  ]
}
