/Users/sensen/.openclaw/workspace/domains/revenue-management/project-root/code_submission_project/code_submission/src/data/generate_data_CPBSD.py:106: RuntimeWarning: divide by zero encountered in matmul
  z = rng.multivariate_normal(mean=np.zeros(n), cov=corr, size=k)
/Users/sensen/.openclaw/workspace/domains/revenue-management/project-root/code_submission_project/code_submission/src/data/generate_data_CPBSD.py:106: RuntimeWarning: overflow encountered in matmul
  z = rng.multivariate_normal(mean=np.zeros(n), cov=corr, size=k)
/Users/sensen/.openclaw/workspace/domains/revenue-management/project-root/code_submission_project/code_submission/src/data/generate_data_CPBSD.py:106: RuntimeWarning: invalid value encountered in matmul
  z = rng.multivariate_normal(mean=np.zeros(n), cov=corr, size=k)
/Users/sensen/.openclaw/workspace/domains/revenue-management/project-root/code_submission_project/code_submission/src/data/solve_mb_bsp_on_cpbsd_v2.py:302: RuntimeWarning: divide by zero encountered in matmul
  revenues = v_kn @ assortments.T
/Users/sensen/.openclaw/workspace/domains/revenue-management/project-root/code_submission_project/code_submission/src/data/solve_mb_bsp_on_cpbsd_v2.py:302: RuntimeWarning: overflow encountered in matmul
  revenues = v_kn @ assortments.T
/Users/sensen/.openclaw/workspace/domains/revenue-management/project-root/code_submission_project/code_submission/src/data/solve_mb_bsp_on_cpbsd_v2.py:302: RuntimeWarning: invalid value encountered in matmul
  revenues = v_kn @ assortments.T
Set parameter LicenseID to value 2784353
Set parameter MIPGap to value 0.001
Set parameter TimeLimit to value 300
{
  "root": "/Users/sensen/.openclaw/workspace/domains/revenue-management/experiments/fcp_mb_phase2_selected_n10_n30_5inst/n10/normal_rho0.5_full_hvhm/runs/seed_20260413",
  "summary_path": "/Users/sensen/.openclaw/workspace/domains/revenue-management/experiments/fcp_mb_phase2_selected_n10_n30_5inst/n10/normal_rho0.5_full_hvhm/runs/seed_20260413/comparison_summary.json",
  "csv_path": "/Users/sensen/.openclaw/workspace/domains/revenue-management/experiments/fcp_mb_phase2_selected_n10_n30_5inst/n10/normal_rho0.5_full_hvhm/runs/seed_20260413/comparison_summary.csv",
  "aggregate": {
    "BSP": {
      "count": 1,
      "avg_revenue_in_sample": 2.946408001591988,
      "avg_revenue_out_sample": 2.1630113663082207,
      "avg_runtime": 7.961924076080322
    },
    "CPBSD-A": {
      "count": 1,
      "avg_revenue_in_sample": 3.233942557521158,
      "avg_revenue_out_sample": 2.4073384505908146,
      "avg_runtime": 300.31119298934937
    },
    "FCP-pruned-MB": {
      "count": 1,
      "avg_revenue_in_sample": 3.3228964206740907,
      "avg_revenue_out_sample": 2.173379366555461,
      "avg_runtime": 54.17946791648865
    }
  },
  "rows": [
    {
      "instance_id": "cpbsd_instance_001_N10_K50_normal_rho0.5_full_hvhm",
      "seed": 20260413,
      "n": 10,
      "k": 50,
      "method": "FCP-pruned-MB",
      "revenue_in_sample": 3.3228964206740907,
      "revenue_out_sample": 2.173379366555461,
      "solver_runtime": 54.17946791648865,
      "status_code": 2,
      "result_path": "/Users/sensen/.openclaw/workspace/domains/revenue-management/experiments/fcp_mb_phase2_selected_n10_n30_5inst/n10/normal_rho0.5_full_hvhm/runs/seed_20260413/results/cpbsd_instance_001_N10_K50_normal_rho0.5_full_hvhm__fcp_pruned_mb.json",
      "gcn_inference_time": 0.11533498764038086,
      "candidate_generation_time": 8.225440979003906e-05,
      "bundle_space_size": 24,
      "bundle_space_fraction": 0.0234375,
      "full_bundle_space_size": 1024,
      "raw_customer_bundle_count": 50,
      "unique_threshold_bundle_count": 24,
      "threshold": 0.5,
      "ratio_to_bsp": 1.1277787797476386,
      "ratio_to_cpbsd_a": 1.0275063213309257
    },
    {
      "instance_id": "cpbsd_instance_001_N10_K50_normal_rho0.5_full_hvhm",
      "seed": 20260413,
      "n": 10,
      "k": 50,
      "method": "BSP",
      "revenue_in_sample": 2.946408001591988,
      "revenue_out_sample": 2.1630113663082207,
      "solver_runtime": 7.961924076080322,
      "status_code": 2,
      "result_path": "/Users/sensen/.openclaw/workspace/domains/revenue-management/experiments/fcp_mb_phase2_selected_n10_n30_5inst/n10/normal_rho0.5_full_hvhm/runs/seed_20260413/results/cpbsd_instance_001_N10_K50_normal_rho0.5_full_hvhm__bsp.json",
      "bundle_space_size": null,
      "bundle_space_fraction": null,
      "full_bundle_space_size": 1024,
      "ratio_to_bsp": 1.0,
      "ratio_to_cpbsd_a": 0.9110885395102479
    },
    {
      "instance_id": "cpbsd_instance_001_N10_K50_normal_rho0.5_full_hvhm",
      "seed": 20260413,
      "n": 10,
      "k": 50,
      "method": "CPBSD-A",
      "revenue_in_sample": 3.233942557521158,
      "revenue_out_sample": 2.4073384505908146,
      "solver_runtime": 300.31119298934937,
      "status_code": 9,
      "result_path": "/Users/sensen/.openclaw/workspace/domains/revenue-management/experiments/fcp_mb_phase2_selected_n10_n30_5inst/n10/normal_rho0.5_full_hvhm/runs/seed_20260413/results/cpbsd_instance_001_N10_K50_normal_rho0.5_full_hvhm__cpbsd_a.json",
      "bundle_space_size": null,
      "bundle_space_fraction": null,
      "full_bundle_space_size": 1024,
      "ratio_to_bsp": 1.0975881669387983,
      "ratio_to_cpbsd_a": 1.0
    }
  ]
}
