/Users/sensen/.openclaw/workspace/domains/revenue-management/project-root/code_submission_project/code_submission/src/data/generate_data_CPBSD.py:106: RuntimeWarning: divide by zero encountered in matmul
  z = rng.multivariate_normal(mean=np.zeros(n), cov=corr, size=k)
/Users/sensen/.openclaw/workspace/domains/revenue-management/project-root/code_submission_project/code_submission/src/data/generate_data_CPBSD.py:106: RuntimeWarning: overflow encountered in matmul
  z = rng.multivariate_normal(mean=np.zeros(n), cov=corr, size=k)
/Users/sensen/.openclaw/workspace/domains/revenue-management/project-root/code_submission_project/code_submission/src/data/generate_data_CPBSD.py:106: RuntimeWarning: invalid value encountered in matmul
  z = rng.multivariate_normal(mean=np.zeros(n), cov=corr, size=k)
/Users/sensen/.openclaw/workspace/domains/revenue-management/project-root/code_submission_project/code_submission/src/data/solve_mb_bsp_on_cpbsd_v2.py:302: RuntimeWarning: divide by zero encountered in matmul
  revenues = v_kn @ assortments.T
/Users/sensen/.openclaw/workspace/domains/revenue-management/project-root/code_submission_project/code_submission/src/data/solve_mb_bsp_on_cpbsd_v2.py:302: RuntimeWarning: overflow encountered in matmul
  revenues = v_kn @ assortments.T
/Users/sensen/.openclaw/workspace/domains/revenue-management/project-root/code_submission_project/code_submission/src/data/solve_mb_bsp_on_cpbsd_v2.py:302: RuntimeWarning: invalid value encountered in matmul
  revenues = v_kn @ assortments.T
Set parameter LicenseID to value 2784353
Set parameter MIPGap to value 0.001
Set parameter TimeLimit to value 300
{
  "root": "/Users/sensen/.openclaw/workspace/domains/revenue-management/experiments/fcp_mb_phase2_selected_n10_n30_5inst/n10/normal_rho0.0_full_zero/runs/seed_20260414",
  "summary_path": "/Users/sensen/.openclaw/workspace/domains/revenue-management/experiments/fcp_mb_phase2_selected_n10_n30_5inst/n10/normal_rho0.0_full_zero/runs/seed_20260414/comparison_summary.json",
  "csv_path": "/Users/sensen/.openclaw/workspace/domains/revenue-management/experiments/fcp_mb_phase2_selected_n10_n30_5inst/n10/normal_rho0.0_full_zero/runs/seed_20260414/comparison_summary.csv",
  "aggregate": {
    "BSP": {
      "count": 1,
      "avg_revenue_in_sample": 51.45204501343212,
      "avg_revenue_out_sample": 50.742837614546865,
      "avg_runtime": 0.4522249698638916
    },
    "CPBSD-A": {
      "count": 1,
      "avg_revenue_in_sample": 51.46782547787456,
      "avg_revenue_out_sample": 50.80809999797634,
      "avg_runtime": 2.0258610248565674
    },
    "FCP-pruned-MB": {
      "count": 1,
      "avg_revenue_in_sample": 51.487696553319644,
      "avg_revenue_out_sample": 50.037229533445796,
      "avg_runtime": 4.700624942779541
    }
  },
  "rows": [
    {
      "instance_id": "cpbsd_instance_001_N10_K50_normal_rho0.0_full_zero",
      "seed": 20260414,
      "n": 10,
      "k": 50,
      "method": "FCP-pruned-MB",
      "revenue_in_sample": 51.487696553319644,
      "revenue_out_sample": 50.037229533445796,
      "solver_runtime": 4.700624942779541,
      "status_code": 2,
      "result_path": "/Users/sensen/.openclaw/workspace/domains/revenue-management/experiments/fcp_mb_phase2_selected_n10_n30_5inst/n10/normal_rho0.0_full_zero/runs/seed_20260414/results/cpbsd_instance_001_N10_K50_normal_rho0.0_full_zero__fcp_pruned_mb.json",
      "gcn_inference_time": 0.2017688751220703,
      "candidate_generation_time": 0.00010991096496582031,
      "bundle_space_size": 26,
      "bundle_space_fraction": 0.025390625,
      "full_bundle_space_size": 1024,
      "raw_customer_bundle_count": 50,
      "unique_threshold_bundle_count": 25,
      "threshold": 0.5,
      "ratio_to_bsp": 1.000692908122082,
      "ratio_to_cpbsd_a": 1.0003860873324368
    },
    {
      "instance_id": "cpbsd_instance_001_N10_K50_normal_rho0.0_full_zero",
      "seed": 20260414,
      "n": 10,
      "k": 50,
      "method": "BSP",
      "revenue_in_sample": 51.45204501343212,
      "revenue_out_sample": 50.742837614546865,
      "solver_runtime": 0.4522249698638916,
      "status_code": 2,
      "result_path": "/Users/sensen/.openclaw/workspace/domains/revenue-management/experiments/fcp_mb_phase2_selected_n10_n30_5inst/n10/normal_rho0.0_full_zero/runs/seed_20260414/results/cpbsd_instance_001_N10_K50_normal_rho0.0_full_zero__bsp.json",
      "bundle_space_size": null,
      "bundle_space_fraction": null,
      "full_bundle_space_size": 1024,
      "ratio_to_bsp": 1.0,
      "ratio_to_cpbsd_a": 0.999693391661763
    },
    {
      "instance_id": "cpbsd_instance_001_N10_K50_normal_rho0.0_full_zero",
      "seed": 20260414,
      "n": 10,
      "k": 50,
      "method": "CPBSD-A",
      "revenue_in_sample": 51.46782547787456,
      "revenue_out_sample": 50.80809999797634,
      "solver_runtime": 2.0258610248565674,
      "status_code": 2,
      "result_path": "/Users/sensen/.openclaw/workspace/domains/revenue-management/experiments/fcp_mb_phase2_selected_n10_n30_5inst/n10/normal_rho0.0_full_zero/runs/seed_20260414/results/cpbsd_instance_001_N10_K50_normal_rho0.0_full_zero__cpbsd_a.json",
      "bundle_space_size": null,
      "bundle_space_fraction": null,
      "full_bundle_space_size": 1024,
      "ratio_to_bsp": 1.0003067023757428,
      "ratio_to_cpbsd_a": 1.0
    }
  ]
}
