/Users/sensen/.openclaw/workspace/domains/revenue-management/project-root/code_submission_project/code_submission/src/data/generate_data_CPBSD.py:106: RuntimeWarning: divide by zero encountered in matmul
  z = rng.multivariate_normal(mean=np.zeros(n), cov=corr, size=k)
/Users/sensen/.openclaw/workspace/domains/revenue-management/project-root/code_submission_project/code_submission/src/data/generate_data_CPBSD.py:106: RuntimeWarning: overflow encountered in matmul
  z = rng.multivariate_normal(mean=np.zeros(n), cov=corr, size=k)
/Users/sensen/.openclaw/workspace/domains/revenue-management/project-root/code_submission_project/code_submission/src/data/generate_data_CPBSD.py:106: RuntimeWarning: invalid value encountered in matmul
  z = rng.multivariate_normal(mean=np.zeros(n), cov=corr, size=k)
/Users/sensen/.openclaw/workspace/domains/revenue-management/project-root/code_submission_project/code_submission/src/data/solve_mb_bsp_on_cpbsd_v2.py:302: RuntimeWarning: divide by zero encountered in matmul
  revenues = v_kn @ assortments.T
/Users/sensen/.openclaw/workspace/domains/revenue-management/project-root/code_submission_project/code_submission/src/data/solve_mb_bsp_on_cpbsd_v2.py:302: RuntimeWarning: overflow encountered in matmul
  revenues = v_kn @ assortments.T
/Users/sensen/.openclaw/workspace/domains/revenue-management/project-root/code_submission_project/code_submission/src/data/solve_mb_bsp_on_cpbsd_v2.py:302: RuntimeWarning: invalid value encountered in matmul
  revenues = v_kn @ assortments.T
Set parameter LicenseID to value 2784353
Set parameter MIPGap to value 0.001
Set parameter TimeLimit to value 300
{
  "root": "/Users/sensen/.openclaw/workspace/domains/revenue-management/experiments/fcp_mb_phase2_selected_n10_n30_5inst/n10/normal_rho0.0_full_zero/runs/seed_20260416",
  "summary_path": "/Users/sensen/.openclaw/workspace/domains/revenue-management/experiments/fcp_mb_phase2_selected_n10_n30_5inst/n10/normal_rho0.0_full_zero/runs/seed_20260416/comparison_summary.json",
  "csv_path": "/Users/sensen/.openclaw/workspace/domains/revenue-management/experiments/fcp_mb_phase2_selected_n10_n30_5inst/n10/normal_rho0.0_full_zero/runs/seed_20260416/comparison_summary.csv",
  "aggregate": {
    "BSP": {
      "count": 1,
      "avg_revenue_in_sample": 51.700612429514294,
      "avg_revenue_out_sample": 50.84238226317659,
      "avg_runtime": 0.5721662044525146
    },
    "CPBSD-A": {
      "count": 1,
      "avg_revenue_in_sample": 51.70061242951207,
      "avg_revenue_out_sample": 50.84238226317762,
      "avg_runtime": 1.725080966949463
    },
    "FCP-pruned-MB": {
      "count": 1,
      "avg_revenue_in_sample": 51.972322305616444,
      "avg_revenue_out_sample": 50.44518130828603,
      "avg_runtime": 1.2880260944366455
    }
  },
  "rows": [
    {
      "instance_id": "cpbsd_instance_001_N10_K50_normal_rho0.0_full_zero",
      "seed": 20260416,
      "n": 10,
      "k": 50,
      "method": "FCP-pruned-MB",
      "revenue_in_sample": 51.972322305616444,
      "revenue_out_sample": 50.44518130828603,
      "solver_runtime": 1.2880260944366455,
      "status_code": 2,
      "result_path": "/Users/sensen/.openclaw/workspace/domains/revenue-management/experiments/fcp_mb_phase2_selected_n10_n30_5inst/n10/normal_rho0.0_full_zero/runs/seed_20260416/results/cpbsd_instance_001_N10_K50_normal_rho0.0_full_zero__fcp_pruned_mb.json",
      "gcn_inference_time": 0.06962990760803223,
      "candidate_generation_time": 6.508827209472656e-05,
      "bundle_space_size": 24,
      "bundle_space_fraction": 0.0234375,
      "full_bundle_space_size": 1024,
      "raw_customer_bundle_count": 50,
      "unique_threshold_bundle_count": 23,
      "threshold": 0.5,
      "ratio_to_bsp": 1.005255447920904,
      "ratio_to_cpbsd_a": 1.0052554479209472
    },
    {
      "instance_id": "cpbsd_instance_001_N10_K50_normal_rho0.0_full_zero",
      "seed": 20260416,
      "n": 10,
      "k": 50,
      "method": "BSP",
      "revenue_in_sample": 51.700612429514294,
      "revenue_out_sample": 50.84238226317659,
      "solver_runtime": 0.5721662044525146,
      "status_code": 2,
      "result_path": "/Users/sensen/.openclaw/workspace/domains/revenue-management/experiments/fcp_mb_phase2_selected_n10_n30_5inst/n10/normal_rho0.0_full_zero/runs/seed_20260416/results/cpbsd_instance_001_N10_K50_normal_rho0.0_full_zero__bsp.json",
      "bundle_space_size": null,
      "bundle_space_fraction": null,
      "full_bundle_space_size": 1024,
      "ratio_to_bsp": 1.0,
      "ratio_to_cpbsd_a": 1.000000000000043
    },
    {
      "instance_id": "cpbsd_instance_001_N10_K50_normal_rho0.0_full_zero",
      "seed": 20260416,
      "n": 10,
      "k": 50,
      "method": "CPBSD-A",
      "revenue_in_sample": 51.70061242951207,
      "revenue_out_sample": 50.84238226317762,
      "solver_runtime": 1.725080966949463,
      "status_code": 2,
      "result_path": "/Users/sensen/.openclaw/workspace/domains/revenue-management/experiments/fcp_mb_phase2_selected_n10_n30_5inst/n10/normal_rho0.0_full_zero/runs/seed_20260416/results/cpbsd_instance_001_N10_K50_normal_rho0.0_full_zero__cpbsd_a.json",
      "bundle_space_size": null,
      "bundle_space_fraction": null,
      "full_bundle_space_size": 1024,
      "ratio_to_bsp": 0.999999999999957,
      "ratio_to_cpbsd_a": 1.0
    }
  ]
}
