/Users/sensen/.openclaw/workspace/domains/revenue-management/project-root/code_submission_project/code_submission/src/data/generate_data_CPBSD.py:106: RuntimeWarning: divide by zero encountered in matmul
  z = rng.multivariate_normal(mean=np.zeros(n), cov=corr, size=k)
/Users/sensen/.openclaw/workspace/domains/revenue-management/project-root/code_submission_project/code_submission/src/data/generate_data_CPBSD.py:106: RuntimeWarning: overflow encountered in matmul
  z = rng.multivariate_normal(mean=np.zeros(n), cov=corr, size=k)
/Users/sensen/.openclaw/workspace/domains/revenue-management/project-root/code_submission_project/code_submission/src/data/generate_data_CPBSD.py:106: RuntimeWarning: invalid value encountered in matmul
  z = rng.multivariate_normal(mean=np.zeros(n), cov=corr, size=k)
/Users/sensen/.openclaw/workspace/domains/revenue-management/project-root/code_submission_project/code_submission/src/data/solve_mb_bsp_on_cpbsd_v2.py:214: RuntimeWarning: divide by zero encountered in matmul
  revenues = v_kn @ assortments.T
/Users/sensen/.openclaw/workspace/domains/revenue-management/project-root/code_submission_project/code_submission/src/data/solve_mb_bsp_on_cpbsd_v2.py:214: RuntimeWarning: overflow encountered in matmul
  revenues = v_kn @ assortments.T
/Users/sensen/.openclaw/workspace/domains/revenue-management/project-root/code_submission_project/code_submission/src/data/solve_mb_bsp_on_cpbsd_v2.py:214: RuntimeWarning: invalid value encountered in matmul
  revenues = v_kn @ assortments.T
Set parameter LicenseID to value 2784353
Set parameter MIPGap to value 0.01
Set parameter TimeLimit to value 300
{
  "root": "/Users/sensen/.openclaw/workspace/domains/revenue-management/experiments/cpbsd_fcp_pruned_mb_compare_n10k50_10inst_strict300/runs/seed_20260328",
  "summary_path": "/Users/sensen/.openclaw/workspace/domains/revenue-management/experiments/cpbsd_fcp_pruned_mb_compare_n10k50_10inst_strict300/runs/seed_20260328/comparison_summary.json",
  "csv_path": "/Users/sensen/.openclaw/workspace/domains/revenue-management/experiments/cpbsd_fcp_pruned_mb_compare_n10k50_10inst_strict300/runs/seed_20260328/comparison_summary.csv",
  "aggregate": {
    "BSP": {
      "count": 1,
      "avg_revenue_in_sample": 2.722119378720861,
      "avg_revenue_out_sample": 2.3159666836976878,
      "avg_runtime": 21.76146101951599
    },
    "CPBSD-A": {
      "count": 1,
      "avg_revenue_in_sample": 3.0505449470239014,
      "avg_revenue_out_sample": 2.8372787262802146,
      "avg_runtime": 300.22108006477356
    },
    "FCP-pruned-MB": {
      "count": 1,
      "avg_revenue_in_sample": 3.199538551939764,
      "avg_revenue_out_sample": 2.443800811019955,
      "avg_runtime": 165.71846079826355
    }
  },
  "rows": [
    {
      "instance_id": "cpbsd_instance_001_N10_K50_normal_rho0.0_full_hvhm",
      "seed": 20260328,
      "n": 10,
      "k": 50,
      "method": "FCP-pruned-MB",
      "revenue_in_sample": 3.199538551939764,
      "revenue_out_sample": 2.443800811019955,
      "solver_runtime": 165.71846079826355,
      "status_code": 2,
      "result_path": "/Users/sensen/.openclaw/workspace/domains/revenue-management/experiments/cpbsd_fcp_pruned_mb_compare_n10k50_10inst_strict300/runs/seed_20260328/results/cpbsd_instance_001_N10_K50_normal_rho0.0_full_hvhm__fcp_pruned_mb.json",
      "gcn_inference_time": 0.162459135055542,
      "candidate_generation_time": 0.00021409988403320312,
      "bundle_space_size": 29,
      "bundle_space_fraction": 0.0283203125,
      "full_bundle_space_size": 1024,
      "raw_customer_bundle_count": 50,
      "unique_threshold_bundle_count": 28,
      "threshold": 0.5,
      "ratio_to_bsp": 1.1753850977113447,
      "ratio_to_cpbsd_a": 1.0488416356760193
    },
    {
      "instance_id": "cpbsd_instance_001_N10_K50_normal_rho0.0_full_hvhm",
      "seed": 20260328,
      "n": 10,
      "k": 50,
      "method": "BSP",
      "revenue_in_sample": 2.722119378720861,
      "revenue_out_sample": 2.3159666836976878,
      "solver_runtime": 21.76146101951599,
      "status_code": 2,
      "result_path": "/Users/sensen/.openclaw/workspace/domains/revenue-management/experiments/cpbsd_fcp_pruned_mb_compare_n10k50_10inst_strict300/runs/seed_20260328/results/cpbsd_instance_001_N10_K50_normal_rho0.0_full_hvhm__bsp.json",
      "bundle_space_size": null,
      "bundle_space_fraction": null,
      "full_bundle_space_size": 1024,
      "ratio_to_bsp": 1.0,
      "ratio_to_cpbsd_a": 0.8923387217672532
    },
    {
      "instance_id": "cpbsd_instance_001_N10_K50_normal_rho0.0_full_hvhm",
      "seed": 20260328,
      "n": 10,
      "k": 50,
      "method": "CPBSD-A",
      "revenue_in_sample": 3.0505449470239014,
      "revenue_out_sample": 2.8372787262802146,
      "solver_runtime": 300.22108006477356,
      "status_code": 9,
      "result_path": "/Users/sensen/.openclaw/workspace/domains/revenue-management/experiments/cpbsd_fcp_pruned_mb_compare_n10k50_10inst_strict300/runs/seed_20260328/results/cpbsd_instance_001_N10_K50_normal_rho0.0_full_hvhm__cpbsd_a.json",
      "bundle_space_size": null,
      "bundle_space_fraction": null,
      "full_bundle_space_size": 1024,
      "ratio_to_bsp": 1.1206506852235736,
      "ratio_to_cpbsd_a": 1.0
    }
  ]
}
