/Users/sensen/.openclaw/workspace/domains/revenue-management/project-root/code_submission_project/code_submission/src/data/generate_data_CPBSD.py:106: RuntimeWarning: divide by zero encountered in matmul
  z = rng.multivariate_normal(mean=np.zeros(n), cov=corr, size=k)
/Users/sensen/.openclaw/workspace/domains/revenue-management/project-root/code_submission_project/code_submission/src/data/generate_data_CPBSD.py:106: RuntimeWarning: overflow encountered in matmul
  z = rng.multivariate_normal(mean=np.zeros(n), cov=corr, size=k)
/Users/sensen/.openclaw/workspace/domains/revenue-management/project-root/code_submission_project/code_submission/src/data/generate_data_CPBSD.py:106: RuntimeWarning: invalid value encountered in matmul
  z = rng.multivariate_normal(mean=np.zeros(n), cov=corr, size=k)
/Users/sensen/.openclaw/workspace/domains/revenue-management/project-root/code_submission_project/code_submission/src/data/solve_mb_bsp_on_cpbsd_v2.py:214: RuntimeWarning: divide by zero encountered in matmul
  revenues = v_kn @ assortments.T
/Users/sensen/.openclaw/workspace/domains/revenue-management/project-root/code_submission_project/code_submission/src/data/solve_mb_bsp_on_cpbsd_v2.py:214: RuntimeWarning: overflow encountered in matmul
  revenues = v_kn @ assortments.T
/Users/sensen/.openclaw/workspace/domains/revenue-management/project-root/code_submission_project/code_submission/src/data/solve_mb_bsp_on_cpbsd_v2.py:214: RuntimeWarning: invalid value encountered in matmul
  revenues = v_kn @ assortments.T
Set parameter LicenseID to value 2784353
Set parameter MIPGap to value 0.01
Set parameter TimeLimit to value 300
{
  "root": "/Users/sensen/.openclaw/workspace/domains/revenue-management/experiments/cpbsd_fcp_pruned_mb_compare_n10k50_10inst_strict300/runs/seed_20260330",
  "summary_path": "/Users/sensen/.openclaw/workspace/domains/revenue-management/experiments/cpbsd_fcp_pruned_mb_compare_n10k50_10inst_strict300/runs/seed_20260330/comparison_summary.json",
  "csv_path": "/Users/sensen/.openclaw/workspace/domains/revenue-management/experiments/cpbsd_fcp_pruned_mb_compare_n10k50_10inst_strict300/runs/seed_20260330/comparison_summary.csv",
  "aggregate": {
    "BSP": {
      "count": 1,
      "avg_revenue_in_sample": 2.66473006992107,
      "avg_revenue_out_sample": 2.4203576953769756,
      "avg_runtime": 4.688311815261841
    },
    "CPBSD-A": {
      "count": 1,
      "avg_revenue_in_sample": 2.929282565618167,
      "avg_revenue_out_sample": 2.8736887020395296,
      "avg_runtime": 300.21196699142456
    },
    "FCP-pruned-MB": {
      "count": 1,
      "avg_revenue_in_sample": 3.063511786798316,
      "avg_revenue_out_sample": 2.345079951193483,
      "avg_runtime": 160.2504231929779
    }
  },
  "rows": [
    {
      "instance_id": "cpbsd_instance_001_N10_K50_normal_rho0.0_full_hvhm",
      "seed": 20260330,
      "n": 10,
      "k": 50,
      "method": "FCP-pruned-MB",
      "revenue_in_sample": 3.063511786798316,
      "revenue_out_sample": 2.345079951193483,
      "solver_runtime": 160.2504231929779,
      "status_code": 2,
      "result_path": "/Users/sensen/.openclaw/workspace/domains/revenue-management/experiments/cpbsd_fcp_pruned_mb_compare_n10k50_10inst_strict300/runs/seed_20260330/results/cpbsd_instance_001_N10_K50_normal_rho0.0_full_hvhm__fcp_pruned_mb.json",
      "gcn_inference_time": 0.08410406112670898,
      "candidate_generation_time": 9.179115295410156e-05,
      "bundle_space_size": 34,
      "bundle_space_fraction": 0.033203125,
      "full_bundle_space_size": 1024,
      "raw_customer_bundle_count": 50,
      "unique_threshold_bundle_count": 34,
      "threshold": 0.5,
      "ratio_to_bsp": 1.1496518245426104,
      "ratio_to_cpbsd_a": 1.04582324107467
    },
    {
      "instance_id": "cpbsd_instance_001_N10_K50_normal_rho0.0_full_hvhm",
      "seed": 20260330,
      "n": 10,
      "k": 50,
      "method": "BSP",
      "revenue_in_sample": 2.66473006992107,
      "revenue_out_sample": 2.4203576953769756,
      "solver_runtime": 4.688311815261841,
      "status_code": 2,
      "result_path": "/Users/sensen/.openclaw/workspace/domains/revenue-management/experiments/cpbsd_fcp_pruned_mb_compare_n10k50_10inst_strict300/runs/seed_20260330/results/cpbsd_instance_001_N10_K50_normal_rho0.0_full_hvhm__bsp.json",
      "bundle_space_size": null,
      "bundle_space_fraction": null,
      "full_bundle_space_size": 1024,
      "ratio_to_bsp": 1.0,
      "ratio_to_cpbsd_a": 0.9096869319463318
    },
    {
      "instance_id": "cpbsd_instance_001_N10_K50_normal_rho0.0_full_hvhm",
      "seed": 20260330,
      "n": 10,
      "k": 50,
      "method": "CPBSD-A",
      "revenue_in_sample": 2.929282565618167,
      "revenue_out_sample": 2.8736887020395296,
      "solver_runtime": 300.21196699142456,
      "status_code": 9,
      "result_path": "/Users/sensen/.openclaw/workspace/domains/revenue-management/experiments/cpbsd_fcp_pruned_mb_compare_n10k50_10inst_strict300/runs/seed_20260330/results/cpbsd_instance_001_N10_K50_normal_rho0.0_full_hvhm__cpbsd_a.json",
      "bundle_space_size": null,
      "bundle_space_fraction": null,
      "full_bundle_space_size": 1024,
      "ratio_to_bsp": 1.0992792848639013,
      "ratio_to_cpbsd_a": 1.0
    }
  ]
}
