Set parameter LicenseID to value 2784353
/Users/sensen/.openclaw/workspace/domains/revenue-management/project-root/code_submission_project/code_submission/src/data/generate_data_CPBSD.py:106: RuntimeWarning: divide by zero encountered in matmul
  z = rng.multivariate_normal(mean=np.zeros(n), cov=corr, size=k)
/Users/sensen/.openclaw/workspace/domains/revenue-management/project-root/code_submission_project/code_submission/src/data/generate_data_CPBSD.py:106: RuntimeWarning: overflow encountered in matmul
  z = rng.multivariate_normal(mean=np.zeros(n), cov=corr, size=k)
/Users/sensen/.openclaw/workspace/domains/revenue-management/project-root/code_submission_project/code_submission/src/data/generate_data_CPBSD.py:106: RuntimeWarning: invalid value encountered in matmul
  z = rng.multivariate_normal(mean=np.zeros(n), cov=corr, size=k)
Set parameter MIPGap to value 0.001
Set parameter TimeLimit to value 300
{
  "root": "/Users/sensen/.openclaw/workspace/domains/revenue-management/experiments/fcp_mb_phase2_shortlist_n5_5inst/logit_rho0.0_full_zero/runs/seed_20260414",
  "summary_path": "/Users/sensen/.openclaw/workspace/domains/revenue-management/experiments/fcp_mb_phase2_shortlist_n5_5inst/logit_rho0.0_full_zero/runs/seed_20260414/comparison_summary.json",
  "csv_path": "/Users/sensen/.openclaw/workspace/domains/revenue-management/experiments/fcp_mb_phase2_shortlist_n5_5inst/logit_rho0.0_full_zero/runs/seed_20260414/comparison_summary.csv",
  "aggregate": {
    "BSP": {
      "count": 1,
      "avg_revenue_in_sample": 25.737004328104398,
      "avg_revenue_out_sample": 25.69582512118297,
      "avg_runtime": 0.16531109809875488
    },
    "CPBSD-A": {
      "count": 1,
      "avg_revenue_in_sample": 25.737004328104433,
      "avg_revenue_out_sample": 25.695190412840628,
      "avg_runtime": 0.22227191925048828
    },
    "FCP-pruned-MB": {
      "count": 1,
      "avg_revenue_in_sample": 25.73700432810441,
      "avg_revenue_out_sample": 25.69741616460167,
      "avg_runtime": 0.11989712715148926
    }
  },
  "rows": [
    {
      "instance_id": "cpbsd_instance_001_N5_K50_logit_rho0.0_full_zero",
      "seed": 20260414,
      "n": 5,
      "k": 50,
      "method": "FCP-pruned-MB",
      "revenue_in_sample": 25.73700432810441,
      "revenue_out_sample": 25.69741616460167,
      "solver_runtime": 0.11989712715148926,
      "status_code": 2,
      "result_path": "/Users/sensen/.openclaw/workspace/domains/revenue-management/experiments/fcp_mb_phase2_shortlist_n5_5inst/logit_rho0.0_full_zero/runs/seed_20260414/results/cpbsd_instance_001_N5_K50_logit_rho0.0_full_zero__fcp_pruned_mb.json",
      "gcn_inference_time": 0.06778979301452637,
      "candidate_generation_time": 6.031990051269531e-05,
      "bundle_space_size": 5,
      "bundle_space_fraction": 0.15625,
      "full_bundle_space_size": 32,
      "raw_customer_bundle_count": 50,
      "unique_threshold_bundle_count": 4,
      "threshold": 0.5,
      "ratio_to_bsp": 1.0000000000000004,
      "ratio_to_cpbsd_a": 0.999999999999999
    },
    {
      "instance_id": "cpbsd_instance_001_N5_K50_logit_rho0.0_full_zero",
      "seed": 20260414,
      "n": 5,
      "k": 50,
      "method": "BSP",
      "revenue_in_sample": 25.737004328104398,
      "revenue_out_sample": 25.69582512118297,
      "solver_runtime": 0.16531109809875488,
      "status_code": 2,
      "result_path": "/Users/sensen/.openclaw/workspace/domains/revenue-management/experiments/fcp_mb_phase2_shortlist_n5_5inst/logit_rho0.0_full_zero/runs/seed_20260414/results/cpbsd_instance_001_N5_K50_logit_rho0.0_full_zero__bsp.json",
      "bundle_space_size": null,
      "bundle_space_fraction": null,
      "full_bundle_space_size": 32,
      "ratio_to_bsp": 1.0,
      "ratio_to_cpbsd_a": 0.9999999999999987
    },
    {
      "instance_id": "cpbsd_instance_001_N5_K50_logit_rho0.0_full_zero",
      "seed": 20260414,
      "n": 5,
      "k": 50,
      "method": "CPBSD-A",
      "revenue_in_sample": 25.737004328104433,
      "revenue_out_sample": 25.695190412840628,
      "solver_runtime": 0.22227191925048828,
      "status_code": 2,
      "result_path": "/Users/sensen/.openclaw/workspace/domains/revenue-management/experiments/fcp_mb_phase2_shortlist_n5_5inst/logit_rho0.0_full_zero/runs/seed_20260414/results/cpbsd_instance_001_N5_K50_logit_rho0.0_full_zero__cpbsd_a.json",
      "bundle_space_size": null,
      "bundle_space_fraction": null,
      "full_bundle_space_size": 32,
      "ratio_to_bsp": 1.0000000000000013,
      "ratio_to_cpbsd_a": 1.0
    }
  ]
}
