Set parameter LicenseID to value 2784353
/Users/sensen/.openclaw/workspace/domains/revenue-management/project-root/code_submission_project/code_submission/src/data/generate_data_CPBSD.py:106: RuntimeWarning: divide by zero encountered in matmul
  z = rng.multivariate_normal(mean=np.zeros(n), cov=corr, size=k)
/Users/sensen/.openclaw/workspace/domains/revenue-management/project-root/code_submission_project/code_submission/src/data/generate_data_CPBSD.py:106: RuntimeWarning: overflow encountered in matmul
  z = rng.multivariate_normal(mean=np.zeros(n), cov=corr, size=k)
/Users/sensen/.openclaw/workspace/domains/revenue-management/project-root/code_submission_project/code_submission/src/data/generate_data_CPBSD.py:106: RuntimeWarning: invalid value encountered in matmul
  z = rng.multivariate_normal(mean=np.zeros(n), cov=corr, size=k)
Set parameter MIPGap to value 0.001
Set parameter TimeLimit to value 300
{
  "root": "/Users/sensen/.openclaw/workspace/domains/revenue-management/experiments/fcp_mb_phase2_shortlist_n5_5inst/normal_rho0.5_full_zero/runs/seed_20260416",
  "summary_path": "/Users/sensen/.openclaw/workspace/domains/revenue-management/experiments/fcp_mb_phase2_shortlist_n5_5inst/normal_rho0.5_full_zero/runs/seed_20260416/comparison_summary.json",
  "csv_path": "/Users/sensen/.openclaw/workspace/domains/revenue-management/experiments/fcp_mb_phase2_shortlist_n5_5inst/normal_rho0.5_full_zero/runs/seed_20260416/comparison_summary.csv",
  "aggregate": {
    "BSP": {
      "count": 1,
      "avg_revenue_in_sample": 24.58984457815591,
      "avg_revenue_out_sample": 23.670296259035542,
      "avg_runtime": 0.34832000732421875
    },
    "CPBSD-A": {
      "count": 1,
      "avg_revenue_in_sample": 24.604220597554594,
      "avg_revenue_out_sample": 23.72968410494089,
      "avg_runtime": 0.6324341297149658
    },
    "FCP-pruned-MB": {
      "count": 1,
      "avg_revenue_in_sample": 24.604220597554562,
      "avg_revenue_out_sample": 23.707448053678014,
      "avg_runtime": 0.5156509876251221
    }
  },
  "rows": [
    {
      "instance_id": "cpbsd_instance_001_N5_K50_normal_rho0.5_full_zero",
      "seed": 20260416,
      "n": 5,
      "k": 50,
      "method": "FCP-pruned-MB",
      "revenue_in_sample": 24.604220597554562,
      "revenue_out_sample": 23.707448053678014,
      "solver_runtime": 0.5156509876251221,
      "status_code": 2,
      "result_path": "/Users/sensen/.openclaw/workspace/domains/revenue-management/experiments/fcp_mb_phase2_shortlist_n5_5inst/normal_rho0.5_full_zero/runs/seed_20260416/results/cpbsd_instance_001_N5_K50_normal_rho0.5_full_zero__fcp_pruned_mb.json",
      "gcn_inference_time": 0.061061859130859375,
      "candidate_generation_time": 5.7220458984375e-05,
      "bundle_space_size": 9,
      "bundle_space_fraction": 0.28125,
      "full_bundle_space_size": 32,
      "raw_customer_bundle_count": 50,
      "unique_threshold_bundle_count": 8,
      "threshold": 0.5,
      "ratio_to_bsp": 1.00058463238159,
      "ratio_to_cpbsd_a": 0.9999999999999987
    },
    {
      "instance_id": "cpbsd_instance_001_N5_K50_normal_rho0.5_full_zero",
      "seed": 20260416,
      "n": 5,
      "k": 50,
      "method": "BSP",
      "revenue_in_sample": 24.58984457815591,
      "revenue_out_sample": 23.670296259035542,
      "solver_runtime": 0.34832000732421875,
      "status_code": 2,
      "result_path": "/Users/sensen/.openclaw/workspace/domains/revenue-management/experiments/fcp_mb_phase2_shortlist_n5_5inst/normal_rho0.5_full_zero/runs/seed_20260416/results/cpbsd_instance_001_N5_K50_normal_rho0.5_full_zero__bsp.json",
      "bundle_space_size": null,
      "bundle_space_fraction": null,
      "full_bundle_space_size": 32,
      "ratio_to_bsp": 1.0,
      "ratio_to_cpbsd_a": 0.9994157092137227
    },
    {
      "instance_id": "cpbsd_instance_001_N5_K50_normal_rho0.5_full_zero",
      "seed": 20260416,
      "n": 5,
      "k": 50,
      "method": "CPBSD-A",
      "revenue_in_sample": 24.604220597554594,
      "revenue_out_sample": 23.72968410494089,
      "solver_runtime": 0.6324341297149658,
      "status_code": 2,
      "result_path": "/Users/sensen/.openclaw/workspace/domains/revenue-management/experiments/fcp_mb_phase2_shortlist_n5_5inst/normal_rho0.5_full_zero/runs/seed_20260416/results/cpbsd_instance_001_N5_K50_normal_rho0.5_full_zero__cpbsd_a.json",
      "bundle_space_size": null,
      "bundle_space_fraction": null,
      "full_bundle_space_size": 32,
      "ratio_to_bsp": 1.0005846323815912,
      "ratio_to_cpbsd_a": 1.0
    }
  ]
}
