Set parameter LicenseID to value 2784353
/Users/sensen/.openclaw/workspace/domains/revenue-management/project-root/code_submission_project/code_submission/src/data/generate_data_CPBSD.py:106: RuntimeWarning: divide by zero encountered in matmul
  z = rng.multivariate_normal(mean=np.zeros(n), cov=corr, size=k)
/Users/sensen/.openclaw/workspace/domains/revenue-management/project-root/code_submission_project/code_submission/src/data/generate_data_CPBSD.py:106: RuntimeWarning: overflow encountered in matmul
  z = rng.multivariate_normal(mean=np.zeros(n), cov=corr, size=k)
/Users/sensen/.openclaw/workspace/domains/revenue-management/project-root/code_submission_project/code_submission/src/data/generate_data_CPBSD.py:106: RuntimeWarning: invalid value encountered in matmul
  z = rng.multivariate_normal(mean=np.zeros(n), cov=corr, size=k)
Set parameter MIPGap to value 0.001
Set parameter TimeLimit to value 300
{
  "root": "/Users/sensen/.openclaw/workspace/domains/revenue-management/experiments/fcp_mb_phase2_shortlist_n5_5inst/normal_rho0.5_full_zero/runs/seed_20260415",
  "summary_path": "/Users/sensen/.openclaw/workspace/domains/revenue-management/experiments/fcp_mb_phase2_shortlist_n5_5inst/normal_rho0.5_full_zero/runs/seed_20260415/comparison_summary.json",
  "csv_path": "/Users/sensen/.openclaw/workspace/domains/revenue-management/experiments/fcp_mb_phase2_shortlist_n5_5inst/normal_rho0.5_full_zero/runs/seed_20260415/comparison_summary.csv",
  "aggregate": {
    "BSP": {
      "count": 1,
      "avg_revenue_in_sample": 25.40454527106325,
      "avg_revenue_out_sample": 21.945172838036182,
      "avg_runtime": 0.3632190227508545
    },
    "CPBSD-A": {
      "count": 1,
      "avg_revenue_in_sample": 25.404545271063274,
      "avg_revenue_out_sample": 21.945172838036182,
      "avg_runtime": 0.535057783126831
    },
    "FCP-pruned-MB": {
      "count": 1,
      "avg_revenue_in_sample": 25.47102034256418,
      "avg_revenue_out_sample": 21.992022737084792,
      "avg_runtime": 0.33629488945007324
    }
  },
  "rows": [
    {
      "instance_id": "cpbsd_instance_001_N5_K50_normal_rho0.5_full_zero",
      "seed": 20260415,
      "n": 5,
      "k": 50,
      "method": "FCP-pruned-MB",
      "revenue_in_sample": 25.47102034256418,
      "revenue_out_sample": 21.992022737084792,
      "solver_runtime": 0.33629488945007324,
      "status_code": 2,
      "result_path": "/Users/sensen/.openclaw/workspace/domains/revenue-management/experiments/fcp_mb_phase2_shortlist_n5_5inst/normal_rho0.5_full_zero/runs/seed_20260415/results/cpbsd_instance_001_N5_K50_normal_rho0.5_full_zero__fcp_pruned_mb.json",
      "gcn_inference_time": 0.06035184860229492,
      "candidate_generation_time": 6.604194641113281e-05,
      "bundle_space_size": 8,
      "bundle_space_fraction": 0.25,
      "full_bundle_space_size": 32,
      "raw_customer_bundle_count": 50,
      "unique_threshold_bundle_count": 7,
      "threshold": 0.5,
      "ratio_to_bsp": 1.0026166605539146,
      "ratio_to_cpbsd_a": 1.0026166605539137
    },
    {
      "instance_id": "cpbsd_instance_001_N5_K50_normal_rho0.5_full_zero",
      "seed": 20260415,
      "n": 5,
      "k": 50,
      "method": "BSP",
      "revenue_in_sample": 25.40454527106325,
      "revenue_out_sample": 21.945172838036182,
      "solver_runtime": 0.3632190227508545,
      "status_code": 2,
      "result_path": "/Users/sensen/.openclaw/workspace/domains/revenue-management/experiments/fcp_mb_phase2_shortlist_n5_5inst/normal_rho0.5_full_zero/runs/seed_20260415/results/cpbsd_instance_001_N5_K50_normal_rho0.5_full_zero__bsp.json",
      "bundle_space_size": null,
      "bundle_space_fraction": null,
      "full_bundle_space_size": 32,
      "ratio_to_bsp": 1.0,
      "ratio_to_cpbsd_a": 0.999999999999999
    },
    {
      "instance_id": "cpbsd_instance_001_N5_K50_normal_rho0.5_full_zero",
      "seed": 20260415,
      "n": 5,
      "k": 50,
      "method": "CPBSD-A",
      "revenue_in_sample": 25.404545271063274,
      "revenue_out_sample": 21.945172838036182,
      "solver_runtime": 0.535057783126831,
      "status_code": 2,
      "result_path": "/Users/sensen/.openclaw/workspace/domains/revenue-management/experiments/fcp_mb_phase2_shortlist_n5_5inst/normal_rho0.5_full_zero/runs/seed_20260415/results/cpbsd_instance_001_N5_K50_normal_rho0.5_full_zero__cpbsd_a.json",
      "bundle_space_size": null,
      "bundle_space_fraction": null,
      "full_bundle_space_size": 32,
      "ratio_to_bsp": 1.0000000000000009,
      "ratio_to_cpbsd_a": 1.0
    }
  ]
}
