Set parameter LicenseID to value 2784353
/Users/sensen/.openclaw/workspace/domains/revenue-management/project-root/code_submission_project/code_submission/src/data/generate_data_CPBSD.py:106: RuntimeWarning: divide by zero encountered in matmul
  z = rng.multivariate_normal(mean=np.zeros(n), cov=corr, size=k)
/Users/sensen/.openclaw/workspace/domains/revenue-management/project-root/code_submission_project/code_submission/src/data/generate_data_CPBSD.py:106: RuntimeWarning: overflow encountered in matmul
  z = rng.multivariate_normal(mean=np.zeros(n), cov=corr, size=k)
/Users/sensen/.openclaw/workspace/domains/revenue-management/project-root/code_submission_project/code_submission/src/data/generate_data_CPBSD.py:106: RuntimeWarning: invalid value encountered in matmul
  z = rng.multivariate_normal(mean=np.zeros(n), cov=corr, size=k)
Set parameter MIPGap to value 0.001
Set parameter TimeLimit to value 300
{
  "root": "/Users/sensen/.openclaw/workspace/domains/revenue-management/experiments/fcp_mb_phase2_shortlist_n5_5inst/normal_rho0.5_full_zero/runs/seed_20260414",
  "summary_path": "/Users/sensen/.openclaw/workspace/domains/revenue-management/experiments/fcp_mb_phase2_shortlist_n5_5inst/normal_rho0.5_full_zero/runs/seed_20260414/comparison_summary.json",
  "csv_path": "/Users/sensen/.openclaw/workspace/domains/revenue-management/experiments/fcp_mb_phase2_shortlist_n5_5inst/normal_rho0.5_full_zero/runs/seed_20260414/comparison_summary.csv",
  "aggregate": {
    "BSP": {
      "count": 1,
      "avg_revenue_in_sample": 25.305714316012267,
      "avg_revenue_out_sample": 22.16948387644054,
      "avg_runtime": 0.3238332271575928
    },
    "CPBSD-A": {
      "count": 1,
      "avg_revenue_in_sample": 25.30571431601233,
      "avg_revenue_out_sample": 22.30441756407993,
      "avg_runtime": 0.26047825813293457
    },
    "FCP-pruned-MB": {
      "count": 1,
      "avg_revenue_in_sample": 25.233163900683238,
      "avg_revenue_out_sample": 22.64873717736846,
      "avg_runtime": 0.49742889404296875
    }
  },
  "rows": [
    {
      "instance_id": "cpbsd_instance_001_N5_K50_normal_rho0.5_full_zero",
      "seed": 20260414,
      "n": 5,
      "k": 50,
      "method": "FCP-pruned-MB",
      "revenue_in_sample": 25.233163900683238,
      "revenue_out_sample": 22.64873717736846,
      "solver_runtime": 0.49742889404296875,
      "status_code": 2,
      "result_path": "/Users/sensen/.openclaw/workspace/domains/revenue-management/experiments/fcp_mb_phase2_shortlist_n5_5inst/normal_rho0.5_full_zero/runs/seed_20260414/results/cpbsd_instance_001_N5_K50_normal_rho0.5_full_zero__fcp_pruned_mb.json",
      "gcn_inference_time": 0.06035304069519043,
      "candidate_generation_time": 6.508827209472656e-05,
      "bundle_space_size": 7,
      "bundle_space_fraction": 0.21875,
      "full_bundle_space_size": 32,
      "raw_customer_bundle_count": 50,
      "unique_threshold_bundle_count": 6,
      "threshold": 0.5,
      "ratio_to_bsp": 0.9971330421886916,
      "ratio_to_cpbsd_a": 0.9971330421886891
    },
    {
      "instance_id": "cpbsd_instance_001_N5_K50_normal_rho0.5_full_zero",
      "seed": 20260414,
      "n": 5,
      "k": 50,
      "method": "BSP",
      "revenue_in_sample": 25.305714316012267,
      "revenue_out_sample": 22.16948387644054,
      "solver_runtime": 0.3238332271575928,
      "status_code": 2,
      "result_path": "/Users/sensen/.openclaw/workspace/domains/revenue-management/experiments/fcp_mb_phase2_shortlist_n5_5inst/normal_rho0.5_full_zero/runs/seed_20260414/results/cpbsd_instance_001_N5_K50_normal_rho0.5_full_zero__bsp.json",
      "bundle_space_size": null,
      "bundle_space_fraction": null,
      "full_bundle_space_size": 32,
      "ratio_to_bsp": 1.0,
      "ratio_to_cpbsd_a": 0.9999999999999974
    },
    {
      "instance_id": "cpbsd_instance_001_N5_K50_normal_rho0.5_full_zero",
      "seed": 20260414,
      "n": 5,
      "k": 50,
      "method": "CPBSD-A",
      "revenue_in_sample": 25.30571431601233,
      "revenue_out_sample": 22.30441756407993,
      "solver_runtime": 0.26047825813293457,
      "status_code": 2,
      "result_path": "/Users/sensen/.openclaw/workspace/domains/revenue-management/experiments/fcp_mb_phase2_shortlist_n5_5inst/normal_rho0.5_full_zero/runs/seed_20260414/results/cpbsd_instance_001_N5_K50_normal_rho0.5_full_zero__cpbsd_a.json",
      "bundle_space_size": null,
      "bundle_space_fraction": null,
      "full_bundle_space_size": 32,
      "ratio_to_bsp": 1.0000000000000024,
      "ratio_to_cpbsd_a": 1.0
    }
  ]
}
