Set parameter LicenseID to value 2784353
/Users/sensen/.openclaw/workspace/domains/revenue-management/project-root/code_submission_project/code_submission/src/data/generate_data_CPBSD.py:106: RuntimeWarning: divide by zero encountered in matmul
  z = rng.multivariate_normal(mean=np.zeros(n), cov=corr, size=k)
/Users/sensen/.openclaw/workspace/domains/revenue-management/project-root/code_submission_project/code_submission/src/data/generate_data_CPBSD.py:106: RuntimeWarning: overflow encountered in matmul
  z = rng.multivariate_normal(mean=np.zeros(n), cov=corr, size=k)
/Users/sensen/.openclaw/workspace/domains/revenue-management/project-root/code_submission_project/code_submission/src/data/generate_data_CPBSD.py:106: RuntimeWarning: invalid value encountered in matmul
  z = rng.multivariate_normal(mean=np.zeros(n), cov=corr, size=k)
Set parameter MIPGap to value 0.001
Set parameter TimeLimit to value 300
{
  "root": "/Users/sensen/.openclaw/workspace/domains/revenue-management/experiments/fcp_mb_phase2_shortlist_n5_5inst/normal_rho0.5_full_hvhm/runs/seed_20260417",
  "summary_path": "/Users/sensen/.openclaw/workspace/domains/revenue-management/experiments/fcp_mb_phase2_shortlist_n5_5inst/normal_rho0.5_full_hvhm/runs/seed_20260417/comparison_summary.json",
  "csv_path": "/Users/sensen/.openclaw/workspace/domains/revenue-management/experiments/fcp_mb_phase2_shortlist_n5_5inst/normal_rho0.5_full_hvhm/runs/seed_20260417/comparison_summary.csv",
  "aggregate": {
    "BSP": {
      "count": 1,
      "avg_revenue_in_sample": 1.1351019553980937,
      "avg_revenue_out_sample": 1.0337857583958534,
      "avg_runtime": 3.547124147415161
    },
    "CPBSD-A": {
      "count": 1,
      "avg_revenue_in_sample": 1.2430018224578514,
      "avg_revenue_out_sample": 1.1655561473922347,
      "avg_runtime": 26.928647994995117
    },
    "FCP-pruned-MB": {
      "count": 1,
      "avg_revenue_in_sample": 1.2896528600684218,
      "avg_revenue_out_sample": 0.9685698921262339,
      "avg_runtime": 17.15542507171631
    }
  },
  "rows": [
    {
      "instance_id": "cpbsd_instance_001_N5_K50_normal_rho0.5_full_hvhm",
      "seed": 20260417,
      "n": 5,
      "k": 50,
      "method": "FCP-pruned-MB",
      "revenue_in_sample": 1.2896528600684218,
      "revenue_out_sample": 0.9685698921262339,
      "solver_runtime": 17.15542507171631,
      "status_code": 2,
      "result_path": "/Users/sensen/.openclaw/workspace/domains/revenue-management/experiments/fcp_mb_phase2_shortlist_n5_5inst/normal_rho0.5_full_hvhm/runs/seed_20260417/results/cpbsd_instance_001_N5_K50_normal_rho0.5_full_hvhm__fcp_pruned_mb.json",
      "gcn_inference_time": 0.13109612464904785,
      "candidate_generation_time": 0.00013494491577148438,
      "bundle_space_size": 11,
      "bundle_space_fraction": 0.34375,
      "full_bundle_space_size": 32,
      "raw_customer_bundle_count": 50,
      "unique_threshold_bundle_count": 11,
      "threshold": 0.5,
      "ratio_to_bsp": 1.1361559672550519,
      "ratio_to_cpbsd_a": 1.037530948682219
    },
    {
      "instance_id": "cpbsd_instance_001_N5_K50_normal_rho0.5_full_hvhm",
      "seed": 20260417,
      "n": 5,
      "k": 50,
      "method": "BSP",
      "revenue_in_sample": 1.1351019553980937,
      "revenue_out_sample": 1.0337857583958534,
      "solver_runtime": 3.547124147415161,
      "status_code": 2,
      "result_path": "/Users/sensen/.openclaw/workspace/domains/revenue-management/experiments/fcp_mb_phase2_shortlist_n5_5inst/normal_rho0.5_full_hvhm/runs/seed_20260417/results/cpbsd_instance_001_N5_K50_normal_rho0.5_full_hvhm__bsp.json",
      "bundle_space_size": null,
      "bundle_space_fraction": null,
      "full_bundle_space_size": 32,
      "ratio_to_bsp": 1.0,
      "ratio_to_cpbsd_a": 0.9131941199841511
    },
    {
      "instance_id": "cpbsd_instance_001_N5_K50_normal_rho0.5_full_hvhm",
      "seed": 20260417,
      "n": 5,
      "k": 50,
      "method": "CPBSD-A",
      "revenue_in_sample": 1.2430018224578514,
      "revenue_out_sample": 1.1655561473922347,
      "solver_runtime": 26.928647994995117,
      "status_code": 2,
      "result_path": "/Users/sensen/.openclaw/workspace/domains/revenue-management/experiments/fcp_mb_phase2_shortlist_n5_5inst/normal_rho0.5_full_hvhm/runs/seed_20260417/results/cpbsd_instance_001_N5_K50_normal_rho0.5_full_hvhm__cpbsd_a.json",
      "bundle_space_size": null,
      "bundle_space_fraction": null,
      "full_bundle_space_size": 32,
      "ratio_to_bsp": 1.0950574232972015,
      "ratio_to_cpbsd_a": 1.0
    }
  ]
}
