Set parameter LicenseID to value 2784353
/Users/sensen/.openclaw/workspace/domains/revenue-management/project-root/code_submission_project/code_submission/src/data/generate_data_CPBSD.py:106: RuntimeWarning: divide by zero encountered in matmul
  z = rng.multivariate_normal(mean=np.zeros(n), cov=corr, size=k)
/Users/sensen/.openclaw/workspace/domains/revenue-management/project-root/code_submission_project/code_submission/src/data/generate_data_CPBSD.py:106: RuntimeWarning: overflow encountered in matmul
  z = rng.multivariate_normal(mean=np.zeros(n), cov=corr, size=k)
/Users/sensen/.openclaw/workspace/domains/revenue-management/project-root/code_submission_project/code_submission/src/data/generate_data_CPBSD.py:106: RuntimeWarning: invalid value encountered in matmul
  z = rng.multivariate_normal(mean=np.zeros(n), cov=corr, size=k)
Set parameter MIPGap to value 0.001
Set parameter TimeLimit to value 300
{
  "root": "/Users/sensen/.openclaw/workspace/domains/revenue-management/experiments/fcp_mb_phase2_shortlist_n5_5inst/normal_rho0.5_full_hvhm/runs/seed_20260413",
  "summary_path": "/Users/sensen/.openclaw/workspace/domains/revenue-management/experiments/fcp_mb_phase2_shortlist_n5_5inst/normal_rho0.5_full_hvhm/runs/seed_20260413/comparison_summary.json",
  "csv_path": "/Users/sensen/.openclaw/workspace/domains/revenue-management/experiments/fcp_mb_phase2_shortlist_n5_5inst/normal_rho0.5_full_hvhm/runs/seed_20260413/comparison_summary.csv",
  "aggregate": {
    "BSP": {
      "count": 1,
      "avg_revenue_in_sample": 1.2978484690283765,
      "avg_revenue_out_sample": 1.0700057097488813,
      "avg_runtime": 4.344422817230225
    },
    "CPBSD-A": {
      "count": 1,
      "avg_revenue_in_sample": 1.3463727918471047,
      "avg_revenue_out_sample": 1.1065377905517253,
      "avg_runtime": 60.14646291732788
    },
    "FCP-pruned-MB": {
      "count": 1,
      "avg_revenue_in_sample": 1.3843154837549345,
      "avg_revenue_out_sample": 1.072327409302959,
      "avg_runtime": 14.201324939727783
    }
  },
  "rows": [
    {
      "instance_id": "cpbsd_instance_001_N5_K50_normal_rho0.5_full_hvhm",
      "seed": 20260413,
      "n": 5,
      "k": 50,
      "method": "FCP-pruned-MB",
      "revenue_in_sample": 1.3843154837549345,
      "revenue_out_sample": 1.072327409302959,
      "solver_runtime": 14.201324939727783,
      "status_code": 2,
      "result_path": "/Users/sensen/.openclaw/workspace/domains/revenue-management/experiments/fcp_mb_phase2_shortlist_n5_5inst/normal_rho0.5_full_hvhm/runs/seed_20260413/results/cpbsd_instance_001_N5_K50_normal_rho0.5_full_hvhm__fcp_pruned_mb.json",
      "gcn_inference_time": 1.648193120956421,
      "candidate_generation_time": 9.393692016601562e-05,
      "bundle_space_size": 10,
      "bundle_space_fraction": 0.3125,
      "full_bundle_space_size": 32,
      "raw_customer_bundle_count": 50,
      "unique_threshold_bundle_count": 10,
      "threshold": 0.5,
      "ratio_to_bsp": 1.0666233514851629,
      "ratio_to_cpbsd_a": 1.0281814161260463
    },
    {
      "instance_id": "cpbsd_instance_001_N5_K50_normal_rho0.5_full_hvhm",
      "seed": 20260413,
      "n": 5,
      "k": 50,
      "method": "BSP",
      "revenue_in_sample": 1.2978484690283765,
      "revenue_out_sample": 1.0700057097488813,
      "solver_runtime": 4.344422817230225,
      "status_code": 2,
      "result_path": "/Users/sensen/.openclaw/workspace/domains/revenue-management/experiments/fcp_mb_phase2_shortlist_n5_5inst/normal_rho0.5_full_hvhm/runs/seed_20260413/results/cpbsd_instance_001_N5_K50_normal_rho0.5_full_hvhm__bsp.json",
      "bundle_space_size": null,
      "bundle_space_fraction": null,
      "full_bundle_space_size": 32,
      "ratio_to_bsp": 1.0,
      "ratio_to_cpbsd_a": 0.9639592220575424
    },
    {
      "instance_id": "cpbsd_instance_001_N5_K50_normal_rho0.5_full_hvhm",
      "seed": 20260413,
      "n": 5,
      "k": 50,
      "method": "CPBSD-A",
      "revenue_in_sample": 1.3463727918471047,
      "revenue_out_sample": 1.1065377905517253,
      "solver_runtime": 60.14646291732788,
      "status_code": 2,
      "result_path": "/Users/sensen/.openclaw/workspace/domains/revenue-management/experiments/fcp_mb_phase2_shortlist_n5_5inst/normal_rho0.5_full_hvhm/runs/seed_20260413/results/cpbsd_instance_001_N5_K50_normal_rho0.5_full_hvhm__cpbsd_a.json",
      "bundle_space_size": null,
      "bundle_space_fraction": null,
      "full_bundle_space_size": 32,
      "ratio_to_bsp": 1.037388280663501,
      "ratio_to_cpbsd_a": 1.0
    }
  ]
}
