Set parameter LicenseID to value 2784353
/Users/sensen/.openclaw/workspace/domains/revenue-management/project-root/code_submission_project/code_submission/src/data/generate_data_CPBSD.py:106: RuntimeWarning: divide by zero encountered in matmul
  z = rng.multivariate_normal(mean=np.zeros(n), cov=corr, size=k)
/Users/sensen/.openclaw/workspace/domains/revenue-management/project-root/code_submission_project/code_submission/src/data/generate_data_CPBSD.py:106: RuntimeWarning: overflow encountered in matmul
  z = rng.multivariate_normal(mean=np.zeros(n), cov=corr, size=k)
/Users/sensen/.openclaw/workspace/domains/revenue-management/project-root/code_submission_project/code_submission/src/data/generate_data_CPBSD.py:106: RuntimeWarning: invalid value encountered in matmul
  z = rng.multivariate_normal(mean=np.zeros(n), cov=corr, size=k)
Set parameter MIPGap to value 0.001
Set parameter TimeLimit to value 300
{
  "root": "/Users/sensen/.openclaw/workspace/domains/revenue-management/experiments/fcp_mb_phase2_shortlist_n5_5inst/normal_rho-0.5_full_zero/runs/seed_20260414",
  "summary_path": "/Users/sensen/.openclaw/workspace/domains/revenue-management/experiments/fcp_mb_phase2_shortlist_n5_5inst/normal_rho-0.5_full_zero/runs/seed_20260414/comparison_summary.json",
  "csv_path": "/Users/sensen/.openclaw/workspace/domains/revenue-management/experiments/fcp_mb_phase2_shortlist_n5_5inst/normal_rho-0.5_full_zero/runs/seed_20260414/comparison_summary.csv",
  "aggregate": {
    "BSP": {
      "count": 1,
      "avg_revenue_in_sample": 26.132439771424558,
      "avg_revenue_out_sample": 25.13697193366681,
      "avg_runtime": 0.3824281692504883
    },
    "CPBSD-A": {
      "count": 1,
      "avg_revenue_in_sample": 26.13243977142393,
      "avg_revenue_out_sample": 25.125718415772926,
      "avg_runtime": 0.20495271682739258
    },
    "FCP-pruned-MB": {
      "count": 1,
      "avg_revenue_in_sample": 26.12574361487768,
      "avg_revenue_out_sample": 25.041535591036418,
      "avg_runtime": 0.5712800025939941
    }
  },
  "rows": [
    {
      "instance_id": "cpbsd_instance_001_N5_K50_normal_rho-0.5_full_zero",
      "seed": 20260414,
      "n": 5,
      "k": 50,
      "method": "FCP-pruned-MB",
      "revenue_in_sample": 26.12574361487768,
      "revenue_out_sample": 25.041535591036418,
      "solver_runtime": 0.5712800025939941,
      "status_code": 2,
      "result_path": "/Users/sensen/.openclaw/workspace/domains/revenue-management/experiments/fcp_mb_phase2_shortlist_n5_5inst/normal_rho-0.5_full_zero/runs/seed_20260414/results/cpbsd_instance_001_N5_K50_normal_rho-0.5_full_zero__fcp_pruned_mb.json",
      "gcn_inference_time": 0.06121182441711426,
      "candidate_generation_time": 6.890296936035156e-05,
      "bundle_space_size": 11,
      "bundle_space_fraction": 0.34375,
      "full_bundle_space_size": 32,
      "raw_customer_bundle_count": 50,
      "unique_threshold_bundle_count": 10,
      "threshold": 0.5,
      "ratio_to_bsp": 0.9997437607584502,
      "ratio_to_cpbsd_a": 0.9997437607584743
    },
    {
      "instance_id": "cpbsd_instance_001_N5_K50_normal_rho-0.5_full_zero",
      "seed": 20260414,
      "n": 5,
      "k": 50,
      "method": "BSP",
      "revenue_in_sample": 26.132439771424558,
      "revenue_out_sample": 25.13697193366681,
      "solver_runtime": 0.3824281692504883,
      "status_code": 2,
      "result_path": "/Users/sensen/.openclaw/workspace/domains/revenue-management/experiments/fcp_mb_phase2_shortlist_n5_5inst/normal_rho-0.5_full_zero/runs/seed_20260414/results/cpbsd_instance_001_N5_K50_normal_rho-0.5_full_zero__bsp.json",
      "bundle_space_size": null,
      "bundle_space_fraction": null,
      "full_bundle_space_size": 32,
      "ratio_to_bsp": 1.0,
      "ratio_to_cpbsd_a": 1.000000000000024
    },
    {
      "instance_id": "cpbsd_instance_001_N5_K50_normal_rho-0.5_full_zero",
      "seed": 20260414,
      "n": 5,
      "k": 50,
      "method": "CPBSD-A",
      "revenue_in_sample": 26.13243977142393,
      "revenue_out_sample": 25.125718415772926,
      "solver_runtime": 0.20495271682739258,
      "status_code": 2,
      "result_path": "/Users/sensen/.openclaw/workspace/domains/revenue-management/experiments/fcp_mb_phase2_shortlist_n5_5inst/normal_rho-0.5_full_zero/runs/seed_20260414/results/cpbsd_instance_001_N5_K50_normal_rho-0.5_full_zero__cpbsd_a.json",
      "bundle_space_size": null,
      "bundle_space_fraction": null,
      "full_bundle_space_size": 32,
      "ratio_to_bsp": 0.9999999999999759,
      "ratio_to_cpbsd_a": 1.0
    }
  ]
}
