Set parameter LicenseID to value 2784353
/Users/sensen/.openclaw/workspace/domains/revenue-management/project-root/code_submission_project/code_submission/src/data/generate_data_CPBSD.py:106: RuntimeWarning: divide by zero encountered in matmul
  z = rng.multivariate_normal(mean=np.zeros(n), cov=corr, size=k)
/Users/sensen/.openclaw/workspace/domains/revenue-management/project-root/code_submission_project/code_submission/src/data/generate_data_CPBSD.py:106: RuntimeWarning: overflow encountered in matmul
  z = rng.multivariate_normal(mean=np.zeros(n), cov=corr, size=k)
/Users/sensen/.openclaw/workspace/domains/revenue-management/project-root/code_submission_project/code_submission/src/data/generate_data_CPBSD.py:106: RuntimeWarning: invalid value encountered in matmul
  z = rng.multivariate_normal(mean=np.zeros(n), cov=corr, size=k)
Set parameter MIPGap to value 0.001
Set parameter TimeLimit to value 300
{
  "root": "/Users/sensen/.openclaw/workspace/domains/revenue-management/experiments/fcp_mb_phase2_shortlist_n5_5inst/normal_rho-0.5_full_zero/runs/seed_20260417",
  "summary_path": "/Users/sensen/.openclaw/workspace/domains/revenue-management/experiments/fcp_mb_phase2_shortlist_n5_5inst/normal_rho-0.5_full_zero/runs/seed_20260417/comparison_summary.json",
  "csv_path": "/Users/sensen/.openclaw/workspace/domains/revenue-management/experiments/fcp_mb_phase2_shortlist_n5_5inst/normal_rho-0.5_full_zero/runs/seed_20260417/comparison_summary.csv",
  "aggregate": {
    "BSP": {
      "count": 1,
      "avg_revenue_in_sample": 26.168128471573436,
      "avg_revenue_out_sample": 25.35720144452807,
      "avg_runtime": 0.19927000999450684
    },
    "CPBSD-A": {
      "count": 1,
      "avg_revenue_in_sample": 26.16812847156544,
      "avg_revenue_out_sample": 25.34173599322107,
      "avg_runtime": 0.16035008430480957
    },
    "FCP-pruned-MB": {
      "count": 1,
      "avg_revenue_in_sample": 26.168128471584193,
      "avg_revenue_out_sample": 25.35720144452807,
      "avg_runtime": 0.23160195350646973
    }
  },
  "rows": [
    {
      "instance_id": "cpbsd_instance_001_N5_K50_normal_rho-0.5_full_zero",
      "seed": 20260417,
      "n": 5,
      "k": 50,
      "method": "FCP-pruned-MB",
      "revenue_in_sample": 26.168128471584193,
      "revenue_out_sample": 25.35720144452807,
      "solver_runtime": 0.23160195350646973,
      "status_code": 2,
      "result_path": "/Users/sensen/.openclaw/workspace/domains/revenue-management/experiments/fcp_mb_phase2_shortlist_n5_5inst/normal_rho-0.5_full_zero/runs/seed_20260417/results/cpbsd_instance_001_N5_K50_normal_rho-0.5_full_zero__fcp_pruned_mb.json",
      "gcn_inference_time": 0.05919003486633301,
      "candidate_generation_time": 5.602836608886719e-05,
      "bundle_space_size": 9,
      "bundle_space_fraction": 0.28125,
      "full_bundle_space_size": 32,
      "raw_customer_bundle_count": 50,
      "unique_threshold_bundle_count": 8,
      "threshold": 0.5,
      "ratio_to_bsp": 1.000000000000411,
      "ratio_to_cpbsd_a": 1.0000000000007168
    },
    {
      "instance_id": "cpbsd_instance_001_N5_K50_normal_rho-0.5_full_zero",
      "seed": 20260417,
      "n": 5,
      "k": 50,
      "method": "BSP",
      "revenue_in_sample": 26.168128471573436,
      "revenue_out_sample": 25.35720144452807,
      "solver_runtime": 0.19927000999450684,
      "status_code": 2,
      "result_path": "/Users/sensen/.openclaw/workspace/domains/revenue-management/experiments/fcp_mb_phase2_shortlist_n5_5inst/normal_rho-0.5_full_zero/runs/seed_20260417/results/cpbsd_instance_001_N5_K50_normal_rho-0.5_full_zero__bsp.json",
      "bundle_space_size": null,
      "bundle_space_fraction": null,
      "full_bundle_space_size": 32,
      "ratio_to_bsp": 1.0,
      "ratio_to_cpbsd_a": 1.0000000000003055
    },
    {
      "instance_id": "cpbsd_instance_001_N5_K50_normal_rho-0.5_full_zero",
      "seed": 20260417,
      "n": 5,
      "k": 50,
      "method": "CPBSD-A",
      "revenue_in_sample": 26.16812847156544,
      "revenue_out_sample": 25.34173599322107,
      "solver_runtime": 0.16035008430480957,
      "status_code": 2,
      "result_path": "/Users/sensen/.openclaw/workspace/domains/revenue-management/experiments/fcp_mb_phase2_shortlist_n5_5inst/normal_rho-0.5_full_zero/runs/seed_20260417/results/cpbsd_instance_001_N5_K50_normal_rho-0.5_full_zero__cpbsd_a.json",
      "bundle_space_size": null,
      "bundle_space_fraction": null,
      "full_bundle_space_size": 32,
      "ratio_to_bsp": 0.9999999999996944,
      "ratio_to_cpbsd_a": 1.0
    }
  ]
}
