/Users/sensen/.openclaw/workspace/domains/revenue-management/project-root/code_submission_project/code_submission/src/data/generate_data_CPBSD.py:106: RuntimeWarning: divide by zero encountered in matmul
  z = rng.multivariate_normal(mean=np.zeros(n), cov=corr, size=k)
/Users/sensen/.openclaw/workspace/domains/revenue-management/project-root/code_submission_project/code_submission/src/data/generate_data_CPBSD.py:106: RuntimeWarning: overflow encountered in matmul
  z = rng.multivariate_normal(mean=np.zeros(n), cov=corr, size=k)
/Users/sensen/.openclaw/workspace/domains/revenue-management/project-root/code_submission_project/code_submission/src/data/generate_data_CPBSD.py:106: RuntimeWarning: invalid value encountered in matmul
  z = rng.multivariate_normal(mean=np.zeros(n), cov=corr, size=k)
/Users/sensen/.openclaw/workspace/domains/revenue-management/project-root/code_submission_project/code_submission/src/data/solve_mb_bsp_on_cpbsd_v2.py:214: RuntimeWarning: divide by zero encountered in matmul
  revenues = v_kn @ assortments.T
/Users/sensen/.openclaw/workspace/domains/revenue-management/project-root/code_submission_project/code_submission/src/data/solve_mb_bsp_on_cpbsd_v2.py:214: RuntimeWarning: overflow encountered in matmul
  revenues = v_kn @ assortments.T
/Users/sensen/.openclaw/workspace/domains/revenue-management/project-root/code_submission_project/code_submission/src/data/solve_mb_bsp_on_cpbsd_v2.py:214: RuntimeWarning: invalid value encountered in matmul
  revenues = v_kn @ assortments.T
Set parameter LicenseID to value 2784353
Set parameter MIPGap to value 0.01
Set parameter TimeLimit to value 300
{
  "root": "/Users/sensen/.openclaw/workspace/domains/revenue-management/experiments/cpbsd_fcp_pruned_mb_compare_n10k50_10inst_strict300/runs/seed_20260325",
  "summary_path": "/Users/sensen/.openclaw/workspace/domains/revenue-management/experiments/cpbsd_fcp_pruned_mb_compare_n10k50_10inst_strict300/runs/seed_20260325/comparison_summary.json",
  "csv_path": "/Users/sensen/.openclaw/workspace/domains/revenue-management/experiments/cpbsd_fcp_pruned_mb_compare_n10k50_10inst_strict300/runs/seed_20260325/comparison_summary.csv",
  "aggregate": {
    "BSP": {
      "count": 1,
      "avg_revenue_in_sample": 2.785374510708984,
      "avg_revenue_out_sample": 2.3728590694596194,
      "avg_runtime": 5.089845895767212
    },
    "CPBSD-A": {
      "count": 1,
      "avg_revenue_in_sample": 3.1038472934475365,
      "avg_revenue_out_sample": 2.6839893183737975,
      "avg_runtime": 300.1324281692505
    },
    "FCP-pruned-MB": {
      "count": 1,
      "avg_revenue_in_sample": 3.1409271985185643,
      "avg_revenue_out_sample": 2.3184986548788604,
      "avg_runtime": 300.56986904144287
    }
  },
  "rows": [
    {
      "instance_id": "cpbsd_instance_001_N10_K50_normal_rho0.0_full_hvhm",
      "seed": 20260325,
      "n": 10,
      "k": 50,
      "method": "FCP-pruned-MB",
      "revenue_in_sample": 3.1409271985185643,
      "revenue_out_sample": 2.3184986548788604,
      "solver_runtime": 300.56986904144287,
      "status_code": 9,
      "result_path": "/Users/sensen/.openclaw/workspace/domains/revenue-management/experiments/cpbsd_fcp_pruned_mb_compare_n10k50_10inst_strict300/runs/seed_20260325/results/cpbsd_instance_001_N10_K50_normal_rho0.0_full_hvhm__fcp_pruned_mb.json",
      "gcn_inference_time": 0.10991692543029785,
      "candidate_generation_time": 0.00015997886657714844,
      "bundle_space_size": 31,
      "bundle_space_fraction": 0.0302734375,
      "full_bundle_space_size": 1024,
      "raw_customer_bundle_count": 50,
      "unique_threshold_bundle_count": 31,
      "threshold": 0.5,
      "ratio_to_bsp": 1.1276498677081233,
      "ratio_to_cpbsd_a": 1.0119464334309571
    },
    {
      "instance_id": "cpbsd_instance_001_N10_K50_normal_rho0.0_full_hvhm",
      "seed": 20260325,
      "n": 10,
      "k": 50,
      "method": "BSP",
      "revenue_in_sample": 2.785374510708984,
      "revenue_out_sample": 2.3728590694596194,
      "solver_runtime": 5.089845895767212,
      "status_code": 2,
      "result_path": "/Users/sensen/.openclaw/workspace/domains/revenue-management/experiments/cpbsd_fcp_pruned_mb_compare_n10k50_10inst_strict300/runs/seed_20260325/results/cpbsd_instance_001_N10_K50_normal_rho0.0_full_hvhm__bsp.json",
      "bundle_space_size": null,
      "bundle_space_fraction": null,
      "full_bundle_space_size": 1024,
      "ratio_to_bsp": 1.0,
      "ratio_to_cpbsd_a": 0.8973941844977769
    },
    {
      "instance_id": "cpbsd_instance_001_N10_K50_normal_rho0.0_full_hvhm",
      "seed": 20260325,
      "n": 10,
      "k": 50,
      "method": "CPBSD-A",
      "revenue_in_sample": 3.1038472934475365,
      "revenue_out_sample": 2.6839893183737975,
      "solver_runtime": 300.1324281692505,
      "status_code": 9,
      "result_path": "/Users/sensen/.openclaw/workspace/domains/revenue-management/experiments/cpbsd_fcp_pruned_mb_compare_n10k50_10inst_strict300/runs/seed_20260325/results/cpbsd_instance_001_N10_K50_normal_rho0.0_full_hvhm__cpbsd_a.json",
      "bundle_space_size": null,
      "bundle_space_fraction": null,
      "full_bundle_space_size": 1024,
      "ratio_to_bsp": 1.1143375088391576,
      "ratio_to_cpbsd_a": 1.0
    }
  ]
}
