/Users/sensen/.openclaw/workspace/domains/revenue-management/project-root/code_submission_project/code_submission/src/data/generate_data_CPBSD.py:106: RuntimeWarning: divide by zero encountered in matmul
  z = rng.multivariate_normal(mean=np.zeros(n), cov=corr, size=k)
/Users/sensen/.openclaw/workspace/domains/revenue-management/project-root/code_submission_project/code_submission/src/data/generate_data_CPBSD.py:106: RuntimeWarning: overflow encountered in matmul
  z = rng.multivariate_normal(mean=np.zeros(n), cov=corr, size=k)
/Users/sensen/.openclaw/workspace/domains/revenue-management/project-root/code_submission_project/code_submission/src/data/generate_data_CPBSD.py:106: RuntimeWarning: invalid value encountered in matmul
  z = rng.multivariate_normal(mean=np.zeros(n), cov=corr, size=k)
/Users/sensen/.openclaw/workspace/domains/revenue-management/project-root/code_submission_project/code_submission/src/data/solve_mb_bsp_on_cpbsd_v2.py:214: RuntimeWarning: divide by zero encountered in matmul
  revenues = v_kn @ assortments.T
/Users/sensen/.openclaw/workspace/domains/revenue-management/project-root/code_submission_project/code_submission/src/data/solve_mb_bsp_on_cpbsd_v2.py:214: RuntimeWarning: overflow encountered in matmul
  revenues = v_kn @ assortments.T
/Users/sensen/.openclaw/workspace/domains/revenue-management/project-root/code_submission_project/code_submission/src/data/solve_mb_bsp_on_cpbsd_v2.py:214: RuntimeWarning: invalid value encountered in matmul
  revenues = v_kn @ assortments.T
Set parameter LicenseID to value 2784353
Set parameter MIPGap to value 0.01
Set parameter TimeLimit to value 300
{
  "root": "/Users/sensen/.openclaw/workspace/domains/revenue-management/experiments/cpbsd_fcp_pruned_mb_compare_n10k50_10inst_strict300/runs/seed_20260324",
  "summary_path": "/Users/sensen/.openclaw/workspace/domains/revenue-management/experiments/cpbsd_fcp_pruned_mb_compare_n10k50_10inst_strict300/runs/seed_20260324/comparison_summary.json",
  "csv_path": "/Users/sensen/.openclaw/workspace/domains/revenue-management/experiments/cpbsd_fcp_pruned_mb_compare_n10k50_10inst_strict300/runs/seed_20260324/comparison_summary.csv",
  "aggregate": {
    "BSP": {
      "count": 1,
      "avg_revenue_in_sample": 2.664457463026178,
      "avg_revenue_out_sample": 2.3930468637769136,
      "avg_runtime": 10.936548948287964
    },
    "CPBSD-A": {
      "count": 1,
      "avg_revenue_in_sample": 2.997441418416571,
      "avg_revenue_out_sample": 2.810713088846966,
      "avg_runtime": 300.17419695854187
    },
    "FCP-pruned-MB": {
      "count": 1,
      "avg_revenue_in_sample": 3.119965681256525,
      "avg_revenue_out_sample": 2.2810159470245637,
      "avg_runtime": 281.947881937027
    }
  },
  "rows": [
    {
      "instance_id": "cpbsd_instance_001_N10_K50_normal_rho0.0_full_hvhm",
      "seed": 20260324,
      "n": 10,
      "k": 50,
      "method": "FCP-pruned-MB",
      "revenue_in_sample": 3.119965681256525,
      "revenue_out_sample": 2.2810159470245637,
      "solver_runtime": 281.947881937027,
      "status_code": 2,
      "result_path": "/Users/sensen/.openclaw/workspace/domains/revenue-management/experiments/cpbsd_fcp_pruned_mb_compare_n10k50_10inst_strict300/runs/seed_20260324/results/cpbsd_instance_001_N10_K50_normal_rho0.0_full_hvhm__fcp_pruned_mb.json",
      "gcn_inference_time": 0.1285250186920166,
      "candidate_generation_time": 0.00015282630920410156,
      "bundle_space_size": 35,
      "bundle_space_fraction": 0.0341796875,
      "full_bundle_space_size": 1024,
      "raw_customer_bundle_count": 50,
      "unique_threshold_bundle_count": 35,
      "threshold": 0.5,
      "ratio_to_bsp": 1.1709572115716946,
      "ratio_to_cpbsd_a": 1.0408762827147022
    },
    {
      "instance_id": "cpbsd_instance_001_N10_K50_normal_rho0.0_full_hvhm",
      "seed": 20260324,
      "n": 10,
      "k": 50,
      "method": "BSP",
      "revenue_in_sample": 2.664457463026178,
      "revenue_out_sample": 2.3930468637769136,
      "solver_runtime": 10.936548948287964,
      "status_code": 2,
      "result_path": "/Users/sensen/.openclaw/workspace/domains/revenue-management/experiments/cpbsd_fcp_pruned_mb_compare_n10k50_10inst_strict300/runs/seed_20260324/results/cpbsd_instance_001_N10_K50_normal_rho0.0_full_hvhm__bsp.json",
      "bundle_space_size": null,
      "bundle_space_fraction": null,
      "full_bundle_space_size": 1024,
      "ratio_to_bsp": 1.0,
      "ratio_to_cpbsd_a": 0.8889106044426732
    },
    {
      "instance_id": "cpbsd_instance_001_N10_K50_normal_rho0.0_full_hvhm",
      "seed": 20260324,
      "n": 10,
      "k": 50,
      "method": "CPBSD-A",
      "revenue_in_sample": 2.997441418416571,
      "revenue_out_sample": 2.810713088846966,
      "solver_runtime": 300.17419695854187,
      "status_code": 9,
      "result_path": "/Users/sensen/.openclaw/workspace/domains/revenue-management/experiments/cpbsd_fcp_pruned_mb_compare_n10k50_10inst_strict300/runs/seed_20260324/results/cpbsd_instance_001_N10_K50_normal_rho0.0_full_hvhm__cpbsd_a.json",
      "bundle_space_size": null,
      "bundle_space_fraction": null,
      "full_bundle_space_size": 1024,
      "ratio_to_bsp": 1.124972516923653,
      "ratio_to_cpbsd_a": 1.0
    }
  ]
}
