/Users/sensen/.openclaw/workspace/domains/revenue-management/project-root/code_submission_project/code_submission/src/data/generate_data_CPBSD.py:106: RuntimeWarning: divide by zero encountered in matmul
  z = rng.multivariate_normal(mean=np.zeros(n), cov=corr, size=k)
/Users/sensen/.openclaw/workspace/domains/revenue-management/project-root/code_submission_project/code_submission/src/data/generate_data_CPBSD.py:106: RuntimeWarning: overflow encountered in matmul
  z = rng.multivariate_normal(mean=np.zeros(n), cov=corr, size=k)
/Users/sensen/.openclaw/workspace/domains/revenue-management/project-root/code_submission_project/code_submission/src/data/generate_data_CPBSD.py:106: RuntimeWarning: invalid value encountered in matmul
  z = rng.multivariate_normal(mean=np.zeros(n), cov=corr, size=k)
/Users/sensen/.openclaw/workspace/domains/revenue-management/project-root/code_submission_project/code_submission/src/data/solve_mb_bsp_on_cpbsd_v2.py:214: RuntimeWarning: divide by zero encountered in matmul
  revenues = v_kn @ assortments.T
/Users/sensen/.openclaw/workspace/domains/revenue-management/project-root/code_submission_project/code_submission/src/data/solve_mb_bsp_on_cpbsd_v2.py:214: RuntimeWarning: overflow encountered in matmul
  revenues = v_kn @ assortments.T
/Users/sensen/.openclaw/workspace/domains/revenue-management/project-root/code_submission_project/code_submission/src/data/solve_mb_bsp_on_cpbsd_v2.py:214: RuntimeWarning: invalid value encountered in matmul
  revenues = v_kn @ assortments.T
Set parameter LicenseID to value 2784353
Set parameter MIPGap to value 0.01
Set parameter TimeLimit to value 300
{
  "root": "/Users/sensen/.openclaw/workspace/domains/revenue-management/experiments/cpbsd_fcp_pruned_mb_compare_n10k50_10inst_strict300/runs/seed_20260329",
  "summary_path": "/Users/sensen/.openclaw/workspace/domains/revenue-management/experiments/cpbsd_fcp_pruned_mb_compare_n10k50_10inst_strict300/runs/seed_20260329/comparison_summary.json",
  "csv_path": "/Users/sensen/.openclaw/workspace/domains/revenue-management/experiments/cpbsd_fcp_pruned_mb_compare_n10k50_10inst_strict300/runs/seed_20260329/comparison_summary.csv",
  "aggregate": {
    "BSP": {
      "count": 1,
      "avg_revenue_in_sample": 2.536378276117598,
      "avg_revenue_out_sample": 2.302914844548615,
      "avg_runtime": 8.108498096466064
    },
    "CPBSD-A": {
      "count": 1,
      "avg_revenue_in_sample": 2.9947203175606956,
      "avg_revenue_out_sample": 2.924508813969712,
      "avg_runtime": 300.45466923713684
    },
    "FCP-pruned-MB": {
      "count": 1,
      "avg_revenue_in_sample": 3.1939506848853716,
      "avg_revenue_out_sample": 2.4593606759876336,
      "avg_runtime": 75.41179013252258
    }
  },
  "rows": [
    {
      "instance_id": "cpbsd_instance_001_N10_K50_normal_rho0.0_full_hvhm",
      "seed": 20260329,
      "n": 10,
      "k": 50,
      "method": "FCP-pruned-MB",
      "revenue_in_sample": 3.1939506848853716,
      "revenue_out_sample": 2.4593606759876336,
      "solver_runtime": 75.41179013252258,
      "status_code": 2,
      "result_path": "/Users/sensen/.openclaw/workspace/domains/revenue-management/experiments/cpbsd_fcp_pruned_mb_compare_n10k50_10inst_strict300/runs/seed_20260329/results/cpbsd_instance_001_N10_K50_normal_rho0.0_full_hvhm__fcp_pruned_mb.json",
      "gcn_inference_time": 0.10820412635803223,
      "candidate_generation_time": 0.00015091896057128906,
      "bundle_space_size": 30,
      "bundle_space_fraction": 0.029296875,
      "full_bundle_space_size": 1024,
      "raw_customer_bundle_count": 50,
      "unique_threshold_bundle_count": 30,
      "threshold": 0.5,
      "ratio_to_bsp": 1.2592564425265111,
      "ratio_to_cpbsd_a": 1.0665272032771849
    },
    {
      "instance_id": "cpbsd_instance_001_N10_K50_normal_rho0.0_full_hvhm",
      "seed": 20260329,
      "n": 10,
      "k": 50,
      "method": "BSP",
      "revenue_in_sample": 2.536378276117598,
      "revenue_out_sample": 2.302914844548615,
      "solver_runtime": 8.108498096466064,
      "status_code": 2,
      "result_path": "/Users/sensen/.openclaw/workspace/domains/revenue-management/experiments/cpbsd_fcp_pruned_mb_compare_n10k50_10inst_strict300/runs/seed_20260329/results/cpbsd_instance_001_N10_K50_normal_rho0.0_full_hvhm__bsp.json",
      "bundle_space_size": null,
      "bundle_space_fraction": null,
      "full_bundle_space_size": 1024,
      "ratio_to_bsp": 1.0,
      "ratio_to_cpbsd_a": 0.8469499676629458
    },
    {
      "instance_id": "cpbsd_instance_001_N10_K50_normal_rho0.0_full_hvhm",
      "seed": 20260329,
      "n": 10,
      "k": 50,
      "method": "CPBSD-A",
      "revenue_in_sample": 2.9947203175606956,
      "revenue_out_sample": 2.924508813969712,
      "solver_runtime": 300.45466923713684,
      "status_code": 9,
      "result_path": "/Users/sensen/.openclaw/workspace/domains/revenue-management/experiments/cpbsd_fcp_pruned_mb_compare_n10k50_10inst_strict300/runs/seed_20260329/results/cpbsd_instance_001_N10_K50_normal_rho0.0_full_hvhm__cpbsd_a.json",
      "bundle_space_size": null,
      "bundle_space_fraction": null,
      "full_bundle_space_size": 1024,
      "ratio_to_bsp": 1.1807072887190453,
      "ratio_to_cpbsd_a": 1.0
    }
  ]
}
