COMMAND:
/Applications/Xcode.app/Contents/Developer/usr/bin/python3 /Users/sensen/.openclaw/workspace/domains/revenue-management/project-root/code_submission_project/code_submission/src/data/solve_mb_bsp_on_cpbsd_v2.py --instance /Users/sensen/.openclaw/workspace/domains/revenue-management/experiments/mb_oos_drop_grid_smoke/instances/n5/cpbsd_instance_001_N5_K50_normal_rho0.0_full_hvhm.msgpack --method mb --time-limit 5.0 --mip-gap 0.01 --output-flag 0 --save-json /Users/sensen/.openclaw/workspace/domains/revenue-management/experiments/mb_oos_drop_grid_smoke/results/n5/cpbsd_instance_001_N5_K50_normal_rho0.0_full_hvhm__mb.json

/Users/sensen/.openclaw/workspace/domains/revenue-management/project-root/code_submission_project/code_submission/src/data/solve_mb_bsp_on_cpbsd_v2.py:293: RuntimeWarning: divide by zero encountered in matmul
  revenues = v_kn @ assortments.T
/Users/sensen/.openclaw/workspace/domains/revenue-management/project-root/code_submission_project/code_submission/src/data/solve_mb_bsp_on_cpbsd_v2.py:293: RuntimeWarning: overflow encountered in matmul
  revenues = v_kn @ assortments.T
/Users/sensen/.openclaw/workspace/domains/revenue-management/project-root/code_submission_project/code_submission/src/data/solve_mb_bsp_on_cpbsd_v2.py:293: RuntimeWarning: invalid value encountered in matmul
  revenues = v_kn @ assortments.T
Set parameter LicenseID to value 2784353
{
  "solver_status": 9,
  "feasible": true,
  "mb_formulation_version": 6,
  "runtime": 5.005331039428711,
  "wall_time": 5.005380868911743,
  "mip_gap": 0.0796405458391999,
  "objective": 1.64000443331687,
  "revenue_in_sample": 1.6419104247947474,
  "model_num_vars": 6281,
  "model_num_binvars": 1550,
  "model_num_constrs": 10471,
  "bundle_space_size": 32,
  "subadditivity_mode": "full_partition",
  "policy_scope": "full_bundle_prices",
  "bundle_prices": {
    "1": 10.21835705418302,
    "3": 18.17392505277625,
    "6": 13.812584063342818,
    "7": 23.66361883886517,
    "11": 21.37850023295249,
    "15": 26.967516115895222,
    "18": 9.751096257993215,
    "19": 19.358376717986914,
    "21": 17.51162501877052,
    "22": 15.21594032729793,
    "23": 24.873404552185384,
    "24": 5.059700631442124,
    "25": 14.573845992273695,
    "27": 22.273799806846,
    "29": 20.453214564068038,
    "30": 18.167753933794387,
    "31": 27.81041539840318
  },
  "bundle_prices_full": {
    "0": 0.0,
    "1": 10.21835705418302,
    "2": 27.77919663740901,
    "3": 18.17392505277625,
    "4": 30.527136698589537,
    "5": 30.527136698589537,
    "6": 13.812584063342818,
    "7": 23.66361883886517,
    "8": 13.101643884359943,
    "9": 23.13470865848845,
    "10": 20.46223131277105,
    "11": 21.37850023295249,
    "12": 30.527136698589544,
    "13": 20.585350657320053,
    "14": 21.85404991173262,
    "15": 26.967516115895222,
    "16": 19.20597201017766,
    "17": 11.576158200566281,
    "18": 9.751096257993215,
    "19": 19.358376717986914,
    "20": 23.94719889834501,
    "21": 17.51162501877052,
    "22": 15.21594032729793,
    "23": 24.873404552185384,
    "24": 5.059700631442124,
    "25": 14.573845992273695,
    "26": 13.701126283013123,
    "27": 22.273799806846,
    "28": 15.136946161274967,
    "29": 20.453214564068038,
    "30": 18.167753933794387,
    "31": 27.81041539840318
  },
  "bundle_prices_selected": {
    "1": 10.21835705418302,
    "3": 18.17392505277625,
    "6": 13.812584063342818,
    "7": 23.66361883886517,
    "11": 21.37850023295249,
    "15": 26.967516115895222,
    "18": 9.751096257993215,
    "19": 19.358376717986914,
    "21": 17.51162501877052,
    "22": 15.21594032729793,
    "23": 24.873404552185384,
    "24": 5.059700631442124,
    "25": 14.573845992273695,
    "27": 22.273799806846,
    "29": 20.453214564068038,
    "30": 18.167753933794387,
    "31": 27.81041539840318
  },
  "chosen_bundle_idx_by_customer": [
    1,
    31,
    11,
    3,
    27,
    27,
    31,
    6,
    0,
    30,
    11,
    21,
    31,
    7,
    25,
    15,
    27,
    0,
    19,
    22,
    0,
    0,
    24,
    31,
    25,
    0,
    25,
    11,
    18,
    11,
    1,
    29,
    0,
    6,
    31,
    7,
    6,
    15,
    27,
    27,
    1,
    27,
    27,
    27,
    31,
    31,
    31,
    23,
    31,
    31
  ],
  "chosen_product_matrix": [
    [
      0,
      0,
      0,
      0,
      1
    ],
    [
      1,
      1,
      1,
      1,
      1
    ],
    [
      0,
      1,
      0,
      1,
      1
    ],
    [
      0,
      0,
      0,
      1,
      1
    ],
    [
      1,
      1,
      0,
      1,
      1
    ],
    [
      1,
      1,
      0,
      1,
      1
    ],
    [
      1,
      1,
      1,
      1,
      1
    ],
    [
      0,
      0,
      1,
      1,
      0
    ],
    [
      0,
      0,
      0,
      0,
      0
    ],
    [
      1,
      1,
      1,
      1,
      0
    ],
    [
      0,
      1,
      0,
      1,
      1
    ],
    [
      1,
      0,
      1,
      0,
      1
    ],
    [
      1,
      1,
      1,
      1,
      1
    ],
    [
      0,
      0,
      1,
      1,
      1
    ],
    [
      1,
      1,
      0,
      0,
      1
    ],
    [
      0,
      1,
      1,
      1,
      1
    ],
    [
      1,
      1,
      0,
      1,
      1
    ],
    [
      0,
      0,
      0,
      0,
      0
    ],
    [
      1,
      0,
      0,
      1,
      1
    ],
    [
      1,
      0,
      1,
      1,
      0
    ],
    [
      0,
      0,
      0,
      0,
      0
    ],
    [
      0,
      0,
      0,
      0,
      0
    ],
    [
      1,
      1,
      0,
      0,
      0
    ],
    [
      1,
      1,
      1,
      1,
      1
    ],
    [
      1,
      1,
      0,
      0,
      1
    ],
    [
      0,
      0,
      0,
      0,
      0
    ],
    [
      1,
      1,
      0,
      0,
      1
    ],
    [
      0,
      1,
      0,
      1,
      1
    ],
    [
      1,
      0,
      0,
      1,
      0
    ],
    [
      0,
      1,
      0,
      1,
      1
    ],
    [
      0,
      0,
      0,
      0,
      1
    ],
    [
      1,
      1,
      1,
      0,
      1
    ],
    [
      0,
      0,
      0,
      0,
      0
    ],
    [
      0,
      0,
      1,
      1,
      0
    ],
    [
      1,
      1,
      1,
      1,
      1
    ],
    [
      0,
      0,
      1,
      1,
      1
    ],
    [
      0,
      0,
      1,
      1,
      0
    ],
    [
      0,
      1,
      1,
      1,
      1
    ],
    [
      1,
      1,
      0,
      1,
      1
    ],
    [
      1,
      1,
      0,
      1,
      1
    ],
    [
      0,
      0,
      0,
      0,
      1
    ],
    [
      1,
      1,
      0,
      1,
      1
    ],
    [
      1,
      1,
      0,
      1,
      1
    ],
    [
      1,
      1,
      0,
      1,
      1
    ],
    [
      1,
      1,
      1,
      1,
      1
    ],
    [
      1,
      1,
      1,
      1,
      1
    ],
    [
      1,
      1,
      1,
      1,
      1
    ],
    [
      1,
      0,
      1,
      1,
      1
    ],
    [
      1,
      1,
      1,
      1,
      1
    ],
    [
      1,
      1,
      1,
      1,
      1
    ]
  ],
  "assortments": [
    [
      0,
      0,
      0,
      0,
      0
    ],
    [
      0,
      0,
      0,
      0,
      1
    ],
    [
      0,
      0,
      0,
      1,
      0
    ],
    [
      0,
      0,
      0,
      1,
      1
    ],
    [
      0,
      0,
      1,
      0,
      0
    ],
    [
      0,
      0,
      1,
      0,
      1
    ],
    [
      0,
      0,
      1,
      1,
      0
    ],
    [
      0,
      0,
      1,
      1,
      1
    ],
    [
      0,
      1,
      0,
      0,
      0
    ],
    [
      0,
      1,
      0,
      0,
      1
    ],
    [
      0,
      1,
      0,
      1,
      0
    ],
    [
      0,
      1,
      0,
      1,
      1
    ],
    [
      0,
      1,
      1,
      0,
      0
    ],
    [
      0,
      1,
      1,
      0,
      1
    ],
    [
      0,
      1,
      1,
      1,
      0
    ],
    [
      0,
      1,
      1,
      1,
      1
    ],
    [
      1,
      0,
      0,
      0,
      0
    ],
    [
      1,
      0,
      0,
      0,
      1
    ],
    [
      1,
      0,
      0,
      1,
      0
    ],
    [
      1,
      0,
      0,
      1,
      1
    ],
    [
      1,
      0,
      1,
      0,
      0
    ],
    [
      1,
      0,
      1,
      0,
      1
    ],
    [
      1,
      0,
      1,
      1,
      0
    ],
    [
      1,
      0,
      1,
      1,
      1
    ],
    [
      1,
      1,
      0,
      0,
      0
    ],
    [
      1,
      1,
      0,
      0,
      1
    ],
    [
      1,
      1,
      0,
      1,
      0
    ],
    [
      1,
      1,
      0,
      1,
      1
    ],
    [
      1,
      1,
      1,
      0,
      0
    ],
    [
      1,
      1,
      1,
      0,
      1
    ],
    [
      1,
      1,
      1,
      1,
      0
    ],
    [
      1,
      1,
      1,
      1,
      1
    ]
  ]
}

EXIT_CODE:0
