Set parameter LicenseID to value 2784353
/Users/sensen/.openclaw/workspace/domains/revenue-management/project-root/code_submission_project/code_submission/src/data/generate_data_CPBSD.py:106: RuntimeWarning: divide by zero encountered in matmul
  z = rng.multivariate_normal(mean=np.zeros(n), cov=corr, size=k)
/Users/sensen/.openclaw/workspace/domains/revenue-management/project-root/code_submission_project/code_submission/src/data/generate_data_CPBSD.py:106: RuntimeWarning: overflow encountered in matmul
  z = rng.multivariate_normal(mean=np.zeros(n), cov=corr, size=k)
/Users/sensen/.openclaw/workspace/domains/revenue-management/project-root/code_submission_project/code_submission/src/data/generate_data_CPBSD.py:106: RuntimeWarning: invalid value encountered in matmul
  z = rng.multivariate_normal(mean=np.zeros(n), cov=corr, size=k)
Set parameter MIPGap to value 0.001
Set parameter TimeLimit to value 300
{
  "root": "/Users/sensen/.openclaw/workspace/domains/revenue-management/experiments/fcp_mb_phase2_shortlist_n5_5inst/normal_rho0.0_full_zero/runs/seed_20260415",
  "summary_path": "/Users/sensen/.openclaw/workspace/domains/revenue-management/experiments/fcp_mb_phase2_shortlist_n5_5inst/normal_rho0.0_full_zero/runs/seed_20260415/comparison_summary.json",
  "csv_path": "/Users/sensen/.openclaw/workspace/domains/revenue-management/experiments/fcp_mb_phase2_shortlist_n5_5inst/normal_rho0.0_full_zero/runs/seed_20260415/comparison_summary.csv",
  "aggregate": {
    "BSP": {
      "count": 1,
      "avg_revenue_in_sample": 26.21075337061875,
      "avg_revenue_out_sample": 23.228816022462947,
      "avg_runtime": 0.31651902198791504
    },
    "CPBSD-A": {
      "count": 1,
      "avg_revenue_in_sample": 26.210753370611744,
      "avg_revenue_out_sample": 23.233085717024924,
      "avg_runtime": 0.08127593994140625
    },
    "FCP-pruned-MB": {
      "count": 1,
      "avg_revenue_in_sample": 26.210753370613237,
      "avg_revenue_out_sample": 23.21324813034437,
      "avg_runtime": 0.3741600513458252
    }
  },
  "rows": [
    {
      "instance_id": "cpbsd_instance_001_N5_K50_normal_rho0.0_full_zero",
      "seed": 20260415,
      "n": 5,
      "k": 50,
      "method": "FCP-pruned-MB",
      "revenue_in_sample": 26.210753370613237,
      "revenue_out_sample": 23.21324813034437,
      "solver_runtime": 0.3741600513458252,
      "status_code": 2,
      "result_path": "/Users/sensen/.openclaw/workspace/domains/revenue-management/experiments/fcp_mb_phase2_shortlist_n5_5inst/normal_rho0.0_full_zero/runs/seed_20260415/results/cpbsd_instance_001_N5_K50_normal_rho0.0_full_zero__fcp_pruned_mb.json",
      "gcn_inference_time": 0.37280988693237305,
      "candidate_generation_time": 0.0001289844512939453,
      "bundle_space_size": 9,
      "bundle_space_fraction": 0.28125,
      "full_bundle_space_size": 32,
      "raw_customer_bundle_count": 50,
      "unique_threshold_bundle_count": 8,
      "threshold": 0.5,
      "ratio_to_bsp": 0.9999999999997896,
      "ratio_to_cpbsd_a": 1.0000000000000568
    },
    {
      "instance_id": "cpbsd_instance_001_N5_K50_normal_rho0.0_full_zero",
      "seed": 20260415,
      "n": 5,
      "k": 50,
      "method": "BSP",
      "revenue_in_sample": 26.21075337061875,
      "revenue_out_sample": 23.228816022462947,
      "solver_runtime": 0.31651902198791504,
      "status_code": 2,
      "result_path": "/Users/sensen/.openclaw/workspace/domains/revenue-management/experiments/fcp_mb_phase2_shortlist_n5_5inst/normal_rho0.0_full_zero/runs/seed_20260415/results/cpbsd_instance_001_N5_K50_normal_rho0.0_full_zero__bsp.json",
      "bundle_space_size": null,
      "bundle_space_fraction": null,
      "full_bundle_space_size": 32,
      "ratio_to_bsp": 1.0,
      "ratio_to_cpbsd_a": 1.0000000000002673
    },
    {
      "instance_id": "cpbsd_instance_001_N5_K50_normal_rho0.0_full_zero",
      "seed": 20260415,
      "n": 5,
      "k": 50,
      "method": "CPBSD-A",
      "revenue_in_sample": 26.210753370611744,
      "revenue_out_sample": 23.233085717024924,
      "solver_runtime": 0.08127593994140625,
      "status_code": 2,
      "result_path": "/Users/sensen/.openclaw/workspace/domains/revenue-management/experiments/fcp_mb_phase2_shortlist_n5_5inst/normal_rho0.0_full_zero/runs/seed_20260415/results/cpbsd_instance_001_N5_K50_normal_rho0.0_full_zero__cpbsd_a.json",
      "bundle_space_size": null,
      "bundle_space_fraction": null,
      "full_bundle_space_size": 32,
      "ratio_to_bsp": 0.9999999999997327,
      "ratio_to_cpbsd_a": 1.0
    }
  ]
}
