Set parameter LicenseID to value 2784353
/Users/sensen/.openclaw/workspace/domains/revenue-management/project-root/code_submission_project/code_submission/src/data/generate_data_CPBSD.py:106: RuntimeWarning: divide by zero encountered in matmul
  z = rng.multivariate_normal(mean=np.zeros(n), cov=corr, size=k)
/Users/sensen/.openclaw/workspace/domains/revenue-management/project-root/code_submission_project/code_submission/src/data/generate_data_CPBSD.py:106: RuntimeWarning: overflow encountered in matmul
  z = rng.multivariate_normal(mean=np.zeros(n), cov=corr, size=k)
/Users/sensen/.openclaw/workspace/domains/revenue-management/project-root/code_submission_project/code_submission/src/data/generate_data_CPBSD.py:106: RuntimeWarning: invalid value encountered in matmul
  z = rng.multivariate_normal(mean=np.zeros(n), cov=corr, size=k)
Set parameter MIPGap to value 0.001
Set parameter TimeLimit to value 300
{
  "root": "/Users/sensen/.openclaw/workspace/domains/revenue-management/experiments/fcp_mb_phase2_shortlist_n5_5inst/normal_rho0.0_full_zero/runs/seed_20260416",
  "summary_path": "/Users/sensen/.openclaw/workspace/domains/revenue-management/experiments/fcp_mb_phase2_shortlist_n5_5inst/normal_rho0.0_full_zero/runs/seed_20260416/comparison_summary.json",
  "csv_path": "/Users/sensen/.openclaw/workspace/domains/revenue-management/experiments/fcp_mb_phase2_shortlist_n5_5inst/normal_rho0.0_full_zero/runs/seed_20260416/comparison_summary.csv",
  "aggregate": {
    "BSP": {
      "count": 1,
      "avg_revenue_in_sample": 25.502170584313095,
      "avg_revenue_out_sample": 24.697446837612635,
      "avg_runtime": 0.18892598152160645
    },
    "CPBSD-A": {
      "count": 1,
      "avg_revenue_in_sample": 25.502170584312235,
      "avg_revenue_out_sample": 24.702267066208986,
      "avg_runtime": 0.23830008506774902
    },
    "FCP-pruned-MB": {
      "count": 1,
      "avg_revenue_in_sample": 25.501338044380805,
      "avg_revenue_out_sample": 24.53475574905356,
      "avg_runtime": 0.38968586921691895
    }
  },
  "rows": [
    {
      "instance_id": "cpbsd_instance_001_N5_K50_normal_rho0.0_full_zero",
      "seed": 20260416,
      "n": 5,
      "k": 50,
      "method": "FCP-pruned-MB",
      "revenue_in_sample": 25.501338044380805,
      "revenue_out_sample": 24.53475574905356,
      "solver_runtime": 0.38968586921691895,
      "status_code": 2,
      "result_path": "/Users/sensen/.openclaw/workspace/domains/revenue-management/experiments/fcp_mb_phase2_shortlist_n5_5inst/normal_rho0.0_full_zero/runs/seed_20260416/results/cpbsd_instance_001_N5_K50_normal_rho0.0_full_zero__fcp_pruned_mb.json",
      "gcn_inference_time": 0.05836319923400879,
      "candidate_generation_time": 8.296966552734375e-05,
      "bundle_space_size": 9,
      "bundle_space_fraction": 0.28125,
      "full_bundle_space_size": 32,
      "raw_customer_bundle_count": 50,
      "unique_threshold_bundle_count": 8,
      "threshold": 0.5,
      "ratio_to_bsp": 0.9999673541540498,
      "ratio_to_cpbsd_a": 0.9999673541540836
    },
    {
      "instance_id": "cpbsd_instance_001_N5_K50_normal_rho0.0_full_zero",
      "seed": 20260416,
      "n": 5,
      "k": 50,
      "method": "BSP",
      "revenue_in_sample": 25.502170584313095,
      "revenue_out_sample": 24.697446837612635,
      "solver_runtime": 0.18892598152160645,
      "status_code": 2,
      "result_path": "/Users/sensen/.openclaw/workspace/domains/revenue-management/experiments/fcp_mb_phase2_shortlist_n5_5inst/normal_rho0.0_full_zero/runs/seed_20260416/results/cpbsd_instance_001_N5_K50_normal_rho0.0_full_zero__bsp.json",
      "bundle_space_size": null,
      "bundle_space_fraction": null,
      "full_bundle_space_size": 32,
      "ratio_to_bsp": 1.0,
      "ratio_to_cpbsd_a": 1.0000000000000338
    },
    {
      "instance_id": "cpbsd_instance_001_N5_K50_normal_rho0.0_full_zero",
      "seed": 20260416,
      "n": 5,
      "k": 50,
      "method": "CPBSD-A",
      "revenue_in_sample": 25.502170584312235,
      "revenue_out_sample": 24.702267066208986,
      "solver_runtime": 0.23830008506774902,
      "status_code": 2,
      "result_path": "/Users/sensen/.openclaw/workspace/domains/revenue-management/experiments/fcp_mb_phase2_shortlist_n5_5inst/normal_rho0.0_full_zero/runs/seed_20260416/results/cpbsd_instance_001_N5_K50_normal_rho0.0_full_zero__cpbsd_a.json",
      "bundle_space_size": null,
      "bundle_space_fraction": null,
      "full_bundle_space_size": 32,
      "ratio_to_bsp": 0.9999999999999662,
      "ratio_to_cpbsd_a": 1.0
    }
  ]
}
