Set parameter LicenseID to value 2784353
/Users/sensen/.openclaw/workspace/domains/revenue-management/project-root/code_submission_project/code_submission/src/data/generate_data_CPBSD.py:106: RuntimeWarning: divide by zero encountered in matmul
  z = rng.multivariate_normal(mean=np.zeros(n), cov=corr, size=k)
/Users/sensen/.openclaw/workspace/domains/revenue-management/project-root/code_submission_project/code_submission/src/data/generate_data_CPBSD.py:106: RuntimeWarning: overflow encountered in matmul
  z = rng.multivariate_normal(mean=np.zeros(n), cov=corr, size=k)
/Users/sensen/.openclaw/workspace/domains/revenue-management/project-root/code_submission_project/code_submission/src/data/generate_data_CPBSD.py:106: RuntimeWarning: invalid value encountered in matmul
  z = rng.multivariate_normal(mean=np.zeros(n), cov=corr, size=k)
Set parameter MIPGap to value 0.001
Set parameter TimeLimit to value 300
{
  "root": "/Users/sensen/.openclaw/workspace/domains/revenue-management/experiments/fcp_mb_phase2_shortlist_n5_5inst/normal_rho0.0_full_zero/runs/seed_20260414",
  "summary_path": "/Users/sensen/.openclaw/workspace/domains/revenue-management/experiments/fcp_mb_phase2_shortlist_n5_5inst/normal_rho0.0_full_zero/runs/seed_20260414/comparison_summary.json",
  "csv_path": "/Users/sensen/.openclaw/workspace/domains/revenue-management/experiments/fcp_mb_phase2_shortlist_n5_5inst/normal_rho0.0_full_zero/runs/seed_20260414/comparison_summary.csv",
  "aggregate": {
    "BSP": {
      "count": 1,
      "avg_revenue_in_sample": 24.297784066398613,
      "avg_revenue_out_sample": 24.588204880235917,
      "avg_runtime": 0.3625040054321289
    },
    "CPBSD-A": {
      "count": 1,
      "avg_revenue_in_sample": 24.29778406639853,
      "avg_revenue_out_sample": 24.586219159573318,
      "avg_runtime": 0.729388952255249
    },
    "FCP-pruned-MB": {
      "count": 1,
      "avg_revenue_in_sample": 24.297784066400652,
      "avg_revenue_out_sample": 24.587788164968362,
      "avg_runtime": 0.7554652690887451
    }
  },
  "rows": [
    {
      "instance_id": "cpbsd_instance_001_N5_K50_normal_rho0.0_full_zero",
      "seed": 20260414,
      "n": 5,
      "k": 50,
      "method": "FCP-pruned-MB",
      "revenue_in_sample": 24.297784066400652,
      "revenue_out_sample": 24.587788164968362,
      "solver_runtime": 0.7554652690887451,
      "status_code": 2,
      "result_path": "/Users/sensen/.openclaw/workspace/domains/revenue-management/experiments/fcp_mb_phase2_shortlist_n5_5inst/normal_rho0.0_full_zero/runs/seed_20260414/results/cpbsd_instance_001_N5_K50_normal_rho0.0_full_zero__fcp_pruned_mb.json",
      "gcn_inference_time": 0.36997199058532715,
      "candidate_generation_time": 0.0001468658447265625,
      "bundle_space_size": 12,
      "bundle_space_fraction": 0.375,
      "full_bundle_space_size": 32,
      "raw_customer_bundle_count": 50,
      "unique_threshold_bundle_count": 11,
      "threshold": 0.5,
      "ratio_to_bsp": 1.000000000000084,
      "ratio_to_cpbsd_a": 1.0000000000000873
    },
    {
      "instance_id": "cpbsd_instance_001_N5_K50_normal_rho0.0_full_zero",
      "seed": 20260414,
      "n": 5,
      "k": 50,
      "method": "BSP",
      "revenue_in_sample": 24.297784066398613,
      "revenue_out_sample": 24.588204880235917,
      "solver_runtime": 0.3625040054321289,
      "status_code": 2,
      "result_path": "/Users/sensen/.openclaw/workspace/domains/revenue-management/experiments/fcp_mb_phase2_shortlist_n5_5inst/normal_rho0.0_full_zero/runs/seed_20260414/results/cpbsd_instance_001_N5_K50_normal_rho0.0_full_zero__bsp.json",
      "bundle_space_size": null,
      "bundle_space_fraction": null,
      "full_bundle_space_size": 32,
      "ratio_to_bsp": 1.0,
      "ratio_to_cpbsd_a": 1.0000000000000033
    },
    {
      "instance_id": "cpbsd_instance_001_N5_K50_normal_rho0.0_full_zero",
      "seed": 20260414,
      "n": 5,
      "k": 50,
      "method": "CPBSD-A",
      "revenue_in_sample": 24.29778406639853,
      "revenue_out_sample": 24.586219159573318,
      "solver_runtime": 0.729388952255249,
      "status_code": 2,
      "result_path": "/Users/sensen/.openclaw/workspace/domains/revenue-management/experiments/fcp_mb_phase2_shortlist_n5_5inst/normal_rho0.0_full_zero/runs/seed_20260414/results/cpbsd_instance_001_N5_K50_normal_rho0.0_full_zero__cpbsd_a.json",
      "bundle_space_size": null,
      "bundle_space_fraction": null,
      "full_bundle_space_size": 32,
      "ratio_to_bsp": 0.9999999999999967,
      "ratio_to_cpbsd_a": 1.0
    }
  ]
}
