Set parameter LicenseID to value 2784353
/Users/sensen/.openclaw/workspace/domains/revenue-management/project-root/code_submission_project/code_submission/src/data/generate_data_CPBSD.py:106: RuntimeWarning: divide by zero encountered in matmul
  z = rng.multivariate_normal(mean=np.zeros(n), cov=corr, size=k)
/Users/sensen/.openclaw/workspace/domains/revenue-management/project-root/code_submission_project/code_submission/src/data/generate_data_CPBSD.py:106: RuntimeWarning: overflow encountered in matmul
  z = rng.multivariate_normal(mean=np.zeros(n), cov=corr, size=k)
/Users/sensen/.openclaw/workspace/domains/revenue-management/project-root/code_submission_project/code_submission/src/data/generate_data_CPBSD.py:106: RuntimeWarning: invalid value encountered in matmul
  z = rng.multivariate_normal(mean=np.zeros(n), cov=corr, size=k)
Set parameter MIPGap to value 0.001
Set parameter TimeLimit to value 300
{
  "root": "/Users/sensen/.openclaw/workspace/domains/revenue-management/experiments/fcp_mb_phase2_shortlist_n5_5inst/normal_rho0.0_full_zero/runs/seed_20260413",
  "summary_path": "/Users/sensen/.openclaw/workspace/domains/revenue-management/experiments/fcp_mb_phase2_shortlist_n5_5inst/normal_rho0.0_full_zero/runs/seed_20260413/comparison_summary.json",
  "csv_path": "/Users/sensen/.openclaw/workspace/domains/revenue-management/experiments/fcp_mb_phase2_shortlist_n5_5inst/normal_rho0.0_full_zero/runs/seed_20260413/comparison_summary.csv",
  "aggregate": {
    "BSP": {
      "count": 1,
      "avg_revenue_in_sample": 25.698415520482854,
      "avg_revenue_out_sample": 24.518475979301005,
      "avg_runtime": 0.2937190532684326
    },
    "CPBSD-A": {
      "count": 1,
      "avg_revenue_in_sample": 25.698415520482907,
      "avg_revenue_out_sample": 24.518475979301005,
      "avg_runtime": 0.09334301948547363
    },
    "FCP-pruned-MB": {
      "count": 1,
      "avg_revenue_in_sample": 25.698415520482836,
      "avg_revenue_out_sample": 24.306207905775494,
      "avg_runtime": 0.3052551746368408
    }
  },
  "rows": [
    {
      "instance_id": "cpbsd_instance_001_N5_K50_normal_rho0.0_full_zero",
      "seed": 20260413,
      "n": 5,
      "k": 50,
      "method": "FCP-pruned-MB",
      "revenue_in_sample": 25.698415520482836,
      "revenue_out_sample": 24.306207905775494,
      "solver_runtime": 0.3052551746368408,
      "status_code": 2,
      "result_path": "/Users/sensen/.openclaw/workspace/domains/revenue-management/experiments/fcp_mb_phase2_shortlist_n5_5inst/normal_rho0.0_full_zero/runs/seed_20260413/results/cpbsd_instance_001_N5_K50_normal_rho0.0_full_zero__fcp_pruned_mb.json",
      "gcn_inference_time": 0.15259313583374023,
      "candidate_generation_time": 8.988380432128906e-05,
      "bundle_space_size": 8,
      "bundle_space_fraction": 0.25,
      "full_bundle_space_size": 32,
      "raw_customer_bundle_count": 50,
      "unique_threshold_bundle_count": 7,
      "threshold": 0.5,
      "ratio_to_bsp": 0.9999999999999993,
      "ratio_to_cpbsd_a": 0.9999999999999972
    },
    {
      "instance_id": "cpbsd_instance_001_N5_K50_normal_rho0.0_full_zero",
      "seed": 20260413,
      "n": 5,
      "k": 50,
      "method": "BSP",
      "revenue_in_sample": 25.698415520482854,
      "revenue_out_sample": 24.518475979301005,
      "solver_runtime": 0.2937190532684326,
      "status_code": 2,
      "result_path": "/Users/sensen/.openclaw/workspace/domains/revenue-management/experiments/fcp_mb_phase2_shortlist_n5_5inst/normal_rho0.0_full_zero/runs/seed_20260413/results/cpbsd_instance_001_N5_K50_normal_rho0.0_full_zero__bsp.json",
      "bundle_space_size": null,
      "bundle_space_fraction": null,
      "full_bundle_space_size": 32,
      "ratio_to_bsp": 1.0,
      "ratio_to_cpbsd_a": 0.9999999999999979
    },
    {
      "instance_id": "cpbsd_instance_001_N5_K50_normal_rho0.0_full_zero",
      "seed": 20260413,
      "n": 5,
      "k": 50,
      "method": "CPBSD-A",
      "revenue_in_sample": 25.698415520482907,
      "revenue_out_sample": 24.518475979301005,
      "solver_runtime": 0.09334301948547363,
      "status_code": 2,
      "result_path": "/Users/sensen/.openclaw/workspace/domains/revenue-management/experiments/fcp_mb_phase2_shortlist_n5_5inst/normal_rho0.0_full_zero/runs/seed_20260413/results/cpbsd_instance_001_N5_K50_normal_rho0.0_full_zero__cpbsd_a.json",
      "bundle_space_size": null,
      "bundle_space_fraction": null,
      "full_bundle_space_size": 32,
      "ratio_to_bsp": 1.000000000000002,
      "ratio_to_cpbsd_a": 1.0
    }
  ]
}
