Set parameter LicenseID to value 2784353
/Users/sensen/.openclaw/workspace/domains/revenue-management/project-root/code_submission_project/code_submission/src/data/generate_data_CPBSD.py:106: RuntimeWarning: divide by zero encountered in matmul
  z = rng.multivariate_normal(mean=np.zeros(n), cov=corr, size=k)
/Users/sensen/.openclaw/workspace/domains/revenue-management/project-root/code_submission_project/code_submission/src/data/generate_data_CPBSD.py:106: RuntimeWarning: overflow encountered in matmul
  z = rng.multivariate_normal(mean=np.zeros(n), cov=corr, size=k)
/Users/sensen/.openclaw/workspace/domains/revenue-management/project-root/code_submission_project/code_submission/src/data/generate_data_CPBSD.py:106: RuntimeWarning: invalid value encountered in matmul
  z = rng.multivariate_normal(mean=np.zeros(n), cov=corr, size=k)
Set parameter MIPGap to value 0.001
Set parameter TimeLimit to value 300
{
  "root": "/Users/sensen/.openclaw/workspace/domains/revenue-management/experiments/fcp_mb_phase2_shortlist_n5_5inst/normal_rho0.0_full_zero/runs/seed_20260417",
  "summary_path": "/Users/sensen/.openclaw/workspace/domains/revenue-management/experiments/fcp_mb_phase2_shortlist_n5_5inst/normal_rho0.0_full_zero/runs/seed_20260417/comparison_summary.json",
  "csv_path": "/Users/sensen/.openclaw/workspace/domains/revenue-management/experiments/fcp_mb_phase2_shortlist_n5_5inst/normal_rho0.0_full_zero/runs/seed_20260417/comparison_summary.csv",
  "aggregate": {
    "BSP": {
      "count": 1,
      "avg_revenue_in_sample": 25.30356992814498,
      "avg_revenue_out_sample": 24.501888028168942,
      "avg_runtime": 0.2979702949523926
    },
    "CPBSD-A": {
      "count": 1,
      "avg_revenue_in_sample": 25.310060970161462,
      "avg_revenue_out_sample": 24.623094044870832,
      "avg_runtime": 0.40738391876220703
    },
    "FCP-pruned-MB": {
      "count": 1,
      "avg_revenue_in_sample": 25.401321820292,
      "avg_revenue_out_sample": 24.319261796020385,
      "avg_runtime": 0.7284049987792969
    }
  },
  "rows": [
    {
      "instance_id": "cpbsd_instance_001_N5_K50_normal_rho0.0_full_zero",
      "seed": 20260417,
      "n": 5,
      "k": 50,
      "method": "FCP-pruned-MB",
      "revenue_in_sample": 25.401321820292,
      "revenue_out_sample": 24.319261796020385,
      "solver_runtime": 0.7284049987792969,
      "status_code": 2,
      "result_path": "/Users/sensen/.openclaw/workspace/domains/revenue-management/experiments/fcp_mb_phase2_shortlist_n5_5inst/normal_rho0.0_full_zero/runs/seed_20260417/results/cpbsd_instance_001_N5_K50_normal_rho0.0_full_zero__fcp_pruned_mb.json",
      "gcn_inference_time": 0.05835604667663574,
      "candidate_generation_time": 9.083747863769531e-05,
      "bundle_space_size": 11,
      "bundle_space_fraction": 0.34375,
      "full_bundle_space_size": 32,
      "raw_customer_bundle_count": 50,
      "unique_threshold_bundle_count": 10,
      "threshold": 0.5,
      "ratio_to_bsp": 1.0038631660443411,
      "ratio_to_cpbsd_a": 1.0036057143535975
    },
    {
      "instance_id": "cpbsd_instance_001_N5_K50_normal_rho0.0_full_zero",
      "seed": 20260417,
      "n": 5,
      "k": 50,
      "method": "BSP",
      "revenue_in_sample": 25.30356992814498,
      "revenue_out_sample": 24.501888028168942,
      "solver_runtime": 0.2979702949523926,
      "status_code": 2,
      "result_path": "/Users/sensen/.openclaw/workspace/domains/revenue-management/experiments/fcp_mb_phase2_shortlist_n5_5inst/normal_rho0.0_full_zero/runs/seed_20260417/results/cpbsd_instance_001_N5_K50_normal_rho0.0_full_zero__bsp.json",
      "bundle_space_size": null,
      "bundle_space_fraction": null,
      "full_bundle_space_size": 32,
      "ratio_to_bsp": 1.0,
      "ratio_to_cpbsd_a": 0.9997435390604498
    },
    {
      "instance_id": "cpbsd_instance_001_N5_K50_normal_rho0.0_full_zero",
      "seed": 20260417,
      "n": 5,
      "k": 50,
      "method": "CPBSD-A",
      "revenue_in_sample": 25.310060970161462,
      "revenue_out_sample": 24.623094044870832,
      "solver_runtime": 0.40738391876220703,
      "status_code": 2,
      "result_path": "/Users/sensen/.openclaw/workspace/domains/revenue-management/experiments/fcp_mb_phase2_shortlist_n5_5inst/normal_rho0.0_full_zero/runs/seed_20260417/results/cpbsd_instance_001_N5_K50_normal_rho0.0_full_zero__cpbsd_a.json",
      "bundle_space_size": null,
      "bundle_space_fraction": null,
      "full_bundle_space_size": 32,
      "ratio_to_bsp": 1.000256526728636,
      "ratio_to_cpbsd_a": 1.0
    }
  ]
}
