Set parameter LicenseID to value 2784353
/Users/sensen/.openclaw/workspace/domains/revenue-management/project-root/code_submission_project/code_submission/src/data/generate_data_CPBSD.py:106: RuntimeWarning: divide by zero encountered in matmul
  z = rng.multivariate_normal(mean=np.zeros(n), cov=corr, size=k)
/Users/sensen/.openclaw/workspace/domains/revenue-management/project-root/code_submission_project/code_submission/src/data/generate_data_CPBSD.py:106: RuntimeWarning: overflow encountered in matmul
  z = rng.multivariate_normal(mean=np.zeros(n), cov=corr, size=k)
/Users/sensen/.openclaw/workspace/domains/revenue-management/project-root/code_submission_project/code_submission/src/data/generate_data_CPBSD.py:106: RuntimeWarning: invalid value encountered in matmul
  z = rng.multivariate_normal(mean=np.zeros(n), cov=corr, size=k)
Set parameter MIPGap to value 0.001
Set parameter TimeLimit to value 300
{
  "root": "/Users/sensen/.openclaw/workspace/domains/revenue-management/experiments/fcp_mb_phase2_shortlist_n5_5inst/normal_rho0.5_full_zero/runs/seed_20260413",
  "summary_path": "/Users/sensen/.openclaw/workspace/domains/revenue-management/experiments/fcp_mb_phase2_shortlist_n5_5inst/normal_rho0.5_full_zero/runs/seed_20260413/comparison_summary.json",
  "csv_path": "/Users/sensen/.openclaw/workspace/domains/revenue-management/experiments/fcp_mb_phase2_shortlist_n5_5inst/normal_rho0.5_full_zero/runs/seed_20260413/comparison_summary.csv",
  "aggregate": {
    "BSP": {
      "count": 1,
      "avg_revenue_in_sample": 25.130653839813576,
      "avg_revenue_out_sample": 23.290505683661326,
      "avg_runtime": 0.1905369758605957
    },
    "CPBSD-A": {
      "count": 1,
      "avg_revenue_in_sample": 25.130653839813558,
      "avg_revenue_out_sample": 23.32572998905235,
      "avg_runtime": 0.2150888442993164
    },
    "FCP-pruned-MB": {
      "count": 1,
      "avg_revenue_in_sample": 25.13065383984496,
      "avg_revenue_out_sample": 23.115329958295405,
      "avg_runtime": 0.4022960662841797
    }
  },
  "rows": [
    {
      "instance_id": "cpbsd_instance_001_N5_K50_normal_rho0.5_full_zero",
      "seed": 20260413,
      "n": 5,
      "k": 50,
      "method": "FCP-pruned-MB",
      "revenue_in_sample": 25.13065383984496,
      "revenue_out_sample": 23.115329958295405,
      "solver_runtime": 0.4022960662841797,
      "status_code": 2,
      "result_path": "/Users/sensen/.openclaw/workspace/domains/revenue-management/experiments/fcp_mb_phase2_shortlist_n5_5inst/normal_rho0.5_full_zero/runs/seed_20260413/results/cpbsd_instance_001_N5_K50_normal_rho0.5_full_zero__fcp_pruned_mb.json",
      "gcn_inference_time": 0.06508398056030273,
      "candidate_generation_time": 7.510185241699219e-05,
      "bundle_space_size": 10,
      "bundle_space_fraction": 0.3125,
      "full_bundle_space_size": 32,
      "raw_customer_bundle_count": 50,
      "unique_threshold_bundle_count": 9,
      "threshold": 0.5,
      "ratio_to_bsp": 1.0000000000012488,
      "ratio_to_cpbsd_a": 1.0000000000012497
    },
    {
      "instance_id": "cpbsd_instance_001_N5_K50_normal_rho0.5_full_zero",
      "seed": 20260413,
      "n": 5,
      "k": 50,
      "method": "BSP",
      "revenue_in_sample": 25.130653839813576,
      "revenue_out_sample": 23.290505683661326,
      "solver_runtime": 0.1905369758605957,
      "status_code": 2,
      "result_path": "/Users/sensen/.openclaw/workspace/domains/revenue-management/experiments/fcp_mb_phase2_shortlist_n5_5inst/normal_rho0.5_full_zero/runs/seed_20260413/results/cpbsd_instance_001_N5_K50_normal_rho0.5_full_zero__bsp.json",
      "bundle_space_size": null,
      "bundle_space_fraction": null,
      "full_bundle_space_size": 32,
      "ratio_to_bsp": 1.0,
      "ratio_to_cpbsd_a": 1.0000000000000007
    },
    {
      "instance_id": "cpbsd_instance_001_N5_K50_normal_rho0.5_full_zero",
      "seed": 20260413,
      "n": 5,
      "k": 50,
      "method": "CPBSD-A",
      "revenue_in_sample": 25.130653839813558,
      "revenue_out_sample": 23.32572998905235,
      "solver_runtime": 0.2150888442993164,
      "status_code": 2,
      "result_path": "/Users/sensen/.openclaw/workspace/domains/revenue-management/experiments/fcp_mb_phase2_shortlist_n5_5inst/normal_rho0.5_full_zero/runs/seed_20260413/results/cpbsd_instance_001_N5_K50_normal_rho0.5_full_zero__cpbsd_a.json",
      "bundle_space_size": null,
      "bundle_space_fraction": null,
      "full_bundle_space_size": 32,
      "ratio_to_bsp": 0.9999999999999993,
      "ratio_to_cpbsd_a": 1.0
    }
  ]
}
