/Users/sensen/.openclaw/workspace/domains/revenue-management/project-root/code_submission_project/code_submission/src/data/generate_data_CPBSD.py:106: RuntimeWarning: divide by zero encountered in matmul
  z = rng.multivariate_normal(mean=np.zeros(n), cov=corr, size=k)
/Users/sensen/.openclaw/workspace/domains/revenue-management/project-root/code_submission_project/code_submission/src/data/generate_data_CPBSD.py:106: RuntimeWarning: overflow encountered in matmul
  z = rng.multivariate_normal(mean=np.zeros(n), cov=corr, size=k)
/Users/sensen/.openclaw/workspace/domains/revenue-management/project-root/code_submission_project/code_submission/src/data/generate_data_CPBSD.py:106: RuntimeWarning: invalid value encountered in matmul
  z = rng.multivariate_normal(mean=np.zeros(n), cov=corr, size=k)
/Users/sensen/.openclaw/workspace/domains/revenue-management/project-root/code_submission_project/code_submission/src/data/solve_mb_bsp_on_cpbsd_v2.py:300: RuntimeWarning: divide by zero encountered in matmul
  bundle_cost = (assortments @ c_n).reshape(1, -1)
/Users/sensen/.openclaw/workspace/domains/revenue-management/project-root/code_submission_project/code_submission/src/data/solve_mb_bsp_on_cpbsd_v2.py:300: RuntimeWarning: overflow encountered in matmul
  bundle_cost = (assortments @ c_n).reshape(1, -1)
/Users/sensen/.openclaw/workspace/domains/revenue-management/project-root/code_submission_project/code_submission/src/data/solve_mb_bsp_on_cpbsd_v2.py:300: RuntimeWarning: invalid value encountered in matmul
  bundle_cost = (assortments @ c_n).reshape(1, -1)
/Users/sensen/.openclaw/workspace/domains/revenue-management/project-root/code_submission_project/code_submission/src/data/solve_mb_bsp_on_cpbsd_v2.py:302: RuntimeWarning: divide by zero encountered in matmul
  revenues = v_kn @ assortments.T
/Users/sensen/.openclaw/workspace/domains/revenue-management/project-root/code_submission_project/code_submission/src/data/solve_mb_bsp_on_cpbsd_v2.py:302: RuntimeWarning: overflow encountered in matmul
  revenues = v_kn @ assortments.T
/Users/sensen/.openclaw/workspace/domains/revenue-management/project-root/code_submission_project/code_submission/src/data/solve_mb_bsp_on_cpbsd_v2.py:302: RuntimeWarning: invalid value encountered in matmul
  revenues = v_kn @ assortments.T
Set parameter LicenseID to value 2784353
/Users/sensen/.openclaw/workspace/domains/revenue-management/project-root/code_submission_project/code_submission/src/data/solve_mb_bsp_on_cpbsd_v2.py:77: RuntimeWarning: divide by zero encountered in matmul
  bundle_cost = assortments @ c_n
/Users/sensen/.openclaw/workspace/domains/revenue-management/project-root/code_submission_project/code_submission/src/data/solve_mb_bsp_on_cpbsd_v2.py:77: RuntimeWarning: overflow encountered in matmul
  bundle_cost = assortments @ c_n
/Users/sensen/.openclaw/workspace/domains/revenue-management/project-root/code_submission_project/code_submission/src/data/solve_mb_bsp_on_cpbsd_v2.py:77: RuntimeWarning: invalid value encountered in matmul
  bundle_cost = assortments @ c_n
Set parameter MIPGap to value 0.001
Set parameter TimeLimit to value 600
{
  "root": "/Users/sensen/.openclaw/workspace/domains/revenue-management/experiments/fcp_mb_phase2_selected_n10_n30_5inst/n30/normal_rho0.0_full_hvhm/runs/seed_20260416",
  "summary_path": "/Users/sensen/.openclaw/workspace/domains/revenue-management/experiments/fcp_mb_phase2_selected_n10_n30_5inst/n30/normal_rho0.0_full_hvhm/runs/seed_20260416/comparison_summary.json",
  "csv_path": "/Users/sensen/.openclaw/workspace/domains/revenue-management/experiments/fcp_mb_phase2_selected_n10_n30_5inst/n30/normal_rho0.0_full_hvhm/runs/seed_20260416/comparison_summary.csv",
  "aggregate": {
    "BSP": {
      "count": 1,
      "avg_revenue_in_sample": 9.361526244401427,
      "avg_revenue_out_sample": 8.16343619207712,
      "avg_runtime": 197.44453120231628
    },
    "CPBSD-A": {
      "count": 1,
      "avg_revenue_in_sample": 10.3476757721184,
      "avg_revenue_out_sample": 10.095986159842665,
      "avg_runtime": 600.7173550128937
    },
    "FCP-pruned-MB": {
      "count": 1,
      "avg_revenue_in_sample": 11.6906756131158,
      "avg_revenue_out_sample": 5.022253439752883,
      "avg_runtime": 5.939574956893921
    }
  },
  "rows": [
    {
      "instance_id": "cpbsd_instance_001_N30_K50_normal_rho0.0_full_hvhm",
      "seed": 20260416,
      "n": 30,
      "k": 50,
      "method": "FCP-pruned-MB",
      "revenue_in_sample": 11.6906756131158,
      "revenue_out_sample": 5.022253439752883,
      "solver_runtime": 5.939574956893921,
      "status_code": 2,
      "result_path": "/Users/sensen/.openclaw/workspace/domains/revenue-management/experiments/fcp_mb_phase2_selected_n10_n30_5inst/n30/normal_rho0.0_full_hvhm/runs/seed_20260416/results/cpbsd_instance_001_N30_K50_normal_rho0.0_full_hvhm__fcp_pruned_mb.json",
      "gcn_inference_time": 0.1586780548095703,
      "candidate_generation_time": 0.00024390220642089844,
      "bundle_space_size": 50,
      "bundle_space_fraction": 4.6566128730773926e-08,
      "full_bundle_space_size": 1073741824,
      "raw_customer_bundle_count": 50,
      "unique_threshold_bundle_count": 49,
      "threshold": 0.5,
      "ratio_to_bsp": 1.248800175089751,
      "ratio_to_cpbsd_a": 1.1297875842434189
    },
    {
      "instance_id": "cpbsd_instance_001_N30_K50_normal_rho0.0_full_hvhm",
      "seed": 20260416,
      "n": 30,
      "k": 50,
      "method": "BSP",
      "revenue_in_sample": 9.361526244401427,
      "revenue_out_sample": 8.16343619207712,
      "solver_runtime": 197.44453120231628,
      "status_code": 2,
      "result_path": "/Users/sensen/.openclaw/workspace/domains/revenue-management/experiments/fcp_mb_phase2_selected_n10_n30_5inst/n30/normal_rho0.0_full_hvhm/runs/seed_20260416/results/cpbsd_instance_001_N30_K50_normal_rho0.0_full_hvhm__bsp.json",
      "bundle_space_size": null,
      "bundle_space_fraction": null,
      "full_bundle_space_size": 1073741824,
      "ratio_to_bsp": 1.0,
      "ratio_to_cpbsd_a": 0.9046984511851316
    },
    {
      "instance_id": "cpbsd_instance_001_N30_K50_normal_rho0.0_full_hvhm",
      "seed": 20260416,
      "n": 30,
      "k": 50,
      "method": "CPBSD-A",
      "revenue_in_sample": 10.3476757721184,
      "revenue_out_sample": 10.095986159842665,
      "solver_runtime": 600.7173550128937,
      "status_code": 9,
      "result_path": "/Users/sensen/.openclaw/workspace/domains/revenue-management/experiments/fcp_mb_phase2_selected_n10_n30_5inst/n30/normal_rho0.0_full_hvhm/runs/seed_20260416/results/cpbsd_instance_001_N30_K50_normal_rho0.0_full_hvhm__cpbsd_a.json",
      "bundle_space_size": null,
      "bundle_space_fraction": null,
      "full_bundle_space_size": 1073741824,
      "ratio_to_bsp": 1.10534067864273,
      "ratio_to_cpbsd_a": 1.0
    }
  ]
}
