Set parameter LicenseID to value 2784353
/Users/sensen/.openclaw/workspace/domains/revenue-management/project-root/code_submission_project/code_submission/src/data/generate_data_CPBSD.py:106: RuntimeWarning: divide by zero encountered in matmul
  z = rng.multivariate_normal(mean=np.zeros(n), cov=corr, size=k)
/Users/sensen/.openclaw/workspace/domains/revenue-management/project-root/code_submission_project/code_submission/src/data/generate_data_CPBSD.py:106: RuntimeWarning: overflow encountered in matmul
  z = rng.multivariate_normal(mean=np.zeros(n), cov=corr, size=k)
/Users/sensen/.openclaw/workspace/domains/revenue-management/project-root/code_submission_project/code_submission/src/data/generate_data_CPBSD.py:106: RuntimeWarning: invalid value encountered in matmul
  z = rng.multivariate_normal(mean=np.zeros(n), cov=corr, size=k)
Set parameter MIPGap to value 0.001
Set parameter TimeLimit to value 300
{
  "root": "/Users/sensen/.openclaw/workspace/domains/revenue-management/experiments/fcp_mb_phase2_shortlist_n5_5inst/logit_rho0.0_full_zero/runs/seed_20260413",
  "summary_path": "/Users/sensen/.openclaw/workspace/domains/revenue-management/experiments/fcp_mb_phase2_shortlist_n5_5inst/logit_rho0.0_full_zero/runs/seed_20260413/comparison_summary.json",
  "csv_path": "/Users/sensen/.openclaw/workspace/domains/revenue-management/experiments/fcp_mb_phase2_shortlist_n5_5inst/logit_rho0.0_full_zero/runs/seed_20260413/comparison_summary.csv",
  "aggregate": {
    "BSP": {
      "count": 1,
      "avg_revenue_in_sample": 26.35978104661674,
      "avg_revenue_out_sample": 25.53735587796185,
      "avg_runtime": 0.18867897987365723
    },
    "CPBSD-A": {
      "count": 1,
      "avg_revenue_in_sample": 26.35978104661674,
      "avg_revenue_out_sample": 25.450308850944044,
      "avg_runtime": 0.09527087211608887
    },
    "FCP-pruned-MB": {
      "count": 1,
      "avg_revenue_in_sample": 26.35978104661673,
      "avg_revenue_out_sample": 25.53735587796185,
      "avg_runtime": 0.14386916160583496
    }
  },
  "rows": [
    {
      "instance_id": "cpbsd_instance_001_N5_K50_logit_rho0.0_full_zero",
      "seed": 20260413,
      "n": 5,
      "k": 50,
      "method": "FCP-pruned-MB",
      "revenue_in_sample": 26.35978104661673,
      "revenue_out_sample": 25.53735587796185,
      "solver_runtime": 0.14386916160583496,
      "status_code": 2,
      "result_path": "/Users/sensen/.openclaw/workspace/domains/revenue-management/experiments/fcp_mb_phase2_shortlist_n5_5inst/logit_rho0.0_full_zero/runs/seed_20260413/results/cpbsd_instance_001_N5_K50_logit_rho0.0_full_zero__fcp_pruned_mb.json",
      "gcn_inference_time": 0.0676109790802002,
      "candidate_generation_time": 6.890296936035156e-05,
      "bundle_space_size": 5,
      "bundle_space_fraction": 0.15625,
      "full_bundle_space_size": 32,
      "raw_customer_bundle_count": 50,
      "unique_threshold_bundle_count": 4,
      "threshold": 0.5,
      "ratio_to_bsp": 0.9999999999999998,
      "ratio_to_cpbsd_a": 0.9999999999999998
    },
    {
      "instance_id": "cpbsd_instance_001_N5_K50_logit_rho0.0_full_zero",
      "seed": 20260413,
      "n": 5,
      "k": 50,
      "method": "BSP",
      "revenue_in_sample": 26.35978104661674,
      "revenue_out_sample": 25.53735587796185,
      "solver_runtime": 0.18867897987365723,
      "status_code": 2,
      "result_path": "/Users/sensen/.openclaw/workspace/domains/revenue-management/experiments/fcp_mb_phase2_shortlist_n5_5inst/logit_rho0.0_full_zero/runs/seed_20260413/results/cpbsd_instance_001_N5_K50_logit_rho0.0_full_zero__bsp.json",
      "bundle_space_size": null,
      "bundle_space_fraction": null,
      "full_bundle_space_size": 32,
      "ratio_to_bsp": 1.0,
      "ratio_to_cpbsd_a": 1.0
    },
    {
      "instance_id": "cpbsd_instance_001_N5_K50_logit_rho0.0_full_zero",
      "seed": 20260413,
      "n": 5,
      "k": 50,
      "method": "CPBSD-A",
      "revenue_in_sample": 26.35978104661674,
      "revenue_out_sample": 25.450308850944044,
      "solver_runtime": 0.09527087211608887,
      "status_code": 2,
      "result_path": "/Users/sensen/.openclaw/workspace/domains/revenue-management/experiments/fcp_mb_phase2_shortlist_n5_5inst/logit_rho0.0_full_zero/runs/seed_20260413/results/cpbsd_instance_001_N5_K50_logit_rho0.0_full_zero__cpbsd_a.json",
      "bundle_space_size": null,
      "bundle_space_fraction": null,
      "full_bundle_space_size": 32,
      "ratio_to_bsp": 1.0,
      "ratio_to_cpbsd_a": 1.0
    }
  ]
}
