Set parameter LicenseID to value 2784353
/Users/sensen/.openclaw/workspace/domains/revenue-management/project-root/code_submission_project/code_submission/src/data/generate_data_CPBSD.py:106: RuntimeWarning: divide by zero encountered in matmul
  z = rng.multivariate_normal(mean=np.zeros(n), cov=corr, size=k)
/Users/sensen/.openclaw/workspace/domains/revenue-management/project-root/code_submission_project/code_submission/src/data/generate_data_CPBSD.py:106: RuntimeWarning: overflow encountered in matmul
  z = rng.multivariate_normal(mean=np.zeros(n), cov=corr, size=k)
/Users/sensen/.openclaw/workspace/domains/revenue-management/project-root/code_submission_project/code_submission/src/data/generate_data_CPBSD.py:106: RuntimeWarning: invalid value encountered in matmul
  z = rng.multivariate_normal(mean=np.zeros(n), cov=corr, size=k)
Set parameter MIPGap to value 0.001
Set parameter TimeLimit to value 300
{
  "root": "/Users/sensen/.openclaw/workspace/domains/revenue-management/experiments/fcp_mb_phase2_shortlist_n5_5inst/logit_rho0.0_full_zero/runs/seed_20260416",
  "summary_path": "/Users/sensen/.openclaw/workspace/domains/revenue-management/experiments/fcp_mb_phase2_shortlist_n5_5inst/logit_rho0.0_full_zero/runs/seed_20260416/comparison_summary.json",
  "csv_path": "/Users/sensen/.openclaw/workspace/domains/revenue-management/experiments/fcp_mb_phase2_shortlist_n5_5inst/logit_rho0.0_full_zero/runs/seed_20260416/comparison_summary.csv",
  "aggregate": {
    "BSP": {
      "count": 1,
      "avg_revenue_in_sample": 26.243634506163126,
      "avg_revenue_out_sample": 25.45488986162064,
      "avg_runtime": 0.17290878295898438
    },
    "CPBSD-A": {
      "count": 1,
      "avg_revenue_in_sample": 26.24363450616319,
      "avg_revenue_out_sample": 25.428979408262034,
      "avg_runtime": 0.2361299991607666
    },
    "FCP-pruned-MB": {
      "count": 1,
      "avg_revenue_in_sample": 26.243634506170512,
      "avg_revenue_out_sample": 24.870069955651417,
      "avg_runtime": 0.14754509925842285
    }
  },
  "rows": [
    {
      "instance_id": "cpbsd_instance_001_N5_K50_logit_rho0.0_full_zero",
      "seed": 20260416,
      "n": 5,
      "k": 50,
      "method": "FCP-pruned-MB",
      "revenue_in_sample": 26.243634506170512,
      "revenue_out_sample": 24.870069955651417,
      "solver_runtime": 0.14754509925842285,
      "status_code": 2,
      "result_path": "/Users/sensen/.openclaw/workspace/domains/revenue-management/experiments/fcp_mb_phase2_shortlist_n5_5inst/logit_rho0.0_full_zero/runs/seed_20260416/results/cpbsd_instance_001_N5_K50_logit_rho0.0_full_zero__fcp_pruned_mb.json",
      "gcn_inference_time": 0.06183815002441406,
      "candidate_generation_time": 7.891654968261719e-05,
      "bundle_space_size": 6,
      "bundle_space_fraction": 0.1875,
      "full_bundle_space_size": 32,
      "raw_customer_bundle_count": 50,
      "unique_threshold_bundle_count": 5,
      "threshold": 0.5,
      "ratio_to_bsp": 1.0000000000002816,
      "ratio_to_cpbsd_a": 1.000000000000279
    },
    {
      "instance_id": "cpbsd_instance_001_N5_K50_logit_rho0.0_full_zero",
      "seed": 20260416,
      "n": 5,
      "k": 50,
      "method": "BSP",
      "revenue_in_sample": 26.243634506163126,
      "revenue_out_sample": 25.45488986162064,
      "solver_runtime": 0.17290878295898438,
      "status_code": 2,
      "result_path": "/Users/sensen/.openclaw/workspace/domains/revenue-management/experiments/fcp_mb_phase2_shortlist_n5_5inst/logit_rho0.0_full_zero/runs/seed_20260416/results/cpbsd_instance_001_N5_K50_logit_rho0.0_full_zero__bsp.json",
      "bundle_space_size": null,
      "bundle_space_fraction": null,
      "full_bundle_space_size": 32,
      "ratio_to_bsp": 1.0,
      "ratio_to_cpbsd_a": 0.9999999999999976
    },
    {
      "instance_id": "cpbsd_instance_001_N5_K50_logit_rho0.0_full_zero",
      "seed": 20260416,
      "n": 5,
      "k": 50,
      "method": "CPBSD-A",
      "revenue_in_sample": 26.24363450616319,
      "revenue_out_sample": 25.428979408262034,
      "solver_runtime": 0.2361299991607666,
      "status_code": 2,
      "result_path": "/Users/sensen/.openclaw/workspace/domains/revenue-management/experiments/fcp_mb_phase2_shortlist_n5_5inst/logit_rho0.0_full_zero/runs/seed_20260416/results/cpbsd_instance_001_N5_K50_logit_rho0.0_full_zero__cpbsd_a.json",
      "bundle_space_size": null,
      "bundle_space_fraction": null,
      "full_bundle_space_size": 32,
      "ratio_to_bsp": 1.0000000000000024,
      "ratio_to_cpbsd_a": 1.0
    }
  ]
}
