/Users/sensen/.openclaw/workspace/domains/revenue-management/project-root/code_submission_project/code_submission/src/data/solve_mb_bsp_on_cpbsd_v2.py:302: RuntimeWarning: divide by zero encountered in matmul
  revenues = v_kn @ assortments.T
/Users/sensen/.openclaw/workspace/domains/revenue-management/project-root/code_submission_project/code_submission/src/data/solve_mb_bsp_on_cpbsd_v2.py:302: RuntimeWarning: overflow encountered in matmul
  revenues = v_kn @ assortments.T
/Users/sensen/.openclaw/workspace/domains/revenue-management/project-root/code_submission_project/code_submission/src/data/solve_mb_bsp_on_cpbsd_v2.py:302: RuntimeWarning: invalid value encountered in matmul
  revenues = v_kn @ assortments.T
Set parameter LicenseID to value 2784353
/Users/sensen/.openclaw/workspace/domains/revenue-management/project-root/code_submission_project/code_submission/src/data/generate_data_CPBSD.py:106: RuntimeWarning: divide by zero encountered in matmul
  z = rng.multivariate_normal(mean=np.zeros(n), cov=corr, size=k)
/Users/sensen/.openclaw/workspace/domains/revenue-management/project-root/code_submission_project/code_submission/src/data/generate_data_CPBSD.py:106: RuntimeWarning: overflow encountered in matmul
  z = rng.multivariate_normal(mean=np.zeros(n), cov=corr, size=k)
/Users/sensen/.openclaw/workspace/domains/revenue-management/project-root/code_submission_project/code_submission/src/data/generate_data_CPBSD.py:106: RuntimeWarning: invalid value encountered in matmul
  z = rng.multivariate_normal(mean=np.zeros(n), cov=corr, size=k)
Set parameter MIPGap to value 0.001
Set parameter TimeLimit to value 300
{
  "root": "/Users/sensen/.openclaw/workspace/domains/revenue-management/experiments/fcp_mb_phase2_shortlist_n5_5inst/normal_rho-0.5_full_hvhm/runs/seed_20260413",
  "summary_path": "/Users/sensen/.openclaw/workspace/domains/revenue-management/experiments/fcp_mb_phase2_shortlist_n5_5inst/normal_rho-0.5_full_hvhm/runs/seed_20260413/comparison_summary.json",
  "csv_path": "/Users/sensen/.openclaw/workspace/domains/revenue-management/experiments/fcp_mb_phase2_shortlist_n5_5inst/normal_rho-0.5_full_hvhm/runs/seed_20260413/comparison_summary.csv",
  "aggregate": {
    "BSP": {
      "count": 1,
      "avg_revenue_in_sample": 1.3941699025058927,
      "avg_revenue_out_sample": 1.1474923656009612,
      "avg_runtime": 4.362704038619995
    },
    "CPBSD-A": {
      "count": 1,
      "avg_revenue_in_sample": 1.5398469794832896,
      "avg_revenue_out_sample": 1.38999595445031,
      "avg_runtime": 32.4588668346405
    },
    "FCP-pruned-MB": {
      "count": 1,
      "avg_revenue_in_sample": 1.5695569321809422,
      "avg_revenue_out_sample": 1.321145244178119,
      "avg_runtime": 30.102915048599243
    }
  },
  "rows": [
    {
      "instance_id": "cpbsd_instance_001_N5_K50_normal_rho-0.5_full_hvhm",
      "seed": 20260413,
      "n": 5,
      "k": 50,
      "method": "FCP-pruned-MB",
      "revenue_in_sample": 1.5695569321809422,
      "revenue_out_sample": 1.321145244178119,
      "solver_runtime": 30.102915048599243,
      "status_code": 2,
      "result_path": "/Users/sensen/.openclaw/workspace/domains/revenue-management/experiments/fcp_mb_phase2_shortlist_n5_5inst/normal_rho-0.5_full_hvhm/runs/seed_20260413/results/cpbsd_instance_001_N5_K50_normal_rho-0.5_full_hvhm__fcp_pruned_mb.json",
      "gcn_inference_time": 1.6510162353515625,
      "candidate_generation_time": 0.00019598007202148438,
      "bundle_space_size": 14,
      "bundle_space_fraction": 0.4375,
      "full_bundle_space_size": 32,
      "raw_customer_bundle_count": 50,
      "unique_threshold_bundle_count": 14,
      "threshold": 0.5,
      "ratio_to_bsp": 1.125800327033174,
      "ratio_to_cpbsd_a": 1.0192940942142328
    },
    {
      "instance_id": "cpbsd_instance_001_N5_K50_normal_rho-0.5_full_hvhm",
      "seed": 20260413,
      "n": 5,
      "k": 50,
      "method": "BSP",
      "revenue_in_sample": 1.3941699025058927,
      "revenue_out_sample": 1.1474923656009612,
      "solver_runtime": 4.362704038619995,
      "status_code": 2,
      "result_path": "/Users/sensen/.openclaw/workspace/domains/revenue-management/experiments/fcp_mb_phase2_shortlist_n5_5inst/normal_rho-0.5_full_hvhm/runs/seed_20260413/results/cpbsd_instance_001_N5_K50_normal_rho-0.5_full_hvhm__bsp.json",
      "bundle_space_size": null,
      "bundle_space_fraction": null,
      "full_bundle_space_size": 32,
      "ratio_to_bsp": 1.0,
      "ratio_to_cpbsd_a": 0.9053950951501166
    },
    {
      "instance_id": "cpbsd_instance_001_N5_K50_normal_rho-0.5_full_hvhm",
      "seed": 20260413,
      "n": 5,
      "k": 50,
      "method": "CPBSD-A",
      "revenue_in_sample": 1.5398469794832896,
      "revenue_out_sample": 1.38999595445031,
      "solver_runtime": 32.4588668346405,
      "status_code": 2,
      "result_path": "/Users/sensen/.openclaw/workspace/domains/revenue-management/experiments/fcp_mb_phase2_shortlist_n5_5inst/normal_rho-0.5_full_hvhm/runs/seed_20260413/results/cpbsd_instance_001_N5_K50_normal_rho-0.5_full_hvhm__cpbsd_a.json",
      "bundle_space_size": null,
      "bundle_space_fraction": null,
      "full_bundle_space_size": 32,
      "ratio_to_bsp": 1.1044901892628407,
      "ratio_to_cpbsd_a": 1.0
    }
  ]
}
