=== STEP 1/3: MERGE MANIFESTS ===
RUN: ./.venv/bin/python -u /Users/sensen/.openclaw/workspace/domains/revenue-management/project-root/code_submission_project/code_submission/src/data/merge_cpbsd_mb_chunk_results.py --input-root /Users/sensen/.openclaw/workspace/domains/revenue-management/experiments/cpbsd_mb_labels_chunked_run1 --output-root /Users/sensen/.openclaw/workspace/domains/revenue-management/experiments/cpbsd_mb_labels_chunked_run1 --smoke-limit 64
{"split": "train", "chunk_files": 20, "merged_rows": 4000, "has_solution_count": 4000, "merged_path": "/Users/sensen/.openclaw/workspace/domains/revenue-management/experiments/cpbsd_mb_labels_chunked_run1/train__mb_results_merged.csv", "smoke_rows": 64, "smoke_has_solution_count": 64, "smoke_path": "/Users/sensen/.openclaw/workspace/domains/revenue-management/experiments/cpbsd_mb_labels_chunked_run1/train__mb_results_merged_smoke64.csv"}
{"split": "eval", "chunk_files": 3, "merged_rows": 500, "has_solution_count": 500, "merged_path": "/Users/sensen/.openclaw/workspace/domains/revenue-management/experiments/cpbsd_mb_labels_chunked_run1/eval__mb_results_merged.csv", "smoke_rows": 64, "smoke_has_solution_count": 64, "smoke_path": "/Users/sensen/.openclaw/workspace/domains/revenue-management/experiments/cpbsd_mb_labels_chunked_run1/eval__mb_results_merged_smoke64.csv"}
{"split": "test", "chunk_files": 3, "merged_rows": 500, "has_solution_count": 500, "merged_path": "/Users/sensen/.openclaw/workspace/domains/revenue-management/experiments/cpbsd_mb_labels_chunked_run1/test__mb_results_merged.csv", "smoke_rows": 64, "smoke_has_solution_count": 64, "smoke_path": "/Users/sensen/.openclaw/workspace/domains/revenue-management/experiments/cpbsd_mb_labels_chunked_run1/test__mb_results_merged_smoke64.csv"}
{
  "summaries": [
    {
      "split": "train",
      "chunk_files": 20,
      "merged_rows": 4000,
      "has_solution_count": 4000,
      "merged_path": "/Users/sensen/.openclaw/workspace/domains/revenue-management/experiments/cpbsd_mb_labels_chunked_run1/train__mb_results_merged.csv",
      "smoke_rows": 64,
      "smoke_has_solution_count": 64,
      "smoke_path": "/Users/sensen/.openclaw/workspace/domains/revenue-management/experiments/cpbsd_mb_labels_chunked_run1/train__mb_results_merged_smoke64.csv"
    },
    {
      "split": "eval",
      "chunk_files": 3,
      "merged_rows": 500,
      "has_solution_count": 500,
      "merged_path": "/Users/sensen/.openclaw/workspace/domains/revenue-management/experiments/cpbsd_mb_labels_chunked_run1/eval__mb_results_merged.csv",
      "smoke_rows": 64,
      "smoke_has_solution_count": 64,
      "smoke_path": "/Users/sensen/.openclaw/workspace/domains/revenue-management/experiments/cpbsd_mb_labels_chunked_run1/eval__mb_results_merged_smoke64.csv"
    },
    {
      "split": "test",
      "chunk_files": 3,
      "merged_rows": 500,
      "has_solution_count": 500,
      "merged_path": "/Users/sensen/.openclaw/workspace/domains/revenue-management/experiments/cpbsd_mb_labels_chunked_run1/test__mb_results_merged.csv",
      "smoke_rows": 64,
      "smoke_has_solution_count": 64,
      "smoke_path": "/Users/sensen/.openclaw/workspace/domains/revenue-management/experiments/cpbsd_mb_labels_chunked_run1/test__mb_results_merged_smoke64.csv"
    }
  ]
}
RETURN CODE: 0
=== STEP 2/3: SMOKE TRAINING ===
{"stage": "training", "requested_device": "mps", "attempts": [{"device": "mps", "batch_size": 32}, {"device": "mps", "batch_size": 16}, {"device": "mps", "batch_size": 8}, {"device": "cpu", "batch_size": 8}]}
=== TRAIN ATTEMPT 1/4 device=mps batch_size=32 ===
RUN: ./.venv/bin/python -u /Users/sensen/.openclaw/workspace/domains/revenue-management/project-root/code_submission_project/code_submission/src/data/Training_multi_layer_cpbsd_mb_x.py --train_manifest /Users/sensen/.openclaw/workspace/domains/revenue-management/experiments/cpbsd_mb_labels_chunked_run1/train__mb_results_merged_smoke64.csv --eval_manifest /Users/sensen/.openclaw/workspace/domains/revenue-management/experiments/cpbsd_mb_labels_chunked_run1/eval__mb_results_merged_smoke64.csv --test_manifest /Users/sensen/.openclaw/workspace/domains/revenue-management/experiments/cpbsd_mb_labels_chunked_run1/test__mb_results_merged_smoke64.csv --model_dir /Users/sensen/.openclaw/workspace/domains/revenue-management/project-root/code_submission_project/code_submission/models_cpbsd_mb_x/smoke64 --charts_dir /Users/sensen/.openclaw/workspace/domains/revenue-management/project-root/code_submission_project/code_submission/charts_cpbsd_mb_x/smoke64 --log_dir /Users/sensen/.openclaw/workspace/domains/revenue-management/project-root/code_submission_project/code_submission/log_cpbsd_mb_x/smoke64 --device mps --epochs 5 --batch_size 32 --learning_rate 0.001 --hidden_channels 128 --num_layers 2 --early_stopping_patience 5 --seed 42
✅ Using MPS
Start reading the CPBSD MB dataset for split=train...
Loaded data (train): 50/64
Start reading the CPBSD MB dataset for split=eval...
Loaded data (eval): 50/64
Start reading the CPBSD MB dataset for split=test...
Loaded data (test): 50/64
📦 总计加载 192 个样本
📈 全局正边比例(x_kn=1): 0.574937
  训练集: 64
  验证集: 64
  测试集: 64
⚖️ 训练集正边比例(x_kn=1): 0.572000, pos_weight=0.748

开始训练 5 轮...
  🎯 新最佳模型：val_loss=0.615001, val_f1=0.000000 (epoch=0)
Epoch   0 | train_loss=0.815551 | train_acc=0.4901 | train_f1=0.3228 | val_loss=0.615001 | val_acc=0.4205 | val_f1=0.0000
  🎯 新最佳模型：val_loss=0.585686, val_f1=0.647192 (epoch=3)

✅ 训练完成！
  最终模型: /Users/sensen/.openclaw/workspace/domains/revenue-management/project-root/code_submission_project/code_submission/models_cpbsd_mb_x/smoke64/model_edge_cpbsd_mb_x_2layer_seed42.pt
  指标文件: /Users/sensen/.openclaw/workspace/domains/revenue-management/project-root/code_submission_project/code_submission/models_cpbsd_mb_x/smoke64/metrics_edge_cpbsd_mb_x_2layer_seed42.json
  曲线图: /Users/sensen/.openclaw/workspace/domains/revenue-management/project-root/code_submission_project/code_submission/charts_cpbsd_mb_x/smoke64/run_20260321-175555_cpbsd_mb_x_2layer_seed42/loss_curves_cpbsd_mb_x_2layer_seed42.png
RETURN CODE: 0
=== TRAIN SUCCEEDED device=mps batch_size=32 ===
=== STEP 3/3: FULL TRAINING ===
{"stage": "training", "requested_device": "mps", "attempts": [{"device": "mps", "batch_size": 32}, {"device": "mps", "batch_size": 16}, {"device": "mps", "batch_size": 8}, {"device": "cpu", "batch_size": 8}]}
=== TRAIN ATTEMPT 1/4 device=mps batch_size=32 ===
RUN: ./.venv/bin/python -u /Users/sensen/.openclaw/workspace/domains/revenue-management/project-root/code_submission_project/code_submission/src/data/Training_multi_layer_cpbsd_mb_x.py --train_manifest /Users/sensen/.openclaw/workspace/domains/revenue-management/experiments/cpbsd_mb_labels_chunked_run1/train__mb_results_merged.csv --eval_manifest /Users/sensen/.openclaw/workspace/domains/revenue-management/experiments/cpbsd_mb_labels_chunked_run1/eval__mb_results_merged.csv --test_manifest /Users/sensen/.openclaw/workspace/domains/revenue-management/experiments/cpbsd_mb_labels_chunked_run1/test__mb_results_merged.csv --model_dir /Users/sensen/.openclaw/workspace/domains/revenue-management/project-root/code_submission_project/code_submission/models_cpbsd_mb_x --charts_dir /Users/sensen/.openclaw/workspace/domains/revenue-management/project-root/code_submission_project/code_submission/charts_cpbsd_mb_x --log_dir /Users/sensen/.openclaw/workspace/domains/revenue-management/project-root/code_submission_project/code_submission/log_cpbsd_mb_x --device mps --epochs 200 --batch_size 32 --learning_rate 0.001 --hidden_channels 128 --num_layers 2 --early_stopping_patience 30 --seed 42
✅ Using MPS
Start reading the CPBSD MB dataset for split=train...
Loaded data (train): 50/4000
Loaded data (train): 100/4000
Loaded data (train): 150/4000
Loaded data (train): 200/4000
Loaded data (train): 250/4000
Loaded data (train): 300/4000
Loaded data (train): 350/4000
Loaded data (train): 400/4000
Loaded data (train): 450/4000
Loaded data (train): 500/4000
Loaded data (train): 550/4000
Loaded data (train): 600/4000
Loaded data (train): 650/4000
Loaded data (train): 700/4000
Loaded data (train): 750/4000
Loaded data (train): 800/4000
Loaded data (train): 850/4000
Loaded data (train): 900/4000
Loaded data (train): 950/4000
Loaded data (train): 1000/4000
Loaded data (train): 1050/4000
Loaded data (train): 1100/4000
Loaded data (train): 1150/4000
Loaded data (train): 1200/4000
Loaded data (train): 1250/4000
Loaded data (train): 1300/4000
Loaded data (train): 1350/4000
Loaded data (train): 1400/4000
Loaded data (train): 1450/4000
Loaded data (train): 1500/4000
Loaded data (train): 1550/4000
Loaded data (train): 1600/4000
Loaded data (train): 1650/4000
Loaded data (train): 1700/4000
Loaded data (train): 1750/4000
Loaded data (train): 1800/4000
Loaded data (train): 1850/4000
Loaded data (train): 1900/4000
Loaded data (train): 1950/4000
Loaded data (train): 2000/4000
Loaded data (train): 2050/4000
Loaded data (train): 2100/4000
Loaded data (train): 2150/4000
Loaded data (train): 2200/4000
Loaded data (train): 2250/4000
Loaded data (train): 2300/4000
Loaded data (train): 2350/4000
Loaded data (train): 2400/4000
Loaded data (train): 2450/4000
Loaded data (train): 2500/4000
Loaded data (train): 2550/4000
Loaded data (train): 2600/4000
Loaded data (train): 2650/4000
Loaded data (train): 2700/4000
Loaded data (train): 2750/4000
Loaded data (train): 2800/4000
Loaded data (train): 2850/4000
Loaded data (train): 2900/4000
Loaded data (train): 2950/4000
Loaded data (train): 3000/4000
Loaded data (train): 3050/4000
Loaded data (train): 3100/4000
Loaded data (train): 3150/4000
Loaded data (train): 3200/4000
Loaded data (train): 3250/4000
Loaded data (train): 3300/4000
Loaded data (train): 3350/4000
Loaded data (train): 3400/4000
Loaded data (train): 3450/4000
Loaded data (train): 3500/4000
Loaded data (train): 3550/4000
Loaded data (train): 3600/4000
Loaded data (train): 3650/4000
Loaded data (train): 3700/4000
Loaded data (train): 3750/4000
Loaded data (train): 3800/4000
Loaded data (train): 3850/4000
Loaded data (train): 3900/4000
Loaded data (train): 3950/4000
Loaded data (train): 4000/4000
Start reading the CPBSD MB dataset for split=eval...
Loaded data (eval): 50/500
Loaded data (eval): 100/500
Loaded data (eval): 150/500
Loaded data (eval): 200/500
Loaded data (eval): 250/500
Loaded data (eval): 300/500
Loaded data (eval): 350/500
Loaded data (eval): 400/500
Loaded data (eval): 450/500
Loaded data (eval): 500/500
Start reading the CPBSD MB dataset for split=test...
Loaded data (test): 50/500
Loaded data (test): 100/500
Loaded data (test): 150/500
Loaded data (test): 200/500
Loaded data (test): 250/500
Loaded data (test): 300/500
Loaded data (test): 350/500
Loaded data (test): 400/500
Loaded data (test): 450/500
Loaded data (test): 500/500
📦 总计加载 5000 个样本
📈 全局正边比例(x_kn=1): 0.574974
  训练集: 4000
  验证集: 500
  测试集: 500
⚖️ 训练集正边比例(x_kn=1): 0.575001, pos_weight=0.739

开始训练 200 轮...
  🎯 新最佳模型：val_loss=0.457117, val_f1=0.635082 (epoch=0)
Epoch   0 | train_loss=0.459838 | train_acc=0.7104 | train_f1=0.7283 | val_loss=0.457117 | val_acc=0.6915 | val_f1=0.6351
  🎯 新最佳模型：val_loss=0.286704, val_f1=0.863956 (epoch=9)
Epoch  10 | train_loss=0.173637 | train_acc=0.9101 | train_f1=0.9208 | val_loss=0.480293 | val_acc=0.6914 | val_f1=0.6530
  🎯 新最佳模型：val_loss=0.273020, val_f1=0.865129 (epoch=11)
Epoch  20 | train_loss=0.167113 | train_acc=0.9128 | train_f1=0.9233 | val_loss=0.353039 | val_acc=0.8508 | val_f1=0.8813
Epoch  30 | train_loss=0.167026 | train_acc=0.9124 | train_f1=0.9230 | val_loss=0.628166 | val_acc=0.7738 | val_f1=0.8322
Epoch  40 | train_loss=0.163820 | train_acc=0.9145 | train_f1=0.9248 | val_loss=0.887294 | val_acc=0.7539 | val_f1=0.8204
  ⏹️ 触发早停（连续 30 轮无改进）

✅ 训练完成！
  最终模型: /Users/sensen/.openclaw/workspace/domains/revenue-management/project-root/code_submission_project/code_submission/models_cpbsd_mb_x/model_edge_cpbsd_mb_x_2layer_seed42.pt
  指标文件: /Users/sensen/.openclaw/workspace/domains/revenue-management/project-root/code_submission_project/code_submission/models_cpbsd_mb_x/metrics_edge_cpbsd_mb_x_2layer_seed42.json
  曲线图: /Users/sensen/.openclaw/workspace/domains/revenue-management/project-root/code_submission_project/code_submission/charts_cpbsd_mb_x/run_20260321-180021_cpbsd_mb_x_2layer_seed42/loss_curves_cpbsd_mb_x_2layer_seed42.png
RETURN CODE: 0
=== TRAIN SUCCEEDED device=mps batch_size=32 ===
{
  "status": "completed",
  "train_manifest": "/Users/sensen/.openclaw/workspace/domains/revenue-management/experiments/cpbsd_mb_labels_chunked_run1/train__mb_results_merged.csv",
  "eval_manifest": "/Users/sensen/.openclaw/workspace/domains/revenue-management/experiments/cpbsd_mb_labels_chunked_run1/eval__mb_results_merged.csv",
  "test_manifest": "/Users/sensen/.openclaw/workspace/domains/revenue-management/experiments/cpbsd_mb_labels_chunked_run1/test__mb_results_merged.csv",
  "smoke_model_dir": "/Users/sensen/.openclaw/workspace/domains/revenue-management/project-root/code_submission_project/code_submission/models_cpbsd_mb_x/smoke64",
  "full_model_dir": "/Users/sensen/.openclaw/workspace/domains/revenue-management/project-root/code_submission_project/code_submission/models_cpbsd_mb_x",
  "charts_dir": "/Users/sensen/.openclaw/workspace/domains/revenue-management/project-root/code_submission_project/code_submission/charts_cpbsd_mb_x",
  "log_dir": "/Users/sensen/.openclaw/workspace/domains/revenue-management/project-root/code_submission_project/code_submission/log_cpbsd_mb_x",
  "run_log_file": "/Users/sensen/.openclaw/workspace/domains/revenue-management/project-root/code_submission_project/code_submission/log_cpbsd_mb_x/tmux_train_run.log",
  "smoke_log_file": "/Users/sensen/.openclaw/workspace/domains/revenue-management/project-root/code_submission_project/code_submission/log_cpbsd_mb_x/tmux_smoke_run.log"
}
