/Users/sensen/.openclaw/workspace/domains/revenue-management/project-root/code_submission_project/code_submission/src/data/generate_data_CPBSD.py:106: RuntimeWarning: divide by zero encountered in matmul
  z = rng.multivariate_normal(mean=np.zeros(n), cov=corr, size=k)
/Users/sensen/.openclaw/workspace/domains/revenue-management/project-root/code_submission_project/code_submission/src/data/generate_data_CPBSD.py:106: RuntimeWarning: overflow encountered in matmul
  z = rng.multivariate_normal(mean=np.zeros(n), cov=corr, size=k)
/Users/sensen/.openclaw/workspace/domains/revenue-management/project-root/code_submission_project/code_submission/src/data/generate_data_CPBSD.py:106: RuntimeWarning: invalid value encountered in matmul
  z = rng.multivariate_normal(mean=np.zeros(n), cov=corr, size=k)
/Users/sensen/.openclaw/workspace/domains/revenue-management/project-root/code_submission_project/code_submission/src/data/solve_mb_bsp_on_cpbsd_v2.py:302: RuntimeWarning: divide by zero encountered in matmul
  revenues = v_kn @ assortments.T
/Users/sensen/.openclaw/workspace/domains/revenue-management/project-root/code_submission_project/code_submission/src/data/solve_mb_bsp_on_cpbsd_v2.py:302: RuntimeWarning: overflow encountered in matmul
  revenues = v_kn @ assortments.T
/Users/sensen/.openclaw/workspace/domains/revenue-management/project-root/code_submission_project/code_submission/src/data/solve_mb_bsp_on_cpbsd_v2.py:302: RuntimeWarning: invalid value encountered in matmul
  revenues = v_kn @ assortments.T
Set parameter LicenseID to value 2784353
Set parameter MIPGap to value 0.001
Set parameter TimeLimit to value 300
{
  "root": "/Users/sensen/.openclaw/workspace/domains/revenue-management/experiments/fcp_mb_phase2_selected_n10_n30_5inst/n10/logit_rho0.0_full_hvhm/runs/seed_20260415",
  "summary_path": "/Users/sensen/.openclaw/workspace/domains/revenue-management/experiments/fcp_mb_phase2_selected_n10_n30_5inst/n10/logit_rho0.0_full_hvhm/runs/seed_20260415/comparison_summary.json",
  "csv_path": "/Users/sensen/.openclaw/workspace/domains/revenue-management/experiments/fcp_mb_phase2_selected_n10_n30_5inst/n10/logit_rho0.0_full_hvhm/runs/seed_20260415/comparison_summary.csv",
  "aggregate": {
    "BSP": {
      "count": 1,
      "avg_revenue_in_sample": 2.8457651855699133,
      "avg_revenue_out_sample": 2.495808372883484,
      "avg_runtime": 6.351035833358765
    },
    "CPBSD-A": {
      "count": 1,
      "avg_revenue_in_sample": 2.940047307646675,
      "avg_revenue_out_sample": 2.6580151728444195,
      "avg_runtime": 300.215283870697
    },
    "FCP-pruned-MB": {
      "count": 1,
      "avg_revenue_in_sample": 2.948781598189798,
      "avg_revenue_out_sample": 2.531243544385067,
      "avg_runtime": 221.7122929096222
    }
  },
  "rows": [
    {
      "instance_id": "cpbsd_instance_001_N10_K50_logit_rho0.0_full_hvhm",
      "seed": 20260415,
      "n": 10,
      "k": 50,
      "method": "FCP-pruned-MB",
      "revenue_in_sample": 2.948781598189798,
      "revenue_out_sample": 2.531243544385067,
      "solver_runtime": 221.7122929096222,
      "status_code": 2,
      "result_path": "/Users/sensen/.openclaw/workspace/domains/revenue-management/experiments/fcp_mb_phase2_selected_n10_n30_5inst/n10/logit_rho0.0_full_hvhm/runs/seed_20260415/results/cpbsd_instance_001_N10_K50_logit_rho0.0_full_hvhm__fcp_pruned_mb.json",
      "gcn_inference_time": 0.08130502700805664,
      "candidate_generation_time": 7.510185241699219e-05,
      "bundle_space_size": 31,
      "bundle_space_fraction": 0.0302734375,
      "full_bundle_space_size": 1024,
      "raw_customer_bundle_count": 50,
      "unique_threshold_bundle_count": 30,
      "threshold": 0.5,
      "ratio_to_bsp": 1.0361998991140422,
      "ratio_to_cpbsd_a": 1.0029707993202714
    },
    {
      "instance_id": "cpbsd_instance_001_N10_K50_logit_rho0.0_full_hvhm",
      "seed": 20260415,
      "n": 10,
      "k": 50,
      "method": "BSP",
      "revenue_in_sample": 2.8457651855699133,
      "revenue_out_sample": 2.495808372883484,
      "solver_runtime": 6.351035833358765,
      "status_code": 2,
      "result_path": "/Users/sensen/.openclaw/workspace/domains/revenue-management/experiments/fcp_mb_phase2_selected_n10_n30_5inst/n10/logit_rho0.0_full_hvhm/runs/seed_20260415/results/cpbsd_instance_001_N10_K50_logit_rho0.0_full_hvhm__bsp.json",
      "bundle_space_size": null,
      "bundle_space_fraction": null,
      "full_bundle_space_size": 1024,
      "ratio_to_bsp": 1.0,
      "ratio_to_cpbsd_a": 0.9679317670053994
    },
    {
      "instance_id": "cpbsd_instance_001_N10_K50_logit_rho0.0_full_hvhm",
      "seed": 20260415,
      "n": 10,
      "k": 50,
      "method": "CPBSD-A",
      "revenue_in_sample": 2.940047307646675,
      "revenue_out_sample": 2.6580151728444195,
      "solver_runtime": 300.215283870697,
      "status_code": 9,
      "result_path": "/Users/sensen/.openclaw/workspace/domains/revenue-management/experiments/fcp_mb_phase2_selected_n10_n30_5inst/n10/logit_rho0.0_full_hvhm/runs/seed_20260415/results/cpbsd_instance_001_N10_K50_logit_rho0.0_full_hvhm__cpbsd_a.json",
      "bundle_space_size": null,
      "bundle_space_fraction": null,
      "full_bundle_space_size": 1024,
      "ratio_to_bsp": 1.0331306752063876,
      "ratio_to_cpbsd_a": 1.0
    }
  ]
}
