/Users/sensen/.openclaw/workspace/domains/revenue-management/project-root/code_submission_project/code_submission/src/data/generate_data_CPBSD.py:106: RuntimeWarning: divide by zero encountered in matmul
  z = rng.multivariate_normal(mean=np.zeros(n), cov=corr, size=k)
/Users/sensen/.openclaw/workspace/domains/revenue-management/project-root/code_submission_project/code_submission/src/data/generate_data_CPBSD.py:106: RuntimeWarning: overflow encountered in matmul
  z = rng.multivariate_normal(mean=np.zeros(n), cov=corr, size=k)
/Users/sensen/.openclaw/workspace/domains/revenue-management/project-root/code_submission_project/code_submission/src/data/generate_data_CPBSD.py:106: RuntimeWarning: invalid value encountered in matmul
  z = rng.multivariate_normal(mean=np.zeros(n), cov=corr, size=k)
/Users/sensen/.openclaw/workspace/domains/revenue-management/project-root/code_submission_project/code_submission/src/data/solve_mb_bsp_on_cpbsd_v2.py:302: RuntimeWarning: divide by zero encountered in matmul
  revenues = v_kn @ assortments.T
/Users/sensen/.openclaw/workspace/domains/revenue-management/project-root/code_submission_project/code_submission/src/data/solve_mb_bsp_on_cpbsd_v2.py:302: RuntimeWarning: overflow encountered in matmul
  revenues = v_kn @ assortments.T
/Users/sensen/.openclaw/workspace/domains/revenue-management/project-root/code_submission_project/code_submission/src/data/solve_mb_bsp_on_cpbsd_v2.py:302: RuntimeWarning: invalid value encountered in matmul
  revenues = v_kn @ assortments.T
Set parameter LicenseID to value 2784353
Set parameter MIPGap to value 0.001
Set parameter TimeLimit to value 300
{
  "root": "/Users/sensen/.openclaw/workspace/domains/revenue-management/experiments/fcp_mb_phase2_selected_n10_n30_5inst/n10/logit_rho0.0_full_hvhm/runs/seed_20260414",
  "summary_path": "/Users/sensen/.openclaw/workspace/domains/revenue-management/experiments/fcp_mb_phase2_selected_n10_n30_5inst/n10/logit_rho0.0_full_hvhm/runs/seed_20260414/comparison_summary.json",
  "csv_path": "/Users/sensen/.openclaw/workspace/domains/revenue-management/experiments/fcp_mb_phase2_selected_n10_n30_5inst/n10/logit_rho0.0_full_hvhm/runs/seed_20260414/comparison_summary.csv",
  "aggregate": {
    "BSP": {
      "count": 1,
      "avg_revenue_in_sample": 2.7409937754538145,
      "avg_revenue_out_sample": 2.5346685563255456,
      "avg_runtime": 6.01741099357605
    },
    "CPBSD-A": {
      "count": 1,
      "avg_revenue_in_sample": 2.677192797342583,
      "avg_revenue_out_sample": 2.5785878034863323,
      "avg_runtime": 300.32187700271606
    },
    "FCP-pruned-MB": {
      "count": 1,
      "avg_revenue_in_sample": 2.719428520342831,
      "avg_revenue_out_sample": 2.510597545388009,
      "avg_runtime": 188.6639440059662
    }
  },
  "rows": [
    {
      "instance_id": "cpbsd_instance_001_N10_K50_logit_rho0.0_full_hvhm",
      "seed": 20260414,
      "n": 10,
      "k": 50,
      "method": "FCP-pruned-MB",
      "revenue_in_sample": 2.719428520342831,
      "revenue_out_sample": 2.510597545388009,
      "solver_runtime": 188.6639440059662,
      "status_code": 2,
      "result_path": "/Users/sensen/.openclaw/workspace/domains/revenue-management/experiments/fcp_mb_phase2_selected_n10_n30_5inst/n10/logit_rho0.0_full_hvhm/runs/seed_20260414/results/cpbsd_instance_001_N10_K50_logit_rho0.0_full_hvhm__fcp_pruned_mb.json",
      "gcn_inference_time": 0.08388018608093262,
      "candidate_generation_time": 7.700920104980469e-05,
      "bundle_space_size": 27,
      "bundle_space_fraction": 0.0263671875,
      "full_bundle_space_size": 1024,
      "raw_customer_bundle_count": 50,
      "unique_threshold_bundle_count": 27,
      "threshold": 0.5,
      "ratio_to_bsp": 0.9921323224794945,
      "ratio_to_cpbsd_a": 1.015776123050298
    },
    {
      "instance_id": "cpbsd_instance_001_N10_K50_logit_rho0.0_full_hvhm",
      "seed": 20260414,
      "n": 10,
      "k": 50,
      "method": "BSP",
      "revenue_in_sample": 2.7409937754538145,
      "revenue_out_sample": 2.5346685563255456,
      "solver_runtime": 6.01741099357605,
      "status_code": 2,
      "result_path": "/Users/sensen/.openclaw/workspace/domains/revenue-management/experiments/fcp_mb_phase2_selected_n10_n30_5inst/n10/logit_rho0.0_full_hvhm/runs/seed_20260414/results/cpbsd_instance_001_N10_K50_logit_rho0.0_full_hvhm__bsp.json",
      "bundle_space_size": null,
      "bundle_space_fraction": null,
      "full_bundle_space_size": 1024,
      "ratio_to_bsp": 1.0,
      "ratio_to_cpbsd_a": 1.0238312975347017
    },
    {
      "instance_id": "cpbsd_instance_001_N10_K50_logit_rho0.0_full_hvhm",
      "seed": 20260414,
      "n": 10,
      "k": 50,
      "method": "CPBSD-A",
      "revenue_in_sample": 2.677192797342583,
      "revenue_out_sample": 2.5785878034863323,
      "solver_runtime": 300.32187700271606,
      "status_code": 9,
      "result_path": "/Users/sensen/.openclaw/workspace/domains/revenue-management/experiments/fcp_mb_phase2_selected_n10_n30_5inst/n10/logit_rho0.0_full_hvhm/runs/seed_20260414/results/cpbsd_instance_001_N10_K50_logit_rho0.0_full_hvhm__cpbsd_a.json",
      "bundle_space_size": null,
      "bundle_space_fraction": null,
      "full_bundle_space_size": 1024,
      "ratio_to_bsp": 0.9767234137185633,
      "ratio_to_cpbsd_a": 1.0
    }
  ]
}
