[2026-04-13 21:19:48] Phase 2 N10/N30 batch start
Output root: /Users/sensen/.openclaw/workspace/domains/revenue-management/experiments/fcp_mb_phase2_selected_n10_n30_5inst
Runner: /Users/sensen/.openclaw/workspace/domains/revenue-management/project-root/code_submission_project/code_submission/src/data/run_cpbsd_fcp_pruned_mb_compare_parallel.py
Python: /Users/sensen/.openclaw/workspace/domains/revenue-management/project-root/code_submission_project/code_submission/.venv/bin/python

[2026-04-13 21:19:48] START n=10 setting=normal_rho0.0_full_zero
[start] seed=20260413 root=/Users/sensen/.openclaw/workspace/domains/revenue-management/experiments/fcp_mb_phase2_selected_n10_n30_5inst/n10/normal_rho0.0_full_zero/runs/seed_20260413
[start] seed=20260414 root=/Users/sensen/.openclaw/workspace/domains/revenue-management/experiments/fcp_mb_phase2_selected_n10_n30_5inst/n10/normal_rho0.0_full_zero/runs/seed_20260414
[start] seed=20260415 root=/Users/sensen/.openclaw/workspace/domains/revenue-management/experiments/fcp_mb_phase2_selected_n10_n30_5inst/n10/normal_rho0.0_full_zero/runs/seed_20260415
[done] seed=20260413 rc=0 elapsed=10.0s log=/Users/sensen/.openclaw/workspace/domains/revenue-management/experiments/fcp_mb_phase2_selected_n10_n30_5inst/n10/normal_rho0.0_full_zero/logs/seed_20260413.log
[done] seed=20260414 rc=0 elapsed=10.0s log=/Users/sensen/.openclaw/workspace/domains/revenue-management/experiments/fcp_mb_phase2_selected_n10_n30_5inst/n10/normal_rho0.0_full_zero/logs/seed_20260414.log
[done] seed=20260415 rc=0 elapsed=10.0s log=/Users/sensen/.openclaw/workspace/domains/revenue-management/experiments/fcp_mb_phase2_selected_n10_n30_5inst/n10/normal_rho0.0_full_zero/logs/seed_20260415.log
[start] seed=20260416 root=/Users/sensen/.openclaw/workspace/domains/revenue-management/experiments/fcp_mb_phase2_selected_n10_n30_5inst/n10/normal_rho0.0_full_zero/runs/seed_20260416
[start] seed=20260417 root=/Users/sensen/.openclaw/workspace/domains/revenue-management/experiments/fcp_mb_phase2_selected_n10_n30_5inst/n10/normal_rho0.0_full_zero/runs/seed_20260417
[done] seed=20260416 rc=0 elapsed=10.0s log=/Users/sensen/.openclaw/workspace/domains/revenue-management/experiments/fcp_mb_phase2_selected_n10_n30_5inst/n10/normal_rho0.0_full_zero/logs/seed_20260416.log
[done] seed=20260417 rc=0 elapsed=15.0s log=/Users/sensen/.openclaw/workspace/domains/revenue-management/experiments/fcp_mb_phase2_selected_n10_n30_5inst/n10/normal_rho0.0_full_zero/logs/seed_20260417.log
{
  "summary_json": "/Users/sensen/.openclaw/workspace/domains/revenue-management/experiments/fcp_mb_phase2_selected_n10_n30_5inst/n10/normal_rho0.0_full_zero/comparison_summary_all.json",
  "summary_csv": "/Users/sensen/.openclaw/workspace/domains/revenue-management/experiments/fcp_mb_phase2_selected_n10_n30_5inst/n10/normal_rho0.0_full_zero/comparison_summary_all.csv",
  "aggregate_json": "/Users/sensen/.openclaw/workspace/domains/revenue-management/experiments/fcp_mb_phase2_selected_n10_n30_5inst/n10/normal_rho0.0_full_zero/aggregate_metrics.json",
  "aggregate": {
    "BSP": {
      "count": 5,
      "avg_revenue_in_sample": 51.99647608895983,
      "avg_revenue_out_sample": 50.08128258162015,
      "avg_solver_runtime": 0.7184198379516602,
      "avg_ratio_to_bsp": 1.0,
      "avg_ratio_to_cpbsd_a": 0.9997501923551712
    },
    "CPBSD-A": {
      "count": 5,
      "avg_revenue_in_sample": 52.00942882216007,
      "avg_revenue_out_sample": 50.00945602255003,
      "avg_solver_runtime": 2.0482619762420655,
      "avg_ratio_to_bsp": 1.0002500042547144,
      "avg_ratio_to_cpbsd_a": 1.0
    },
    "FCP-pruned-MB": {
      "count": 5,
      "avg_revenue_in_sample": 52.0523527040181,
      "avg_revenue_out_sample": 49.72421899640123,
      "avg_solver_runtime": 2.6280860900878906,
      "avg_ratio_to_bsp": 1.0010837456866946,
      "avg_ratio_to_cpbsd_a": 1.0008339494740066
    }
  },
  "row_count": 15
}
[2026-04-13 21:20:18] DONE n=10 setting=normal_rho0.0_full_zero

[2026-04-13 21:20:18] START n=10 setting=normal_rho0.0_full_hvhm
[start] seed=20260413 root=/Users/sensen/.openclaw/workspace/domains/revenue-management/experiments/fcp_mb_phase2_selected_n10_n30_5inst/n10/normal_rho0.0_full_hvhm/runs/seed_20260413
[start] seed=20260414 root=/Users/sensen/.openclaw/workspace/domains/revenue-management/experiments/fcp_mb_phase2_selected_n10_n30_5inst/n10/normal_rho0.0_full_hvhm/runs/seed_20260414
[start] seed=20260415 root=/Users/sensen/.openclaw/workspace/domains/revenue-management/experiments/fcp_mb_phase2_selected_n10_n30_5inst/n10/normal_rho0.0_full_hvhm/runs/seed_20260415
[done] seed=20260413 rc=0 elapsed=615.5s log=/Users/sensen/.openclaw/workspace/domains/revenue-management/experiments/fcp_mb_phase2_selected_n10_n30_5inst/n10/normal_rho0.0_full_hvhm/logs/seed_20260413.log
[done] seed=20260415 rc=0 elapsed=615.5s log=/Users/sensen/.openclaw/workspace/domains/revenue-management/experiments/fcp_mb_phase2_selected_n10_n30_5inst/n10/normal_rho0.0_full_hvhm/logs/seed_20260415.log
[start] seed=20260416 root=/Users/sensen/.openclaw/workspace/domains/revenue-management/experiments/fcp_mb_phase2_selected_n10_n30_5inst/n10/normal_rho0.0_full_hvhm/runs/seed_20260416
[start] seed=20260417 root=/Users/sensen/.openclaw/workspace/domains/revenue-management/experiments/fcp_mb_phase2_selected_n10_n30_5inst/n10/normal_rho0.0_full_hvhm/runs/seed_20260417
[done] seed=20260414 rc=0 elapsed=625.5s log=/Users/sensen/.openclaw/workspace/domains/revenue-management/experiments/fcp_mb_phase2_selected_n10_n30_5inst/n10/normal_rho0.0_full_hvhm/logs/seed_20260414.log
[done] seed=20260417 rc=0 elapsed=445.3s log=/Users/sensen/.openclaw/workspace/domains/revenue-management/experiments/fcp_mb_phase2_selected_n10_n30_5inst/n10/normal_rho0.0_full_hvhm/logs/seed_20260417.log
[done] seed=20260416 rc=0 elapsed=480.4s log=/Users/sensen/.openclaw/workspace/domains/revenue-management/experiments/fcp_mb_phase2_selected_n10_n30_5inst/n10/normal_rho0.0_full_hvhm/logs/seed_20260416.log
{
  "summary_json": "/Users/sensen/.openclaw/workspace/domains/revenue-management/experiments/fcp_mb_phase2_selected_n10_n30_5inst/n10/normal_rho0.0_full_hvhm/comparison_summary_all.json",
  "summary_csv": "/Users/sensen/.openclaw/workspace/domains/revenue-management/experiments/fcp_mb_phase2_selected_n10_n30_5inst/n10/normal_rho0.0_full_hvhm/comparison_summary_all.csv",
  "aggregate_json": "/Users/sensen/.openclaw/workspace/domains/revenue-management/experiments/fcp_mb_phase2_selected_n10_n30_5inst/n10/normal_rho0.0_full_hvhm/aggregate_metrics.json",
  "aggregate": {
    "BSP": {
      "count": 5,
      "avg_revenue_in_sample": 2.721146421692656,
      "avg_revenue_out_sample": 2.3469592406103734,
      "avg_solver_runtime": 10.746188068389893,
      "avg_ratio_to_bsp": 1.0,
      "avg_ratio_to_cpbsd_a": 0.8492336618142614
    },
    "CPBSD-A": {
      "count": 5,
      "avg_revenue_in_sample": 3.2091189232510557,
      "avg_revenue_out_sample": 2.847967731893138,
      "avg_solver_runtime": 300.1895469665527,
      "avg_ratio_to_bsp": 1.1791990562642916,
      "avg_ratio_to_cpbsd_a": 1.0
    },
    "FCP-pruned-MB": {
      "count": 5,
      "avg_revenue_in_sample": 3.2555239070156774,
      "avg_revenue_out_sample": 2.27826276721487,
      "avg_solver_runtime": 239.9667568206787,
      "avg_ratio_to_bsp": 1.1980210576094987,
      "avg_ratio_to_cpbsd_a": 1.0170984755252372
    }
  },
  "row_count": 15
}
[2026-04-13 21:38:39] DONE n=10 setting=normal_rho0.0_full_hvhm

[2026-04-13 21:38:39] START n=10 setting=logit_rho0.0_full_hvhm
[start] seed=20260413 root=/Users/sensen/.openclaw/workspace/domains/revenue-management/experiments/fcp_mb_phase2_selected_n10_n30_5inst/n10/logit_rho0.0_full_hvhm/runs/seed_20260413
[start] seed=20260414 root=/Users/sensen/.openclaw/workspace/domains/revenue-management/experiments/fcp_mb_phase2_selected_n10_n30_5inst/n10/logit_rho0.0_full_hvhm/runs/seed_20260414
[start] seed=20260415 root=/Users/sensen/.openclaw/workspace/domains/revenue-management/experiments/fcp_mb_phase2_selected_n10_n30_5inst/n10/logit_rho0.0_full_hvhm/runs/seed_20260415
[done] seed=20260413 rc=0 elapsed=500.3s log=/Users/sensen/.openclaw/workspace/domains/revenue-management/experiments/fcp_mb_phase2_selected_n10_n30_5inst/n10/logit_rho0.0_full_hvhm/logs/seed_20260413.log
[done] seed=20260414 rc=0 elapsed=500.3s log=/Users/sensen/.openclaw/workspace/domains/revenue-management/experiments/fcp_mb_phase2_selected_n10_n30_5inst/n10/logit_rho0.0_full_hvhm/logs/seed_20260414.log
[start] seed=20260416 root=/Users/sensen/.openclaw/workspace/domains/revenue-management/experiments/fcp_mb_phase2_selected_n10_n30_5inst/n10/logit_rho0.0_full_hvhm/runs/seed_20260416
[start] seed=20260417 root=/Users/sensen/.openclaw/workspace/domains/revenue-management/experiments/fcp_mb_phase2_selected_n10_n30_5inst/n10/logit_rho0.0_full_hvhm/runs/seed_20260417
[done] seed=20260415 rc=0 elapsed=535.4s log=/Users/sensen/.openclaw/workspace/domains/revenue-management/experiments/fcp_mb_phase2_selected_n10_n30_5inst/n10/logit_rho0.0_full_hvhm/logs/seed_20260415.log
[done] seed=20260417 rc=0 elapsed=410.3s log=/Users/sensen/.openclaw/workspace/domains/revenue-management/experiments/fcp_mb_phase2_selected_n10_n30_5inst/n10/logit_rho0.0_full_hvhm/logs/seed_20260417.log
[done] seed=20260416 rc=0 elapsed=445.3s log=/Users/sensen/.openclaw/workspace/domains/revenue-management/experiments/fcp_mb_phase2_selected_n10_n30_5inst/n10/logit_rho0.0_full_hvhm/logs/seed_20260416.log
{
  "summary_json": "/Users/sensen/.openclaw/workspace/domains/revenue-management/experiments/fcp_mb_phase2_selected_n10_n30_5inst/n10/logit_rho0.0_full_hvhm/comparison_summary_all.json",
  "summary_csv": "/Users/sensen/.openclaw/workspace/domains/revenue-management/experiments/fcp_mb_phase2_selected_n10_n30_5inst/n10/logit_rho0.0_full_hvhm/comparison_summary_all.csv",
  "aggregate_json": "/Users/sensen/.openclaw/workspace/domains/revenue-management/experiments/fcp_mb_phase2_selected_n10_n30_5inst/n10/logit_rho0.0_full_hvhm/aggregate_metrics.json",
  "aggregate": {
    "BSP": {
      "count": 5,
      "avg_revenue_in_sample": 2.8427430353765035,
      "avg_revenue_out_sample": 2.53344789327033,
      "avg_solver_runtime": 7.590514135360718,
      "avg_ratio_to_bsp": 1.0,
      "avg_ratio_to_cpbsd_a": 1.0015225830577381
    },
    "CPBSD-A": {
      "count": 5,
      "avg_revenue_in_sample": 2.8405241114252258,
      "avg_revenue_out_sample": 2.596099347267961,
      "avg_solver_runtime": 300.17016677856446,
      "avg_ratio_to_bsp": 0.9989935147821205,
      "avg_ratio_to_cpbsd_a": 1.0
    },
    "FCP-pruned-MB": {
      "count": 5,
      "avg_revenue_in_sample": 2.8794518861499205,
      "avg_revenue_out_sample": 2.523432951939025,
      "avg_solver_runtime": 164.87636675834656,
      "avg_ratio_to_bsp": 1.0128634382485704,
      "avg_ratio_to_cpbsd_a": 1.0139686784458886
    }
  },
  "row_count": 15
}
[2026-04-13 21:54:29] DONE n=10 setting=logit_rho0.0_full_hvhm

[2026-04-13 21:54:29] START n=10 setting=normal_rho0.5_full_hvhm
[start] seed=20260413 root=/Users/sensen/.openclaw/workspace/domains/revenue-management/experiments/fcp_mb_phase2_selected_n10_n30_5inst/n10/normal_rho0.5_full_hvhm/runs/seed_20260413
[start] seed=20260414 root=/Users/sensen/.openclaw/workspace/domains/revenue-management/experiments/fcp_mb_phase2_selected_n10_n30_5inst/n10/normal_rho0.5_full_hvhm/runs/seed_20260414
[start] seed=20260415 root=/Users/sensen/.openclaw/workspace/domains/revenue-management/experiments/fcp_mb_phase2_selected_n10_n30_5inst/n10/normal_rho0.5_full_hvhm/runs/seed_20260415
[done] seed=20260413 rc=0 elapsed=370.3s log=/Users/sensen/.openclaw/workspace/domains/revenue-management/experiments/fcp_mb_phase2_selected_n10_n30_5inst/n10/normal_rho0.5_full_hvhm/logs/seed_20260413.log
[start] seed=20260416 root=/Users/sensen/.openclaw/workspace/domains/revenue-management/experiments/fcp_mb_phase2_selected_n10_n30_5inst/n10/normal_rho0.5_full_hvhm/runs/seed_20260416
[done] seed=20260415 rc=0 elapsed=475.3s log=/Users/sensen/.openclaw/workspace/domains/revenue-management/experiments/fcp_mb_phase2_selected_n10_n30_5inst/n10/normal_rho0.5_full_hvhm/logs/seed_20260415.log
[start] seed=20260417 root=/Users/sensen/.openclaw/workspace/domains/revenue-management/experiments/fcp_mb_phase2_selected_n10_n30_5inst/n10/normal_rho0.5_full_hvhm/runs/seed_20260417
[done] seed=20260414 rc=0 elapsed=485.4s log=/Users/sensen/.openclaw/workspace/domains/revenue-management/experiments/fcp_mb_phase2_selected_n10_n30_5inst/n10/normal_rho0.5_full_hvhm/logs/seed_20260414.log
[done] seed=20260416 rc=0 elapsed=405.3s log=/Users/sensen/.openclaw/workspace/domains/revenue-management/experiments/fcp_mb_phase2_selected_n10_n30_5inst/n10/normal_rho0.5_full_hvhm/logs/seed_20260416.log
[done] seed=20260417 rc=0 elapsed=415.4s log=/Users/sensen/.openclaw/workspace/domains/revenue-management/experiments/fcp_mb_phase2_selected_n10_n30_5inst/n10/normal_rho0.5_full_hvhm/logs/seed_20260417.log
{
  "summary_json": "/Users/sensen/.openclaw/workspace/domains/revenue-management/experiments/fcp_mb_phase2_selected_n10_n30_5inst/n10/normal_rho0.5_full_hvhm/comparison_summary_all.json",
  "summary_csv": "/Users/sensen/.openclaw/workspace/domains/revenue-management/experiments/fcp_mb_phase2_selected_n10_n30_5inst/n10/normal_rho0.5_full_hvhm/comparison_summary_all.csv",
  "aggregate_json": "/Users/sensen/.openclaw/workspace/domains/revenue-management/experiments/fcp_mb_phase2_selected_n10_n30_5inst/n10/normal_rho0.5_full_hvhm/aggregate_metrics.json",
  "aggregate": {
    "BSP": {
      "count": 5,
      "avg_revenue_in_sample": 2.7057146034724378,
      "avg_revenue_out_sample": 2.1384292100160476,
      "avg_solver_runtime": 6.954737377166748,
      "avg_ratio_to_bsp": 1.0,
      "avg_ratio_to_cpbsd_a": 0.9443842884744884
    },
    "CPBSD-A": {
      "count": 5,
      "avg_revenue_in_sample": 2.8665358387707216,
      "avg_revenue_out_sample": 2.3486569336544685,
      "avg_solver_runtime": 300.20017313957214,
      "avg_ratio_to_bsp": 1.061926071969524,
      "avg_ratio_to_cpbsd_a": 1.0
    },
    "FCP-pruned-MB": {
      "count": 5,
      "avg_revenue_in_sample": 3.085681338837681,
      "avg_revenue_out_sample": 2.07506644551489,
      "avg_solver_runtime": 117.18573532104492,
      "avg_ratio_to_bsp": 1.1425365941572028,
      "avg_ratio_to_cpbsd_a": 1.077374803087248
    }
  },
  "row_count": 15
}
[2026-04-13 22:09:25] DONE n=10 setting=normal_rho0.5_full_hvhm

[2026-04-13 22:09:25] START n=30 setting=normal_rho0.0_full_zero
[start] seed=20260413 root=/Users/sensen/.openclaw/workspace/domains/revenue-management/experiments/fcp_mb_phase2_selected_n10_n30_5inst/n30/normal_rho0.0_full_zero/runs/seed_20260413
[start] seed=20260414 root=/Users/sensen/.openclaw/workspace/domains/revenue-management/experiments/fcp_mb_phase2_selected_n10_n30_5inst/n30/normal_rho0.0_full_zero/runs/seed_20260414
[done] seed=20260413 rc=0 elapsed=615.6s log=/Users/sensen/.openclaw/workspace/domains/revenue-management/experiments/fcp_mb_phase2_selected_n10_n30_5inst/n30/normal_rho0.0_full_zero/logs/seed_20260413.log
[start] seed=20260415 root=/Users/sensen/.openclaw/workspace/domains/revenue-management/experiments/fcp_mb_phase2_selected_n10_n30_5inst/n30/normal_rho0.0_full_zero/runs/seed_20260415
[done] seed=20260414 rc=0 elapsed=640.6s log=/Users/sensen/.openclaw/workspace/domains/revenue-management/experiments/fcp_mb_phase2_selected_n10_n30_5inst/n30/normal_rho0.0_full_zero/logs/seed_20260414.log
[start] seed=20260416 root=/Users/sensen/.openclaw/workspace/domains/revenue-management/experiments/fcp_mb_phase2_selected_n10_n30_5inst/n30/normal_rho0.0_full_zero/runs/seed_20260416
[done] seed=20260415 rc=0 elapsed=625.7s log=/Users/sensen/.openclaw/workspace/domains/revenue-management/experiments/fcp_mb_phase2_selected_n10_n30_5inst/n30/normal_rho0.0_full_zero/logs/seed_20260415.log
[start] seed=20260417 root=/Users/sensen/.openclaw/workspace/domains/revenue-management/experiments/fcp_mb_phase2_selected_n10_n30_5inst/n30/normal_rho0.0_full_zero/runs/seed_20260417
[done] seed=20260416 rc=0 elapsed=615.7s log=/Users/sensen/.openclaw/workspace/domains/revenue-management/experiments/fcp_mb_phase2_selected_n10_n30_5inst/n30/normal_rho0.0_full_zero/logs/seed_20260416.log
[done] seed=20260417 rc=0 elapsed=615.7s log=/Users/sensen/.openclaw/workspace/domains/revenue-management/experiments/fcp_mb_phase2_selected_n10_n30_5inst/n30/normal_rho0.0_full_zero/logs/seed_20260417.log
{
  "summary_json": "/Users/sensen/.openclaw/workspace/domains/revenue-management/experiments/fcp_mb_phase2_selected_n10_n30_5inst/n30/normal_rho0.0_full_zero/comparison_summary_all.json",
  "summary_csv": "/Users/sensen/.openclaw/workspace/domains/revenue-management/experiments/fcp_mb_phase2_selected_n10_n30_5inst/n30/normal_rho0.0_full_zero/comparison_summary_all.csv",
  "aggregate_json": "/Users/sensen/.openclaw/workspace/domains/revenue-management/experiments/fcp_mb_phase2_selected_n10_n30_5inst/n30/normal_rho0.0_full_zero/aggregate_metrics.json",
  "aggregate": {
    "BSP": {
      "count": 5,
      "avg_revenue_in_sample": 159.00846965634386,
      "avg_revenue_out_sample": 156.28219635699242,
      "avg_solver_runtime": 1.722247552871704,
      "avg_ratio_to_bsp": 1.0,
      "avg_ratio_to_cpbsd_a": 0.9997326107244037
    },
    "CPBSD-A": {
      "count": 5,
      "avg_revenue_in_sample": 159.0510942360907,
      "avg_revenue_out_sample": 154.96796584424675,
      "avg_solver_runtime": 600.2431586742401,
      "avg_ratio_to_bsp": 1.000267574739728,
      "avg_ratio_to_cpbsd_a": 1.0
    },
    "FCP-pruned-MB": {
      "count": 5,
      "avg_revenue_in_sample": 157.0804430413686,
      "avg_revenue_out_sample": 148.94709891732927,
      "avg_solver_runtime": 14.621924018859863,
      "avg_ratio_to_bsp": 0.9878406508371119,
      "avg_ratio_to_cpbsd_a": 0.987574269115815
    }
  },
  "row_count": 15
}
[2026-04-13 22:40:32] DONE n=30 setting=normal_rho0.0_full_zero

[2026-04-13 22:40:32] START n=30 setting=normal_rho0.0_full_hvhm
[start] seed=20260413 root=/Users/sensen/.openclaw/workspace/domains/revenue-management/experiments/fcp_mb_phase2_selected_n10_n30_5inst/n30/normal_rho0.0_full_hvhm/runs/seed_20260413
[start] seed=20260414 root=/Users/sensen/.openclaw/workspace/domains/revenue-management/experiments/fcp_mb_phase2_selected_n10_n30_5inst/n30/normal_rho0.0_full_hvhm/runs/seed_20260414
[done] seed=20260413 rc=0 elapsed=675.6s log=/Users/sensen/.openclaw/workspace/domains/revenue-management/experiments/fcp_mb_phase2_selected_n10_n30_5inst/n30/normal_rho0.0_full_hvhm/logs/seed_20260413.log
[start] seed=20260415 root=/Users/sensen/.openclaw/workspace/domains/revenue-management/experiments/fcp_mb_phase2_selected_n10_n30_5inst/n30/normal_rho0.0_full_hvhm/runs/seed_20260415
[done] seed=20260414 rc=0 elapsed=1046.0s log=/Users/sensen/.openclaw/workspace/domains/revenue-management/experiments/fcp_mb_phase2_selected_n10_n30_5inst/n30/normal_rho0.0_full_hvhm/logs/seed_20260414.log
[start] seed=20260416 root=/Users/sensen/.openclaw/workspace/domains/revenue-management/experiments/fcp_mb_phase2_selected_n10_n30_5inst/n30/normal_rho0.0_full_hvhm/runs/seed_20260416
[done] seed=20260415 rc=0 elapsed=740.9s log=/Users/sensen/.openclaw/workspace/domains/revenue-management/experiments/fcp_mb_phase2_selected_n10_n30_5inst/n30/normal_rho0.0_full_hvhm/logs/seed_20260415.log
[start] seed=20260417 root=/Users/sensen/.openclaw/workspace/domains/revenue-management/experiments/fcp_mb_phase2_selected_n10_n30_5inst/n30/normal_rho0.0_full_hvhm/runs/seed_20260417
[done] seed=20260416 rc=0 elapsed=811.0s log=/Users/sensen/.openclaw/workspace/domains/revenue-management/experiments/fcp_mb_phase2_selected_n10_n30_5inst/n30/normal_rho0.0_full_hvhm/logs/seed_20260416.log
[done] seed=20260417 rc=0 elapsed=830.9s log=/Users/sensen/.openclaw/workspace/domains/revenue-management/experiments/fcp_mb_phase2_selected_n10_n30_5inst/n30/normal_rho0.0_full_hvhm/logs/seed_20260417.log
{
  "summary_json": "/Users/sensen/.openclaw/workspace/domains/revenue-management/experiments/fcp_mb_phase2_selected_n10_n30_5inst/n30/normal_rho0.0_full_hvhm/comparison_summary_all.json",
  "summary_csv": "/Users/sensen/.openclaw/workspace/domains/revenue-management/experiments/fcp_mb_phase2_selected_n10_n30_5inst/n30/normal_rho0.0_full_hvhm/comparison_summary_all.csv",
  "aggregate_json": "/Users/sensen/.openclaw/workspace/domains/revenue-management/experiments/fcp_mb_phase2_selected_n10_n30_5inst/n30/normal_rho0.0_full_hvhm/aggregate_metrics.json",
  "aggregate": {
    "BSP": {
      "count": 5,
      "avg_revenue_in_sample": 9.239469469984936,
      "avg_revenue_out_sample": 8.046569984664554,
      "avg_solver_runtime": 208.06324124336243,
      "avg_ratio_to_bsp": 1.0,
      "avg_ratio_to_cpbsd_a": 0.8666601076602962
    },
    "CPBSD-A": {
      "count": 5,
      "avg_revenue_in_sample": 10.673618033940507,
      "avg_revenue_out_sample": 9.909866512640809,
      "avg_solver_runtime": 600.4776034832,
      "avg_ratio_to_bsp": 1.1552507070565499,
      "avg_ratio_to_cpbsd_a": 1.0
    },
    "FCP-pruned-MB": {
      "count": 5,
      "avg_revenue_in_sample": 11.982219315915724,
      "avg_revenue_out_sample": 4.908229653682359,
      "avg_solver_runtime": 6.6361524105072025,
      "avg_ratio_to_bsp": 1.296567589776552,
      "avg_ratio_to_cpbsd_a": 1.1225765520237787
    }
  },
  "row_count": 15
}
[2026-04-13 23:18:10] DONE n=30 setting=normal_rho0.0_full_hvhm

[2026-04-13 23:18:10] START n=30 setting=logit_rho0.0_full_hvhm
[start] seed=20260413 root=/Users/sensen/.openclaw/workspace/domains/revenue-management/experiments/fcp_mb_phase2_selected_n10_n30_5inst/n30/logit_rho0.0_full_hvhm/runs/seed_20260413
[start] seed=20260414 root=/Users/sensen/.openclaw/workspace/domains/revenue-management/experiments/fcp_mb_phase2_selected_n10_n30_5inst/n30/logit_rho0.0_full_hvhm/runs/seed_20260414
[done] seed=20260413 rc=0 elapsed=1220.8s log=/Users/sensen/.openclaw/workspace/domains/revenue-management/experiments/fcp_mb_phase2_selected_n10_n30_5inst/n30/logit_rho0.0_full_hvhm/logs/seed_20260413.log
[start] seed=20260415 root=/Users/sensen/.openclaw/workspace/domains/revenue-management/experiments/fcp_mb_phase2_selected_n10_n30_5inst/n30/logit_rho0.0_full_hvhm/runs/seed_20260415
[done] seed=20260414 rc=0 elapsed=1320.9s log=/Users/sensen/.openclaw/workspace/domains/revenue-management/experiments/fcp_mb_phase2_selected_n10_n30_5inst/n30/logit_rho0.0_full_hvhm/logs/seed_20260414.log
[start] seed=20260416 root=/Users/sensen/.openclaw/workspace/domains/revenue-management/experiments/fcp_mb_phase2_selected_n10_n30_5inst/n30/logit_rho0.0_full_hvhm/runs/seed_20260416
[done] seed=20260415 rc=0 elapsed=1261.0s log=/Users/sensen/.openclaw/workspace/domains/revenue-management/experiments/fcp_mb_phase2_selected_n10_n30_5inst/n30/logit_rho0.0_full_hvhm/logs/seed_20260415.log
[start] seed=20260417 root=/Users/sensen/.openclaw/workspace/domains/revenue-management/experiments/fcp_mb_phase2_selected_n10_n30_5inst/n30/logit_rho0.0_full_hvhm/runs/seed_20260417
[done] seed=20260416 rc=0 elapsed=1246.0s log=/Users/sensen/.openclaw/workspace/domains/revenue-management/experiments/fcp_mb_phase2_selected_n10_n30_5inst/n30/logit_rho0.0_full_hvhm/logs/seed_20260416.log
[done] seed=20260417 rc=0 elapsed=1141.4s log=/Users/sensen/.openclaw/workspace/domains/revenue-management/experiments/fcp_mb_phase2_selected_n10_n30_5inst/n30/logit_rho0.0_full_hvhm/logs/seed_20260417.log
{
  "summary_json": "/Users/sensen/.openclaw/workspace/domains/revenue-management/experiments/fcp_mb_phase2_selected_n10_n30_5inst/n30/logit_rho0.0_full_hvhm/comparison_summary_all.json",
  "summary_csv": "/Users/sensen/.openclaw/workspace/domains/revenue-management/experiments/fcp_mb_phase2_selected_n10_n30_5inst/n30/logit_rho0.0_full_hvhm/comparison_summary_all.csv",
  "aggregate_json": "/Users/sensen/.openclaw/workspace/domains/revenue-management/experiments/fcp_mb_phase2_selected_n10_n30_5inst/n30/logit_rho0.0_full_hvhm/aggregate_metrics.json",
  "aggregate": {
    "BSP": {
      "count": 5,
      "avg_revenue_in_sample": 9.506754561620088,
      "avg_revenue_out_sample": 8.60136300803791,
      "avg_solver_runtime": 51.697910976409915,
      "avg_ratio_to_bsp": 1.0,
      "avg_ratio_to_cpbsd_a": 0.9945403343555252
    },
    "CPBSD-A": {
      "count": 5,
      "avg_revenue_in_sample": 9.563210356422552,
      "avg_revenue_out_sample": 9.002123937027942,
      "avg_solver_runtime": 600.5983249187469,
      "avg_ratio_to_bsp": 1.0059040631364418,
      "avg_ratio_to_cpbsd_a": 1.0
    },
    "FCP-pruned-MB": {
      "count": 5,
      "avg_revenue_in_sample": 9.594901451853197,
      "avg_revenue_out_sample": 7.816935483431434,
      "avg_solver_runtime": 580.6218907356263,
      "avg_ratio_to_bsp": 1.0092921635927252,
      "avg_ratio_to_cpbsd_a": 1.0031401629071124
    }
  },
  "row_count": 15
}
[2026-04-14 00:18:43] DONE n=30 setting=logit_rho0.0_full_hvhm

[2026-04-14 00:18:43] START n=30 setting=normal_rho0.5_full_hvhm
[start] seed=20260413 root=/Users/sensen/.openclaw/workspace/domains/revenue-management/experiments/fcp_mb_phase2_selected_n10_n30_5inst/n30/normal_rho0.5_full_hvhm/runs/seed_20260413
[start] seed=20260414 root=/Users/sensen/.openclaw/workspace/domains/revenue-management/experiments/fcp_mb_phase2_selected_n10_n30_5inst/n30/normal_rho0.5_full_hvhm/runs/seed_20260414
[done] seed=20260414 rc=0 elapsed=946.1s log=/Users/sensen/.openclaw/workspace/domains/revenue-management/experiments/fcp_mb_phase2_selected_n10_n30_5inst/n30/normal_rho0.5_full_hvhm/logs/seed_20260414.log
[start] seed=20260415 root=/Users/sensen/.openclaw/workspace/domains/revenue-management/experiments/fcp_mb_phase2_selected_n10_n30_5inst/n30/normal_rho0.5_full_hvhm/runs/seed_20260415
[done] seed=20260413 rc=0 elapsed=1241.4s log=/Users/sensen/.openclaw/workspace/domains/revenue-management/experiments/fcp_mb_phase2_selected_n10_n30_5inst/n30/normal_rho0.5_full_hvhm/logs/seed_20260413.log
[start] seed=20260416 root=/Users/sensen/.openclaw/workspace/domains/revenue-management/experiments/fcp_mb_phase2_selected_n10_n30_5inst/n30/normal_rho0.5_full_hvhm/runs/seed_20260416
[done] seed=20260416 rc=0 elapsed=665.8s log=/Users/sensen/.openclaw/workspace/domains/revenue-management/experiments/fcp_mb_phase2_selected_n10_n30_5inst/n30/normal_rho0.5_full_hvhm/logs/seed_20260416.log
[start] seed=20260417 root=/Users/sensen/.openclaw/workspace/domains/revenue-management/experiments/fcp_mb_phase2_selected_n10_n30_5inst/n30/normal_rho0.5_full_hvhm/runs/seed_20260417
[done] seed=20260415 rc=0 elapsed=1251.4s log=/Users/sensen/.openclaw/workspace/domains/revenue-management/experiments/fcp_mb_phase2_selected_n10_n30_5inst/n30/normal_rho0.5_full_hvhm/logs/seed_20260415.log
[done] seed=20260417 rc=0 elapsed=726.0s log=/Users/sensen/.openclaw/workspace/domains/revenue-management/experiments/fcp_mb_phase2_selected_n10_n30_5inst/n30/normal_rho0.5_full_hvhm/logs/seed_20260417.log
{
  "summary_json": "/Users/sensen/.openclaw/workspace/domains/revenue-management/experiments/fcp_mb_phase2_selected_n10_n30_5inst/n30/normal_rho0.5_full_hvhm/comparison_summary_all.json",
  "summary_csv": "/Users/sensen/.openclaw/workspace/domains/revenue-management/experiments/fcp_mb_phase2_selected_n10_n30_5inst/n30/normal_rho0.5_full_hvhm/comparison_summary_all.csv",
  "aggregate_json": "/Users/sensen/.openclaw/workspace/domains/revenue-management/experiments/fcp_mb_phase2_selected_n10_n30_5inst/n30/normal_rho0.5_full_hvhm/aggregate_metrics.json",
  "aggregate": {
    "BSP": {
      "count": 5,
      "avg_revenue_in_sample": 8.401760677280956,
      "avg_revenue_out_sample": 6.97566346116596,
      "avg_solver_runtime": 323.86810607910155,
      "avg_ratio_to_bsp": 1.0,
      "avg_ratio_to_cpbsd_a": 0.8962034219010493
    },
    "CPBSD-A": {
      "count": 5,
      "avg_revenue_in_sample": 9.393233382078185,
      "avg_revenue_out_sample": 8.581438765941389,
      "avg_solver_runtime": 600.5398450374603,
      "avg_ratio_to_bsp": 1.117634568979653,
      "avg_ratio_to_cpbsd_a": 1.0
    },
    "FCP-pruned-MB": {
      "count": 5,
      "avg_revenue_in_sample": 10.525253088289158,
      "avg_revenue_out_sample": 5.618985809047832,
      "avg_solver_runtime": 35.70132398605347,
      "avg_ratio_to_bsp": 1.2561196103931707,
      "avg_ratio_to_cpbsd_a": 1.1250732930334464
    }
  },
  "row_count": 15
}
[2026-04-14 01:02:46] DONE n=30 setting=normal_rho0.5_full_hvhm

[2026-04-14 01:02:46] Phase 2 N10/N30 batch finished
