Pipeline: random_ind | N=5 K=50 | 4000 instances
Experiment dir: /Users/sensen/.openclaw/workspace/domains/revenue-management/experiments/cpbsd_random_ind_n5
Model dir: /Users/sensen/.openclaw/workspace/domains/revenue-management/project-root/code_submission_project/code_submission/models_cpbsd_mb_x_random_ind

============================================================
STEP 1: Generate 4000 instances (N=5, K=50, cost=random_ind)
============================================================
Generated 4000 instances in 0.7s -> /Users/sensen/.openclaw/workspace/domains/revenue-management/experiments/cpbsd_random_ind_n5/instances

============================================================
STEP 2: Write manifest (3000 train / 600 val / 400 test)
============================================================
  train: 3000 instances -> /Users/sensen/.openclaw/workspace/domains/revenue-management/experiments/cpbsd_random_ind_n5/manifest_train.csv
  eval: 600 instances -> /Users/sensen/.openclaw/workspace/domains/revenue-management/experiments/cpbsd_random_ind_n5/manifest_eval.csv
  test: 400 instances -> /Users/sensen/.openclaw/workspace/domains/revenue-management/experiments/cpbsd_random_ind_n5/manifest_test.csv
  Full manifest: /Users/sensen/.openclaw/workspace/domains/revenue-management/experiments/cpbsd_random_ind_n5/manifest_all.csv

============================================================
STEP 3: Generate MB labels
============================================================

>>> /Users/sensen/.openclaw/workspace/domains/revenue-management/project-root/code_submission_project/code_submission/.venv/bin/python -u /Users/sensen/.openclaw/workspace/domains/revenue-management/project-root/code_submission_project/code_submission/src/data/label_cpbsd_mb_from_manifest.py --manifest /Users/sensen/.openclaw/workspace/domains/revenue-management/experiments/cpbsd_random_ind_n5/manifest_train.csv --out-dir /Users/sensen/.openclaw/workspace/domains/revenue-management/experiments/cpbsd_random_ind_n5/results --time-limit 300.0
/Users/sensen/.openclaw/workspace/domains/revenue-management/project-root/code_submission_project/code_submission/src/data/solve_mb_bsp_on_cpbsd_v2.py:302: RuntimeWarning: divide by zero encountered in matmul
  revenues = v_kn @ assortments.T
/Users/sensen/.openclaw/workspace/domains/revenue-management/project-root/code_submission_project/code_submission/src/data/solve_mb_bsp_on_cpbsd_v2.py:302: RuntimeWarning: overflow encountered in matmul
  revenues = v_kn @ assortments.T
/Users/sensen/.openclaw/workspace/domains/revenue-management/project-root/code_submission_project/code_submission/src/data/solve_mb_bsp_on_cpbsd_v2.py:302: RuntimeWarning: invalid value encountered in matmul
  revenues = v_kn @ assortments.T
Set parameter LicenseID to value 2784353
[10/3000] labeled cpbsd_instance_010_N5_K50_normal_rho0.0_full_random_ind | status=2 | feasible=True | elapsed=28.5s
[20/3000] labeled cpbsd_instance_020_N5_K50_normal_rho0.0_full_random_ind | status=2 | feasible=True | elapsed=52.1s
[30/3000] labeled cpbsd_instance_030_N5_K50_normal_rho0.0_full_random_ind | status=2 | feasible=True | elapsed=68.6s
[40/3000] labeled cpbsd_instance_040_N5_K50_normal_rho0.0_full_random_ind | status=2 | feasible=True | elapsed=95.6s
[50/3000] labeled cpbsd_instance_050_N5_K50_normal_rho0.0_full_random_ind | status=2 | feasible=True | elapsed=130.2s
[60/3000] labeled cpbsd_instance_060_N5_K50_normal_rho0.0_full_random_ind | status=2 | feasible=True | elapsed=156.7s
[70/3000] labeled cpbsd_instance_070_N5_K50_normal_rho0.0_full_random_ind | status=2 | feasible=True | elapsed=170.6s
[80/3000] labeled cpbsd_instance_080_N5_K50_normal_rho0.0_full_random_ind | status=2 | feasible=True | elapsed=185.4s
[90/3000] labeled cpbsd_instance_090_N5_K50_normal_rho0.0_full_random_ind | status=2 | feasible=True | elapsed=203.4s
[100/3000] labeled cpbsd_instance_100_N5_K50_normal_rho0.0_full_random_ind | status=2 | feasible=True | elapsed=237.7s
[110/3000] labeled cpbsd_instance_110_N5_K50_normal_rho0.0_full_random_ind | status=2 | feasible=True | elapsed=262.9s
[120/3000] labeled cpbsd_instance_120_N5_K50_normal_rho0.0_full_random_ind | status=2 | feasible=True | elapsed=277.9s
[130/3000] labeled cpbsd_instance_130_N5_K50_normal_rho0.0_full_random_ind | status=2 | feasible=True | elapsed=293.8s
[140/3000] labeled cpbsd_instance_140_N5_K50_normal_rho0.0_full_random_ind | status=2 | feasible=True | elapsed=316.2s
[150/3000] labeled cpbsd_instance_150_N5_K50_normal_rho0.0_full_random_ind | status=2 | feasible=True | elapsed=380.5s
[160/3000] labeled cpbsd_instance_160_N5_K50_normal_rho0.0_full_random_ind | status=2 | feasible=True | elapsed=398.3s
[170/3000] labeled cpbsd_instance_170_N5_K50_normal_rho0.0_full_random_ind | status=2 | feasible=True | elapsed=408.7s
[180/3000] labeled cpbsd_instance_180_N5_K50_normal_rho0.0_full_random_ind | status=2 | feasible=True | elapsed=436.0s
[190/3000] labeled cpbsd_instance_190_N5_K50_normal_rho0.0_full_random_ind | status=2 | feasible=True | elapsed=466.2s
[200/3000] labeled cpbsd_instance_200_N5_K50_normal_rho0.0_full_random_ind | status=2 | feasible=True | elapsed=488.5s
[210/3000] labeled cpbsd_instance_210_N5_K50_normal_rho0.0_full_random_ind | status=2 | feasible=True | elapsed=506.1s
[220/3000] labeled cpbsd_instance_220_N5_K50_normal_rho0.0_full_random_ind | status=2 | feasible=True | elapsed=526.0s
[230/3000] labeled cpbsd_instance_230_N5_K50_normal_rho0.0_full_random_ind | status=2 | feasible=True | elapsed=543.3s
[240/3000] labeled cpbsd_instance_240_N5_K50_normal_rho0.0_full_random_ind | status=2 | feasible=True | elapsed=565.9s
[250/3000] labeled cpbsd_instance_250_N5_K50_normal_rho0.0_full_random_ind | status=2 | feasible=True | elapsed=584.8s
[260/3000] labeled cpbsd_instance_260_N5_K50_normal_rho0.0_full_random_ind | status=2 | feasible=True | elapsed=639.5s
[270/3000] labeled cpbsd_instance_270_N5_K50_normal_rho0.0_full_random_ind | status=2 | feasible=True | elapsed=661.4s
[280/3000] labeled cpbsd_instance_280_N5_K50_normal_rho0.0_full_random_ind | status=2 | feasible=True | elapsed=676.5s
[290/3000] labeled cpbsd_instance_290_N5_K50_normal_rho0.0_full_random_ind | status=2 | feasible=True | elapsed=688.1s
[300/3000] labeled cpbsd_instance_300_N5_K50_normal_rho0.0_full_random_ind | status=2 | feasible=True | elapsed=703.4s
[310/3000] labeled cpbsd_instance_310_N5_K50_normal_rho0.0_full_random_ind | status=2 | feasible=True | elapsed=766.5s
[320/3000] labeled cpbsd_instance_320_N5_K50_normal_rho0.0_full_random_ind | status=2 | feasible=True | elapsed=782.5s
[330/3000] labeled cpbsd_instance_330_N5_K50_normal_rho0.0_full_random_ind | status=2 | feasible=True | elapsed=795.1s
[340/3000] labeled cpbsd_instance_340_N5_K50_normal_rho0.0_full_random_ind | status=2 | feasible=True | elapsed=819.0s
[350/3000] labeled cpbsd_instance_350_N5_K50_normal_rho0.0_full_random_ind | status=2 | feasible=True | elapsed=838.1s
[360/3000] labeled cpbsd_instance_360_N5_K50_normal_rho0.0_full_random_ind | status=2 | feasible=True | elapsed=862.5s
[370/3000] labeled cpbsd_instance_370_N5_K50_normal_rho0.0_full_random_ind | status=2 | feasible=True | elapsed=891.1s
[380/3000] labeled cpbsd_instance_380_N5_K50_normal_rho0.0_full_random_ind | status=2 | feasible=True | elapsed=913.8s
[390/3000] labeled cpbsd_instance_390_N5_K50_normal_rho0.0_full_random_ind | status=2 | feasible=True | elapsed=926.7s
[400/3000] labeled cpbsd_instance_400_N5_K50_normal_rho0.0_full_random_ind | status=2 | feasible=True | elapsed=947.9s
[410/3000] labeled cpbsd_instance_410_N5_K50_normal_rho0.0_full_random_ind | status=2 | feasible=True | elapsed=959.5s
[420/3000] labeled cpbsd_instance_420_N5_K50_normal_rho0.0_full_random_ind | status=2 | feasible=True | elapsed=994.8s
[430/3000] labeled cpbsd_instance_430_N5_K50_normal_rho0.0_full_random_ind | status=2 | feasible=True | elapsed=1032.6s
[440/3000] labeled cpbsd_instance_440_N5_K50_normal_rho0.0_full_random_ind | status=2 | feasible=True | elapsed=1064.7s
[450/3000] labeled cpbsd_instance_450_N5_K50_normal_rho0.0_full_random_ind | status=2 | feasible=True | elapsed=1077.4s
[460/3000] labeled cpbsd_instance_460_N5_K50_normal_rho0.0_full_random_ind | status=2 | feasible=True | elapsed=1115.8s
[470/3000] labeled cpbsd_instance_470_N5_K50_normal_rho0.0_full_random_ind | status=2 | feasible=True | elapsed=1131.7s
[480/3000] labeled cpbsd_instance_480_N5_K50_normal_rho0.0_full_random_ind | status=2 | feasible=True | elapsed=1153.0s
[490/3000] labeled cpbsd_instance_490_N5_K50_normal_rho0.0_full_random_ind | status=2 | feasible=True | elapsed=1176.6s
[500/3000] labeled cpbsd_instance_500_N5_K50_normal_rho0.0_full_random_ind | status=2 | feasible=True | elapsed=1189.0s
[510/3000] labeled cpbsd_instance_510_N5_K50_normal_rho0.0_full_random_ind | status=2 | feasible=True | elapsed=1222.6s
[520/3000] labeled cpbsd_instance_520_N5_K50_normal_rho0.0_full_random_ind | status=2 | feasible=True | elapsed=1237.7s
[530/3000] labeled cpbsd_instance_530_N5_K50_normal_rho0.0_full_random_ind | status=2 | feasible=True | elapsed=1280.3s
[540/3000] labeled cpbsd_instance_540_N5_K50_normal_rho0.0_full_random_ind | status=2 | feasible=True | elapsed=1300.4s
[550/3000] labeled cpbsd_instance_550_N5_K50_normal_rho0.0_full_random_ind | status=2 | feasible=True | elapsed=1322.4s
[560/3000] labeled cpbsd_instance_560_N5_K50_normal_rho0.0_full_random_ind | status=2 | feasible=True | elapsed=1340.7s
[570/3000] labeled cpbsd_instance_570_N5_K50_normal_rho0.0_full_random_ind | status=2 | feasible=True | elapsed=1380.1s
[580/3000] labeled cpbsd_instance_580_N5_K50_normal_rho0.0_full_random_ind | status=9 | feasible=True | elapsed=1696.8s
[590/3000] labeled cpbsd_instance_590_N5_K50_normal_rho0.0_full_random_ind | status=2 | feasible=True | elapsed=1715.4s
[600/3000] labeled cpbsd_instance_600_N5_K50_normal_rho0.0_full_random_ind | status=2 | feasible=True | elapsed=1729.4s
[610/3000] labeled cpbsd_instance_610_N5_K50_normal_rho0.0_full_random_ind | status=2 | feasible=True | elapsed=1746.0s
[620/3000] labeled cpbsd_instance_620_N5_K50_normal_rho0.0_full_random_ind | status=2 | feasible=True | elapsed=1765.7s
[630/3000] labeled cpbsd_instance_630_N5_K50_normal_rho0.0_full_random_ind | status=2 | feasible=True | elapsed=1783.8s
[640/3000] labeled cpbsd_instance_640_N5_K50_normal_rho0.0_full_random_ind | status=2 | feasible=True | elapsed=1847.8s
[650/3000] labeled cpbsd_instance_650_N5_K50_normal_rho0.0_full_random_ind | status=2 | feasible=True | elapsed=1862.9s
[660/3000] labeled cpbsd_instance_660_N5_K50_normal_rho0.0_full_random_ind | status=2 | feasible=True | elapsed=1883.6s
[670/3000] labeled cpbsd_instance_670_N5_K50_normal_rho0.0_full_random_ind | status=2 | feasible=True | elapsed=1918.4s
[680/3000] labeled cpbsd_instance_680_N5_K50_normal_rho0.0_full_random_ind | status=2 | feasible=True | elapsed=1934.2s
[690/3000] labeled cpbsd_instance_690_N5_K50_normal_rho0.0_full_random_ind | status=2 | feasible=True | elapsed=1952.2s
[700/3000] labeled cpbsd_instance_700_N5_K50_normal_rho0.0_full_random_ind | status=2 | feasible=True | elapsed=1967.3s
[710/3000] labeled cpbsd_instance_710_N5_K50_normal_rho0.0_full_random_ind | status=2 | feasible=True | elapsed=1982.2s
[720/3000] labeled cpbsd_instance_720_N5_K50_normal_rho0.0_full_random_ind | status=2 | feasible=True | elapsed=2006.3s
[730/3000] labeled cpbsd_instance_730_N5_K50_normal_rho0.0_full_random_ind | status=2 | feasible=True | elapsed=2034.0s
[740/3000] labeled cpbsd_instance_740_N5_K50_normal_rho0.0_full_random_ind | status=2 | feasible=True | elapsed=2086.7s
[750/3000] labeled cpbsd_instance_750_N5_K50_normal_rho0.0_full_random_ind | status=2 | feasible=True | elapsed=2101.2s
[760/3000] labeled cpbsd_instance_760_N5_K50_normal_rho0.0_full_random_ind | status=2 | feasible=True | elapsed=2123.3s
[770/3000] labeled cpbsd_instance_770_N5_K50_normal_rho0.0_full_random_ind | status=2 | feasible=True | elapsed=2144.6s
[780/3000] labeled cpbsd_instance_780_N5_K50_normal_rho0.0_full_random_ind | status=2 | feasible=True | elapsed=2156.8s
[790/3000] labeled cpbsd_instance_790_N5_K50_normal_rho0.0_full_random_ind | status=2 | feasible=True | elapsed=2176.8s
[800/3000] labeled cpbsd_instance_800_N5_K50_normal_rho0.0_full_random_ind | status=2 | feasible=True | elapsed=2203.8s
[810/3000] labeled cpbsd_instance_810_N5_K50_normal_rho0.0_full_random_ind | status=2 | feasible=True | elapsed=2247.1s
[820/3000] labeled cpbsd_instance_820_N5_K50_normal_rho0.0_full_random_ind | status=2 | feasible=True | elapsed=2259.4s
[830/3000] labeled cpbsd_instance_830_N5_K50_normal_rho0.0_full_random_ind | status=2 | feasible=True | elapsed=2276.2s
[840/3000] labeled cpbsd_instance_840_N5_K50_normal_rho0.0_full_random_ind | status=2 | feasible=True | elapsed=2294.8s
[850/3000] labeled cpbsd_instance_850_N5_K50_normal_rho0.0_full_random_ind | status=2 | feasible=True | elapsed=2315.3s
[860/3000] labeled cpbsd_instance_860_N5_K50_normal_rho0.0_full_random_ind | status=2 | feasible=True | elapsed=2339.8s
[870/3000] labeled cpbsd_instance_870_N5_K50_normal_rho0.0_full_random_ind | status=2 | feasible=True | elapsed=2350.1s
[880/3000] labeled cpbsd_instance_880_N5_K50_normal_rho0.0_full_random_ind | status=2 | feasible=True | elapsed=2368.4s
[890/3000] labeled cpbsd_instance_890_N5_K50_normal_rho0.0_full_random_ind | status=2 | feasible=True | elapsed=2385.3s
[900/3000] labeled cpbsd_instance_900_N5_K50_normal_rho0.0_full_random_ind | status=2 | feasible=True | elapsed=2400.4s
[910/3000] labeled cpbsd_instance_910_N5_K50_normal_rho0.0_full_random_ind | status=2 | feasible=True | elapsed=2433.2s
[920/3000] labeled cpbsd_instance_920_N5_K50_normal_rho0.0_full_random_ind | status=2 | feasible=True | elapsed=2449.3s
[930/3000] labeled cpbsd_instance_930_N5_K50_normal_rho0.0_full_random_ind | status=2 | feasible=True | elapsed=2474.2s
[940/3000] labeled cpbsd_instance_940_N5_K50_normal_rho0.0_full_random_ind | status=2 | feasible=True | elapsed=2486.5s
[950/3000] labeled cpbsd_instance_950_N5_K50_normal_rho0.0_full_random_ind | status=2 | feasible=True | elapsed=2505.2s
[960/3000] labeled cpbsd_instance_960_N5_K50_normal_rho0.0_full_random_ind | status=2 | feasible=True | elapsed=2523.8s
[970/3000] labeled cpbsd_instance_970_N5_K50_normal_rho0.0_full_random_ind | status=2 | feasible=True | elapsed=2537.7s
[980/3000] labeled cpbsd_instance_980_N5_K50_normal_rho0.0_full_random_ind | status=2 | feasible=True | elapsed=2550.2s
[990/3000] labeled cpbsd_instance_990_N5_K50_normal_rho0.0_full_random_ind | status=2 | feasible=True | elapsed=2567.6s
[1000/3000] labeled cpbsd_instance_1000_N5_K50_normal_rho0.0_full_random_ind | status=2 | feasible=True | elapsed=2591.1s
[1010/3000] labeled cpbsd_instance_1010_N5_K50_normal_rho0.0_full_random_ind | status=2 | feasible=True | elapsed=2604.1s
[1020/3000] labeled cpbsd_instance_1020_N5_K50_normal_rho0.0_full_random_ind | status=2 | feasible=True | elapsed=2624.2s
[1030/3000] labeled cpbsd_instance_1030_N5_K50_normal_rho0.0_full_random_ind | status=2 | feasible=True | elapsed=2649.6s
[1040/3000] labeled cpbsd_instance_1040_N5_K50_normal_rho0.0_full_random_ind | status=2 | feasible=True | elapsed=2676.7s
[1050/3000] labeled cpbsd_instance_1050_N5_K50_normal_rho0.0_full_random_ind | status=2 | feasible=True | elapsed=2698.7s
[1060/3000] labeled cpbsd_instance_1060_N5_K50_normal_rho0.0_full_random_ind | status=2 | feasible=True | elapsed=2726.3s
[1070/3000] labeled cpbsd_instance_1070_N5_K50_normal_rho0.0_full_random_ind | status=2 | feasible=True | elapsed=2742.7s
[1080/3000] labeled cpbsd_instance_1080_N5_K50_normal_rho0.0_full_random_ind | status=2 | feasible=True | elapsed=2754.7s
[1090/3000] labeled cpbsd_instance_1090_N5_K50_normal_rho0.0_full_random_ind | status=2 | feasible=True | elapsed=2782.5s
[1100/3000] labeled cpbsd_instance_1100_N5_K50_normal_rho0.0_full_random_ind | status=2 | feasible=True | elapsed=2799.4s
[1110/3000] labeled cpbsd_instance_1110_N5_K50_normal_rho0.0_full_random_ind | status=2 | feasible=True | elapsed=2823.3s
[1120/3000] labeled cpbsd_instance_1120_N5_K50_normal_rho0.0_full_random_ind | status=2 | feasible=True | elapsed=2842.1s
[1130/3000] labeled cpbsd_instance_1130_N5_K50_normal_rho0.0_full_random_ind | status=2 | feasible=True | elapsed=2859.9s
[1140/3000] labeled cpbsd_instance_1140_N5_K50_normal_rho0.0_full_random_ind | status=2 | feasible=True | elapsed=2876.3s
[1150/3000] labeled cpbsd_instance_1150_N5_K50_normal_rho0.0_full_random_ind | status=2 | feasible=True | elapsed=2898.3s
[1160/3000] labeled cpbsd_instance_1160_N5_K50_normal_rho0.0_full_random_ind | status=2 | feasible=True | elapsed=2920.9s
[1170/3000] labeled cpbsd_instance_1170_N5_K50_normal_rho0.0_full_random_ind | status=2 | feasible=True | elapsed=2935.0s
[1180/3000] labeled cpbsd_instance_1180_N5_K50_normal_rho0.0_full_random_ind | status=2 | feasible=True | elapsed=2947.2s
[1190/3000] labeled cpbsd_instance_1190_N5_K50_normal_rho0.0_full_random_ind | status=2 | feasible=True | elapsed=2973.4s
[1200/3000] labeled cpbsd_instance_1200_N5_K50_normal_rho0.0_full_random_ind | status=2 | feasible=True | elapsed=2987.9s
[1210/3000] labeled cpbsd_instance_1210_N5_K50_normal_rho0.0_full_random_ind | status=2 | feasible=True | elapsed=2999.3s
[1220/3000] labeled cpbsd_instance_1220_N5_K50_normal_rho0.0_full_random_ind | status=2 | feasible=True | elapsed=3023.2s
[1230/3000] labeled cpbsd_instance_1230_N5_K50_normal_rho0.0_full_random_ind | status=2 | feasible=True | elapsed=3055.5s
[1240/3000] labeled cpbsd_instance_1240_N5_K50_normal_rho0.0_full_random_ind | status=2 | feasible=True | elapsed=3072.5s
[1250/3000] labeled cpbsd_instance_1250_N5_K50_normal_rho0.0_full_random_ind | status=2 | feasible=True | elapsed=3085.5s
[1260/3000] labeled cpbsd_instance_1260_N5_K50_normal_rho0.0_full_random_ind | status=2 | feasible=True | elapsed=3104.6s
[1270/3000] labeled cpbsd_instance_1270_N5_K50_normal_rho0.0_full_random_ind | status=2 | feasible=True | elapsed=3117.4s
[1280/3000] labeled cpbsd_instance_1280_N5_K50_normal_rho0.0_full_random_ind | status=2 | feasible=True | elapsed=3131.3s
[1290/3000] labeled cpbsd_instance_1290_N5_K50_normal_rho0.0_full_random_ind | status=2 | feasible=True | elapsed=3153.6s
[1300/3000] labeled cpbsd_instance_1300_N5_K50_normal_rho0.0_full_random_ind | status=2 | feasible=True | elapsed=3178.3s
[1310/3000] labeled cpbsd_instance_1310_N5_K50_normal_rho0.0_full_random_ind | status=2 | feasible=True | elapsed=3198.5s
[1320/3000] labeled cpbsd_instance_1320_N5_K50_normal_rho0.0_full_random_ind | status=2 | feasible=True | elapsed=3217.1s
[1330/3000] labeled cpbsd_instance_1330_N5_K50_normal_rho0.0_full_random_ind | status=2 | feasible=True | elapsed=3247.0s
[1340/3000] labeled cpbsd_instance_1340_N5_K50_normal_rho0.0_full_random_ind | status=2 | feasible=True | elapsed=3259.7s
[1350/3000] labeled cpbsd_instance_1350_N5_K50_normal_rho0.0_full_random_ind | status=2 | feasible=True | elapsed=3273.5s
[1360/3000] labeled cpbsd_instance_1360_N5_K50_normal_rho0.0_full_random_ind | status=2 | feasible=True | elapsed=3288.6s
[1370/3000] labeled cpbsd_instance_1370_N5_K50_normal_rho0.0_full_random_ind | status=2 | feasible=True | elapsed=3326.3s
[1380/3000] labeled cpbsd_instance_1380_N5_K50_normal_rho0.0_full_random_ind | status=2 | feasible=True | elapsed=3346.9s
[1390/3000] labeled cpbsd_instance_1390_N5_K50_normal_rho0.0_full_random_ind | status=2 | feasible=True | elapsed=3364.3s
[1400/3000] labeled cpbsd_instance_1400_N5_K50_normal_rho0.0_full_random_ind | status=2 | feasible=True | elapsed=3393.1s
[1410/3000] labeled cpbsd_instance_1410_N5_K50_normal_rho0.0_full_random_ind | status=2 | feasible=True | elapsed=3424.8s
[1420/3000] labeled cpbsd_instance_1420_N5_K50_normal_rho0.0_full_random_ind | status=2 | feasible=True | elapsed=3494.9s
[1430/3000] labeled cpbsd_instance_1430_N5_K50_normal_rho0.0_full_random_ind | status=2 | feasible=True | elapsed=3522.8s
[1440/3000] labeled cpbsd_instance_1440_N5_K50_normal_rho0.0_full_random_ind | status=2 | feasible=True | elapsed=3585.0s
[1450/3000] labeled cpbsd_instance_1450_N5_K50_normal_rho0.0_full_random_ind | status=2 | feasible=True | elapsed=3611.6s
[1460/3000] labeled cpbsd_instance_1460_N5_K50_normal_rho0.0_full_random_ind | status=2 | feasible=True | elapsed=3646.0s
[1470/3000] labeled cpbsd_instance_1470_N5_K50_normal_rho0.0_full_random_ind | status=2 | feasible=True | elapsed=3666.5s
[1480/3000] labeled cpbsd_instance_1480_N5_K50_normal_rho0.0_full_random_ind | status=2 | feasible=True | elapsed=3683.0s
[1490/3000] labeled cpbsd_instance_1490_N5_K50_normal_rho0.0_full_random_ind | status=2 | feasible=True | elapsed=3705.0s
[1500/3000] labeled cpbsd_instance_1500_N5_K50_normal_rho0.0_full_random_ind | status=2 | feasible=True | elapsed=3734.2s
[1510/3000] labeled cpbsd_instance_1510_N5_K50_normal_rho0.0_full_random_ind | status=2 | feasible=True | elapsed=3747.3s
[1520/3000] labeled cpbsd_instance_1520_N5_K50_normal_rho0.0_full_random_ind | status=2 | feasible=True | elapsed=3765.0s
[1530/3000] labeled cpbsd_instance_1530_N5_K50_normal_rho0.0_full_random_ind | status=2 | feasible=True | elapsed=3813.9s
[1540/3000] labeled cpbsd_instance_1540_N5_K50_normal_rho0.0_full_random_ind | status=2 | feasible=True | elapsed=3845.4s
[1550/3000] labeled cpbsd_instance_1550_N5_K50_normal_rho0.0_full_random_ind | status=2 | feasible=True | elapsed=3869.3s
[1560/3000] labeled cpbsd_instance_1560_N5_K50_normal_rho0.0_full_random_ind | status=2 | feasible=True | elapsed=3895.4s
[1570/3000] labeled cpbsd_instance_1570_N5_K50_normal_rho0.0_full_random_ind | status=2 | feasible=True | elapsed=3920.3s
[1580/3000] labeled cpbsd_instance_1580_N5_K50_normal_rho0.0_full_random_ind | status=2 | feasible=True | elapsed=3958.9s
[1590/3000] labeled cpbsd_instance_1590_N5_K50_normal_rho0.0_full_random_ind | status=2 | feasible=True | elapsed=3971.0s
[1600/3000] labeled cpbsd_instance_1600_N5_K50_normal_rho0.0_full_random_ind | status=2 | feasible=True | elapsed=3996.7s
[1610/3000] labeled cpbsd_instance_1610_N5_K50_normal_rho0.0_full_random_ind | status=2 | feasible=True | elapsed=4072.3s
[1620/3000] labeled cpbsd_instance_1620_N5_K50_normal_rho0.0_full_random_ind | status=2 | feasible=True | elapsed=4092.1s
[1630/3000] labeled cpbsd_instance_1630_N5_K50_normal_rho0.0_full_random_ind | status=2 | feasible=True | elapsed=4107.9s
[1640/3000] labeled cpbsd_instance_1640_N5_K50_normal_rho0.0_full_random_ind | status=2 | feasible=True | elapsed=4124.8s
[1650/3000] labeled cpbsd_instance_1650_N5_K50_normal_rho0.0_full_random_ind | status=2 | feasible=True | elapsed=4141.4s
[1660/3000] labeled cpbsd_instance_1660_N5_K50_normal_rho0.0_full_random_ind | status=2 | feasible=True | elapsed=4171.0s
[1670/3000] labeled cpbsd_instance_1670_N5_K50_normal_rho0.0_full_random_ind | status=2 | feasible=True | elapsed=4184.3s
[1680/3000] labeled cpbsd_instance_1680_N5_K50_normal_rho0.0_full_random_ind | status=2 | feasible=True | elapsed=4255.9s
[1690/3000] labeled cpbsd_instance_1690_N5_K50_normal_rho0.0_full_random_ind | status=2 | feasible=True | elapsed=4272.5s
[1700/3000] labeled cpbsd_instance_1700_N5_K50_normal_rho0.0_full_random_ind | status=2 | feasible=True | elapsed=4285.8s
[1710/3000] labeled cpbsd_instance_1710_N5_K50_normal_rho0.0_full_random_ind | status=2 | feasible=True | elapsed=4298.3s
[1720/3000] labeled cpbsd_instance_1720_N5_K50_normal_rho0.0_full_random_ind | status=2 | feasible=True | elapsed=4318.2s
[1730/3000] labeled cpbsd_instance_1730_N5_K50_normal_rho0.0_full_random_ind | status=2 | feasible=True | elapsed=4337.0s
[1740/3000] labeled cpbsd_instance_1740_N5_K50_normal_rho0.0_full_random_ind | status=2 | feasible=True | elapsed=4356.0s
[1750/3000] labeled cpbsd_instance_1750_N5_K50_normal_rho0.0_full_random_ind | status=2 | feasible=True | elapsed=4369.0s
[1760/3000] labeled cpbsd_instance_1760_N5_K50_normal_rho0.0_full_random_ind | status=2 | feasible=True | elapsed=4382.9s
[1770/3000] labeled cpbsd_instance_1770_N5_K50_normal_rho0.0_full_random_ind | status=2 | feasible=True | elapsed=4413.1s
[1780/3000] labeled cpbsd_instance_1780_N5_K50_normal_rho0.0_full_random_ind | status=2 | feasible=True | elapsed=4435.0s
[1790/3000] labeled cpbsd_instance_1790_N5_K50_normal_rho0.0_full_random_ind | status=2 | feasible=True | elapsed=4453.8s
[1800/3000] labeled cpbsd_instance_1800_N5_K50_normal_rho0.0_full_random_ind | status=2 | feasible=True | elapsed=4467.3s
[1810/3000] labeled cpbsd_instance_1810_N5_K50_normal_rho0.0_full_random_ind | status=2 | feasible=True | elapsed=4487.5s
[1820/3000] labeled cpbsd_instance_1820_N5_K50_normal_rho0.0_full_random_ind | status=2 | feasible=True | elapsed=4500.8s
[1830/3000] labeled cpbsd_instance_1830_N5_K50_normal_rho0.0_full_random_ind | status=2 | feasible=True | elapsed=4518.4s
[1840/3000] labeled cpbsd_instance_1840_N5_K50_normal_rho0.0_full_random_ind | status=2 | feasible=True | elapsed=4540.7s
[1850/3000] labeled cpbsd_instance_1850_N5_K50_normal_rho0.0_full_random_ind | status=2 | feasible=True | elapsed=4567.4s
[1860/3000] labeled cpbsd_instance_1860_N5_K50_normal_rho0.0_full_random_ind | status=2 | feasible=True | elapsed=4585.0s
[1870/3000] labeled cpbsd_instance_1870_N5_K50_normal_rho0.0_full_random_ind | status=2 | feasible=True | elapsed=4611.2s
[1880/3000] labeled cpbsd_instance_1880_N5_K50_normal_rho0.0_full_random_ind | status=2 | feasible=True | elapsed=4632.9s
[1890/3000] labeled cpbsd_instance_1890_N5_K50_normal_rho0.0_full_random_ind | status=2 | feasible=True | elapsed=4652.2s
[1900/3000] labeled cpbsd_instance_1900_N5_K50_normal_rho0.0_full_random_ind | status=2 | feasible=True | elapsed=4664.3s
[1910/3000] labeled cpbsd_instance_1910_N5_K50_normal_rho0.0_full_random_ind | status=2 | feasible=True | elapsed=4680.0s
[1920/3000] labeled cpbsd_instance_1920_N5_K50_normal_rho0.0_full_random_ind | status=2 | feasible=True | elapsed=4700.4s
[1930/3000] labeled cpbsd_instance_1930_N5_K50_normal_rho0.0_full_random_ind | status=2 | feasible=True | elapsed=4716.7s
[1940/3000] labeled cpbsd_instance_1940_N5_K50_normal_rho0.0_full_random_ind | status=2 | feasible=True | elapsed=4734.9s
[1950/3000] labeled cpbsd_instance_1950_N5_K50_normal_rho0.0_full_random_ind | status=2 | feasible=True | elapsed=4762.6s
[1960/3000] labeled cpbsd_instance_1960_N5_K50_normal_rho0.0_full_random_ind | status=2 | feasible=True | elapsed=4792.6s
[1970/3000] labeled cpbsd_instance_1970_N5_K50_normal_rho0.0_full_random_ind | status=2 | feasible=True | elapsed=4809.6s
[1980/3000] labeled cpbsd_instance_1980_N5_K50_normal_rho0.0_full_random_ind | status=2 | feasible=True | elapsed=4832.9s
[1990/3000] labeled cpbsd_instance_1990_N5_K50_normal_rho0.0_full_random_ind | status=2 | feasible=True | elapsed=4851.6s
[2000/3000] labeled cpbsd_instance_2000_N5_K50_normal_rho0.0_full_random_ind | status=2 | feasible=True | elapsed=4891.2s
[2010/3000] labeled cpbsd_instance_2010_N5_K50_normal_rho0.0_full_random_ind | status=2 | feasible=True | elapsed=4907.5s
[2020/3000] labeled cpbsd_instance_2020_N5_K50_normal_rho0.0_full_random_ind | status=2 | feasible=True | elapsed=4932.7s
[2030/3000] labeled cpbsd_instance_2030_N5_K50_normal_rho0.0_full_random_ind | status=2 | feasible=True | elapsed=4953.9s
[2040/3000] labeled cpbsd_instance_2040_N5_K50_normal_rho0.0_full_random_ind | status=2 | feasible=True | elapsed=4988.1s
[2050/3000] labeled cpbsd_instance_2050_N5_K50_normal_rho0.0_full_random_ind | status=2 | feasible=True | elapsed=5007.6s
[2060/3000] labeled cpbsd_instance_2060_N5_K50_normal_rho0.0_full_random_ind | status=2 | feasible=True | elapsed=5022.6s
[2070/3000] labeled cpbsd_instance_2070_N5_K50_normal_rho0.0_full_random_ind | status=2 | feasible=True | elapsed=5049.9s
[2080/3000] labeled cpbsd_instance_2080_N5_K50_normal_rho0.0_full_random_ind | status=2 | feasible=True | elapsed=5068.0s
[2090/3000] labeled cpbsd_instance_2090_N5_K50_normal_rho0.0_full_random_ind | status=2 | feasible=True | elapsed=5084.3s
[2100/3000] labeled cpbsd_instance_2100_N5_K50_normal_rho0.0_full_random_ind | status=2 | feasible=True | elapsed=5101.1s
[2110/3000] labeled cpbsd_instance_2110_N5_K50_normal_rho0.0_full_random_ind | status=2 | feasible=True | elapsed=5113.4s
[2120/3000] labeled cpbsd_instance_2120_N5_K50_normal_rho0.0_full_random_ind | status=2 | feasible=True | elapsed=5146.7s
[2130/3000] labeled cpbsd_instance_2130_N5_K50_normal_rho0.0_full_random_ind | status=2 | feasible=True | elapsed=5170.8s
[2140/3000] labeled cpbsd_instance_2140_N5_K50_normal_rho0.0_full_random_ind | status=2 | feasible=True | elapsed=5192.8s
[2150/3000] labeled cpbsd_instance_2150_N5_K50_normal_rho0.0_full_random_ind | status=2 | feasible=True | elapsed=5207.7s
[2160/3000] labeled cpbsd_instance_2160_N5_K50_normal_rho0.0_full_random_ind | status=2 | feasible=True | elapsed=5218.9s
[2170/3000] labeled cpbsd_instance_2170_N5_K50_normal_rho0.0_full_random_ind | status=2 | feasible=True | elapsed=5247.5s
[2180/3000] labeled cpbsd_instance_2180_N5_K50_normal_rho0.0_full_random_ind | status=2 | feasible=True | elapsed=5270.6s
[2190/3000] labeled cpbsd_instance_2190_N5_K50_normal_rho0.0_full_random_ind | status=2 | feasible=True | elapsed=5285.8s
[2200/3000] labeled cpbsd_instance_2200_N5_K50_normal_rho0.0_full_random_ind | status=2 | feasible=True | elapsed=5305.5s
[2210/3000] labeled cpbsd_instance_2210_N5_K50_normal_rho0.0_full_random_ind | status=2 | feasible=True | elapsed=5349.1s
[2220/3000] labeled cpbsd_instance_2220_N5_K50_normal_rho0.0_full_random_ind | status=2 | feasible=True | elapsed=5368.6s
[2230/3000] labeled cpbsd_instance_2230_N5_K50_normal_rho0.0_full_random_ind | status=2 | feasible=True | elapsed=5387.8s
[2240/3000] labeled cpbsd_instance_2240_N5_K50_normal_rho0.0_full_random_ind | status=2 | feasible=True | elapsed=5428.8s
[2250/3000] labeled cpbsd_instance_2250_N5_K50_normal_rho0.0_full_random_ind | status=2 | feasible=True | elapsed=5442.8s
[2260/3000] labeled cpbsd_instance_2260_N5_K50_normal_rho0.0_full_random_ind | status=2 | feasible=True | elapsed=5484.8s
[2270/3000] labeled cpbsd_instance_2270_N5_K50_normal_rho0.0_full_random_ind | status=2 | feasible=True | elapsed=5514.2s
[2280/3000] labeled cpbsd_instance_2280_N5_K50_normal_rho0.0_full_random_ind | status=2 | feasible=True | elapsed=5533.6s
[2290/3000] labeled cpbsd_instance_2290_N5_K50_normal_rho0.0_full_random_ind | status=2 | feasible=True | elapsed=5565.7s
[2300/3000] labeled cpbsd_instance_2300_N5_K50_normal_rho0.0_full_random_ind | status=2 | feasible=True | elapsed=5579.3s
[2310/3000] labeled cpbsd_instance_2310_N5_K50_normal_rho0.0_full_random_ind | status=2 | feasible=True | elapsed=5601.6s
[2320/3000] labeled cpbsd_instance_2320_N5_K50_normal_rho0.0_full_random_ind | status=2 | feasible=True | elapsed=5615.0s
[2330/3000] labeled cpbsd_instance_2330_N5_K50_normal_rho0.0_full_random_ind | status=2 | feasible=True | elapsed=5634.4s
[2340/3000] labeled cpbsd_instance_2340_N5_K50_normal_rho0.0_full_random_ind | status=2 | feasible=True | elapsed=5655.5s
[2350/3000] labeled cpbsd_instance_2350_N5_K50_normal_rho0.0_full_random_ind | status=2 | feasible=True | elapsed=5675.4s
[2360/3000] labeled cpbsd_instance_2360_N5_K50_normal_rho0.0_full_random_ind | status=2 | feasible=True | elapsed=5689.6s
[2370/3000] labeled cpbsd_instance_2370_N5_K50_normal_rho0.0_full_random_ind | status=2 | feasible=True | elapsed=5706.7s
[2380/3000] labeled cpbsd_instance_2380_N5_K50_normal_rho0.0_full_random_ind | status=2 | feasible=True | elapsed=5722.8s
[2390/3000] labeled cpbsd_instance_2390_N5_K50_normal_rho0.0_full_random_ind | status=2 | feasible=True | elapsed=5744.5s
[2400/3000] labeled cpbsd_instance_2400_N5_K50_normal_rho0.0_full_random_ind | status=2 | feasible=True | elapsed=5755.3s
[2410/3000] labeled cpbsd_instance_2410_N5_K50_normal_rho0.0_full_random_ind | status=2 | feasible=True | elapsed=5776.1s
[2420/3000] labeled cpbsd_instance_2420_N5_K50_normal_rho0.0_full_random_ind | status=2 | feasible=True | elapsed=5798.5s
[2430/3000] labeled cpbsd_instance_2430_N5_K50_normal_rho0.0_full_random_ind | status=2 | feasible=True | elapsed=5808.9s
[2440/3000] labeled cpbsd_instance_2440_N5_K50_normal_rho0.0_full_random_ind | status=2 | feasible=True | elapsed=5862.1s
[2450/3000] labeled cpbsd_instance_2450_N5_K50_normal_rho0.0_full_random_ind | status=2 | feasible=True | elapsed=5886.8s
[2460/3000] labeled cpbsd_instance_2460_N5_K50_normal_rho0.0_full_random_ind | status=2 | feasible=True | elapsed=5899.6s
[2470/3000] labeled cpbsd_instance_2470_N5_K50_normal_rho0.0_full_random_ind | status=2 | feasible=True | elapsed=5923.2s
[2480/3000] labeled cpbsd_instance_2480_N5_K50_normal_rho0.0_full_random_ind | status=2 | feasible=True | elapsed=5937.1s
[2490/3000] labeled cpbsd_instance_2490_N5_K50_normal_rho0.0_full_random_ind | status=2 | feasible=True | elapsed=5953.1s
[2500/3000] labeled cpbsd_instance_2500_N5_K50_normal_rho0.0_full_random_ind | status=2 | feasible=True | elapsed=5971.3s
[2510/3000] labeled cpbsd_instance_2510_N5_K50_normal_rho0.0_full_random_ind | status=2 | feasible=True | elapsed=5986.2s
[2520/3000] labeled cpbsd_instance_2520_N5_K50_normal_rho0.0_full_random_ind | status=2 | feasible=True | elapsed=6007.4s
[2530/3000] labeled cpbsd_instance_2530_N5_K50_normal_rho0.0_full_random_ind | status=2 | feasible=True | elapsed=6024.5s
[2540/3000] labeled cpbsd_instance_2540_N5_K50_normal_rho0.0_full_random_ind | status=2 | feasible=True | elapsed=6046.9s
[2550/3000] labeled cpbsd_instance_2550_N5_K50_normal_rho0.0_full_random_ind | status=2 | feasible=True | elapsed=6060.4s
[2560/3000] labeled cpbsd_instance_2560_N5_K50_normal_rho0.0_full_random_ind | status=2 | feasible=True | elapsed=6094.6s
[2570/3000] labeled cpbsd_instance_2570_N5_K50_normal_rho0.0_full_random_ind | status=2 | feasible=True | elapsed=6119.9s
[2580/3000] labeled cpbsd_instance_2580_N5_K50_normal_rho0.0_full_random_ind | status=2 | feasible=True | elapsed=6133.8s
[2590/3000] labeled cpbsd_instance_2590_N5_K50_normal_rho0.0_full_random_ind | status=2 | feasible=True | elapsed=6159.9s
[2600/3000] labeled cpbsd_instance_2600_N5_K50_normal_rho0.0_full_random_ind | status=2 | feasible=True | elapsed=6177.3s
[2610/3000] labeled cpbsd_instance_2610_N5_K50_normal_rho0.0_full_random_ind | status=2 | feasible=True | elapsed=6189.3s
[2620/3000] labeled cpbsd_instance_2620_N5_K50_normal_rho0.0_full_random_ind | status=2 | feasible=True | elapsed=6205.2s
[2630/3000] labeled cpbsd_instance_2630_N5_K50_normal_rho0.0_full_random_ind | status=2 | feasible=True | elapsed=6243.8s
[2640/3000] labeled cpbsd_instance_2640_N5_K50_normal_rho0.0_full_random_ind | status=2 | feasible=True | elapsed=6259.5s
[2650/3000] labeled cpbsd_instance_2650_N5_K50_normal_rho0.0_full_random_ind | status=2 | feasible=True | elapsed=6279.2s
[2660/3000] labeled cpbsd_instance_2660_N5_K50_normal_rho0.0_full_random_ind | status=2 | feasible=True | elapsed=6301.7s
[2670/3000] labeled cpbsd_instance_2670_N5_K50_normal_rho0.0_full_random_ind | status=2 | feasible=True | elapsed=6319.7s
[2680/3000] labeled cpbsd_instance_2680_N5_K50_normal_rho0.0_full_random_ind | status=2 | feasible=True | elapsed=6337.0s
[2690/3000] labeled cpbsd_instance_2690_N5_K50_normal_rho0.0_full_random_ind | status=2 | feasible=True | elapsed=6349.2s
[2700/3000] labeled cpbsd_instance_2700_N5_K50_normal_rho0.0_full_random_ind | status=2 | feasible=True | elapsed=6365.8s
[2710/3000] labeled cpbsd_instance_2710_N5_K50_normal_rho0.0_full_random_ind | status=2 | feasible=True | elapsed=6391.4s
[2720/3000] labeled cpbsd_instance_2720_N5_K50_normal_rho0.0_full_random_ind | status=2 | feasible=True | elapsed=6425.8s
[2730/3000] labeled cpbsd_instance_2730_N5_K50_normal_rho0.0_full_random_ind | status=2 | feasible=True | elapsed=6440.0s
[2740/3000] labeled cpbsd_instance_2740_N5_K50_normal_rho0.0_full_random_ind | status=2 | feasible=True | elapsed=6453.3s
[2750/3000] labeled cpbsd_instance_2750_N5_K50_normal_rho0.0_full_random_ind | status=2 | feasible=True | elapsed=6465.7s
[2760/3000] labeled cpbsd_instance_2760_N5_K50_normal_rho0.0_full_random_ind | status=2 | feasible=True | elapsed=6483.2s
[2770/3000] labeled cpbsd_instance_2770_N5_K50_normal_rho0.0_full_random_ind | status=2 | feasible=True | elapsed=6499.1s
[2780/3000] labeled cpbsd_instance_2780_N5_K50_normal_rho0.0_full_random_ind | status=2 | feasible=True | elapsed=6530.6s
[2790/3000] labeled cpbsd_instance_2790_N5_K50_normal_rho0.0_full_random_ind | status=2 | feasible=True | elapsed=6552.6s
[2800/3000] labeled cpbsd_instance_2800_N5_K50_normal_rho0.0_full_random_ind | status=2 | feasible=True | elapsed=6574.2s
[2810/3000] labeled cpbsd_instance_2810_N5_K50_normal_rho0.0_full_random_ind | status=2 | feasible=True | elapsed=6610.7s
[2820/3000] labeled cpbsd_instance_2820_N5_K50_normal_rho0.0_full_random_ind | status=2 | feasible=True | elapsed=6629.1s
[2830/3000] labeled cpbsd_instance_2830_N5_K50_normal_rho0.0_full_random_ind | status=2 | feasible=True | elapsed=6647.1s
[2840/3000] labeled cpbsd_instance_2840_N5_K50_normal_rho0.0_full_random_ind | status=2 | feasible=True | elapsed=6658.3s
[2850/3000] labeled cpbsd_instance_2850_N5_K50_normal_rho0.0_full_random_ind | status=2 | feasible=True | elapsed=6675.5s
[2860/3000] labeled cpbsd_instance_2860_N5_K50_normal_rho0.0_full_random_ind | status=2 | feasible=True | elapsed=6690.0s
[2870/3000] labeled cpbsd_instance_2870_N5_K50_normal_rho0.0_full_random_ind | status=2 | feasible=True | elapsed=6707.1s
[2880/3000] labeled cpbsd_instance_2880_N5_K50_normal_rho0.0_full_random_ind | status=2 | feasible=True | elapsed=6738.5s
[2890/3000] labeled cpbsd_instance_2890_N5_K50_normal_rho0.0_full_random_ind | status=2 | feasible=True | elapsed=6760.6s
[2900/3000] labeled cpbsd_instance_2900_N5_K50_normal_rho0.0_full_random_ind | status=2 | feasible=True | elapsed=6781.0s
[2910/3000] labeled cpbsd_instance_2910_N5_K50_normal_rho0.0_full_random_ind | status=2 | feasible=True | elapsed=6797.2s
[2920/3000] labeled cpbsd_instance_2920_N5_K50_normal_rho0.0_full_random_ind | status=2 | feasible=True | elapsed=6820.6s
[2930/3000] labeled cpbsd_instance_2930_N5_K50_normal_rho0.0_full_random_ind | status=2 | feasible=True | elapsed=6849.0s
[2940/3000] labeled cpbsd_instance_2940_N5_K50_normal_rho0.0_full_random_ind | status=2 | feasible=True | elapsed=6867.7s
[2950/3000] labeled cpbsd_instance_2950_N5_K50_normal_rho0.0_full_random_ind | status=2 | feasible=True | elapsed=6886.6s
[2960/3000] labeled cpbsd_instance_2960_N5_K50_normal_rho0.0_full_random_ind | status=2 | feasible=True | elapsed=6901.3s
[2970/3000] labeled cpbsd_instance_2970_N5_K50_normal_rho0.0_full_random_ind | status=2 | feasible=True | elapsed=6924.2s
[2980/3000] labeled cpbsd_instance_2980_N5_K50_normal_rho0.0_full_random_ind | status=2 | feasible=True | elapsed=6952.8s
[2990/3000] labeled cpbsd_instance_2990_N5_K50_normal_rho0.0_full_random_ind | status=2 | feasible=True | elapsed=6976.7s
[3000/3000] labeled cpbsd_instance_3000_N5_K50_normal_rho0.0_full_random_ind | status=2 | feasible=True | elapsed=6988.2s
{
  "manifest": "/Users/sensen/.openclaw/workspace/domains/revenue-management/experiments/cpbsd_random_ind_n5/manifest_train.csv",
  "out_dir": "/Users/sensen/.openclaw/workspace/domains/revenue-management/experiments/cpbsd_random_ind_n5/results",
  "count": 3000,
  "time_limit": 300.0,
  "mip_gap": 0.01,
  "has_solution_count": 3000,
  "status_counts": {
    "2": 2999,
    "9": 1
  },
  "result_manifest": "/Users/sensen/.openclaw/workspace/domains/revenue-management/experiments/cpbsd_random_ind_n5/results/manifest_train__mb_results.csv"
}

============================================================
STEP 3: Generate MB labels
============================================================

>>> /Users/sensen/.openclaw/workspace/domains/revenue-management/project-root/code_submission_project/code_submission/.venv/bin/python -u /Users/sensen/.openclaw/workspace/domains/revenue-management/project-root/code_submission_project/code_submission/src/data/label_cpbsd_mb_from_manifest.py --manifest /Users/sensen/.openclaw/workspace/domains/revenue-management/experiments/cpbsd_random_ind_n5/manifest_eval.csv --out-dir /Users/sensen/.openclaw/workspace/domains/revenue-management/experiments/cpbsd_random_ind_n5/results --time-limit 300.0
/Users/sensen/.openclaw/workspace/domains/revenue-management/project-root/code_submission_project/code_submission/src/data/solve_mb_bsp_on_cpbsd_v2.py:302: RuntimeWarning: divide by zero encountered in matmul
  revenues = v_kn @ assortments.T
/Users/sensen/.openclaw/workspace/domains/revenue-management/project-root/code_submission_project/code_submission/src/data/solve_mb_bsp_on_cpbsd_v2.py:302: RuntimeWarning: overflow encountered in matmul
  revenues = v_kn @ assortments.T
/Users/sensen/.openclaw/workspace/domains/revenue-management/project-root/code_submission_project/code_submission/src/data/solve_mb_bsp_on_cpbsd_v2.py:302: RuntimeWarning: invalid value encountered in matmul
  revenues = v_kn @ assortments.T
Set parameter LicenseID to value 2784353
[10/600] labeled cpbsd_instance_3010_N5_K50_normal_rho0.0_full_random_ind | status=2 | feasible=True | elapsed=26.8s
[20/600] labeled cpbsd_instance_3020_N5_K50_normal_rho0.0_full_random_ind | status=2 | feasible=True | elapsed=105.5s
[30/600] labeled cpbsd_instance_3030_N5_K50_normal_rho0.0_full_random_ind | status=2 | feasible=True | elapsed=128.2s
[40/600] labeled cpbsd_instance_3040_N5_K50_normal_rho0.0_full_random_ind | status=2 | feasible=True | elapsed=169.1s
[50/600] labeled cpbsd_instance_3050_N5_K50_normal_rho0.0_full_random_ind | status=2 | feasible=True | elapsed=194.0s
[60/600] labeled cpbsd_instance_3060_N5_K50_normal_rho0.0_full_random_ind | status=2 | feasible=True | elapsed=229.8s
[70/600] labeled cpbsd_instance_3070_N5_K50_normal_rho0.0_full_random_ind | status=2 | feasible=True | elapsed=259.9s
[80/600] labeled cpbsd_instance_3080_N5_K50_normal_rho0.0_full_random_ind | status=2 | feasible=True | elapsed=269.4s
[90/600] labeled cpbsd_instance_3090_N5_K50_normal_rho0.0_full_random_ind | status=2 | feasible=True | elapsed=299.5s
[100/600] labeled cpbsd_instance_3100_N5_K50_normal_rho0.0_full_random_ind | status=2 | feasible=True | elapsed=315.4s
[110/600] labeled cpbsd_instance_3110_N5_K50_normal_rho0.0_full_random_ind | status=2 | feasible=True | elapsed=340.3s
[120/600] labeled cpbsd_instance_3120_N5_K50_normal_rho0.0_full_random_ind | status=2 | feasible=True | elapsed=363.9s
[130/600] labeled cpbsd_instance_3130_N5_K50_normal_rho0.0_full_random_ind | status=2 | feasible=True | elapsed=397.6s
[140/600] labeled cpbsd_instance_3140_N5_K50_normal_rho0.0_full_random_ind | status=2 | feasible=True | elapsed=412.6s
[150/600] labeled cpbsd_instance_3150_N5_K50_normal_rho0.0_full_random_ind | status=2 | feasible=True | elapsed=422.7s
[160/600] labeled cpbsd_instance_3160_N5_K50_normal_rho0.0_full_random_ind | status=2 | feasible=True | elapsed=446.5s
[170/600] labeled cpbsd_instance_3170_N5_K50_normal_rho0.0_full_random_ind | status=2 | feasible=True | elapsed=464.7s
[180/600] labeled cpbsd_instance_3180_N5_K50_normal_rho0.0_full_random_ind | status=2 | feasible=True | elapsed=480.1s
[190/600] labeled cpbsd_instance_3190_N5_K50_normal_rho0.0_full_random_ind | status=2 | feasible=True | elapsed=595.2s
[200/600] labeled cpbsd_instance_3200_N5_K50_normal_rho0.0_full_random_ind | status=2 | feasible=True | elapsed=610.0s
[210/600] labeled cpbsd_instance_3210_N5_K50_normal_rho0.0_full_random_ind | status=2 | feasible=True | elapsed=624.5s
[220/600] labeled cpbsd_instance_3220_N5_K50_normal_rho0.0_full_random_ind | status=2 | feasible=True | elapsed=643.7s
[230/600] labeled cpbsd_instance_3230_N5_K50_normal_rho0.0_full_random_ind | status=2 | feasible=True | elapsed=666.5s
[240/600] labeled cpbsd_instance_3240_N5_K50_normal_rho0.0_full_random_ind | status=2 | feasible=True | elapsed=693.6s
[250/600] labeled cpbsd_instance_3250_N5_K50_normal_rho0.0_full_random_ind | status=2 | feasible=True | elapsed=716.4s
[260/600] labeled cpbsd_instance_3260_N5_K50_normal_rho0.0_full_random_ind | status=2 | feasible=True | elapsed=739.2s
[270/600] labeled cpbsd_instance_3270_N5_K50_normal_rho0.0_full_random_ind | status=2 | feasible=True | elapsed=753.2s
[280/600] labeled cpbsd_instance_3280_N5_K50_normal_rho0.0_full_random_ind | status=2 | feasible=True | elapsed=771.9s
[290/600] labeled cpbsd_instance_3290_N5_K50_normal_rho0.0_full_random_ind | status=2 | feasible=True | elapsed=838.5s
[300/600] labeled cpbsd_instance_3300_N5_K50_normal_rho0.0_full_random_ind | status=2 | feasible=True | elapsed=865.8s
[310/600] labeled cpbsd_instance_3310_N5_K50_normal_rho0.0_full_random_ind | status=2 | feasible=True | elapsed=891.9s
[320/600] labeled cpbsd_instance_3320_N5_K50_normal_rho0.0_full_random_ind | status=2 | feasible=True | elapsed=909.1s
[330/600] labeled cpbsd_instance_3330_N5_K50_normal_rho0.0_full_random_ind | status=2 | feasible=True | elapsed=944.9s
[340/600] labeled cpbsd_instance_3340_N5_K50_normal_rho0.0_full_random_ind | status=2 | feasible=True | elapsed=960.8s
[350/600] labeled cpbsd_instance_3350_N5_K50_normal_rho0.0_full_random_ind | status=2 | feasible=True | elapsed=973.9s
[360/600] labeled cpbsd_instance_3360_N5_K50_normal_rho0.0_full_random_ind | status=2 | feasible=True | elapsed=989.8s
[370/600] labeled cpbsd_instance_3370_N5_K50_normal_rho0.0_full_random_ind | status=2 | feasible=True | elapsed=1010.3s
[380/600] labeled cpbsd_instance_3380_N5_K50_normal_rho0.0_full_random_ind | status=2 | feasible=True | elapsed=1024.7s
[390/600] labeled cpbsd_instance_3390_N5_K50_normal_rho0.0_full_random_ind | status=2 | feasible=True | elapsed=1073.1s
[400/600] labeled cpbsd_instance_3400_N5_K50_normal_rho0.0_full_random_ind | status=2 | feasible=True | elapsed=1111.7s
[410/600] labeled cpbsd_instance_3410_N5_K50_normal_rho0.0_full_random_ind | status=2 | feasible=True | elapsed=1137.1s
[420/600] labeled cpbsd_instance_3420_N5_K50_normal_rho0.0_full_random_ind | status=2 | feasible=True | elapsed=1157.5s
[430/600] labeled cpbsd_instance_3430_N5_K50_normal_rho0.0_full_random_ind | status=2 | feasible=True | elapsed=1185.6s
[440/600] labeled cpbsd_instance_3440_N5_K50_normal_rho0.0_full_random_ind | status=2 | feasible=True | elapsed=1206.6s
[450/600] labeled cpbsd_instance_3450_N5_K50_normal_rho0.0_full_random_ind | status=2 | feasible=True | elapsed=1220.3s
[460/600] labeled cpbsd_instance_3460_N5_K50_normal_rho0.0_full_random_ind | status=2 | feasible=True | elapsed=1241.9s
[470/600] labeled cpbsd_instance_3470_N5_K50_normal_rho0.0_full_random_ind | status=2 | feasible=True | elapsed=1274.5s
[480/600] labeled cpbsd_instance_3480_N5_K50_normal_rho0.0_full_random_ind | status=2 | feasible=True | elapsed=1294.0s
[490/600] labeled cpbsd_instance_3490_N5_K50_normal_rho0.0_full_random_ind | status=2 | feasible=True | elapsed=1309.0s
[500/600] labeled cpbsd_instance_3500_N5_K50_normal_rho0.0_full_random_ind | status=2 | feasible=True | elapsed=1333.6s
[510/600] labeled cpbsd_instance_3510_N5_K50_normal_rho0.0_full_random_ind | status=2 | feasible=True | elapsed=1358.6s
[520/600] labeled cpbsd_instance_3520_N5_K50_normal_rho0.0_full_random_ind | status=2 | feasible=True | elapsed=1374.2s
[530/600] labeled cpbsd_instance_3530_N5_K50_normal_rho0.0_full_random_ind | status=2 | feasible=True | elapsed=1389.9s
[540/600] labeled cpbsd_instance_3540_N5_K50_normal_rho0.0_full_random_ind | status=2 | feasible=True | elapsed=1412.3s
[550/600] labeled cpbsd_instance_3550_N5_K50_normal_rho0.0_full_random_ind | status=2 | feasible=True | elapsed=1423.8s
[560/600] labeled cpbsd_instance_3560_N5_K50_normal_rho0.0_full_random_ind | status=2 | feasible=True | elapsed=1435.7s
[570/600] labeled cpbsd_instance_3570_N5_K50_normal_rho0.0_full_random_ind | status=2 | feasible=True | elapsed=1466.8s
[580/600] labeled cpbsd_instance_3580_N5_K50_normal_rho0.0_full_random_ind | status=2 | feasible=True | elapsed=1489.7s
[590/600] labeled cpbsd_instance_3590_N5_K50_normal_rho0.0_full_random_ind | status=2 | feasible=True | elapsed=1500.3s
[600/600] labeled cpbsd_instance_3600_N5_K50_normal_rho0.0_full_random_ind | status=2 | feasible=True | elapsed=1529.9s
{
  "manifest": "/Users/sensen/.openclaw/workspace/domains/revenue-management/experiments/cpbsd_random_ind_n5/manifest_eval.csv",
  "out_dir": "/Users/sensen/.openclaw/workspace/domains/revenue-management/experiments/cpbsd_random_ind_n5/results",
  "count": 600,
  "time_limit": 300.0,
  "mip_gap": 0.01,
  "has_solution_count": 600,
  "status_counts": {
    "2": 600
  },
  "result_manifest": "/Users/sensen/.openclaw/workspace/domains/revenue-management/experiments/cpbsd_random_ind_n5/results/manifest_eval__mb_results.csv"
}

============================================================
STEP 3: Generate MB labels
============================================================

>>> /Users/sensen/.openclaw/workspace/domains/revenue-management/project-root/code_submission_project/code_submission/.venv/bin/python -u /Users/sensen/.openclaw/workspace/domains/revenue-management/project-root/code_submission_project/code_submission/src/data/label_cpbsd_mb_from_manifest.py --manifest /Users/sensen/.openclaw/workspace/domains/revenue-management/experiments/cpbsd_random_ind_n5/manifest_test.csv --out-dir /Users/sensen/.openclaw/workspace/domains/revenue-management/experiments/cpbsd_random_ind_n5/results --time-limit 300.0
/Users/sensen/.openclaw/workspace/domains/revenue-management/project-root/code_submission_project/code_submission/src/data/solve_mb_bsp_on_cpbsd_v2.py:302: RuntimeWarning: divide by zero encountered in matmul
  revenues = v_kn @ assortments.T
/Users/sensen/.openclaw/workspace/domains/revenue-management/project-root/code_submission_project/code_submission/src/data/solve_mb_bsp_on_cpbsd_v2.py:302: RuntimeWarning: overflow encountered in matmul
  revenues = v_kn @ assortments.T
/Users/sensen/.openclaw/workspace/domains/revenue-management/project-root/code_submission_project/code_submission/src/data/solve_mb_bsp_on_cpbsd_v2.py:302: RuntimeWarning: invalid value encountered in matmul
  revenues = v_kn @ assortments.T
Set parameter LicenseID to value 2784353
[10/400] labeled cpbsd_instance_3610_N5_K50_normal_rho0.0_full_random_ind | status=2 | feasible=True | elapsed=9.9s
[20/400] labeled cpbsd_instance_3620_N5_K50_normal_rho0.0_full_random_ind | status=2 | feasible=True | elapsed=21.0s
[30/400] labeled cpbsd_instance_3630_N5_K50_normal_rho0.0_full_random_ind | status=2 | feasible=True | elapsed=41.9s
[40/400] labeled cpbsd_instance_3640_N5_K50_normal_rho0.0_full_random_ind | status=2 | feasible=True | elapsed=59.1s
[50/400] labeled cpbsd_instance_3650_N5_K50_normal_rho0.0_full_random_ind | status=2 | feasible=True | elapsed=86.8s
[60/400] labeled cpbsd_instance_3660_N5_K50_normal_rho0.0_full_random_ind | status=2 | feasible=True | elapsed=145.7s
[70/400] labeled cpbsd_instance_3670_N5_K50_normal_rho0.0_full_random_ind | status=2 | feasible=True | elapsed=158.5s
[80/400] labeled cpbsd_instance_3680_N5_K50_normal_rho0.0_full_random_ind | status=2 | feasible=True | elapsed=173.6s
[90/400] labeled cpbsd_instance_3690_N5_K50_normal_rho0.0_full_random_ind | status=2 | feasible=True | elapsed=206.4s
[100/400] labeled cpbsd_instance_3700_N5_K50_normal_rho0.0_full_random_ind | status=2 | feasible=True | elapsed=219.0s
[110/400] labeled cpbsd_instance_3710_N5_K50_normal_rho0.0_full_random_ind | status=2 | feasible=True | elapsed=243.3s
[120/400] labeled cpbsd_instance_3720_N5_K50_normal_rho0.0_full_random_ind | status=2 | feasible=True | elapsed=276.3s
[130/400] labeled cpbsd_instance_3730_N5_K50_normal_rho0.0_full_random_ind | status=2 | feasible=True | elapsed=287.3s
[140/400] labeled cpbsd_instance_3740_N5_K50_normal_rho0.0_full_random_ind | status=2 | feasible=True | elapsed=320.8s
[150/400] labeled cpbsd_instance_3750_N5_K50_normal_rho0.0_full_random_ind | status=2 | feasible=True | elapsed=344.9s
[160/400] labeled cpbsd_instance_3760_N5_K50_normal_rho0.0_full_random_ind | status=2 | feasible=True | elapsed=364.2s
[170/400] labeled cpbsd_instance_3770_N5_K50_normal_rho0.0_full_random_ind | status=2 | feasible=True | elapsed=377.3s
[180/400] labeled cpbsd_instance_3780_N5_K50_normal_rho0.0_full_random_ind | status=2 | feasible=True | elapsed=398.3s
[190/400] labeled cpbsd_instance_3790_N5_K50_normal_rho0.0_full_random_ind | status=2 | feasible=True | elapsed=421.9s
[200/400] labeled cpbsd_instance_3800_N5_K50_normal_rho0.0_full_random_ind | status=2 | feasible=True | elapsed=439.7s
[210/400] labeled cpbsd_instance_3810_N5_K50_normal_rho0.0_full_random_ind | status=2 | feasible=True | elapsed=452.2s
[220/400] labeled cpbsd_instance_3820_N5_K50_normal_rho0.0_full_random_ind | status=2 | feasible=True | elapsed=464.0s
[230/400] labeled cpbsd_instance_3830_N5_K50_normal_rho0.0_full_random_ind | status=2 | feasible=True | elapsed=494.1s
[240/400] labeled cpbsd_instance_3840_N5_K50_normal_rho0.0_full_random_ind | status=2 | feasible=True | elapsed=516.7s
[250/400] labeled cpbsd_instance_3850_N5_K50_normal_rho0.0_full_random_ind | status=2 | feasible=True | elapsed=553.4s
[260/400] labeled cpbsd_instance_3860_N5_K50_normal_rho0.0_full_random_ind | status=2 | feasible=True | elapsed=575.6s
[270/400] labeled cpbsd_instance_3870_N5_K50_normal_rho0.0_full_random_ind | status=2 | feasible=True | elapsed=597.4s
[280/400] labeled cpbsd_instance_3880_N5_K50_normal_rho0.0_full_random_ind | status=2 | feasible=True | elapsed=608.7s
[290/400] labeled cpbsd_instance_3890_N5_K50_normal_rho0.0_full_random_ind | status=2 | feasible=True | elapsed=626.8s
[300/400] labeled cpbsd_instance_3900_N5_K50_normal_rho0.0_full_random_ind | status=2 | feasible=True | elapsed=637.0s
[310/400] labeled cpbsd_instance_3910_N5_K50_normal_rho0.0_full_random_ind | status=2 | feasible=True | elapsed=650.0s
[320/400] labeled cpbsd_instance_3920_N5_K50_normal_rho0.0_full_random_ind | status=2 | feasible=True | elapsed=671.7s
[330/400] labeled cpbsd_instance_3930_N5_K50_normal_rho0.0_full_random_ind | status=2 | feasible=True | elapsed=690.6s
[340/400] labeled cpbsd_instance_3940_N5_K50_normal_rho0.0_full_random_ind | status=2 | feasible=True | elapsed=707.3s
[350/400] labeled cpbsd_instance_3950_N5_K50_normal_rho0.0_full_random_ind | status=2 | feasible=True | elapsed=720.4s
[360/400] labeled cpbsd_instance_3960_N5_K50_normal_rho0.0_full_random_ind | status=2 | feasible=True | elapsed=732.5s
[370/400] labeled cpbsd_instance_3970_N5_K50_normal_rho0.0_full_random_ind | status=2 | feasible=True | elapsed=754.5s
[380/400] labeled cpbsd_instance_3980_N5_K50_normal_rho0.0_full_random_ind | status=2 | feasible=True | elapsed=768.0s
[390/400] labeled cpbsd_instance_3990_N5_K50_normal_rho0.0_full_random_ind | status=2 | feasible=True | elapsed=786.2s
[400/400] labeled cpbsd_instance_4000_N5_K50_normal_rho0.0_full_random_ind | status=2 | feasible=True | elapsed=798.8s
{
  "manifest": "/Users/sensen/.openclaw/workspace/domains/revenue-management/experiments/cpbsd_random_ind_n5/manifest_test.csv",
  "out_dir": "/Users/sensen/.openclaw/workspace/domains/revenue-management/experiments/cpbsd_random_ind_n5/results",
  "count": 400,
  "time_limit": 300.0,
  "mip_gap": 0.01,
  "has_solution_count": 400,
  "status_counts": {
    "2": 400
  },
  "result_manifest": "/Users/sensen/.openclaw/workspace/domains/revenue-management/experiments/cpbsd_random_ind_n5/results/manifest_test__mb_results.csv"
}

============================================================
STEP 4: Train GCN (200 epochs, device=auto)
============================================================

>>> /Users/sensen/.openclaw/workspace/domains/revenue-management/project-root/code_submission_project/code_submission/.venv/bin/python -u /Users/sensen/.openclaw/workspace/domains/revenue-management/project-root/code_submission_project/code_submission/src/data/Training_multi_layer_cpbsd_mb_x.py --train_manifest /Users/sensen/.openclaw/workspace/domains/revenue-management/experiments/cpbsd_random_ind_n5/results/manifest_train__mb_results.csv --eval_manifest /Users/sensen/.openclaw/workspace/domains/revenue-management/experiments/cpbsd_random_ind_n5/results/manifest_eval__mb_results.csv --test_manifest /Users/sensen/.openclaw/workspace/domains/revenue-management/experiments/cpbsd_random_ind_n5/results/manifest_test__mb_results.csv --model_dir /Users/sensen/.openclaw/workspace/domains/revenue-management/project-root/code_submission_project/code_submission/models_cpbsd_mb_x_random_ind --charts_dir /Users/sensen/.openclaw/workspace/domains/revenue-management/project-root/code_submission_project/code_submission/charts_cpbsd_mb_x_random_ind --log_dir /Users/sensen/.openclaw/workspace/domains/revenue-management/project-root/code_submission_project/code_submission/log_cpbsd_mb_x_random_ind --device auto --epochs 200 --batch_size 32 --num_layers 2 --early_stopping_patience 30 --seed 1000
✅ Using MPS
Start reading the CPBSD MB dataset for split=train...
Loaded data (train): 50/3000
Loaded data (train): 100/3000
Loaded data (train): 150/3000
Loaded data (train): 200/3000
Loaded data (train): 250/3000
Loaded data (train): 300/3000
Loaded data (train): 350/3000
Loaded data (train): 400/3000
Loaded data (train): 450/3000
Loaded data (train): 500/3000
Loaded data (train): 550/3000
Loaded data (train): 600/3000
Loaded data (train): 650/3000
Loaded data (train): 700/3000
Loaded data (train): 750/3000
Loaded data (train): 800/3000
Loaded data (train): 850/3000
Loaded data (train): 900/3000
Loaded data (train): 950/3000
Loaded data (train): 1000/3000
Loaded data (train): 1050/3000
Loaded data (train): 1100/3000
Loaded data (train): 1150/3000
Loaded data (train): 1200/3000
Loaded data (train): 1250/3000
Loaded data (train): 1300/3000
Loaded data (train): 1350/3000
Loaded data (train): 1400/3000
Loaded data (train): 1450/3000
Loaded data (train): 1500/3000
Loaded data (train): 1550/3000
Loaded data (train): 1600/3000
Loaded data (train): 1650/3000
Loaded data (train): 1700/3000
Loaded data (train): 1750/3000
Loaded data (train): 1800/3000
Loaded data (train): 1850/3000
Loaded data (train): 1900/3000
Loaded data (train): 1950/3000
Loaded data (train): 2000/3000
Loaded data (train): 2050/3000
Loaded data (train): 2100/3000
Loaded data (train): 2150/3000
Loaded data (train): 2200/3000
Loaded data (train): 2250/3000
Loaded data (train): 2300/3000
Loaded data (train): 2350/3000
Loaded data (train): 2400/3000
Loaded data (train): 2450/3000
Loaded data (train): 2500/3000
Loaded data (train): 2550/3000
Loaded data (train): 2600/3000
Loaded data (train): 2650/3000
Loaded data (train): 2700/3000
Loaded data (train): 2750/3000
Loaded data (train): 2800/3000
Loaded data (train): 2850/3000
Loaded data (train): 2900/3000
Loaded data (train): 2950/3000
Loaded data (train): 3000/3000
Start reading the CPBSD MB dataset for split=eval...
Loaded data (eval): 50/600
Loaded data (eval): 100/600
Loaded data (eval): 150/600
Loaded data (eval): 200/600
Loaded data (eval): 250/600
Loaded data (eval): 300/600
Loaded data (eval): 350/600
Loaded data (eval): 400/600
Loaded data (eval): 450/600
Loaded data (eval): 500/600
Loaded data (eval): 550/600
Loaded data (eval): 600/600
Start reading the CPBSD MB dataset for split=test...
Loaded data (test): 50/400
Loaded data (test): 100/400
Loaded data (test): 150/400
Loaded data (test): 200/400
Loaded data (test): 250/400
Loaded data (test): 300/400
Loaded data (test): 350/400
Loaded data (test): 400/400
📦 总计加载 4000 个样本
📈 全局正边比例(x_kn=1): 0.509382
  训练集: 3000
  验证集: 600
  测试集: 400
⚖️ 训练集正边比例(x_kn=1): 0.511711, pos_weight=0.954

开始训练 200 轮...
  🎯 新最佳模型：val_loss=0.159029, val_f1=0.940501 (epoch=0)
Epoch   0 | train_loss=0.222993 | train_acc=0.9062 | train_f1=0.9074 | val_loss=0.159029 | val_acc=0.9408 | val_f1=0.9405
  🎯 新最佳模型：val_loss=0.150415, val_f1=0.939715 (epoch=1)
Epoch  10 | train_loss=0.116182 | train_acc=0.9522 | train_f1=0.9534 | val_loss=0.265056 | val_acc=0.8768 | val_f1=0.8890
Epoch  20 | train_loss=0.095978 | train_acc=0.9604 | train_f1=0.9614 | val_loss=0.351199 | val_acc=0.8806 | val_f1=0.8934
Epoch  30 | train_loss=0.093280 | train_acc=0.9612 | train_f1=0.9623 | val_loss=0.289800 | val_acc=0.8672 | val_f1=0.8827
  ⏹️ 触发早停（连续 30 轮无改进）

✅ 训练完成！
  最终模型: /Users/sensen/.openclaw/workspace/domains/revenue-management/project-root/code_submission_project/code_submission/models_cpbsd_mb_x_random_ind/model_edge_cpbsd_mb_x_2layer_seed1000.pt
  指标文件: /Users/sensen/.openclaw/workspace/domains/revenue-management/project-root/code_submission_project/code_submission/models_cpbsd_mb_x_random_ind/metrics_edge_cpbsd_mb_x_2layer_seed1000.json
  曲线图: /Users/sensen/.openclaw/workspace/domains/revenue-management/project-root/code_submission_project/code_submission/charts_cpbsd_mb_x_random_ind/run_20260423-160623_cpbsd_mb_x_2layer_seed1000/loss_curves_cpbsd_mb_x_2layer_seed1000.png

============================================================
PIPELINE COMPLETE: random_ind | 157.6 min total
  Instances: /Users/sensen/.openclaw/workspace/domains/revenue-management/experiments/cpbsd_random_ind_n5/instances
  Results:   /Users/sensen/.openclaw/workspace/domains/revenue-management/experiments/cpbsd_random_ind_n5/results
  Model:     /Users/sensen/.openclaw/workspace/domains/revenue-management/project-root/code_submission_project/code_submission/models_cpbsd_mb_x_random_ind
============================================================
Summary: /Users/sensen/.openclaw/workspace/domains/revenue-management/experiments/cpbsd_random_ind_n5/pipeline_summary.json
