
======================================================================
N=5 / random_ind
======================================================================

  Instance 1/5: cpbsd_instance_001_N5_K50_normal_rho0.0_full_random_ind
/Users/sensen/.openclaw/workspace/domains/revenue-management/project-root/code_submission_project/code_submission/src/data/generate_data_CPBSD.py:121: RuntimeWarning: divide by zero encountered in matmul
  z = rng.multivariate_normal(mean=np.zeros(n), cov=corr, size=k)
/Users/sensen/.openclaw/workspace/domains/revenue-management/project-root/code_submission_project/code_submission/src/data/generate_data_CPBSD.py:121: RuntimeWarning: overflow encountered in matmul
  z = rng.multivariate_normal(mean=np.zeros(n), cov=corr, size=k)
/Users/sensen/.openclaw/workspace/domains/revenue-management/project-root/code_submission_project/code_submission/src/data/generate_data_CPBSD.py:121: RuntimeWarning: invalid value encountered in matmul
  z = rng.multivariate_normal(mean=np.zeros(n), cov=corr, size=k)
/Users/sensen/.openclaw/workspace/domains/revenue-management/project-root/code_submission_project/code_submission/src/data/solve_joint_fcp_bsp.py:68: RuntimeWarning: divide by zero encountered in matmul
  v_ki = v_kn @ assortments.T  # (K, B)
/Users/sensen/.openclaw/workspace/domains/revenue-management/project-root/code_submission_project/code_submission/src/data/solve_joint_fcp_bsp.py:68: RuntimeWarning: overflow encountered in matmul
  v_ki = v_kn @ assortments.T  # (K, B)
/Users/sensen/.openclaw/workspace/domains/revenue-management/project-root/code_submission_project/code_submission/src/data/solve_joint_fcp_bsp.py:68: RuntimeWarning: invalid value encountered in matmul
  v_ki = v_kn @ assortments.T  # (K, B)
Set parameter LicenseID to value 2784353
    Joint-FCP-BSP            : InS=6.6330  OOS=5.3348  RT=1.3s  bundles=32  {'fcp': 16, 'bsp': 33, 'outside': 1}
    Joint-FCP-BSP-noC12      : InS=6.6330  OOS=5.3348  RT=1.2s  bundles=32  {'fcp': 23, 'bsp': 26, 'outside': 1}

  Instance 2/5: cpbsd_instance_002_N5_K50_normal_rho0.0_full_random_ind
    Joint-FCP-BSP            : InS=11.1075  OOS=10.6703  RT=2.6s  bundles=32  {'fcp': 42, 'bsp': 6, 'outside': 2}
    Joint-FCP-BSP-noC12      : InS=11.1075  OOS=10.8375  RT=2.3s  bundles=32  {'fcp': 40, 'bsp': 8, 'outside': 2}

  Instance 3/5: cpbsd_instance_003_N5_K50_normal_rho0.0_full_random_ind
    Joint-FCP-BSP            : InS=3.9426  OOS=3.3867  RT=1.4s  bundles=32  {'fcp': 47, 'bsp': 0, 'outside': 3}
    Joint-FCP-BSP-noC12      : InS=3.9169  OOS=3.3160  RT=1.3s  bundles=32  {'fcp': 47, 'bsp': 0, 'outside': 3}

  Instance 4/5: cpbsd_instance_004_N5_K50_normal_rho0.0_full_random_ind
    Joint-FCP-BSP            : InS=11.8128  OOS=11.0455  RT=0.9s  bundles=32  {'fcp': 50, 'bsp': 0, 'outside': 0}
    Joint-FCP-BSP-noC12      : InS=11.8128  OOS=10.9236  RT=0.9s  bundles=32  {'fcp': 50, 'bsp': 0, 'outside': 0}

  Instance 5/5: cpbsd_instance_005_N5_K50_normal_rho0.0_full_random_ind
    Joint-FCP-BSP            : InS=16.0462  OOS=14.6188  RT=0.9s  bundles=32  {'fcp': 50, 'bsp': 0, 'outside': 0}
    Joint-FCP-BSP-noC12      : InS=16.0462  OOS=14.7238  RT=0.9s  bundles=32  {'fcp': 49, 'bsp': 1, 'outside': 0}

======================================================================
N=5 / random_corr
======================================================================

  Instance 1/5: cpbsd_instance_001_N5_K50_normal_rho0.0_full_random_corr
    Joint-FCP-BSP            : InS=7.2486  OOS=6.6750  RT=20.7s  bundles=32  {'fcp': 34, 'bsp': 16, 'outside': 0}
    Joint-FCP-BSP-noC12      : InS=7.2486  OOS=6.7258  RT=22.4s  bundles=32  {'fcp': 31, 'bsp': 19, 'outside': 0}

  Instance 2/5: cpbsd_instance_002_N5_K50_normal_rho0.0_full_random_corr
    Joint-FCP-BSP            : InS=13.3696  OOS=12.2836  RT=2.8s  bundles=32  {'fcp': 15, 'bsp': 35, 'outside': 0}
    Joint-FCP-BSP-noC12      : InS=13.3679  OOS=12.3090  RT=2.6s  bundles=32  {'fcp': 33, 'bsp': 17, 'outside': 0}

  Instance 3/5: cpbsd_instance_003_N5_K50_normal_rho0.0_full_random_corr
    Joint-FCP-BSP            : InS=7.7750  OOS=6.8752  RT=16.9s  bundles=32  {'fcp': 18, 'bsp': 30, 'outside': 2}
    Joint-FCP-BSP-noC12      : InS=7.7750  OOS=6.8681  RT=11.0s  bundles=32  {'fcp': 27, 'bsp': 21, 'outside': 2}

  Instance 4/5: cpbsd_instance_004_N5_K50_normal_rho0.0_full_random_corr
    Joint-FCP-BSP            : InS=11.2387  OOS=9.2137  RT=2.0s  bundles=32  {'fcp': 35, 'bsp': 15, 'outside': 0}
    Joint-FCP-BSP-noC12      : InS=11.2169  OOS=9.3448  RT=1.7s  bundles=32  {'fcp': 29, 'bsp': 21, 'outside': 0}

  Instance 5/5: cpbsd_instance_005_N5_K50_normal_rho0.0_full_random_corr
    Joint-FCP-BSP            : InS=14.2451  OOS=12.7399  RT=10.9s  bundles=32  {'fcp': 34, 'bsp': 16, 'outside': 0}
    Joint-FCP-BSP-noC12      : InS=14.2485  OOS=12.9882  RT=12.3s  bundles=32  {'fcp': 24, 'bsp': 26, 'outside': 0}

======================================================================
N=10 / random_ind
======================================================================

  Instance 1/5: cpbsd_instance_001_N10_K50_normal_rho0.0_full_random_ind
    Joint-FCP-BSP            : InS=18.7833  OOS=17.8914  RT=0.8s  bundles=2  {'fcp': 44, 'bsp': 4, 'outside': 2}
    Joint-FCP-BSP-noC12      : InS=18.7084  OOS=17.3014  RT=0.5s  bundles=2  {'fcp': 46, 'bsp': 2, 'outside': 2}

  Instance 2/5: cpbsd_instance_002_N10_K50_normal_rho0.0_full_random_ind
    Joint-FCP-BSP            : InS=11.1116  OOS=9.9294  RT=0.8s  bundles=5  {'fcp': 47, 'bsp': 1, 'outside': 2}
    Joint-FCP-BSP-noC12      : InS=11.0721  OOS=9.9751  RT=1.1s  bundles=5  {'fcp': 47, 'bsp': 1, 'outside': 2}

  Instance 3/5: cpbsd_instance_003_N10_K50_normal_rho0.0_full_random_ind
    Joint-FCP-BSP            : InS=21.3155  OOS=20.4581  RT=0.6s  bundles=3  {'fcp': 41, 'bsp': 8, 'outside': 1}
    Joint-FCP-BSP-noC12      : InS=21.3153  OOS=19.9097  RT=0.5s  bundles=3  {'fcp': 41, 'bsp': 8, 'outside': 1}

  Instance 4/5: cpbsd_instance_004_N10_K50_normal_rho0.0_full_random_ind
    Joint-FCP-BSP            : InS=19.0251  OOS=17.6237  RT=0.6s  bundles=5  {'fcp': 49, 'bsp': 1, 'outside': 0}
    Joint-FCP-BSP-noC12      : InS=19.0251  OOS=17.6237  RT=0.6s  bundles=5  {'fcp': 49, 'bsp': 1, 'outside': 0}

  Instance 5/5: cpbsd_instance_005_N10_K50_normal_rho0.0_full_random_ind
    Joint-FCP-BSP            : InS=15.3188  OOS=14.5407  RT=0.4s  bundles=3  {'fcp': 50, 'bsp': 0, 'outside': 0}
    Joint-FCP-BSP-noC12      : InS=15.3188  OOS=14.5407  RT=0.4s  bundles=3  {'fcp': 50, 'bsp': 0, 'outside': 0}

======================================================================
N=10 / random_corr
======================================================================

  Instance 1/5: cpbsd_instance_001_N10_K50_normal_rho0.0_full_random_corr
    Joint-FCP-BSP            : InS=20.1382  OOS=19.7544  RT=9.8s  bundles=16  {'fcp': 25, 'bsp': 25, 'outside': 0}
    Joint-FCP-BSP-noC12      : InS=20.1382  OOS=19.7782  RT=6.5s  bundles=16  {'fcp': 26, 'bsp': 24, 'outside': 0}

  Instance 2/5: cpbsd_instance_002_N10_K50_normal_rho0.0_full_random_corr
    Joint-FCP-BSP            : InS=19.1442  OOS=16.4427  RT=8.0s  bundles=19  {'fcp': 27, 'bsp': 23, 'outside': 0}
    Joint-FCP-BSP-noC12      : InS=19.1447  OOS=16.4276  RT=9.7s  bundles=19  {'fcp': 34, 'bsp': 16, 'outside': 0}

  Instance 3/5: cpbsd_instance_003_N10_K50_normal_rho0.0_full_random_corr
    Joint-FCP-BSP            : InS=21.9758  OOS=20.1122  RT=1.9s  bundles=21  {'fcp': 30, 'bsp': 20, 'outside': 0}
    Joint-FCP-BSP-noC12      : InS=21.9584  OOS=20.1799  RT=1.4s  bundles=21  {'fcp': 34, 'bsp': 16, 'outside': 0}

  Instance 4/5: cpbsd_instance_004_N10_K50_normal_rho0.0_full_random_corr
    Joint-FCP-BSP            : InS=23.7930  OOS=21.0862  RT=1.2s  bundles=21  {'fcp': 28, 'bsp': 22, 'outside': 0}
    Joint-FCP-BSP-noC12      : InS=23.7930  OOS=21.2445  RT=1.2s  bundles=21  {'fcp': 32, 'bsp': 18, 'outside': 0}

  Instance 5/5: cpbsd_instance_005_N10_K50_normal_rho0.0_full_random_corr
    Joint-FCP-BSP            : InS=18.0603  OOS=17.1196  RT=1.3s  bundles=20  {'fcp': 26, 'bsp': 24, 'outside': 0}
    Joint-FCP-BSP-noC12      : InS=18.0579  OOS=17.2002  RT=1.4s  bundles=20  {'fcp': 28, 'bsp': 22, 'outside': 0}

======================================================================
N=30 / random_ind
======================================================================

  Instance 1/5: cpbsd_instance_001_N30_K50_normal_rho0.0_full_random_ind
