/Users/sensen/.openclaw/workspace/domains/revenue-management/project-root/code_submission_project/code_submission/src/data/generate_data_CPBSD.py:106: RuntimeWarning: divide by zero encountered in matmul
  z = rng.multivariate_normal(mean=np.zeros(n), cov=corr, size=k)
/Users/sensen/.openclaw/workspace/domains/revenue-management/project-root/code_submission_project/code_submission/src/data/generate_data_CPBSD.py:106: RuntimeWarning: overflow encountered in matmul
  z = rng.multivariate_normal(mean=np.zeros(n), cov=corr, size=k)
/Users/sensen/.openclaw/workspace/domains/revenue-management/project-root/code_submission_project/code_submission/src/data/generate_data_CPBSD.py:106: RuntimeWarning: invalid value encountered in matmul
  z = rng.multivariate_normal(mean=np.zeros(n), cov=corr, size=k)
/Users/sensen/.openclaw/workspace/domains/revenue-management/project-root/code_submission_project/code_submission/src/data/solve_mb_bsp_on_cpbsd_v2.py:302: RuntimeWarning: divide by zero encountered in matmul
  revenues = v_kn @ assortments.T
/Users/sensen/.openclaw/workspace/domains/revenue-management/project-root/code_submission_project/code_submission/src/data/solve_mb_bsp_on_cpbsd_v2.py:302: RuntimeWarning: overflow encountered in matmul
  revenues = v_kn @ assortments.T
/Users/sensen/.openclaw/workspace/domains/revenue-management/project-root/code_submission_project/code_submission/src/data/solve_mb_bsp_on_cpbsd_v2.py:302: RuntimeWarning: invalid value encountered in matmul
  revenues = v_kn @ assortments.T
Set parameter LicenseID to value 2784353
Set parameter MIPGap to value 0.001
Set parameter TimeLimit to value 300
{
  "root": "/Users/sensen/.openclaw/workspace/domains/revenue-management/experiments/fcp_mb_phase2_selected_n10_n30_5inst/n10/normal_rho0.0_full_hvhm/runs/seed_20260414",
  "summary_path": "/Users/sensen/.openclaw/workspace/domains/revenue-management/experiments/fcp_mb_phase2_selected_n10_n30_5inst/n10/normal_rho0.0_full_hvhm/runs/seed_20260414/comparison_summary.json",
  "csv_path": "/Users/sensen/.openclaw/workspace/domains/revenue-management/experiments/fcp_mb_phase2_selected_n10_n30_5inst/n10/normal_rho0.0_full_hvhm/runs/seed_20260414/comparison_summary.csv",
  "aggregate": {
    "BSP": {
      "count": 1,
      "avg_revenue_in_sample": 2.527149709366575,
      "avg_revenue_out_sample": 2.333673543094815,
      "avg_runtime": 18.87915277481079
    },
    "CPBSD-A": {
      "count": 1,
      "avg_revenue_in_sample": 2.9643138879172,
      "avg_revenue_out_sample": 2.830078843485943,
      "avg_runtime": 300.10443210601807
    },
    "FCP-pruned-MB": {
      "count": 1,
      "avg_revenue_in_sample": 3.146675216464798,
      "avg_revenue_out_sample": 2.3491431138432204,
      "avg_runtime": 300.6701109409332
    }
  },
  "rows": [
    {
      "instance_id": "cpbsd_instance_001_N10_K50_normal_rho0.0_full_hvhm",
      "seed": 20260414,
      "n": 10,
      "k": 50,
      "method": "FCP-pruned-MB",
      "revenue_in_sample": 3.146675216464798,
      "revenue_out_sample": 2.3491431138432204,
      "solver_runtime": 300.6701109409332,
      "status_code": 9,
      "result_path": "/Users/sensen/.openclaw/workspace/domains/revenue-management/experiments/fcp_mb_phase2_selected_n10_n30_5inst/n10/normal_rho0.0_full_hvhm/runs/seed_20260414/results/cpbsd_instance_001_N10_K50_normal_rho0.0_full_hvhm__fcp_pruned_mb.json",
      "gcn_inference_time": 0.0786280632019043,
      "candidate_generation_time": 8.702278137207031e-05,
      "bundle_space_size": 38,
      "bundle_space_fraction": 0.037109375,
      "full_bundle_space_size": 1024,
      "raw_customer_bundle_count": 50,
      "unique_threshold_bundle_count": 38,
      "threshold": 0.5,
      "ratio_to_bsp": 1.2451479248744255,
      "ratio_to_cpbsd_a": 1.0615188996316884
    },
    {
      "instance_id": "cpbsd_instance_001_N10_K50_normal_rho0.0_full_hvhm",
      "seed": 20260414,
      "n": 10,
      "k": 50,
      "method": "BSP",
      "revenue_in_sample": 2.527149709366575,
      "revenue_out_sample": 2.333673543094815,
      "solver_runtime": 18.87915277481079,
      "status_code": 2,
      "result_path": "/Users/sensen/.openclaw/workspace/domains/revenue-management/experiments/fcp_mb_phase2_selected_n10_n30_5inst/n10/normal_rho0.0_full_hvhm/runs/seed_20260414/results/cpbsd_instance_001_N10_K50_normal_rho0.0_full_hvhm__bsp.json",
      "bundle_space_size": null,
      "bundle_space_fraction": null,
      "full_bundle_space_size": 1024,
      "ratio_to_bsp": 1.0,
      "ratio_to_cpbsd_a": 0.8525243293793737
    },
    {
      "instance_id": "cpbsd_instance_001_N10_K50_normal_rho0.0_full_hvhm",
      "seed": 20260414,
      "n": 10,
      "k": 50,
      "method": "CPBSD-A",
      "revenue_in_sample": 2.9643138879172,
      "revenue_out_sample": 2.830078843485943,
      "solver_runtime": 300.10443210601807,
      "status_code": 9,
      "result_path": "/Users/sensen/.openclaw/workspace/domains/revenue-management/experiments/fcp_mb_phase2_selected_n10_n30_5inst/n10/normal_rho0.0_full_hvhm/runs/seed_20260414/results/cpbsd_instance_001_N10_K50_normal_rho0.0_full_hvhm__cpbsd_a.json",
      "bundle_space_size": null,
      "bundle_space_fraction": null,
      "full_bundle_space_size": 1024,
      "ratio_to_bsp": 1.1729870521442909,
      "ratio_to_cpbsd_a": 1.0
    }
  ]
}
