/Users/sensen/.openclaw/workspace/domains/revenue-management/project-root/code_submission_project/code_submission/src/data/generate_data_CPBSD.py:106: RuntimeWarning: divide by zero encountered in matmul
  z = rng.multivariate_normal(mean=np.zeros(n), cov=corr, size=k)
/Users/sensen/.openclaw/workspace/domains/revenue-management/project-root/code_submission_project/code_submission/src/data/generate_data_CPBSD.py:106: RuntimeWarning: overflow encountered in matmul
  z = rng.multivariate_normal(mean=np.zeros(n), cov=corr, size=k)
/Users/sensen/.openclaw/workspace/domains/revenue-management/project-root/code_submission_project/code_submission/src/data/generate_data_CPBSD.py:106: RuntimeWarning: invalid value encountered in matmul
  z = rng.multivariate_normal(mean=np.zeros(n), cov=corr, size=k)
/Users/sensen/.openclaw/workspace/domains/revenue-management/project-root/code_submission_project/code_submission/src/data/solve_mb_bsp_on_cpbsd_v2.py:302: RuntimeWarning: divide by zero encountered in matmul
  revenues = v_kn @ assortments.T
/Users/sensen/.openclaw/workspace/domains/revenue-management/project-root/code_submission_project/code_submission/src/data/solve_mb_bsp_on_cpbsd_v2.py:302: RuntimeWarning: overflow encountered in matmul
  revenues = v_kn @ assortments.T
/Users/sensen/.openclaw/workspace/domains/revenue-management/project-root/code_submission_project/code_submission/src/data/solve_mb_bsp_on_cpbsd_v2.py:302: RuntimeWarning: invalid value encountered in matmul
  revenues = v_kn @ assortments.T
Set parameter LicenseID to value 2784353
Set parameter MIPGap to value 0.001
Set parameter TimeLimit to value 300
{
  "root": "/Users/sensen/.openclaw/workspace/domains/revenue-management/experiments/fcp_mb_phase2_selected_n10_n30_5inst/n10/normal_rho0.0_full_hvhm/runs/seed_20260413",
  "summary_path": "/Users/sensen/.openclaw/workspace/domains/revenue-management/experiments/fcp_mb_phase2_selected_n10_n30_5inst/n10/normal_rho0.0_full_hvhm/runs/seed_20260413/comparison_summary.json",
  "csv_path": "/Users/sensen/.openclaw/workspace/domains/revenue-management/experiments/fcp_mb_phase2_selected_n10_n30_5inst/n10/normal_rho0.0_full_hvhm/runs/seed_20260413/comparison_summary.csv",
  "aggregate": {
    "BSP": {
      "count": 1,
      "avg_revenue_in_sample": 2.864685067217943,
      "avg_revenue_out_sample": 2.3022805249552394,
      "avg_runtime": 7.5031418800354
    },
    "CPBSD-A": {
      "count": 1,
      "avg_revenue_in_sample": 3.344723988618983,
      "avg_revenue_out_sample": 2.8092028620405576,
      "avg_runtime": 300.1842670440674
    },
    "FCP-pruned-MB": {
      "count": 1,
      "avg_revenue_in_sample": 3.2455122984617435,
      "avg_revenue_out_sample": 2.200927661817421,
      "avg_runtime": 300.65723395347595
    }
  },
  "rows": [
    {
      "instance_id": "cpbsd_instance_001_N10_K50_normal_rho0.0_full_hvhm",
      "seed": 20260413,
      "n": 10,
      "k": 50,
      "method": "FCP-pruned-MB",
      "revenue_in_sample": 3.2455122984617435,
      "revenue_out_sample": 2.200927661817421,
      "solver_runtime": 300.65723395347595,
      "status_code": 9,
      "result_path": "/Users/sensen/.openclaw/workspace/domains/revenue-management/experiments/fcp_mb_phase2_selected_n10_n30_5inst/n10/normal_rho0.0_full_hvhm/runs/seed_20260413/results/cpbsd_instance_001_N10_K50_normal_rho0.0_full_hvhm__fcp_pruned_mb.json",
      "gcn_inference_time": 0.07863283157348633,
      "candidate_generation_time": 8.606910705566406e-05,
      "bundle_space_size": 34,
      "bundle_space_fraction": 0.033203125,
      "full_bundle_space_size": 1024,
      "raw_customer_bundle_count": 50,
      "unique_threshold_bundle_count": 34,
      "threshold": 0.5,
      "ratio_to_bsp": 1.1329386031301665,
      "ratio_to_cpbsd_a": 0.9703378543357166
    },
    {
      "instance_id": "cpbsd_instance_001_N10_K50_normal_rho0.0_full_hvhm",
      "seed": 20260413,
      "n": 10,
      "k": 50,
      "method": "BSP",
      "revenue_in_sample": 2.864685067217943,
      "revenue_out_sample": 2.3022805249552394,
      "solver_runtime": 7.5031418800354,
      "status_code": 2,
      "result_path": "/Users/sensen/.openclaw/workspace/domains/revenue-management/experiments/fcp_mb_phase2_selected_n10_n30_5inst/n10/normal_rho0.0_full_hvhm/runs/seed_20260413/results/cpbsd_instance_001_N10_K50_normal_rho0.0_full_hvhm__bsp.json",
      "bundle_space_size": null,
      "bundle_space_fraction": null,
      "full_bundle_space_size": 1024,
      "ratio_to_bsp": 1.0,
      "ratio_to_cpbsd_a": 0.8564787638578079
    },
    {
      "instance_id": "cpbsd_instance_001_N10_K50_normal_rho0.0_full_hvhm",
      "seed": 20260413,
      "n": 10,
      "k": 50,
      "method": "CPBSD-A",
      "revenue_in_sample": 3.344723988618983,
      "revenue_out_sample": 2.8092028620405576,
      "solver_runtime": 300.1842670440674,
      "status_code": 9,
      "result_path": "/Users/sensen/.openclaw/workspace/domains/revenue-management/experiments/fcp_mb_phase2_selected_n10_n30_5inst/n10/normal_rho0.0_full_hvhm/runs/seed_20260413/results/cpbsd_instance_001_N10_K50_normal_rho0.0_full_hvhm__cpbsd_a.json",
      "bundle_space_size": null,
      "bundle_space_fraction": null,
      "full_bundle_space_size": 1024,
      "ratio_to_bsp": 1.1675712722820288,
      "ratio_to_cpbsd_a": 1.0
    }
  ]
}
