
===== RESUME_V4 2026-04-02 21:29:05 CST =====
/Users/sensen/.openclaw/workspace/domains/revenue-management/project-root/code_submission_project/code_submission/src/data/generate_data_CPBSD.py:106: RuntimeWarning: divide by zero encountered in matmul
  z = rng.multivariate_normal(mean=np.zeros(n), cov=corr, size=k)
/Users/sensen/.openclaw/workspace/domains/revenue-management/project-root/code_submission_project/code_submission/src/data/generate_data_CPBSD.py:106: RuntimeWarning: overflow encountered in matmul
  z = rng.multivariate_normal(mean=np.zeros(n), cov=corr, size=k)
/Users/sensen/.openclaw/workspace/domains/revenue-management/project-root/code_submission_project/code_submission/src/data/generate_data_CPBSD.py:106: RuntimeWarning: invalid value encountered in matmul
  z = rng.multivariate_normal(mean=np.zeros(n), cov=corr, size=k)
[START] N=5 instance=n5_inst001
Set parameter LicenseID to value 2784353
[DONE] N=5 instance=n5_inst001
/Users/sensen/.openclaw/workspace/domains/revenue-management/project-root/code_submission_project/code_submission/src/data/generate_data_CPBSD.py:106: RuntimeWarning: divide by zero encountered in matmul
  z = rng.multivariate_normal(mean=np.zeros(n), cov=corr, size=k)
/Users/sensen/.openclaw/workspace/domains/revenue-management/project-root/code_submission_project/code_submission/src/data/generate_data_CPBSD.py:106: RuntimeWarning: overflow encountered in matmul
  z = rng.multivariate_normal(mean=np.zeros(n), cov=corr, size=k)
/Users/sensen/.openclaw/workspace/domains/revenue-management/project-root/code_submission_project/code_submission/src/data/generate_data_CPBSD.py:106: RuntimeWarning: invalid value encountered in matmul
  z = rng.multivariate_normal(mean=np.zeros(n), cov=corr, size=k)
[START] N=5 instance=n5_inst002
[DONE] N=5 instance=n5_inst002
/Users/sensen/.openclaw/workspace/domains/revenue-management/project-root/code_submission_project/code_submission/src/data/generate_data_CPBSD.py:106: RuntimeWarning: divide by zero encountered in matmul
  z = rng.multivariate_normal(mean=np.zeros(n), cov=corr, size=k)
/Users/sensen/.openclaw/workspace/domains/revenue-management/project-root/code_submission_project/code_submission/src/data/generate_data_CPBSD.py:106: RuntimeWarning: overflow encountered in matmul
  z = rng.multivariate_normal(mean=np.zeros(n), cov=corr, size=k)
/Users/sensen/.openclaw/workspace/domains/revenue-management/project-root/code_submission_project/code_submission/src/data/generate_data_CPBSD.py:106: RuntimeWarning: invalid value encountered in matmul
  z = rng.multivariate_normal(mean=np.zeros(n), cov=corr, size=k)
[START] N=5 instance=n5_inst003
[DONE] N=5 instance=n5_inst003
/Users/sensen/.openclaw/workspace/domains/revenue-management/project-root/code_submission_project/code_submission/src/data/generate_data_CPBSD.py:106: RuntimeWarning: divide by zero encountered in matmul
  z = rng.multivariate_normal(mean=np.zeros(n), cov=corr, size=k)
/Users/sensen/.openclaw/workspace/domains/revenue-management/project-root/code_submission_project/code_submission/src/data/generate_data_CPBSD.py:106: RuntimeWarning: overflow encountered in matmul
  z = rng.multivariate_normal(mean=np.zeros(n), cov=corr, size=k)
/Users/sensen/.openclaw/workspace/domains/revenue-management/project-root/code_submission_project/code_submission/src/data/generate_data_CPBSD.py:106: RuntimeWarning: invalid value encountered in matmul
  z = rng.multivariate_normal(mean=np.zeros(n), cov=corr, size=k)
[START] N=10 instance=n10_inst001
/Users/sensen/.openclaw/workspace/domains/revenue-management/project-root/code_submission_project/code_submission/src/data/solve_mb_bsp_on_cpbsd_v2.py:77: RuntimeWarning: divide by zero encountered in matmul
  bundle_cost = assortments @ c_n
/Users/sensen/.openclaw/workspace/domains/revenue-management/project-root/code_submission_project/code_submission/src/data/solve_mb_bsp_on_cpbsd_v2.py:77: RuntimeWarning: overflow encountered in matmul
  bundle_cost = assortments @ c_n
/Users/sensen/.openclaw/workspace/domains/revenue-management/project-root/code_submission_project/code_submission/src/data/solve_mb_bsp_on_cpbsd_v2.py:77: RuntimeWarning: invalid value encountered in matmul
  bundle_cost = assortments @ c_n
/Users/sensen/.openclaw/workspace/domains/revenue-management/project-root/code_submission_project/code_submission/src/data/solve_mb_bsp_on_cpbsd_v2.py:293: RuntimeWarning: divide by zero encountered in matmul
  revenues = v_kn @ assortments.T
/Users/sensen/.openclaw/workspace/domains/revenue-management/project-root/code_submission_project/code_submission/src/data/solve_mb_bsp_on_cpbsd_v2.py:293: RuntimeWarning: overflow encountered in matmul
  revenues = v_kn @ assortments.T
/Users/sensen/.openclaw/workspace/domains/revenue-management/project-root/code_submission_project/code_submission/src/data/solve_mb_bsp_on_cpbsd_v2.py:293: RuntimeWarning: invalid value encountered in matmul
  revenues = v_kn @ assortments.T
[DONE] N=10 instance=n10_inst001
/Users/sensen/.openclaw/workspace/domains/revenue-management/project-root/code_submission_project/code_submission/src/data/generate_data_CPBSD.py:106: RuntimeWarning: divide by zero encountered in matmul
  z = rng.multivariate_normal(mean=np.zeros(n), cov=corr, size=k)
/Users/sensen/.openclaw/workspace/domains/revenue-management/project-root/code_submission_project/code_submission/src/data/generate_data_CPBSD.py:106: RuntimeWarning: overflow encountered in matmul
  z = rng.multivariate_normal(mean=np.zeros(n), cov=corr, size=k)
/Users/sensen/.openclaw/workspace/domains/revenue-management/project-root/code_submission_project/code_submission/src/data/generate_data_CPBSD.py:106: RuntimeWarning: invalid value encountered in matmul
  z = rng.multivariate_normal(mean=np.zeros(n), cov=corr, size=k)
[START] N=10 instance=n10_inst002
/Users/sensen/.openclaw/workspace/domains/revenue-management/project-root/code_submission_project/code_submission/src/data/solve_mb_bsp_on_cpbsd_v2.py:77: RuntimeWarning: divide by zero encountered in matmul
  bundle_cost = assortments @ c_n
/Users/sensen/.openclaw/workspace/domains/revenue-management/project-root/code_submission_project/code_submission/src/data/solve_mb_bsp_on_cpbsd_v2.py:77: RuntimeWarning: overflow encountered in matmul
  bundle_cost = assortments @ c_n
/Users/sensen/.openclaw/workspace/domains/revenue-management/project-root/code_submission_project/code_submission/src/data/solve_mb_bsp_on_cpbsd_v2.py:77: RuntimeWarning: invalid value encountered in matmul
  bundle_cost = assortments @ c_n
/Users/sensen/.openclaw/workspace/domains/revenue-management/project-root/code_submission_project/code_submission/src/data/solve_mb_bsp_on_cpbsd_v2.py:293: RuntimeWarning: divide by zero encountered in matmul
  revenues = v_kn @ assortments.T
/Users/sensen/.openclaw/workspace/domains/revenue-management/project-root/code_submission_project/code_submission/src/data/solve_mb_bsp_on_cpbsd_v2.py:293: RuntimeWarning: overflow encountered in matmul
  revenues = v_kn @ assortments.T
/Users/sensen/.openclaw/workspace/domains/revenue-management/project-root/code_submission_project/code_submission/src/data/solve_mb_bsp_on_cpbsd_v2.py:293: RuntimeWarning: invalid value encountered in matmul
  revenues = v_kn @ assortments.T
[DONE] N=10 instance=n10_inst002
/Users/sensen/.openclaw/workspace/domains/revenue-management/project-root/code_submission_project/code_submission/src/data/generate_data_CPBSD.py:106: RuntimeWarning: divide by zero encountered in matmul
  z = rng.multivariate_normal(mean=np.zeros(n), cov=corr, size=k)
/Users/sensen/.openclaw/workspace/domains/revenue-management/project-root/code_submission_project/code_submission/src/data/generate_data_CPBSD.py:106: RuntimeWarning: overflow encountered in matmul
  z = rng.multivariate_normal(mean=np.zeros(n), cov=corr, size=k)
/Users/sensen/.openclaw/workspace/domains/revenue-management/project-root/code_submission_project/code_submission/src/data/generate_data_CPBSD.py:106: RuntimeWarning: invalid value encountered in matmul
  z = rng.multivariate_normal(mean=np.zeros(n), cov=corr, size=k)
[START] N=10 instance=n10_inst003
/Users/sensen/.openclaw/workspace/domains/revenue-management/project-root/code_submission_project/code_submission/src/data/solve_mb_bsp_on_cpbsd_v2.py:77: RuntimeWarning: divide by zero encountered in matmul
  bundle_cost = assortments @ c_n
/Users/sensen/.openclaw/workspace/domains/revenue-management/project-root/code_submission_project/code_submission/src/data/solve_mb_bsp_on_cpbsd_v2.py:77: RuntimeWarning: overflow encountered in matmul
  bundle_cost = assortments @ c_n
/Users/sensen/.openclaw/workspace/domains/revenue-management/project-root/code_submission_project/code_submission/src/data/solve_mb_bsp_on_cpbsd_v2.py:77: RuntimeWarning: invalid value encountered in matmul
  bundle_cost = assortments @ c_n
/Users/sensen/.openclaw/workspace/domains/revenue-management/project-root/code_submission_project/code_submission/src/data/solve_mb_bsp_on_cpbsd_v2.py:293: RuntimeWarning: divide by zero encountered in matmul
  revenues = v_kn @ assortments.T
/Users/sensen/.openclaw/workspace/domains/revenue-management/project-root/code_submission_project/code_submission/src/data/solve_mb_bsp_on_cpbsd_v2.py:293: RuntimeWarning: overflow encountered in matmul
  revenues = v_kn @ assortments.T
/Users/sensen/.openclaw/workspace/domains/revenue-management/project-root/code_submission_project/code_submission/src/data/solve_mb_bsp_on_cpbsd_v2.py:293: RuntimeWarning: invalid value encountered in matmul
  revenues = v_kn @ assortments.T
[DONE] N=10 instance=n10_inst003
/Users/sensen/.openclaw/workspace/domains/revenue-management/project-root/code_submission_project/code_submission/src/data/generate_data_CPBSD.py:106: RuntimeWarning: divide by zero encountered in matmul
  z = rng.multivariate_normal(mean=np.zeros(n), cov=corr, size=k)
/Users/sensen/.openclaw/workspace/domains/revenue-management/project-root/code_submission_project/code_submission/src/data/generate_data_CPBSD.py:106: RuntimeWarning: overflow encountered in matmul
  z = rng.multivariate_normal(mean=np.zeros(n), cov=corr, size=k)
/Users/sensen/.openclaw/workspace/domains/revenue-management/project-root/code_submission_project/code_submission/src/data/generate_data_CPBSD.py:106: RuntimeWarning: invalid value encountered in matmul
  z = rng.multivariate_normal(mean=np.zeros(n), cov=corr, size=k)
[START] N=20 instance=n20_inst001
/Users/sensen/.openclaw/workspace/domains/revenue-management/project-root/code_submission_project/code_submission/src/data/solve_mb_bsp_on_cpbsd_v2.py:293: RuntimeWarning: divide by zero encountered in matmul
  revenues = v_kn @ assortments.T
/Users/sensen/.openclaw/workspace/domains/revenue-management/project-root/code_submission_project/code_submission/src/data/solve_mb_bsp_on_cpbsd_v2.py:293: RuntimeWarning: overflow encountered in matmul
  revenues = v_kn @ assortments.T
/Users/sensen/.openclaw/workspace/domains/revenue-management/project-root/code_submission_project/code_submission/src/data/solve_mb_bsp_on_cpbsd_v2.py:293: RuntimeWarning: invalid value encountered in matmul
  revenues = v_kn @ assortments.T
[DONE] N=20 instance=n20_inst001
/Users/sensen/.openclaw/workspace/domains/revenue-management/project-root/code_submission_project/code_submission/src/data/generate_data_CPBSD.py:106: RuntimeWarning: divide by zero encountered in matmul
  z = rng.multivariate_normal(mean=np.zeros(n), cov=corr, size=k)
/Users/sensen/.openclaw/workspace/domains/revenue-management/project-root/code_submission_project/code_submission/src/data/generate_data_CPBSD.py:106: RuntimeWarning: overflow encountered in matmul
  z = rng.multivariate_normal(mean=np.zeros(n), cov=corr, size=k)
/Users/sensen/.openclaw/workspace/domains/revenue-management/project-root/code_submission_project/code_submission/src/data/generate_data_CPBSD.py:106: RuntimeWarning: invalid value encountered in matmul
  z = rng.multivariate_normal(mean=np.zeros(n), cov=corr, size=k)
[START] N=20 instance=n20_inst002
Set parameter MIPGap to value 0.001
Set parameter TimeLimit to value 600
Set parameter MIPGap to value 0.001
Set parameter TimeLimit to value 600
/Users/sensen/.openclaw/workspace/domains/revenue-management/project-root/code_submission_project/code_submission/src/data/solve_mb_bsp_on_cpbsd_v2.py:293: RuntimeWarning: divide by zero encountered in matmul
  revenues = v_kn @ assortments.T
/Users/sensen/.openclaw/workspace/domains/revenue-management/project-root/code_submission_project/code_submission/src/data/solve_mb_bsp_on_cpbsd_v2.py:293: RuntimeWarning: overflow encountered in matmul
  revenues = v_kn @ assortments.T
/Users/sensen/.openclaw/workspace/domains/revenue-management/project-root/code_submission_project/code_submission/src/data/solve_mb_bsp_on_cpbsd_v2.py:293: RuntimeWarning: invalid value encountered in matmul
  revenues = v_kn @ assortments.T
[DONE] N=20 instance=n20_inst002
/Users/sensen/.openclaw/workspace/domains/revenue-management/project-root/code_submission_project/code_submission/src/data/generate_data_CPBSD.py:106: RuntimeWarning: divide by zero encountered in matmul
  z = rng.multivariate_normal(mean=np.zeros(n), cov=corr, size=k)
/Users/sensen/.openclaw/workspace/domains/revenue-management/project-root/code_submission_project/code_submission/src/data/generate_data_CPBSD.py:106: RuntimeWarning: overflow encountered in matmul
  z = rng.multivariate_normal(mean=np.zeros(n), cov=corr, size=k)
/Users/sensen/.openclaw/workspace/domains/revenue-management/project-root/code_submission_project/code_submission/src/data/generate_data_CPBSD.py:106: RuntimeWarning: invalid value encountered in matmul
  z = rng.multivariate_normal(mean=np.zeros(n), cov=corr, size=k)
[START] N=20 instance=n20_inst003
Set parameter MIPGap to value 0.001
Set parameter TimeLimit to value 600
Set parameter MIPGap to value 0.001
Set parameter TimeLimit to value 600
/Users/sensen/.openclaw/workspace/domains/revenue-management/project-root/code_submission_project/code_submission/src/data/solve_mb_bsp_on_cpbsd_v2.py:293: RuntimeWarning: divide by zero encountered in matmul
  revenues = v_kn @ assortments.T
/Users/sensen/.openclaw/workspace/domains/revenue-management/project-root/code_submission_project/code_submission/src/data/solve_mb_bsp_on_cpbsd_v2.py:293: RuntimeWarning: overflow encountered in matmul
  revenues = v_kn @ assortments.T
/Users/sensen/.openclaw/workspace/domains/revenue-management/project-root/code_submission_project/code_submission/src/data/solve_mb_bsp_on_cpbsd_v2.py:293: RuntimeWarning: invalid value encountered in matmul
  revenues = v_kn @ assortments.T
[DONE] N=20 instance=n20_inst003
/Users/sensen/.openclaw/workspace/domains/revenue-management/project-root/code_submission_project/code_submission/src/data/generate_data_CPBSD.py:106: RuntimeWarning: divide by zero encountered in matmul
  z = rng.multivariate_normal(mean=np.zeros(n), cov=corr, size=k)
/Users/sensen/.openclaw/workspace/domains/revenue-management/project-root/code_submission_project/code_submission/src/data/generate_data_CPBSD.py:106: RuntimeWarning: overflow encountered in matmul
  z = rng.multivariate_normal(mean=np.zeros(n), cov=corr, size=k)
/Users/sensen/.openclaw/workspace/domains/revenue-management/project-root/code_submission_project/code_submission/src/data/generate_data_CPBSD.py:106: RuntimeWarning: invalid value encountered in matmul
  z = rng.multivariate_normal(mean=np.zeros(n), cov=corr, size=k)
[START] N=30 instance=n30_inst001
Set parameter MIPGap to value 0.001
Set parameter TimeLimit to value 600
Set parameter MIPGap to value 0.001
Set parameter TimeLimit to value 600
/Users/sensen/.openclaw/workspace/domains/revenue-management/project-root/code_submission_project/code_submission/src/data/solve_mb_bsp_on_cpbsd_v2.py:291: RuntimeWarning: divide by zero encountered in matmul
  bundle_cost = (assortments @ c_n).reshape(1, -1)
/Users/sensen/.openclaw/workspace/domains/revenue-management/project-root/code_submission_project/code_submission/src/data/solve_mb_bsp_on_cpbsd_v2.py:291: RuntimeWarning: overflow encountered in matmul
  bundle_cost = (assortments @ c_n).reshape(1, -1)
/Users/sensen/.openclaw/workspace/domains/revenue-management/project-root/code_submission_project/code_submission/src/data/solve_mb_bsp_on_cpbsd_v2.py:291: RuntimeWarning: invalid value encountered in matmul
  bundle_cost = (assortments @ c_n).reshape(1, -1)
/Users/sensen/.openclaw/workspace/domains/revenue-management/project-root/code_submission_project/code_submission/src/data/solve_mb_bsp_on_cpbsd_v2.py:293: RuntimeWarning: divide by zero encountered in matmul
  revenues = v_kn @ assortments.T
/Users/sensen/.openclaw/workspace/domains/revenue-management/project-root/code_submission_project/code_submission/src/data/solve_mb_bsp_on_cpbsd_v2.py:293: RuntimeWarning: overflow encountered in matmul
  revenues = v_kn @ assortments.T
/Users/sensen/.openclaw/workspace/domains/revenue-management/project-root/code_submission_project/code_submission/src/data/solve_mb_bsp_on_cpbsd_v2.py:293: RuntimeWarning: invalid value encountered in matmul
  revenues = v_kn @ assortments.T
/Users/sensen/.openclaw/workspace/domains/revenue-management/project-root/code_submission_project/code_submission/src/data/solve_mb_bsp_on_cpbsd_v2.py:77: RuntimeWarning: divide by zero encountered in matmul
  bundle_cost = assortments @ c_n
/Users/sensen/.openclaw/workspace/domains/revenue-management/project-root/code_submission_project/code_submission/src/data/solve_mb_bsp_on_cpbsd_v2.py:77: RuntimeWarning: overflow encountered in matmul
  bundle_cost = assortments @ c_n
/Users/sensen/.openclaw/workspace/domains/revenue-management/project-root/code_submission_project/code_submission/src/data/solve_mb_bsp_on_cpbsd_v2.py:77: RuntimeWarning: invalid value encountered in matmul
  bundle_cost = assortments @ c_n
[DONE] N=30 instance=n30_inst001
/Users/sensen/.openclaw/workspace/domains/revenue-management/project-root/code_submission_project/code_submission/src/data/generate_data_CPBSD.py:106: RuntimeWarning: divide by zero encountered in matmul
  z = rng.multivariate_normal(mean=np.zeros(n), cov=corr, size=k)
/Users/sensen/.openclaw/workspace/domains/revenue-management/project-root/code_submission_project/code_submission/src/data/generate_data_CPBSD.py:106: RuntimeWarning: overflow encountered in matmul
  z = rng.multivariate_normal(mean=np.zeros(n), cov=corr, size=k)
/Users/sensen/.openclaw/workspace/domains/revenue-management/project-root/code_submission_project/code_submission/src/data/generate_data_CPBSD.py:106: RuntimeWarning: invalid value encountered in matmul
  z = rng.multivariate_normal(mean=np.zeros(n), cov=corr, size=k)
[START] N=30 instance=n30_inst002
Set parameter MIPGap to value 0.001
Set parameter TimeLimit to value 600
Set parameter MIPGap to value 0.001
Set parameter TimeLimit to value 600
/Users/sensen/.openclaw/workspace/domains/revenue-management/project-root/code_submission_project/code_submission/src/data/solve_mb_bsp_on_cpbsd_v2.py:291: RuntimeWarning: divide by zero encountered in matmul
  bundle_cost = (assortments @ c_n).reshape(1, -1)
/Users/sensen/.openclaw/workspace/domains/revenue-management/project-root/code_submission_project/code_submission/src/data/solve_mb_bsp_on_cpbsd_v2.py:291: RuntimeWarning: overflow encountered in matmul
  bundle_cost = (assortments @ c_n).reshape(1, -1)
/Users/sensen/.openclaw/workspace/domains/revenue-management/project-root/code_submission_project/code_submission/src/data/solve_mb_bsp_on_cpbsd_v2.py:291: RuntimeWarning: invalid value encountered in matmul
  bundle_cost = (assortments @ c_n).reshape(1, -1)
/Users/sensen/.openclaw/workspace/domains/revenue-management/project-root/code_submission_project/code_submission/src/data/solve_mb_bsp_on_cpbsd_v2.py:293: RuntimeWarning: divide by zero encountered in matmul
  revenues = v_kn @ assortments.T
/Users/sensen/.openclaw/workspace/domains/revenue-management/project-root/code_submission_project/code_submission/src/data/solve_mb_bsp_on_cpbsd_v2.py:293: RuntimeWarning: overflow encountered in matmul
  revenues = v_kn @ assortments.T
/Users/sensen/.openclaw/workspace/domains/revenue-management/project-root/code_submission_project/code_submission/src/data/solve_mb_bsp_on_cpbsd_v2.py:293: RuntimeWarning: invalid value encountered in matmul
  revenues = v_kn @ assortments.T
/Users/sensen/.openclaw/workspace/domains/revenue-management/project-root/code_submission_project/code_submission/src/data/solve_mb_bsp_on_cpbsd_v2.py:77: RuntimeWarning: divide by zero encountered in matmul
  bundle_cost = assortments @ c_n
/Users/sensen/.openclaw/workspace/domains/revenue-management/project-root/code_submission_project/code_submission/src/data/solve_mb_bsp_on_cpbsd_v2.py:77: RuntimeWarning: overflow encountered in matmul
  bundle_cost = assortments @ c_n
/Users/sensen/.openclaw/workspace/domains/revenue-management/project-root/code_submission_project/code_submission/src/data/solve_mb_bsp_on_cpbsd_v2.py:77: RuntimeWarning: invalid value encountered in matmul
  bundle_cost = assortments @ c_n
[DONE] N=30 instance=n30_inst002
/Users/sensen/.openclaw/workspace/domains/revenue-management/project-root/code_submission_project/code_submission/src/data/generate_data_CPBSD.py:106: RuntimeWarning: divide by zero encountered in matmul
  z = rng.multivariate_normal(mean=np.zeros(n), cov=corr, size=k)
/Users/sensen/.openclaw/workspace/domains/revenue-management/project-root/code_submission_project/code_submission/src/data/generate_data_CPBSD.py:106: RuntimeWarning: overflow encountered in matmul
  z = rng.multivariate_normal(mean=np.zeros(n), cov=corr, size=k)
/Users/sensen/.openclaw/workspace/domains/revenue-management/project-root/code_submission_project/code_submission/src/data/generate_data_CPBSD.py:106: RuntimeWarning: invalid value encountered in matmul
  z = rng.multivariate_normal(mean=np.zeros(n), cov=corr, size=k)
[START] N=30 instance=n30_inst003
Set parameter MIPGap to value 0.001
Set parameter TimeLimit to value 600
Set parameter MIPGap to value 0.001
Set parameter TimeLimit to value 600
/Users/sensen/.openclaw/workspace/domains/revenue-management/project-root/code_submission_project/code_submission/src/data/solve_mb_bsp_on_cpbsd_v2.py:291: RuntimeWarning: divide by zero encountered in matmul
  bundle_cost = (assortments @ c_n).reshape(1, -1)
/Users/sensen/.openclaw/workspace/domains/revenue-management/project-root/code_submission_project/code_submission/src/data/solve_mb_bsp_on_cpbsd_v2.py:291: RuntimeWarning: overflow encountered in matmul
  bundle_cost = (assortments @ c_n).reshape(1, -1)
/Users/sensen/.openclaw/workspace/domains/revenue-management/project-root/code_submission_project/code_submission/src/data/solve_mb_bsp_on_cpbsd_v2.py:291: RuntimeWarning: invalid value encountered in matmul
  bundle_cost = (assortments @ c_n).reshape(1, -1)
/Users/sensen/.openclaw/workspace/domains/revenue-management/project-root/code_submission_project/code_submission/src/data/solve_mb_bsp_on_cpbsd_v2.py:293: RuntimeWarning: divide by zero encountered in matmul
  revenues = v_kn @ assortments.T
/Users/sensen/.openclaw/workspace/domains/revenue-management/project-root/code_submission_project/code_submission/src/data/solve_mb_bsp_on_cpbsd_v2.py:293: RuntimeWarning: overflow encountered in matmul
  revenues = v_kn @ assortments.T
/Users/sensen/.openclaw/workspace/domains/revenue-management/project-root/code_submission_project/code_submission/src/data/solve_mb_bsp_on_cpbsd_v2.py:293: RuntimeWarning: invalid value encountered in matmul
  revenues = v_kn @ assortments.T
/Users/sensen/.openclaw/workspace/domains/revenue-management/project-root/code_submission_project/code_submission/src/data/solve_mb_bsp_on_cpbsd_v2.py:77: RuntimeWarning: divide by zero encountered in matmul
  bundle_cost = assortments @ c_n
/Users/sensen/.openclaw/workspace/domains/revenue-management/project-root/code_submission_project/code_submission/src/data/solve_mb_bsp_on_cpbsd_v2.py:77: RuntimeWarning: overflow encountered in matmul
  bundle_cost = assortments @ c_n
/Users/sensen/.openclaw/workspace/domains/revenue-management/project-root/code_submission_project/code_submission/src/data/solve_mb_bsp_on_cpbsd_v2.py:77: RuntimeWarning: invalid value encountered in matmul
  bundle_cost = assortments @ c_n
[DONE] N=30 instance=n30_inst003
{
  "comparison_details_json": "/Users/sensen/.openclaw/workspace/domains/revenue-management/experiments/cpbsd_single_setting_mb_ref_normal_rho0.0_full_zero/comparison_details.json",
  "comparison_details_csv": "/Users/sensen/.openclaw/workspace/domains/revenue-management/experiments/cpbsd_single_setting_mb_ref_normal_rho0.0_full_zero/comparison_details.csv",
  "comparison_summary_json": "/Users/sensen/.openclaw/workspace/domains/revenue-management/experiments/cpbsd_single_setting_mb_ref_normal_rho0.0_full_zero/comparison_summary.json",
  "runtime_summary_csv": "/Users/sensen/.openclaw/workspace/domains/revenue-management/experiments/cpbsd_single_setting_mb_ref_normal_rho0.0_full_zero/runtime_summary.csv",
  "plot_paths": [
    "/Users/sensen/.openclaw/workspace/domains/revenue-management/experiments/cpbsd_single_setting_mb_ref_normal_rho0.0_full_zero/plots/normal_rho0.0_full_zero/boxplot_ratio_vs_mb_n10.png",
    "/Users/sensen/.openclaw/workspace/domains/revenue-management/experiments/cpbsd_single_setting_mb_ref_normal_rho0.0_full_zero/plots/normal_rho0.0_full_zero/boxplot_ratio_vs_mb_n20.png",
    "/Users/sensen/.openclaw/workspace/domains/revenue-management/experiments/cpbsd_single_setting_mb_ref_normal_rho0.0_full_zero/plots/normal_rho0.0_full_zero/boxplot_ratio_vs_mb_n30.png",
    "/Users/sensen/.openclaw/workspace/domains/revenue-management/experiments/cpbsd_single_setting_mb_ref_normal_rho0.0_full_zero/plots/normal_rho0.0_full_zero/boxplot_ratio_vs_mb_n5.png"
  ],
  "root": "/Users/sensen/.openclaw/workspace/domains/revenue-management/experiments/cpbsd_single_setting_mb_ref_normal_rho0.0_full_zero"
}

FINAL_EXIT_CODE:0
